#
# There is insufficient memory for the Java Runtime Environment to continue.
# Native memory allocation (malloc) failed to allocate 330096 bytes for Chunk::new
# Possible reasons:
#   The system is out of physical RAM or swap space
#   In 32 bit mode, the process size limit was hit
# Possible solutions:
#   Reduce memory load on the system
#   Increase physical memory or swap space
#   Check if swap backing store is full
#   Use 64 bit Java on a 64 bit OS
#   Decrease Java heap size (-Xmx/-Xms)
#   Decrease number of Java threads
#   Decrease Java thread stack sizes (-Xss)
#   Set larger code cache with -XX:ReservedCodeCacheSize=
# This output file may be truncated or incomplete.
#
#  Out of Memory Error (allocation.cpp:323), pid=1348, tid=7860
#
# JRE version: Java(TM) SE Runtime Environment (7.0_51-b13) (build 1.7.0_51-b13)
# Java VM: Java HotSpot(TM) 64-Bit Server VM (24.51-b03 mixed mode windows-amd64 compressed oops)
# Failed to write core dump. Minidumps are not enabled by default on client versions of Windows
#

---------------  T H R E A D  ---------------

Current thread (0x0000000008ca0800):  JavaThread "C2 CompilerThread0" daemon [_thread_in_native, id=7860, stack(0x000000000b380000,0x000000000b480000)]

Stack: [0x000000000b380000,0x000000000b480000]

Current CompileTask:
C2:   3643  241             com.android.dx.ssa.SsaBasicBlock::newFromRop (183 bytes)


---------------  P R O C E S S  ---------------

Java Threads: ( => current thread )
  0x0000000009d85800 JavaThread "pool-1-thread-4" [_thread_in_vm, id=348, stack(0x000000000c390000,0x000000000c490000)]
  0x0000000009d86800 JavaThread "pool-1-thread-3" [_thread_in_vm, id=1372, stack(0x000000000c1b0000,0x000000000c2b0000)]
  0x0000000009d1d000 JavaThread "pool-1-thread-2" [_thread_in_vm, id=3008, stack(0x000000000c030000,0x000000000c130000)]
  0x0000000009dd5800 JavaThread "pool-2-thread-1" [_thread_in_vm, id=6780, stack(0x000000000be60000,0x000000000bf60000)]
  0x0000000009dd2000 JavaThread "pool-1-thread-1" [_thread_in_vm, id=8172, stack(0x000000000bcc0000,0x000000000bdc0000)]
  0x0000000009b2c800 JavaThread "Service Thread" daemon [_thread_blocked, id=7572, stack(0x000000000b030000,0x000000000b130000)]
  0x0000000009b2a800 JavaThread "C2 CompilerThread1" daemon [_thread_in_native, id=7804, stack(0x000000000b520000,0x000000000b620000)]
=>0x0000000008ca0800 JavaThread "C2 CompilerThread0" daemon [_thread_in_native, id=7860, stack(0x000000000b380000,0x000000000b480000)]
  0x0000000008c9f800 JavaThread "Attach Listener" daemon [_thread_blocked, id=7624, stack(0x000000000b140000,0x000000000b240000)]
  0x0000000008c9e800 JavaThread "Signal Dispatcher" daemon [_thread_blocked, id=7728, stack(0x000000000abe0000,0x000000000ace0000)]
  0x0000000002187000 JavaThread "Finalizer" daemon [_thread_blocked, id=1748, stack(0x000000000af00000,0x000000000b000000)]
  0x0000000008c8f800 JavaThread "Reference Handler" daemon [_thread_blocked, id=7716, stack(0x000000000ad30000,0x000000000ae30000)]
  0x000000000046e800 JavaThread "main" [_thread_in_vm, id=4332, stack(0x00000000024c0000,0x00000000025c0000)]

Other Threads:
  0x0000000008c8d000 VMThread [stack: 0x000000000aa80000,0x000000000ab80000] [id=5164]
  0x0000000009b39000 WatcherThread [stack: 0x000000000b6c0000,0x000000000b7c0000] [id=8060]

VM state:not at safepoint (normal execution)

VM Mutex/Monitor currently owned by a thread: None

Heap
 PSYoungGen      total 36352K, used 18350K [0x00000000eaa80000, 0x00000000ed080000, 0x0000000100000000)
  eden space 33792K, 46% used [0x00000000eaa80000,0x00000000eb9ef9e8,0x00000000ecb80000)
  from space 2560K, 99% used [0x00000000ece00000,0x00000000ed07c058,0x00000000ed080000)
  to   space 2560K, 0% used [0x00000000ecb80000,0x00000000ecb80000,0x00000000ece00000)
 ParOldGen       total 43008K, used 7063K [0x00000000c0000000, 0x00000000c2a00000, 0x00000000eaa80000)
  object space 43008K, 16% used [0x00000000c0000000,0x00000000c06e5c48,0x00000000c2a00000)
 PSPermGen       total 21504K, used 5839K [0x00000000bae00000, 0x00000000bc300000, 0x00000000c0000000)
  object space 21504K, 27% used [0x00000000bae00000,0x00000000bb3b3ce0,0x00000000bc300000)

Card table byte_map: [0x00000000055c0000,0x00000000057f0000] byte_map_base: 0x0000000004fe9000

Polling page: 0x0000000000430000

Code Cache  [0x00000000025c0000, 0x0000000002830000, 0x00000000055c0000)
 total_blobs=480 nmethods=243 adapters=189 free_code_cache=48093Kb largest_free_block=49205312

Compilation events (10 events):
Event: 3.632 Thread 0x0000000009b2a800 nmethod 238 0x000000000269ff90 code [0x00000000026a00e0, 0x00000000026a01b8]
Event: 3.632 Thread 0x0000000009b2a800  239             com.android.dx.util.Bits::makeBitSet (11 bytes)
Event: 3.633 Thread 0x0000000009b2a800 nmethod 239 0x00000000026b8e10 code [0x00000000026b8f60, 0x00000000026b9058]
Event: 3.633 Thread 0x0000000009b2a800  240             java.util.AbstractMap::<init> (15 bytes)
Event: 3.633 Thread 0x0000000008ca0800 nmethod 237 0x00000000026a4e10 code [0x00000000026a4f60, 0x00000000026a5118]
Event: 3.633 Thread 0x0000000008ca0800  241             com.android.dx.ssa.SsaBasicBlock::newFromRop (183 bytes)
Event: 3.633 Thread 0x0000000009b2a800 nmethod 240 0x00000000026a4c10 code [0x00000000026a4d40, 0x00000000026a4d98]
Event: 3.633 Thread 0x0000000009b2a800  243             com.android.dx.rop.code.RegisterSpecSet::size (49 bytes)
Event: 3.636 Thread 0x0000000009b2a800 nmethod 243 0x00000000026a4910 code [0x00000000026a4a40, 0x00000000026a4b78]
Event: 3.636 Thread 0x0000000009b2a800  244             com.android.dx.rop.code.RegisterSpecSet::equals (106 bytes)

GC Heap History (8 events):
Event: 1.161 GC heap before
{Heap before GC invocations=1 (full 0):
 PSYoungGen      total 19456K, used 16896K [0x00000000eaa80000, 0x00000000ec000000, 0x0000000100000000)
  eden space 16896K, 100% used [0x00000000eaa80000,0x00000000ebb00000,0x00000000ebb00000)
  from space 2560K, 0% used [0x00000000ebd80000,0x00000000ebd80000,0x00000000ec000000)
  to   space 2560K, 0% used [0x00000000ebb00000,0x00000000ebb00000,0x00000000ebd80000)
 ParOldGen       total 43008K, used 0K [0x00000000c0000000, 0x00000000c2a00000, 0x00000000eaa80000)
  object space 43008K, 0% used [0x00000000c0000000,0x00000000c0000000,0x00000000c2a00000)
 PSPermGen       total 21504K, used 4370K [0x00000000bae00000, 0x00000000bc300000, 0x00000000c0000000)
  object space 21504K, 20% used [0x00000000bae00000,0x00000000bb244800,0x00000000bc300000)
Event: 1.644 GC heap after
Heap after GC invocations=1 (full 0):
 PSYoungGen      total 19456K, used 1763K [0x00000000eaa80000, 0x00000000ec000000, 0x0000000100000000)
  eden space 16896K, 0% used [0x00000000eaa80000,0x00000000eaa80000,0x00000000ebb00000)
  from space 2560K, 68% used [0x00000000ebb00000,0x00000000ebcb8eb0,0x00000000ebd80000)
  to   space 2560K, 0% used [0x00000000ebd80000,0x00000000ebd80000,0x00000000ec000000)
 ParOldGen       total 43008K, used 0K [0x00000000c0000000, 0x00000000c2a00000, 0x00000000eaa80000)
  object space 43008K, 0% used [0x00000000c0000000,0x00000000c0000000,0x00000000c2a00000)
 PSPermGen       total 21504K, used 4370K [0x00000000bae00000, 0x00000000bc300000, 0x00000000c0000000)
  object space 21504K, 20% used [0x00000000bae00000,0x00000000bb244800,0x00000000bc300000)
}
Event: 2.210 GC heap before
{Heap before GC invocations=2 (full 0):
 PSYoungGen      total 19456K, used 18659K [0x00000000eaa80000, 0x00000000ec000000, 0x0000000100000000)
  eden space 16896K, 100% used [0x00000000eaa80000,0x00000000ebb00000,0x00000000ebb00000)
  from space 2560K, 68% used [0x00000000ebb00000,0x00000000ebcb8eb0,0x00000000ebd80000)
  to   space 2560K, 0% used [0x00000000ebd80000,0x00000000ebd80000,0x00000000ec000000)
 ParOldGen       total 43008K, used 0K [0x00000000c0000000, 0x00000000c2a00000, 0x00000000eaa80000)
  object space 43008K, 0% used [0x00000000c0000000,0x00000000c0000000,0x00000000c2a00000)
 PSPermGen       total 21504K, used 5670K [0x00000000bae00000, 0x00000000bc300000, 0x00000000c0000000)
  object space 21504K, 26% used [0x00000000bae00000,0x00000000bb389850,0x00000000bc300000)
Event: 2.330 GC heap after
Heap after GC invocations=2 (full 0):
 PSYoungGen      total 19456K, used 2538K [0x00000000eaa80000, 0x00000000ed080000, 0x0000000100000000)
  eden space 16896K, 0% used [0x00000000eaa80000,0x00000000eaa80000,0x00000000ebb00000)
  from space 2560K, 99% used [0x00000000ebd80000,0x00000000ebffaac8,0x00000000ec000000)
  to   space 2560K, 0% used [0x00000000ebb00000,0x00000000ebb00000,0x00000000ebd80000)
 ParOldGen       total 43008K, used 1692K [0x00000000c0000000, 0x00000000c2a00000, 0x00000000eaa80000)
  object space 43008K, 3% used [0x00000000c0000000,0x00000000c01a7330,0x00000000c2a00000)
 PSPermGen       total 21504K, used 5670K [0x00000000bae00000, 0x00000000bc300000, 0x00000000c0000000)
  object space 21504K, 26% used [0x00000000bae00000,0x00000000bb389850,0x00000000bc300000)
}
Event: 2.719 GC heap before
{Heap before GC invocations=3 (full 0):
 PSYoungGen      total 19456K, used 19434K [0x00000000eaa80000, 0x00000000ed080000, 0x0000000100000000)
  eden space 16896K, 100% used [0x00000000eaa80000,0x00000000ebb00000,0x00000000ebb00000)
  from space 2560K, 99% used [0x00000000ebd80000,0x00000000ebffaac8,0x00000000ec000000)
  to   space 2560K, 0% used [0x00000000ebb00000,0x00000000ebb00000,0x00000000ebd80000)
 ParOldGen       total 43008K, used 1692K [0x00000000c0000000, 0x00000000c2a00000, 0x00000000eaa80000)
  object space 43008K, 3% used [0x00000000c0000000,0x00000000c01a7330,0x00000000c2a00000)
 PSPermGen       total 21504K, used 5782K [0x00000000bae00000, 0x00000000bc300000, 0x00000000c0000000)
  object space 21504K, 26% used [0x00000000bae00000,0x00000000bb3a59c0,0x00000000bc300000)
Event: 2.790 GC heap after
Heap after GC invocations=3 (full 0):
 PSYoungGen      total 19456K, used 2528K [0x00000000eaa80000, 0x00000000ed080000, 0x0000000100000000)
  eden space 16896K, 0% used [0x00000000eaa80000,0x00000000eaa80000,0x00000000ebb00000)
  from space 2560K, 98% used [0x00000000ebb00000,0x00000000ebd78028,0x00000000ebd80000)
  to   space 2560K, 0% used [0x00000000ece00000,0x00000000ece00000,0x00000000ed080000)
 ParOldGen       total 43008K, used 4179K [0x00000000c0000000, 0x00000000c2a00000, 0x00000000eaa80000)
  object space 43008K, 9% used [0x00000000c0000000,0x00000000c0414fe8,0x00000000c2a00000)
 PSPermGen       total 21504K, used 5782K [0x00000000bae00000, 0x00000000bc300000, 0x00000000c0000000)
  object space 21504K, 26% used [0x00000000bae00000,0x00000000bb3a59c0,0x00000000bc300000)
}
Event: 3.183 GC heap before
{Heap before GC invocations=4 (full 0):
 PSYoungGen      total 19456K, used 19424K [0x00000000eaa80000, 0x00000000ed080000, 0x0000000100000000)
  eden space 16896K, 100% used [0x00000000eaa80000,0x00000000ebb00000,0x00000000ebb00000)
  from space 2560K, 98% used [0x00000000ebb00000,0x00000000ebd78028,0x00000000ebd80000)
  to   space 2560K, 0% used [0x00000000ece00000,0x00000000ece00000,0x00000000ed080000)
 ParOldGen       total 43008K, used 4179K [0x00000000c0000000, 0x00000000c2a00000, 0x00000000eaa80000)
  object space 43008K, 9% used [0x00000000c0000000,0x00000000c0414fe8,0x00000000c2a00000)
 PSPermGen       total 21504K, used 5812K [0x00000000bae00000, 0x00000000bc300000, 0x00000000c0000000)
  object space 21504K, 27% used [0x00000000bae00000,0x00000000bb3ad098,0x00000000bc300000)
Event: 3.387 GC heap after
Heap after GC invocations=4 (full 0):
 PSYoungGen      total 36352K, used 2544K [0x00000000eaa80000, 0x00000000ed080000, 0x0000000100000000)
  eden space 33792K, 0% used [0x00000000eaa80000,0x00000000eaa80000,0x00000000ecb80000)
  from space 2560K, 99% used [0x00000000ece00000,0x00000000ed07c058,0x00000000ed080000)
  to   space 2560K, 0% used [0x00000000ecb80000,0x00000000ecb80000,0x00000000ece00000)
 ParOldGen       total 43008K, used 7063K [0x00000000c0000000, 0x00000000c2a00000, 0x00000000eaa80000)
  object space 43008K, 16% used [0x00000000c0000000,0x00000000c06e5c48,0x00000000c2a00000)
 PSPermGen       total 21504K, used 5812K [0x00000000bae00000, 0x00000000bc300000, 0x00000000c0000000)
  object space 21504K, 27% used [0x00000000bae00000,0x00000000bb3ad098,0x00000000bc300000)
}

Deoptimization events (9 events):
Event: 1.892 Thread 0x0000000009d1d000 Uncommon trap: reason=unreached action=reinterpret pc=0x0000000002638c78 method=com.android.dx.rop.code.RegisterSpecSet.mutableCopy()Lcom/android/dx/rop/code/RegisterSpecSet; @ 32
Event: 1.900 Thread 0x0000000009d1d000 Uncommon trap: reason=unreached action=reinterpret pc=0x000000000263a680 method=com.android.dx.ssa.SsaRenamer$BlockRenamer.addMapping(ILcom/android/dx/rop/code/RegisterSpec;)V @ 66
Event: 1.948 Thread 0x0000000009d85800 Uncommon trap: reason=class_check action=maybe_recompile pc=0x00000000026453b0 method=com.android.dx.ssa.NormalSsaInsn.accept(Lcom/android/dx/ssa/SsaInsn$Visitor;)V @ 9
Event: 1.954 Thread 0x0000000009d1d000 Uncommon trap: reason=null_check action=make_not_entrant pc=0x0000000002640f34 method=com.android.dx.rop.code.LocalItem.equals(Ljava/lang/Object;)Z @ 1
Event: 2.034 Thread 0x0000000009d85800 Uncommon trap: reason=class_check action=maybe_recompile pc=0x00000000026453b0 method=com.android.dx.ssa.NormalSsaInsn.accept(Lcom/android/dx/ssa/SsaInsn$Visitor;)V @ 9
Event: 2.039 Thread 0x0000000009d85800 Uncommon trap: reason=class_check action=maybe_recompile pc=0x00000000026453b0 method=com.android.dx.ssa.NormalSsaInsn.accept(Lcom/android/dx/ssa/SsaInsn$Visitor;)V @ 9
Event: 2.039 Thread 0x0000000009d85800 Uncommon trap: reason=class_check action=maybe_recompile pc=0x00000000026453b0 method=com.android.dx.ssa.NormalSsaInsn.accept(Lcom/android/dx/ssa/SsaInsn$Visitor;)V @ 9
Event: 2.417 Thread 0x000000000046e800 Uncommon trap: reason=unreached action=reinterpret pc=0x000000000265fe84 method=com.android.dx.rop.cst.Constant.compareTo(Lcom/android/dx/rop/cst/Constant;)I @ 12
Event: 2.466 Thread 0x0000000009d86800 Uncommon trap: reason=null_check action=make_not_entrant pc=0x000000000264c1d0 method=com.android.dx.rop.type.Type.equals(Ljava/lang/Object;)Z @ 8

Internal exceptions (10 events):
Event: 1.841 Thread 0x0000000009d1d000 Threw 0x00000000eaf83170 at C:\re\jdk7u51\527\hotspot\src\share\vm\prims\jvm.cpp:1244
Event: 1.846 Thread 0x0000000009d1d000 Threw 0x00000000eaf86758 at C:\re\jdk7u51\527\hotspot\src\share\vm\prims\jvm.cpp:1244
Event: 1.850 Thread 0x0000000009d1d000 Threw 0x00000000eaf92d18 at C:\re\jdk7u51\527\hotspot\src\share\vm\prims\jvm.cpp:1244
Event: 1.850 Thread 0x0000000009d1d000 Threw 0x00000000eaf98d28 at C:\re\jdk7u51\527\hotspot\src\share\vm\prims\jvm.cpp:1244
Event: 1.851 Thread 0x0000000009d1d000 Threw 0x00000000eaf9d3f0 at C:\re\jdk7u51\527\hotspot\src\share\vm\prims\jvm.cpp:1244
Event: 1.854 Thread 0x0000000009dd2000 Threw 0x00000000eacd4b18 at C:\re\jdk7u51\527\hotspot\src\share\vm\prims\jvm.cpp:1244
Event: 1.889 Thread 0x0000000009dd2000 Threw 0x00000000eb07c578 at C:\re\jdk7u51\527\hotspot\src\share\vm\prims\jvm.cpp:1244
Event: 1.924 Thread 0x0000000009d1d000 Threw 0x00000000eb1454c0 at C:\re\jdk7u51\527\hotspot\src\share\vm\prims\jvm.cpp:1244
Event: 2.466 Thread 0x0000000009d86800 Implicit null exception at 0x000000000264c0d2 to 0x000000000264c1c2
Event: 3.524 Thread 0x0000000009d1d000 Threw 0x00000000eb3e4158 at C:\re\jdk7u51\527\hotspot\src\share\vm\prims\jvm.cpp:1244

Events (10 events):
Event: 2.719 Executing VM operation: ParallelGCFailedAllocation
Event: 2.790 Executing VM operation: ParallelGCFailedAllocation done
Event: 3.117 Executing VM operation: ParallelGCFailedAllocation
Event: 3.387 Executing VM operation: ParallelGCFailedAllocation done
Event: 3.524 loading class 0x0000000009cd2bc0
Event: 3.524 loading class 0x0000000009cd2bc0 done
Event: 3.526 loading class 0x0000000008adf660
Event: 3.526 loading class 0x0000000008adf660 done
Event: 3.526 loading class 0x0000000008adf630
Event: 3.526 loading class 0x0000000008adf630 done


Dynamic libraries:
0x000000013f9f0000 - 0x000000013fa23000 	C:\Program Files\Java\jdk1.7.0_51\bin\java.exe
0x00000000779e0000 - 0x0000000077b89000 	C:\Windows\SYSTEM32\ntdll.dll
0x00000000777c0000 - 0x00000000778e0000 	C:\Windows\system32\kernel32.dll
0x000007fefd9d0000 - 0x000007fefda3c000 	C:\Windows\system32\KERNELBASE.dll
0x000007fefec70000 - 0x000007fefed4b000 	C:\Windows\system32\ADVAPI32.dll
0x000007feff630000 - 0x000007feff6cf000 	C:\Windows\system32\msvcrt.dll
0x000007feff610000 - 0x000007feff62f000 	C:\Windows\SYSTEM32\sechost.dll
0x000007feff9b0000 - 0x000007feffadd000 	C:\Windows\system32\RPCRT4.dll
0x00000000778e0000 - 0x00000000779da000 	C:\Windows\system32\USER32.dll
0x000007feff270000 - 0x000007feff2d7000 	C:\Windows\system32\GDI32.dll
0x000007fefedb0000 - 0x000007fefedbe000 	C:\Windows\system32\LPK.dll
0x000007feff4c0000 - 0x000007feff589000 	C:\Windows\system32\USP10.dll
0x000007fefbd40000 - 0x000007fefbf34000 	C:\Windows\WinSxS\amd64_microsoft.windows.common-controls_6595b64144ccf1df_6.0.7601.18837_none_fa3b1e3d17594757\COMCTL32.dll
0x000007feff590000 - 0x000007feff601000 	C:\Windows\system32\SHLWAPI.dll
0x000007feff7f0000 - 0x000007feff81e000 	C:\Windows\system32\IMM32.DLL
0x000007fefdb40000 - 0x000007fefdc49000 	C:\Windows\system32\MSCTF.dll
0x000000005d120000 - 0x000000005d1f2000 	C:\Program Files\Java\jdk1.7.0_51\jre\bin\msvcr100.dll
0x000000005eb30000 - 0x000000005f2f9000 	C:\Program Files\Java\jdk1.7.0_51\jre\bin\server\jvm.dll
0x000007feeba80000 - 0x000007feeba89000 	C:\Windows\system32\WSOCK32.dll
0x000007fefed60000 - 0x000007fefedad000 	C:\Windows\system32\WS2_32.dll
0x000007fefed50000 - 0x000007fefed58000 	C:\Windows\system32\NSI.dll
0x000007fefaa90000 - 0x000007fefaacb000 	C:\Windows\system32\WINMM.dll
0x0000000077ba0000 - 0x0000000077ba7000 	C:\Windows\system32\PSAPI.DLL
0x000000006c7a0000 - 0x000000006c7af000 	C:\Program Files\Java\jdk1.7.0_51\jre\bin\verify.dll
0x0000000064c80000 - 0x0000000064ca8000 	C:\Program Files\Java\jdk1.7.0_51\jre\bin\java.dll
0x0000000064c60000 - 0x0000000064c75000 	C:\Program Files\Java\jdk1.7.0_51\jre\bin\zip.dll
0x000000006c3a0000 - 0x000000006c3b9000 	C:\Program Files\Java\jdk1.7.0_51\jre\bin\net.dll
0x000007fefcf60000 - 0x000007fefcfb5000 	C:\Windows\system32\mswsock.dll
0x000007fefcf50000 - 0x000007fefcf57000 	C:\Windows\System32\wship6.dll
0x0000000064c40000 - 0x0000000064c51000 	C:\Program Files\Java\jdk1.7.0_51\jre\bin\nio.dll

VM Arguments:
jvm_args: -Djava.awt.headless=true -Xmx1024M -Dfile.encoding=windows-1252 -Duser.country=GB -Duser.language=en -Duser.variant 
java_command: com.android.dx.command.Main --dex --num-threads=4 --output C:\Users\NEEL\Indoor_Positioning_System_2.0\IndoorPositioningSystem2.0\app\build\intermediates\pre-dexed\debug\com.google.android.gms-play-services-games-8.3.0_1b332672950f7af8b160b7086e722606dcdb77d9.jar C:\Users\NEEL\Indoor_Positioning_System_2.0\IndoorPositioningSystem2.0\app\build\intermediates\exploded-aar\com.google.android.gms\play-services-games\8.3.0\jars\classes.jar
Launcher Type: SUN_STANDARD

Environment Variables:
PATH=C:\ProgramData\Oracle\Java\javapath;C:\oraclexe\app\oracle\product\11.2.0\server\bin;;C:\Program Files\Common Files\Microsoft Shared\Windows Live;C:\Program Files (x86)\Common Files\Microsoft Shared\Windows Live;c:\Program Files (x86)\Intel\iCLS Client\;c:\Program Files\Intel\iCLS Client\;C:\Program Files (x86)\AMD APP\bin\x86_64;C:\Program Files (x86)\AMD APP\bin\x86;C:\Windows\system32;C:\Windows;C:\Windows\System32\Wbem;C:\Windows\System32\WindowsPowerShell\v1.0\;C:\Program Files (x86)\ATI Technologies\ATI.ACE\Core-Static;C:\Program Files\Intel\Intel(R) Management Engine Components\DAL;C:\Program Files\Intel\Intel(R) Management Engine Components\IPT;C:\Program Files (x86)\Intel\Intel(R) Management Engine Components\DAL;C:\Program Files (x86)\Intel\Intel(R) Management Engine Components\IPT;C:\Program Files\Sony\VAIO Improvement\;C:\Program Files (x86)\Sony\VAIO Startup Setting Tool;C:\Program Files (x86)\Windows Live\Shared;C:\Program Files (x86)\Smart Projects\IsoBuster;C:\Program Files (x86)\Skype\Phone\
USERNAME=NEEL
OS=Windows_NT
PROCESSOR_IDENTIFIER=Intel64 Family 6 Model 58 Stepping 9, GenuineIntel



---------------  S Y S T E M  ---------------

OS: Windows 7 , 64 bit Build 7601 Service Pack 1

CPU:total 8 (4 cores per cpu, 2 threads per core) family 6 model 58 stepping 9, cmov, cx8, fxsr, mmx, sse, sse2, sse3, ssse3, sse4.1, sse4.2, popcnt, avx, aes, erms, ht, tsc, tscinvbit, tscinv

Memory: 4k page, physical 4163952k(1049384k free), swap 4986392k(5108k free)

vm_info: Java HotSpot(TM) 64-Bit Server VM (24.51-b03) for windows-amd64 JRE (1.7.0_51-b13), built on Dec 18 2013 18:40:56 by "java_re" with unknown MS VC++:1600

time: Sun Nov 29 11:51:58 2015
elapsed time: 3 seconds

