#
# There is insufficient memory for the Java Runtime Environment to continue.
# Native memory allocation (malloc) failed to allocate 1368816 bytes for Chunk::new
# Possible reasons:
#   The system is out of physical RAM or swap space
#   In 32 bit mode, the process size limit was hit
# Possible solutions:
#   Reduce memory load on the system
#   Increase physical memory or swap space
#   Check if swap backing store is full
#   Use 64 bit Java on a 64 bit OS
#   Decrease Java heap size (-Xmx/-Xms)
#   Decrease number of Java threads
#   Decrease Java thread stack sizes (-Xss)
#   Set larger code cache with -XX:ReservedCodeCacheSize=
# This output file may be truncated or incomplete.
#
#  Out of Memory Error (allocation.cpp:323), pid=8064, tid=7732
#
# JRE version: Java(TM) SE Runtime Environment (7.0_51-b13) (build 1.7.0_51-b13)
# Java VM: Java HotSpot(TM) 64-Bit Server VM (24.51-b03 mixed mode windows-amd64 compressed oops)
# Failed to write core dump. Minidumps are not enabled by default on client versions of Windows
#

---------------  T H R E A D  ---------------

Current thread (0x0000000008ae6800):  JavaThread "C2 CompilerThread0" daemon [_thread_in_native, id=7732, stack(0x000000000b480000,0x000000000b580000)]

Stack: [0x000000000b480000,0x000000000b580000]

Current CompileTask:
C2:  11452  477   !         com.android.dx.cf.code.Ropper::processBlock (1101 bytes)


---------------  P R O C E S S  ---------------

Java Threads: ( => current thread )
  0x0000000008aec800 JavaThread "Service Thread" daemon [_thread_blocked, id=3100, stack(0x000000000b100000,0x000000000b200000)]
  0x0000000008aeb000 JavaThread "C2 CompilerThread1" daemon [_thread_in_native, id=6324, stack(0x000000000b5f0000,0x000000000b6f0000)]
=>0x0000000008ae6800 JavaThread "C2 CompilerThread0" daemon [_thread_in_native, id=7732, stack(0x000000000b480000,0x000000000b580000)]
  0x0000000008ae6000 JavaThread "Attach Listener" daemon [_thread_blocked, id=9188, stack(0x000000000b280000,0x000000000b380000)]
  0x0000000008ae5000 JavaThread "Signal Dispatcher" daemon [_thread_blocked, id=5736, stack(0x000000000aff0000,0x000000000b0f0000)]
  0x0000000008ad5000 JavaThread "Finalizer" daemon [_thread_blocked, id=8516, stack(0x000000000aee0000,0x000000000afe0000)]
  0x0000000008ace800 JavaThread "Reference Handler" daemon [_thread_blocked, id=252, stack(0x000000000ad80000,0x000000000ae80000)]
  0x000000000205e800 JavaThread "main" [_thread_in_vm, id=6944, stack(0x00000000023f0000,0x00000000024f0000)]

Other Threads:
  0x0000000009b43800 VMThread [stack: 0x000000000ab50000,0x000000000ac50000] [id=8312]
  0x0000000008aee000 WatcherThread [stack: 0x000000000b760000,0x000000000b860000] [id=2080]

VM state:not at safepoint (normal execution)

VM Mutex/Monitor currently owned by a thread: None

Heap
 PSYoungGen      total 70144K, used 13198K [0x00000000eaa80000, 0x00000000ef180000, 0x0000000100000000)
  eden space 67584K, 15% used [0x00000000eaa80000,0x00000000eb4ebba8,0x00000000eec80000)
  from space 2560K, 98% used [0x00000000eef00000,0x00000000ef178028,0x00000000ef180000)
  to   space 2560K, 0% used [0x00000000eec80000,0x00000000eec80000,0x00000000eef00000)
 ParOldGen       total 43008K, used 13740K [0x00000000c0000000, 0x00000000c2a00000, 0x00000000eaa80000)
  object space 43008K, 31% used [0x00000000c0000000,0x00000000c0d6b148,0x00000000c2a00000)
 PSPermGen       total 21504K, used 5954K [0x00000000bae00000, 0x00000000bc300000, 0x00000000c0000000)
  object space 21504K, 27% used [0x00000000bae00000,0x00000000bb3d0a88,0x00000000bc300000)

Card table byte_map: [0x00000000054f0000,0x0000000005720000] byte_map_base: 0x0000000004f19000

Polling page: 0x0000000001fd0000

Code Cache  [0x00000000024f0000, 0x0000000002760000, 0x00000000054f0000)
 total_blobs=714 nmethods=477 adapters=189 free_code_cache=47129Kb largest_free_block=48224000

Compilation events (10 events):
Event: 10.815 Thread 0x0000000008ae6800 nmethod 475 0x00000000026cd350 code [0x00000000026cd480, 0x00000000026cd4d8]
Event: 10.815 Thread 0x0000000008ae6800  476             com.android.dx.cf.code.Simulator$SimVisitor::setPreviousOffset (6 bytes)
Event: 10.815 Thread 0x0000000008ae6800 nmethod 476 0x00000000026cd150 code [0x00000000026cd280, 0x00000000026cd2d8]
Event: 10.815 Thread 0x0000000008ae6800  477   !         com.android.dx.cf.code.Ropper::processBlock (1101 bytes)
Event: 10.835 Thread 0x0000000008aeb000 nmethod 469 0x00000000026ee150 code [0x00000000026ee420, 0x00000000026efbe0]
Event: 10.835 Thread 0x0000000008aeb000  478             com.android.dx.ssa.back.FirstFitLocalCombiningAllocator::tryMapRegs (110 bytes)
Event: 10.847 Thread 0x0000000008aeb000 nmethod 478 0x00000000026d2f10 code [0x00000000026d30c0, 0x00000000026d3830]
Event: 10.847 Thread 0x0000000008aeb000  479             com.android.dx.ssa.PhiInsn::predBlocksForReg (73 bytes)
Event: 10.856 Thread 0x0000000008aeb000 nmethod 479 0x00000000026d8210 code [0x00000000026d83a0, 0x00000000026d8898]
Event: 10.856 Thread 0x0000000008aeb000  480             com.android.dx.rop.code.Rops::ropFor (771 bytes)

GC Heap History (8 events):
Event: 3.060 GC heap before
{Heap before GC invocations=1 (full 0):
 PSYoungGen      total 19456K, used 16896K [0x00000000eaa80000, 0x00000000ec000000, 0x0000000100000000)
  eden space 16896K, 100% used [0x00000000eaa80000,0x00000000ebb00000,0x00000000ebb00000)
  from space 2560K, 0% used [0x00000000ebd80000,0x00000000ebd80000,0x00000000ec000000)
  to   space 2560K, 0% used [0x00000000ebb00000,0x00000000ebb00000,0x00000000ebd80000)
 ParOldGen       total 43008K, used 0K [0x00000000c0000000, 0x00000000c2a00000, 0x00000000eaa80000)
  object space 43008K, 0% used [0x00000000c0000000,0x00000000c0000000,0x00000000c2a00000)
 PSPermGen       total 21504K, used 5482K [0x00000000bae00000, 0x00000000bc300000, 0x00000000c0000000)
  object space 21504K, 25% used [0x00000000bae00000,0x00000000bb35abf0,0x00000000bc300000)
Event: 4.371 GC heap after
Heap after GC invocations=1 (full 0):
 PSYoungGen      total 19456K, used 2532K [0x00000000eaa80000, 0x00000000ed080000, 0x0000000100000000)
  eden space 16896K, 0% used [0x00000000eaa80000,0x00000000eaa80000,0x00000000ebb00000)
  from space 2560K, 98% used [0x00000000ebb00000,0x00000000ebd792d0,0x00000000ebd80000)
  to   space 2560K, 0% used [0x00000000ece00000,0x00000000ece00000,0x00000000ed080000)
 ParOldGen       total 43008K, used 713K [0x00000000c0000000, 0x00000000c2a00000, 0x00000000eaa80000)
  object space 43008K, 1% used [0x00000000c0000000,0x00000000c00b2550,0x00000000c2a00000)
 PSPermGen       total 21504K, used 5482K [0x00000000bae00000, 0x00000000bc300000, 0x00000000c0000000)
  object space 21504K, 25% used [0x00000000bae00000,0x00000000bb35abf0,0x00000000bc300000)
}
Event: 6.023 GC heap before
{Heap before GC invocations=2 (full 0):
 PSYoungGen      total 19456K, used 19428K [0x00000000eaa80000, 0x00000000ed080000, 0x0000000100000000)
  eden space 16896K, 100% used [0x00000000eaa80000,0x00000000ebb00000,0x00000000ebb00000)
  from space 2560K, 98% used [0x00000000ebb00000,0x00000000ebd792d0,0x00000000ebd80000)
  to   space 2560K, 0% used [0x00000000ece00000,0x00000000ece00000,0x00000000ed080000)
 ParOldGen       total 43008K, used 713K [0x00000000c0000000, 0x00000000c2a00000, 0x00000000eaa80000)
  object space 43008K, 1% used [0x00000000c0000000,0x00000000c00b2550,0x00000000c2a00000)
 PSPermGen       total 21504K, used 5710K [0x00000000bae00000, 0x00000000bc300000, 0x00000000c0000000)
  object space 21504K, 26% used [0x00000000bae00000,0x00000000bb393a20,0x00000000bc300000)
Event: 6.596 GC heap after
Heap after GC invocations=2 (full 0):
 PSYoungGen      total 36352K, used 2528K [0x00000000eaa80000, 0x00000000ed080000, 0x0000000100000000)
  eden space 33792K, 0% used [0x00000000eaa80000,0x00000000eaa80000,0x00000000ecb80000)
  from space 2560K, 98% used [0x00000000ece00000,0x00000000ed078028,0x00000000ed080000)
  to   space 2560K, 0% used [0x00000000ecb80000,0x00000000ecb80000,0x00000000ece00000)
 ParOldGen       total 43008K, used 2481K [0x00000000c0000000, 0x00000000c2a00000, 0x00000000eaa80000)
  object space 43008K, 5% used [0x00000000c0000000,0x00000000c026c488,0x00000000c2a00000)
 PSPermGen       total 21504K, used 5710K [0x00000000bae00000, 0x00000000bc300000, 0x00000000c0000000)
  object space 21504K, 26% used [0x00000000bae00000,0x00000000bb393a20,0x00000000bc300000)
}
Event: 7.288 GC heap before
{Heap before GC invocations=3 (full 0):
 PSYoungGen      total 36352K, used 36320K [0x00000000eaa80000, 0x00000000ed080000, 0x0000000100000000)
  eden space 33792K, 100% used [0x00000000eaa80000,0x00000000ecb80000,0x00000000ecb80000)
  from space 2560K, 98% used [0x00000000ece00000,0x00000000ed078028,0x00000000ed080000)
  to   space 2560K, 0% used [0x00000000ecb80000,0x00000000ecb80000,0x00000000ece00000)
 ParOldGen       total 43008K, used 2481K [0x00000000c0000000, 0x00000000c2a00000, 0x00000000eaa80000)
  object space 43008K, 5% used [0x00000000c0000000,0x00000000c026c488,0x00000000c2a00000)
 PSPermGen       total 21504K, used 5858K [0x00000000bae00000, 0x00000000bc300000, 0x00000000c0000000)
  object space 21504K, 27% used [0x00000000bae00000,0x00000000bb3b8898,0x00000000bc300000)
Event: 7.558 GC heap after
Heap after GC invocations=3 (full 0):
 PSYoungGen      total 36352K, used 2544K [0x00000000eaa80000, 0x00000000ef180000, 0x0000000100000000)
  eden space 33792K, 0% used [0x00000000eaa80000,0x00000000eaa80000,0x00000000ecb80000)
  from space 2560K, 99% used [0x00000000ecb80000,0x00000000ecdfc038,0x00000000ece00000)
  to   space 2560K, 0% used [0x00000000eef00000,0x00000000eef00000,0x00000000ef180000)
 ParOldGen       total 43008K, used 8076K [0x00000000c0000000, 0x00000000c2a00000, 0x00000000eaa80000)
  object space 43008K, 18% used [0x00000000c0000000,0x00000000c07e31b8,0x00000000c2a00000)
 PSPermGen       total 21504K, used 5858K [0x00000000bae00000, 0x00000000bc300000, 0x00000000c0000000)
  object space 21504K, 27% used [0x00000000bae00000,0x00000000bb3b8898,0x00000000bc300000)
}
Event: 8.677 GC heap before
{Heap before GC invocations=4 (full 0):
 PSYoungGen      total 36352K, used 36336K [0x00000000eaa80000, 0x00000000ef180000, 0x0000000100000000)
  eden space 33792K, 100% used [0x00000000eaa80000,0x00000000ecb80000,0x00000000ecb80000)
  from space 2560K, 99% used [0x00000000ecb80000,0x00000000ecdfc038,0x00000000ece00000)
  to   space 2560K, 0% used [0x00000000eef00000,0x00000000eef00000,0x00000000ef180000)
 ParOldGen       total 43008K, used 8076K [0x00000000c0000000, 0x00000000c2a00000, 0x00000000eaa80000)
  object space 43008K, 18% used [0x00000000c0000000,0x00000000c07e31b8,0x00000000c2a00000)
 PSPermGen       total 21504K, used 5906K [0x00000000bae00000, 0x00000000bc300000, 0x00000000c0000000)
  object space 21504K, 27% used [0x00000000bae00000,0x00000000bb3c48f0,0x00000000bc300000)
Event: 9.848 GC heap after
Heap after GC invocations=4 (full 0):
 PSYoungGen      total 70144K, used 2528K [0x00000000eaa80000, 0x00000000ef180000, 0x0000000100000000)
  eden space 67584K, 0% used [0x00000000eaa80000,0x00000000eaa80000,0x00000000eec80000)
  from space 2560K, 98% used [0x00000000eef00000,0x00000000ef178028,0x00000000ef180000)
  to   space 2560K, 0% used [0x00000000eec80000,0x00000000eec80000,0x00000000eef00000)
 ParOldGen       total 43008K, used 13740K [0x00000000c0000000, 0x00000000c2a00000, 0x00000000eaa80000)
  object space 43008K, 31% used [0x00000000c0000000,0x00000000c0d6b148,0x00000000c2a00000)
 PSPermGen       total 21504K, used 5906K [0x00000000bae00000, 0x00000000bc300000, 0x00000000c0000000)
  object space 21504K, 27% used [0x00000000bae00000,0x00000000bb3c48f0,0x00000000bc300000)
}

Deoptimization events (10 events):
Event: 8.156 Thread 0x0000000009d8c800 Uncommon trap: reason=unreached action=reinterpret pc=0x00000000025bfea4 method=com.android.dx.ssa.SCCP.simulateBranch(Lcom/android/dx/ssa/SsaInsn;)V @ 132
Event: 8.248 Thread 0x0000000009d8c800 Uncommon trap: reason=null_check action=make_not_entrant pc=0x0000000002635938 method=com.android.dx.cf.code.Ropper$CatchInfo.getSetup(Lcom/android/dx/rop/type/Type;)Lcom/android/dx/cf/code/Ropper$ExceptionHandlerSetup; @ 10
Event: 9.873 Thread 0x0000000009d89800 Uncommon trap: reason=bimorphic action=maybe_recompile pc=0x000000000264f894 method=com.android.dx.cf.code.BytecodeArray.parseInstruction(ILcom/android/dx/cf/code/BytecodeArray$Visitor;)I @ 1357
Event: 9.873 Thread 0x0000000009d89800 Uncommon trap: reason=bimorphic action=maybe_recompile pc=0x000000000264f894 method=com.android.dx.cf.code.BytecodeArray.parseInstruction(ILcom/android/dx/cf/code/BytecodeArray$Visitor;)I @ 1357
Event: 9.874 Thread 0x0000000009d89800 Uncommon trap: reason=bimorphic action=maybe_recompile pc=0x000000000264f894 method=com.android.dx.cf.code.BytecodeArray.parseInstruction(ILcom/android/dx/cf/code/BytecodeArray$Visitor;)I @ 1357
Event: 9.874 Thread 0x0000000009d89800 Uncommon trap: reason=bimorphic action=maybe_recompile pc=0x000000000264f894 method=com.android.dx.cf.code.BytecodeArray.parseInstruction(ILcom/android/dx/cf/code/BytecodeArray$Visitor;)I @ 1357
Event: 9.884 Thread 0x0000000009d89800 Uncommon trap: reason=bimorphic action=maybe_recompile pc=0x00000000026156e4 method=com.android.dx.ssa.SCCP.simulatePhi(Lcom/android/dx/ssa/PhiInsn;)V @ 124
Event: 11.369 Thread 0x000000000205e800 Uncommon trap: reason=class_check action=maybe_recompile pc=0x0000000002599924 method=java.util.HashMap.put(Ljava/lang/Object;Ljava/lang/Object;)Ljava/lang/Object; @ 83
Event: 11.369 Thread 0x000000000205e800 Uncommon trap: reason=class_check action=maybe_recompile pc=0x0000000002599924 method=java.util.HashMap.put(Ljava/lang/Object;Ljava/lang/Object;)Ljava/lang/Object; @ 83
Event: 11.369 Thread 0x000000000205e800 Uncommon trap: reason=class_check action=maybe_recompile pc=0x0000000002599924 method=java.util.HashMap.put(Ljava/lang/Object;Ljava/lang/Object;)Ljava/lang/Object; @ 83

Internal exceptions (10 events):
Event: 6.725 Thread 0x0000000009d89800 Threw 0x00000000eb12fda0 at C:\re\jdk7u51\527\hotspot\src\share\vm\prims\jvm.cpp:1244
Event: 6.726 Thread 0x0000000009d89800 Threw 0x00000000eb135368 at C:\re\jdk7u51\527\hotspot\src\share\vm\prims\jvm.cpp:1244
Event: 7.143 Thread 0x000000000205e800 Threw 0x00000000ec47bcb8 at C:\re\jdk7u51\527\hotspot\src\share\vm\prims\jvm.cpp:1244
Event: 8.072 Thread 0x000000000205e800 Implicit null exception at 0x00000000025ee9f7 to 0x00000000025ef0e1
Event: 8.130 Thread 0x000000000205e800 Threw 0x00000000eb12c310 at C:\re\jdk7u51\527\hotspot\src\share\vm\prims\jvm.cpp:1244
Event: 8.131 Thread 0x000000000205e800 Threw 0x00000000eb168d70 at C:\re\jdk7u51\527\hotspot\src\share\vm\prims\jvm.cpp:1244
Event: 8.157 Thread 0x0000000009d8c800 Threw 0x00000000eb3319f0 at C:\re\jdk7u51\527\hotspot\src\share\vm\prims\jvm.cpp:1244
Event: 8.159 Thread 0x0000000009d8c800 Threw 0x00000000eb34d120 at C:\re\jdk7u51\527\hotspot\src\share\vm\prims\jvm.cpp:1244
Event: 8.248 Thread 0x0000000009d8c800 Implicit null exception at 0x0000000002633618 to 0x000000000263592d
Event: 11.376 Thread 0x000000000205e800 Threw 0x00000000eb46a370 at C:\re\jdk7u51\527\hotspot\src\share\vm\prims\jvm.cpp:1244

Events (10 events):
Event: 11.369 Thread 0x000000000205e800 DEOPT PACKING pc=0x0000000002599924 sp=0x00000000024ef050
Event: 11.369 Thread 0x000000000205e800 DEOPT UNPACKING pc=0x00000000025275a4 sp=0x00000000024eeff8 mode 2
Event: 11.369 Thread 0x000000000205e800 Uncommon trap: trap_request=0xffffffde fr.pc=0x0000000002599924
Event: 11.369 Thread 0x000000000205e800 DEOPT PACKING pc=0x0000000002599924 sp=0x00000000024ef050
Event: 11.369 Thread 0x000000000205e800 DEOPT UNPACKING pc=0x00000000025275a4 sp=0x00000000024eeff8 mode 2
Event: 11.369 Thread 0x000000000205e800 Uncommon trap: trap_request=0xffffffde fr.pc=0x0000000002599924
Event: 11.369 Thread 0x000000000205e800 DEOPT PACKING pc=0x0000000002599924 sp=0x00000000024ef050
Event: 11.369 Thread 0x000000000205e800 DEOPT UNPACKING pc=0x00000000025275a4 sp=0x00000000024eeff8 mode 2
Event: 11.376 loading class 0x0000000009d70a00
Event: 11.376 loading class 0x0000000009d70a00 done


Dynamic libraries:
0x000000013fb70000 - 0x000000013fba3000 	C:\Program Files\Java\jdk1.7.0_51\bin\java.exe
0x00000000779e0000 - 0x0000000077b89000 	C:\Windows\SYSTEM32\ntdll.dll
0x00000000777c0000 - 0x00000000778e0000 	C:\Windows\system32\kernel32.dll
0x000007fefd9d0000 - 0x000007fefda3c000 	C:\Windows\system32\KERNELBASE.dll
0x000007fefec70000 - 0x000007fefed4b000 	C:\Windows\system32\ADVAPI32.dll
0x000007feff630000 - 0x000007feff6cf000 	C:\Windows\system32\msvcrt.dll
0x000007feff610000 - 0x000007feff62f000 	C:\Windows\SYSTEM32\sechost.dll
0x000007feff9b0000 - 0x000007feffadd000 	C:\Windows\system32\RPCRT4.dll
0x00000000778e0000 - 0x00000000779da000 	C:\Windows\system32\USER32.dll
0x000007feff270000 - 0x000007feff2d7000 	C:\Windows\system32\GDI32.dll
0x000007fefedb0000 - 0x000007fefedbe000 	C:\Windows\system32\LPK.dll
0x000007feff4c0000 - 0x000007feff589000 	C:\Windows\system32\USP10.dll
0x000007fefbd40000 - 0x000007fefbf34000 	C:\Windows\WinSxS\amd64_microsoft.windows.common-controls_6595b64144ccf1df_6.0.7601.18837_none_fa3b1e3d17594757\COMCTL32.dll
0x000007feff590000 - 0x000007feff601000 	C:\Windows\system32\SHLWAPI.dll
0x000007feff7f0000 - 0x000007feff81e000 	C:\Windows\system32\IMM32.DLL
0x000007fefdb40000 - 0x000007fefdc49000 	C:\Windows\system32\MSCTF.dll
0x0000000073de0000 - 0x0000000073eb2000 	C:\Program Files\Java\jdk1.7.0_51\jre\bin\msvcr100.dll
0x000000005eb30000 - 0x000000005f2f9000 	C:\Program Files\Java\jdk1.7.0_51\jre\bin\server\jvm.dll
0x000007feeba80000 - 0x000007feeba89000 	C:\Windows\system32\WSOCK32.dll
0x000007fefed60000 - 0x000007fefedad000 	C:\Windows\system32\WS2_32.dll
0x000007fefed50000 - 0x000007fefed58000 	C:\Windows\system32\NSI.dll
0x000007fefaa90000 - 0x000007fefaacb000 	C:\Windows\system32\WINMM.dll
0x0000000077ba0000 - 0x0000000077ba7000 	C:\Windows\system32\PSAPI.DLL
0x000000006c7a0000 - 0x000000006c7af000 	C:\Program Files\Java\jdk1.7.0_51\jre\bin\verify.dll
0x0000000064c80000 - 0x0000000064ca8000 	C:\Program Files\Java\jdk1.7.0_51\jre\bin\java.dll
0x0000000064c60000 - 0x0000000064c75000 	C:\Program Files\Java\jdk1.7.0_51\jre\bin\zip.dll
0x000000006c3a0000 - 0x000000006c3b9000 	C:\Program Files\Java\jdk1.7.0_51\jre\bin\net.dll
0x000007fefcf60000 - 0x000007fefcfb5000 	C:\Windows\system32\mswsock.dll
0x000007fefcf50000 - 0x000007fefcf57000 	C:\Windows\System32\wship6.dll
0x0000000064c40000 - 0x0000000064c51000 	C:\Program Files\Java\jdk1.7.0_51\jre\bin\nio.dll

VM Arguments:
jvm_args: -Djava.awt.headless=true -Xmx1024M -Dfile.encoding=windows-1252 -Duser.country=GB -Duser.language=en -Duser.variant 
java_command: com.android.dx.command.Main --dex --num-threads=4 --output C:\Users\NEEL\Indoor_Positioning_System_2.0\IndoorPositioningSystem2.0\app\build\intermediates\pre-dexed\debug\internal_impl-23.1.1_c3d7bd8e616eb76ffd7f1e58fb53e04dc4554a5e.jar C:\Users\NEEL\Indoor_Positioning_System_2.0\IndoorPositioningSystem2.0\app\build\intermediates\exploded-aar\com.android.support\support-v4\23.1.1\jars\libs\internal_impl-23.1.1.jar
Launcher Type: SUN_STANDARD

Environment Variables:
PATH=C:\ProgramData\Oracle\Java\javapath;C:\oraclexe\app\oracle\product\11.2.0\server\bin;;C:\Program Files\Common Files\Microsoft Shared\Windows Live;C:\Program Files (x86)\Common Files\Microsoft Shared\Windows Live;c:\Program Files (x86)\Intel\iCLS Client\;c:\Program Files\Intel\iCLS Client\;C:\Program Files (x86)\AMD APP\bin\x86_64;C:\Program Files (x86)\AMD APP\bin\x86;C:\Windows\system32;C:\Windows;C:\Windows\System32\Wbem;C:\Windows\System32\WindowsPowerShell\v1.0\;C:\Program Files (x86)\ATI Technologies\ATI.ACE\Core-Static;C:\Program Files\Intel\Intel(R) Management Engine Components\DAL;C:\Program Files\Intel\Intel(R) Management Engine Components\IPT;C:\Program Files (x86)\Intel\Intel(R) Management Engine Components\DAL;C:\Program Files (x86)\Intel\Intel(R) Management Engine Components\IPT;C:\Program Files\Sony\VAIO Improvement\;C:\Program Files (x86)\Sony\VAIO Startup Setting Tool;C:\Program Files (x86)\Windows Live\Shared;C:\Program Files (x86)\Smart Projects\IsoBuster;C:\Program Files (x86)\Skype\Phone\
USERNAME=NEEL
OS=Windows_NT
PROCESSOR_IDENTIFIER=Intel64 Family 6 Model 58 Stepping 9, GenuineIntel



---------------  S Y S T E M  ---------------

OS: Windows 7 , 64 bit Build 7601 Service Pack 1

CPU:total 8 (4 cores per cpu, 2 threads per core) family 6 model 58 stepping 9, cmov, cx8, fxsr, mmx, sse, sse2, sse3, ssse3, sse4.1, sse4.2, popcnt, avx, aes, erms, ht, tsc, tscinvbit, tscinv

Memory: 4k page, physical 4163952k(1408248k free), swap 4986392k(6016k free)

vm_info: Java HotSpot(TM) 64-Bit Server VM (24.51-b03) for windows-amd64 JRE (1.7.0_51-b13), built on Dec 18 2013 18:40:56 by "java_re" with unknown MS VC++:1600

time: Sun Nov 29 11:53:16 2015
elapsed time: 11 seconds

