#
# There is insufficient memory for the Java Runtime Environment to continue.
# Native memory allocation (malloc) failed to allocate 813696 bytes for Chunk::new
# Possible reasons:
#   The system is out of physical RAM or swap space
#   In 32 bit mode, the process size limit was hit
# Possible solutions:
#   Reduce memory load on the system
#   Increase physical memory or swap space
#   Check if swap backing store is full
#   Use 64 bit Java on a 64 bit OS
#   Decrease Java heap size (-Xmx/-Xms)
#   Decrease number of Java threads
#   Decrease Java thread stack sizes (-Xss)
#   Set larger code cache with -XX:ReservedCodeCacheSize=
# This output file may be truncated or incomplete.
#
#  Out of Memory Error (allocation.cpp:323), pid=8888, tid=252
#
# JRE version: Java(TM) SE Runtime Environment (7.0_51-b13) (build 1.7.0_51-b13)
# Java VM: Java HotSpot(TM) 64-Bit Server VM (24.51-b03 mixed mode windows-amd64 compressed oops)
# Failed to write core dump. Minidumps are not enabled by default on client versions of Windows
#

---------------  T H R E A D  ---------------

Current thread (0x0000000008cb2800):  JavaThread "C2 CompilerThread0" daemon [_thread_in_native, id=252, stack(0x000000000b110000,0x000000000b210000)]

Stack: [0x000000000b110000,0x000000000b210000]

Current CompileTask:
C2:   4985  281   !         com.android.dx.cf.code.BytecodeArray::parseInstruction (2764 bytes)


---------------  P R O C E S S  ---------------

Java Threads: ( => current thread )
  0x0000000008cb8800 JavaThread "Service Thread" daemon [_thread_blocked, id=8452, stack(0x000000000b790000,0x000000000b890000)]
  0x0000000008cb7000 JavaThread "C2 CompilerThread1" daemon [_thread_in_native, id=7936, stack(0x000000000b550000,0x000000000b650000)]
=>0x0000000008cb2800 JavaThread "C2 CompilerThread0" daemon [_thread_in_native, id=252, stack(0x000000000b110000,0x000000000b210000)]
  0x0000000008cb1800 JavaThread "Attach Listener" daemon [_thread_blocked, id=6820, stack(0x000000000b3f0000,0x000000000b4f0000)]
  0x0000000008cb0800 JavaThread "Signal Dispatcher" daemon [_thread_blocked, id=1376, stack(0x000000000b230000,0x000000000b330000)]
  0x000000000239c800 JavaThread "Finalizer" daemon [_thread_blocked, id=6928, stack(0x000000000b000000,0x000000000b100000)]
  0x0000000008c9f800 JavaThread "Reference Handler" daemon [_thread_blocked, id=8736, stack(0x000000000aeb0000,0x000000000afb0000)]
  0x000000000229e800 JavaThread "main" [_thread_in_Java, id=3084, stack(0x0000000002650000,0x0000000002750000)]

Other Threads:
  0x0000000008c9d000 VMThread [stack: 0x000000000ada0000,0x000000000aea0000] [id=5104]
  0x0000000008cbe000 WatcherThread [stack: 0x000000000ac90000,0x000000000ad90000] [id=8312]

VM state:not at safepoint (normal execution)

VM Mutex/Monitor currently owned by a thread: None

Heap
 PSYoungGen      total 70144K, used 25432K [0x00000000eaa80000, 0x00000000ef180000, 0x0000000100000000)
  eden space 67584K, 33% used [0x00000000eaa80000,0x00000000ec0d6098,0x00000000eec80000)
  from space 2560K, 100% used [0x00000000eef00000,0x00000000ef180000,0x00000000ef180000)
  to   space 2560K, 0% used [0x00000000eec80000,0x00000000eec80000,0x00000000eef00000)
 ParOldGen       total 43008K, used 14230K [0x00000000c0000000, 0x00000000c2a00000, 0x00000000eaa80000)
  object space 43008K, 33% used [0x00000000c0000000,0x00000000c0de5860,0x00000000c2a00000)
 PSPermGen       total 21504K, used 5910K [0x00000000bae00000, 0x00000000bc300000, 0x00000000c0000000)
  object space 21504K, 27% used [0x00000000bae00000,0x00000000bb3c5860,0x00000000bc300000)

Card table byte_map: [0x0000000005750000,0x0000000005980000] byte_map_base: 0x0000000005179000

Polling page: 0x0000000000140000

Code Cache  [0x0000000002750000, 0x00000000029c0000, 0x0000000005750000)
 total_blobs=539 nmethods=302 adapters=189 free_code_cache=47822Kb largest_free_block=48944192

Compilation events (10 events):
Event: 4.772 Thread 0x0000000008cb7000 nmethod 297 0x000000000289d710 code [0x000000000289d840, 0x000000000289d898]
Event: 4.772 Thread 0x0000000008cb7000  298             com.android.dx.ssa.Dominators::eval (29 bytes)
Event: 4.856 Thread 0x0000000008cb7000 nmethod 298 0x00000000028a1010 code [0x00000000028a11e0, 0x00000000028a1a70]
Event: 4.856 Thread 0x0000000008cb7000  299             java.util.AbstractSet::<init> (5 bytes)
Event: 4.857 Thread 0x0000000008cb7000 nmethod 299 0x000000000285a290 code [0x000000000285a3c0, 0x000000000285a418]
Event: 4.857 Thread 0x0000000008cb7000  300             java.util.TreeMap::put (247 bytes)
Event: 4.878 Thread 0x0000000008cb7000 nmethod 300 0x000000000289dcd0 code [0x000000000289de60, 0x000000000289e788]
Event: 4.878 Thread 0x0000000008cb7000  301             com.android.dx.rop.code.RopMethod::labelToPredecessors (54 bytes)
Event: 4.879 Thread 0x0000000008cb7000 nmethod 301 0x000000000289d910 code [0x000000000289da60, 0x000000000289db28]
Event: 4.879 Thread 0x0000000008cb7000  302             com.android.dx.dex.code.RopTranslator::pickOrder (400 bytes)

GC Heap History (8 events):
Event: 1.493 GC heap before
{Heap before GC invocations=1 (full 0):
 PSYoungGen      total 19456K, used 16896K [0x00000000eaa80000, 0x00000000ec000000, 0x0000000100000000)
  eden space 16896K, 100% used [0x00000000eaa80000,0x00000000ebb00000,0x00000000ebb00000)
  from space 2560K, 0% used [0x00000000ebd80000,0x00000000ebd80000,0x00000000ec000000)
  to   space 2560K, 0% used [0x00000000ebb00000,0x00000000ebb00000,0x00000000ebd80000)
 ParOldGen       total 43008K, used 0K [0x00000000c0000000, 0x00000000c2a00000, 0x00000000eaa80000)
  object space 43008K, 0% used [0x00000000c0000000,0x00000000c0000000,0x00000000c2a00000)
 PSPermGen       total 21504K, used 5573K [0x00000000bae00000, 0x00000000bc300000, 0x00000000c0000000)
  object space 21504K, 25% used [0x00000000bae00000,0x00000000bb3715e0,0x00000000bc300000)
Event: 2.273 GC heap after
Heap after GC invocations=1 (full 0):
 PSYoungGen      total 19456K, used 2537K [0x00000000eaa80000, 0x00000000ed080000, 0x0000000100000000)
  eden space 16896K, 0% used [0x00000000eaa80000,0x00000000eaa80000,0x00000000ebb00000)
  from space 2560K, 99% used [0x00000000ebb00000,0x00000000ebd7a428,0x00000000ebd80000)
  to   space 2560K, 0% used [0x00000000ece00000,0x00000000ece00000,0x00000000ed080000)
 ParOldGen       total 43008K, used 1145K [0x00000000c0000000, 0x00000000c2a00000, 0x00000000eaa80000)
  object space 43008K, 2% used [0x00000000c0000000,0x00000000c011e4a8,0x00000000c2a00000)
 PSPermGen       total 21504K, used 5573K [0x00000000bae00000, 0x00000000bc300000, 0x00000000c0000000)
  object space 21504K, 25% used [0x00000000bae00000,0x00000000bb3715e0,0x00000000bc300000)
}
Event: 2.718 GC heap before
{Heap before GC invocations=2 (full 0):
 PSYoungGen      total 19456K, used 19433K [0x00000000eaa80000, 0x00000000ed080000, 0x0000000100000000)
  eden space 16896K, 100% used [0x00000000eaa80000,0x00000000ebb00000,0x00000000ebb00000)
  from space 2560K, 99% used [0x00000000ebb00000,0x00000000ebd7a428,0x00000000ebd80000)
  to   space 2560K, 0% used [0x00000000ece00000,0x00000000ece00000,0x00000000ed080000)
 ParOldGen       total 43008K, used 1145K [0x00000000c0000000, 0x00000000c2a00000, 0x00000000eaa80000)
  object space 43008K, 2% used [0x00000000c0000000,0x00000000c011e4a8,0x00000000c2a00000)
 PSPermGen       total 21504K, used 5761K [0x00000000bae00000, 0x00000000bc300000, 0x00000000c0000000)
  object space 21504K, 26% used [0x00000000bae00000,0x00000000bb3a0440,0x00000000bc300000)
Event: 2.759 GC heap after
Heap after GC invocations=2 (full 0):
 PSYoungGen      total 36352K, used 2535K [0x00000000eaa80000, 0x00000000ed080000, 0x0000000100000000)
  eden space 33792K, 0% used [0x00000000eaa80000,0x00000000eaa80000,0x00000000ecb80000)
  from space 2560K, 99% used [0x00000000ece00000,0x00000000ed079c60,0x00000000ed080000)
  to   space 2560K, 0% used [0x00000000ecb80000,0x00000000ecb80000,0x00000000ece00000)
 ParOldGen       total 43008K, used 3288K [0x00000000c0000000, 0x00000000c2a00000, 0x00000000eaa80000)
  object space 43008K, 7% used [0x00000000c0000000,0x00000000c0336210,0x00000000c2a00000)
 PSPermGen       total 21504K, used 5761K [0x00000000bae00000, 0x00000000bc300000, 0x00000000c0000000)
  object space 21504K, 26% used [0x00000000bae00000,0x00000000bb3a0440,0x00000000bc300000)
}
Event: 3.380 GC heap before
{Heap before GC invocations=3 (full 0):
 PSYoungGen      total 36352K, used 36327K [0x00000000eaa80000, 0x00000000ed080000, 0x0000000100000000)
  eden space 33792K, 100% used [0x00000000eaa80000,0x00000000ecb80000,0x00000000ecb80000)
  from space 2560K, 99% used [0x00000000ece00000,0x00000000ed079c60,0x00000000ed080000)
  to   space 2560K, 0% used [0x00000000ecb80000,0x00000000ecb80000,0x00000000ece00000)
 ParOldGen       total 43008K, used 3288K [0x00000000c0000000, 0x00000000c2a00000, 0x00000000eaa80000)
  object space 43008K, 7% used [0x00000000c0000000,0x00000000c0336210,0x00000000c2a00000)
 PSPermGen       total 21504K, used 5836K [0x00000000bae00000, 0x00000000bc300000, 0x00000000c0000000)
  object space 21504K, 27% used [0x00000000bae00000,0x00000000bb3b3350,0x00000000bc300000)
Event: 3.458 GC heap after
Heap after GC invocations=3 (full 0):
 PSYoungGen      total 36352K, used 2528K [0x00000000eaa80000, 0x00000000ef180000, 0x0000000100000000)
  eden space 33792K, 0% used [0x00000000eaa80000,0x00000000eaa80000,0x00000000ecb80000)
  from space 2560K, 98% used [0x00000000ecb80000,0x00000000ecdf8010,0x00000000ece00000)
  to   space 2560K, 0% used [0x00000000eef00000,0x00000000eef00000,0x00000000ef180000)
 ParOldGen       total 43008K, used 8757K [0x00000000c0000000, 0x00000000c2a00000, 0x00000000eaa80000)
  object space 43008K, 20% used [0x00000000c0000000,0x00000000c088d578,0x00000000c2a00000)
 PSPermGen       total 21504K, used 5836K [0x00000000bae00000, 0x00000000bc300000, 0x00000000c0000000)
  object space 21504K, 27% used [0x00000000bae00000,0x00000000bb3b3350,0x00000000bc300000)
}
Event: 4.087 GC heap before
{Heap before GC invocations=4 (full 0):
 PSYoungGen      total 36352K, used 36320K [0x00000000eaa80000, 0x00000000ef180000, 0x0000000100000000)
  eden space 33792K, 100% used [0x00000000eaa80000,0x00000000ecb80000,0x00000000ecb80000)
  from space 2560K, 98% used [0x00000000ecb80000,0x00000000ecdf8010,0x00000000ece00000)
  to   space 2560K, 0% used [0x00000000eef00000,0x00000000eef00000,0x00000000ef180000)
 ParOldGen       total 43008K, used 8757K [0x00000000c0000000, 0x00000000c2a00000, 0x00000000eaa80000)
  object space 43008K, 20% used [0x00000000c0000000,0x00000000c088d578,0x00000000c2a00000)
 PSPermGen       total 21504K, used 5862K [0x00000000bae00000, 0x00000000bc300000, 0x00000000c0000000)
  object space 21504K, 27% used [0x00000000bae00000,0x00000000bb3b99e0,0x00000000bc300000)
Event: 4.294 GC heap after
Heap after GC invocations=4 (full 0):
 PSYoungGen      total 70144K, used 2560K [0x00000000eaa80000, 0x00000000ef180000, 0x0000000100000000)
  eden space 67584K, 0% used [0x00000000eaa80000,0x00000000eaa80000,0x00000000eec80000)
  from space 2560K, 100% used [0x00000000eef00000,0x00000000ef180000,0x00000000ef180000)
  to   space 2560K, 0% used [0x00000000eec80000,0x00000000eec80000,0x00000000eef00000)
 ParOldGen       total 43008K, used 14230K [0x00000000c0000000, 0x00000000c2a00000, 0x00000000eaa80000)
  object space 43008K, 33% used [0x00000000c0000000,0x00000000c0de5860,0x00000000c2a00000)
 PSPermGen       total 21504K, used 5862K [0x00000000bae00000, 0x00000000bc300000, 0x00000000c0000000)
  object space 21504K, 27% used [0x00000000bae00000,0x00000000bb3b99e0,0x00000000bc300000)
}

Deoptimization events (10 events):
Event: 2.769 Thread 0x000000000b8f9000 Uncommon trap: reason=class_check action=maybe_recompile pc=0x00000000027dc830 method=com.android.dx.rop.type.Type.equals(Ljava/lang/Object;)Z @ 8
Event: 2.771 Thread 0x000000000b8f9000 Uncommon trap: reason=class_check action=maybe_recompile pc=0x00000000027dc830 method=com.android.dx.rop.type.Type.equals(Ljava/lang/Object;)Z @ 8
Event: 2.814 Thread 0x000000000229e800 Uncommon trap: reason=class_check action=maybe_recompile pc=0x00000000027dc830 method=com.android.dx.rop.type.Type.equals(Ljava/lang/Object;)Z @ 8
Event: 2.846 Thread 0x000000000229e800 Uncommon trap: reason=null_check action=make_not_entrant pc=0x00000000027f7d50 method=com.android.dx.rop.type.Type.equals(Ljava/lang/Object;)Z @ 8
Event: 4.363 Thread 0x0000000009f7b000 Uncommon trap: reason=null_check action=make_not_entrant pc=0x00000000028711a8 method=com.android.dx.cf.code.Ropper$CatchInfo.getSetup(Lcom/android/dx/rop/type/Type;)Lcom/android/dx/cf/code/Ropper$ExceptionHandlerSetup; @ 10
Event: 4.455 Thread 0x0000000009f7a000 Uncommon trap: reason=class_check action=maybe_recompile pc=0x0000000002826870 method=com.android.dx.ssa.SsaMethod.isRegALocal(Lcom/android/dx/rop/code/RegisterSpec;)Z @ 16
Event: 4.455 Thread 0x0000000009f7a000 Uncommon trap: reason=class_check action=maybe_recompile pc=0x0000000002826870 method=com.android.dx.ssa.SsaMethod.isRegALocal(Lcom/android/dx/rop/code/RegisterSpec;)Z @ 16
Event: 4.455 Thread 0x0000000009f7a000 Uncommon trap: reason=class_check action=maybe_recompile pc=0x0000000002826870 method=com.android.dx.ssa.SsaMethod.isRegALocal(Lcom/android/dx/rop/code/RegisterSpec;)Z @ 16
Event: 4.456 Thread 0x0000000009f7a000 Uncommon trap: reason=class_check action=maybe_recompile pc=0x0000000002826870 method=com.android.dx.ssa.SsaMethod.isRegALocal(Lcom/android/dx/rop/code/RegisterSpec;)Z @ 16
Event: 4.529 Thread 0x000000000229e800 Uncommon trap: reason=null_check action=make_not_entrant pc=0x0000000002896c74 method=com.android.dx.rop.type.Type.putIntern(Lcom/android/dx/rop/type/Type;)Lcom/android/dx/rop/type/Type; @ 18

Internal exceptions (10 events):
Event: 1.323 Thread 0x0000000009f7f800 Threw 0x00000000eb63d4c8 at C:\re\jdk7u51\527\hotspot\src\share\vm\prims\jvm.cpp:1244
Event: 1.446 Thread 0x0000000009f7f800 Implicit null exception at 0x00000000027d4a21 to 0x00000000027d4d79
Event: 1.484 Thread 0x000000000b8f9000 Threw 0x00000000ebadb338 at C:\re\jdk7u51\527\hotspot\src\share\vm\prims\jvm.cpp:1244
Event: 2.645 Thread 0x0000000009f7b000 Threw 0x00000000eb5d9748 at C:\re\jdk7u51\527\hotspot\src\share\vm\prims\jvm.cpp:1244
Event: 2.768 Thread 0x000000000b8f9000 Threw 0x00000000eaab17c8 at C:\re\jdk7u51\527\hotspot\src\share\vm\prims\jvm.cpp:1244
Event: 2.846 Thread 0x000000000229e800 Implicit null exception at 0x00000000027f7c52 to 0x00000000027f7d42
Event: 4.039 Thread 0x000000000229e800 Threw 0x00000000ec70b630 at C:\re\jdk7u51\527\hotspot\src\share\vm\prims\jvm.cpp:1244
Event: 4.363 Thread 0x0000000009f7b000 Implicit null exception at 0x000000000286d3e4 to 0x0000000002871161
Event: 4.529 Thread 0x000000000229e800 Implicit null exception at 0x0000000002896583 to 0x0000000002896c65
Event: 4.962 Thread 0x000000000229e800 Threw 0x00000000ebcbac60 at C:\re\jdk7u51\527\hotspot\src\share\vm\prims\jvm.cpp:1244

Events (10 events):
Event: 4.959 loading class 0x0000000009d66c60
Event: 4.959 loading class 0x0000000009f247f0
Event: 4.959 loading class 0x0000000009d66ae0
Event: 4.959 loading class 0x0000000009d66ae0 done
Event: 4.959 loading class 0x0000000009f247f0 done
Event: 4.959 loading class 0x0000000009d66c60 done
Event: 4.959 loading class 0x0000000009d66c30
Event: 4.959 loading class 0x0000000009d66c30 done
Event: 4.962 loading class 0x0000000009f8c7f0
Event: 4.962 loading class 0x0000000009f8c7f0 done


Dynamic libraries:
0x000000013f9f0000 - 0x000000013fa23000 	C:\Program Files\Java\jdk1.7.0_51\bin\java.exe
0x00000000779e0000 - 0x0000000077b89000 	C:\Windows\SYSTEM32\ntdll.dll
0x00000000777c0000 - 0x00000000778e0000 	C:\Windows\system32\kernel32.dll
0x000007fefd9d0000 - 0x000007fefda3c000 	C:\Windows\system32\KERNELBASE.dll
0x000007fefec70000 - 0x000007fefed4b000 	C:\Windows\system32\ADVAPI32.dll
0x000007feff630000 - 0x000007feff6cf000 	C:\Windows\system32\msvcrt.dll
0x000007feff610000 - 0x000007feff62f000 	C:\Windows\SYSTEM32\sechost.dll
0x000007feff9b0000 - 0x000007feffadd000 	C:\Windows\system32\RPCRT4.dll
0x00000000778e0000 - 0x00000000779da000 	C:\Windows\system32\USER32.dll
0x000007feff270000 - 0x000007feff2d7000 	C:\Windows\system32\GDI32.dll
0x000007fefedb0000 - 0x000007fefedbe000 	C:\Windows\system32\LPK.dll
0x000007feff4c0000 - 0x000007feff589000 	C:\Windows\system32\USP10.dll
0x000007fefbd40000 - 0x000007fefbf34000 	C:\Windows\WinSxS\amd64_microsoft.windows.common-controls_6595b64144ccf1df_6.0.7601.18837_none_fa3b1e3d17594757\COMCTL32.dll
0x000007feff590000 - 0x000007feff601000 	C:\Windows\system32\SHLWAPI.dll
0x000007feff7f0000 - 0x000007feff81e000 	C:\Windows\system32\IMM32.DLL
0x000007fefdb40000 - 0x000007fefdc49000 	C:\Windows\system32\MSCTF.dll
0x000000005d120000 - 0x000000005d1f2000 	C:\Program Files\Java\jdk1.7.0_51\jre\bin\msvcr100.dll
0x000000005eb30000 - 0x000000005f2f9000 	C:\Program Files\Java\jdk1.7.0_51\jre\bin\server\jvm.dll
0x000007feeba80000 - 0x000007feeba89000 	C:\Windows\system32\WSOCK32.dll
0x000007fefed60000 - 0x000007fefedad000 	C:\Windows\system32\WS2_32.dll
0x000007fefed50000 - 0x000007fefed58000 	C:\Windows\system32\NSI.dll
0x000007fefaa90000 - 0x000007fefaacb000 	C:\Windows\system32\WINMM.dll
0x0000000077ba0000 - 0x0000000077ba7000 	C:\Windows\system32\PSAPI.DLL
0x000000006c7a0000 - 0x000000006c7af000 	C:\Program Files\Java\jdk1.7.0_51\jre\bin\verify.dll
0x0000000064c80000 - 0x0000000064ca8000 	C:\Program Files\Java\jdk1.7.0_51\jre\bin\java.dll
0x0000000064c60000 - 0x0000000064c75000 	C:\Program Files\Java\jdk1.7.0_51\jre\bin\zip.dll
0x000000006c3a0000 - 0x000000006c3b9000 	C:\Program Files\Java\jdk1.7.0_51\jre\bin\net.dll
0x000007fefcf60000 - 0x000007fefcfb5000 	C:\Windows\system32\mswsock.dll
0x000007fefcf50000 - 0x000007fefcf57000 	C:\Windows\System32\wship6.dll
0x0000000064c40000 - 0x0000000064c51000 	C:\Program Files\Java\jdk1.7.0_51\jre\bin\nio.dll

VM Arguments:
jvm_args: -Djava.awt.headless=true -Xmx1024M -Dfile.encoding=windows-1252 -Duser.country=GB -Duser.language=en -Duser.variant 
java_command: com.android.dx.command.Main --dex --num-threads=4 --output C:\Users\NEEL\Indoor_Positioning_System_2.0\IndoorPositioningSystem2.0\app\build\intermediates\pre-dexed\debug\com.google.android.gms-play-services-location-8.3.0_25a4a8cc29cdc346e689d95b8c668e0d882d640d.jar C:\Users\NEEL\Indoor_Positioning_System_2.0\IndoorPositioningSystem2.0\app\build\intermediates\exploded-aar\com.google.android.gms\play-services-location\8.3.0\jars\classes.jar
Launcher Type: SUN_STANDARD

Environment Variables:
PATH=C:\ProgramData\Oracle\Java\javapath;C:\oraclexe\app\oracle\product\11.2.0\server\bin;;C:\Program Files\Common Files\Microsoft Shared\Windows Live;C:\Program Files (x86)\Common Files\Microsoft Shared\Windows Live;c:\Program Files (x86)\Intel\iCLS Client\;c:\Program Files\Intel\iCLS Client\;C:\Program Files (x86)\AMD APP\bin\x86_64;C:\Program Files (x86)\AMD APP\bin\x86;C:\Windows\system32;C:\Windows;C:\Windows\System32\Wbem;C:\Windows\System32\WindowsPowerShell\v1.0\;C:\Program Files (x86)\ATI Technologies\ATI.ACE\Core-Static;C:\Program Files\Intel\Intel(R) Management Engine Components\DAL;C:\Program Files\Intel\Intel(R) Management Engine Components\IPT;C:\Program Files (x86)\Intel\Intel(R) Management Engine Components\DAL;C:\Program Files (x86)\Intel\Intel(R) Management Engine Components\IPT;C:\Program Files\Sony\VAIO Improvement\;C:\Program Files (x86)\Sony\VAIO Startup Setting Tool;C:\Program Files (x86)\Windows Live\Shared;C:\Program Files (x86)\Smart Projects\IsoBuster;C:\Program Files (x86)\Skype\Phone\
USERNAME=NEEL
OS=Windows_NT
PROCESSOR_IDENTIFIER=Intel64 Family 6 Model 58 Stepping 9, GenuineIntel



---------------  S Y S T E M  ---------------

OS: Windows 7 , 64 bit Build 7601 Service Pack 1

CPU:total 8 (4 cores per cpu, 2 threads per core) family 6 model 58 stepping 9, cmov, cx8, fxsr, mmx, sse, sse2, sse3, ssse3, sse4.1, sse4.2, popcnt, avx, aes, erms, ht, tsc, tscinvbit, tscinv

Memory: 4k page, physical 4163952k(1241820k free), swap 4986392k(5560k free)

vm_info: Java HotSpot(TM) 64-Bit Server VM (24.51-b03) for windows-amd64 JRE (1.7.0_51-b13), built on Dec 18 2013 18:40:56 by "java_re" with unknown MS VC++:1600

time: Sun Nov 29 11:51:53 2015
elapsed time: 4 seconds

