#
# There is insufficient memory for the Java Runtime Environment to continue.
# Native memory allocation (malloc) failed to allocate 663856 bytes for Chunk::new
# Possible reasons:
#   The system is out of physical RAM or swap space
#   In 32 bit mode, the process size limit was hit
# Possible solutions:
#   Reduce memory load on the system
#   Increase physical memory or swap space
#   Check if swap backing store is full
#   Use 64 bit Java on a 64 bit OS
#   Decrease Java heap size (-Xmx/-Xms)
#   Decrease number of Java threads
#   Decrease Java thread stack sizes (-Xss)
#   Set larger code cache with -XX:ReservedCodeCacheSize=
# This output file may be truncated or incomplete.
#
#  Out of Memory Error (allocation.cpp:323), pid=7948, tid=8820
#
# JRE version: Java(TM) SE Runtime Environment (7.0_51-b13) (build 1.7.0_51-b13)
# Java VM: Java HotSpot(TM) 64-Bit Server VM (24.51-b03 mixed mode windows-amd64 compressed oops)
# Failed to write core dump. Minidumps are not enabled by default on client versions of Windows
#

---------------  T H R E A D  ---------------

Current thread (0x0000000008c04800):  JavaThread "C2 CompilerThread0" daemon [_thread_in_native, id=8820, stack(0x000000000b360000,0x000000000b460000)]

Stack: [0x000000000b360000,0x000000000b460000]

Current CompileTask:
C2:   5075  244             com.android.dx.ssa.SCCP::simulateBlock (54 bytes)


---------------  P R O C E S S  ---------------

Java Threads: ( => current thread )
  0x0000000009e28800 JavaThread "pool-1-thread-4" [_thread_blocked, id=6548, stack(0x000000000c6e0000,0x000000000c7e0000)]
  0x0000000009e27800 JavaThread "pool-1-thread-3" [_thread_in_vm, id=2536, stack(0x000000000c810000,0x000000000c910000)]
  0x0000000009f1e800 JavaThread "pool-1-thread-2" [_thread_in_Java, id=8904, stack(0x000000000c540000,0x000000000c640000)]
  0x0000000009eb7000 JavaThread "pool-2-thread-1" [_thread_blocked, id=5168, stack(0x000000000b140000,0x000000000b240000)]
  0x0000000009f02800 JavaThread "pool-1-thread-1" [_thread_blocked, id=7492, stack(0x000000000c400000,0x000000000c500000)]
  0x0000000008c0a800 JavaThread "Service Thread" daemon [_thread_blocked, id=6436, stack(0x000000000b620000,0x000000000b720000)]
  0x0000000008c09000 JavaThread "C2 CompilerThread1" daemon [_thread_in_native, id=9004, stack(0x000000000b4a0000,0x000000000b5a0000)]
=>0x0000000008c04800 JavaThread "C2 CompilerThread0" daemon [_thread_in_native, id=8820, stack(0x000000000b360000,0x000000000b460000)]
  0x0000000008c04000 JavaThread "Attach Listener" daemon [_thread_blocked, id=2080, stack(0x000000000b260000,0x000000000b360000)]
  0x0000000008c03000 JavaThread "Signal Dispatcher" daemon [_thread_blocked, id=3100, stack(0x000000000abc0000,0x000000000acc0000)]
  0x00000000021ee800 JavaThread "Finalizer" daemon [_thread_blocked, id=6324, stack(0x000000000ae20000,0x000000000af20000)]
  0x0000000008bef000 JavaThread "Reference Handler" daemon [_thread_blocked, id=7732, stack(0x000000000af80000,0x000000000b080000)]
  0x00000000022ee800 JavaThread "main" [_thread_in_Java, id=7616, stack(0x0000000002420000,0x0000000002520000)]

Other Threads:
  0x0000000008bec800 VMThread [stack: 0x000000000acc0000,0x000000000adc0000] [id=9188]
  0x0000000009ca4000 WatcherThread [stack: 0x000000000b7b0000,0x000000000b8b0000] [id=1772]

VM state:not at safepoint (normal execution)

VM Mutex/Monitor currently owned by a thread: None

Heap
 PSYoungGen      total 36352K, used 31165K [0x00000000eaa80000, 0x00000000ed080000, 0x0000000100000000)
  eden space 33792K, 84% used [0x00000000eaa80000,0x00000000ec674b70,0x00000000ecb80000)
  from space 2560K, 99% used [0x00000000ece00000,0x00000000ed07aac8,0x00000000ed080000)
  to   space 2560K, 0% used [0x00000000ecb80000,0x00000000ecb80000,0x00000000ece00000)
 ParOldGen       total 43008K, used 1859K [0x00000000c0000000, 0x00000000c2a00000, 0x00000000eaa80000)
  object space 43008K, 4% used [0x00000000c0000000,0x00000000c01d0c68,0x00000000c2a00000)
 PSPermGen       total 21504K, used 5812K [0x00000000bae00000, 0x00000000bc300000, 0x00000000c0000000)
  object space 21504K, 27% used [0x00000000bae00000,0x00000000bb3ad100,0x00000000bc300000)

Card table byte_map: [0x0000000005520000,0x0000000005750000] byte_map_base: 0x0000000004f49000

Polling page: 0x0000000000330000

Code Cache  [0x0000000002520000, 0x0000000002790000, 0x0000000005520000)
 total_blobs=480 nmethods=243 adapters=189 free_code_cache=48229Kb largest_free_block=49353664

Compilation events (10 events):
Event: 5.024 Thread 0x0000000008c04800 nmethod 239 0x00000000025f69d0 code [0x00000000025f6b20, 0x00000000025f6cb8]
Event: 5.025 Thread 0x0000000008c04800  240             com.android.dx.rop.cst.CstMemberRef::compareTo0 (49 bytes)
Event: 5.027 Thread 0x0000000008c04800 nmethod 240 0x00000000025f6190 code [0x00000000025f62e0, 0x00000000025f65d8]
Event: 5.027 Thread 0x0000000008c04800  241             java.util.TreeMap::getEntry (84 bytes)
Event: 5.029 Thread 0x0000000008c04800 nmethod 241 0x00000000025f5dd0 code [0x00000000025f5f20, 0x00000000025f6058]
Event: 5.029 Thread 0x0000000008c04800  242             com.android.dx.ssa.SsaBasicBlock::forEachPhiInsn (54 bytes)
Event: 5.036 Thread 0x0000000008c04800 nmethod 242 0x0000000002607250 code [0x00000000026073e0, 0x00000000026077a8]
Event: 5.036 Thread 0x0000000008c04800  243             com.android.dx.util.BitIntSet::<init> (13 bytes)
Event: 5.037 Thread 0x0000000008c04800 nmethod 243 0x00000000025f5a10 code [0x00000000025f5b60, 0x00000000025f5c78]
Event: 5.037 Thread 0x0000000008c04800  244             com.android.dx.ssa.SCCP::simulateBlock (54 bytes)

GC Heap History (4 events):
Event: 2.848 GC heap before
{Heap before GC invocations=1 (full 0):
 PSYoungGen      total 19456K, used 16896K [0x00000000eaa80000, 0x00000000ec000000, 0x0000000100000000)
  eden space 16896K, 100% used [0x00000000eaa80000,0x00000000ebb00000,0x00000000ebb00000)
  from space 2560K, 0% used [0x00000000ebd80000,0x00000000ebd80000,0x00000000ec000000)
  to   space 2560K, 0% used [0x00000000ebb00000,0x00000000ebb00000,0x00000000ebd80000)
 ParOldGen       total 43008K, used 0K [0x00000000c0000000, 0x00000000c2a00000, 0x00000000eaa80000)
  object space 43008K, 0% used [0x00000000c0000000,0x00000000c0000000,0x00000000c2a00000)
 PSPermGen       total 21504K, used 4054K [0x00000000bae00000, 0x00000000bc300000, 0x00000000c0000000)
  object space 21504K, 18% used [0x00000000bae00000,0x00000000bb1f5988,0x00000000bc300000)
Event: 3.498 GC heap after
Heap after GC invocations=1 (full 0):
 PSYoungGen      total 19456K, used 1272K [0x00000000eaa80000, 0x00000000ed080000, 0x0000000100000000)
  eden space 16896K, 0% used [0x00000000eaa80000,0x00000000eaa80000,0x00000000ebb00000)
  from space 2560K, 49% used [0x00000000ebb00000,0x00000000ebc3e108,0x00000000ebd80000)
  to   space 2560K, 0% used [0x00000000ece00000,0x00000000ece00000,0x00000000ed080000)
 ParOldGen       total 43008K, used 0K [0x00000000c0000000, 0x00000000c2a00000, 0x00000000eaa80000)
  object space 43008K, 0% used [0x00000000c0000000,0x00000000c0000000,0x00000000c2a00000)
 PSPermGen       total 21504K, used 4054K [0x00000000bae00000, 0x00000000bc300000, 0x00000000c0000000)
  object space 21504K, 18% used [0x00000000bae00000,0x00000000bb1f5988,0x00000000bc300000)
}
Event: 3.943 GC heap before
{Heap before GC invocations=2 (full 0):
 PSYoungGen      total 19456K, used 18168K [0x00000000eaa80000, 0x00000000ed080000, 0x0000000100000000)
  eden space 16896K, 100% used [0x00000000eaa80000,0x00000000ebb00000,0x00000000ebb00000)
  from space 2560K, 49% used [0x00000000ebb00000,0x00000000ebc3e108,0x00000000ebd80000)
  to   space 2560K, 0% used [0x00000000ece00000,0x00000000ece00000,0x00000000ed080000)
 ParOldGen       total 43008K, used 0K [0x00000000c0000000, 0x00000000c2a00000, 0x00000000eaa80000)
  object space 43008K, 0% used [0x00000000c0000000,0x00000000c0000000,0x00000000c2a00000)
 PSPermGen       total 21504K, used 5654K [0x00000000bae00000, 0x00000000bc300000, 0x00000000c0000000)
  object space 21504K, 26% used [0x00000000bae00000,0x00000000bb385848,0x00000000bc300000)
Event: 4.385 GC heap after
Heap after GC invocations=2 (full 0):
 PSYoungGen      total 36352K, used 2538K [0x00000000eaa80000, 0x00000000ed080000, 0x0000000100000000)
  eden space 33792K, 0% used [0x00000000eaa80000,0x00000000eaa80000,0x00000000ecb80000)
  from space 2560K, 99% used [0x00000000ece00000,0x00000000ed07aac8,0x00000000ed080000)
  to   space 2560K, 0% used [0x00000000ecb80000,0x00000000ecb80000,0x00000000ece00000)
 ParOldGen       total 43008K, used 1859K [0x00000000c0000000, 0x00000000c2a00000, 0x00000000eaa80000)
  object space 43008K, 4% used [0x00000000c0000000,0x00000000c01d0c68,0x00000000c2a00000)
 PSPermGen       total 21504K, used 5654K [0x00000000bae00000, 0x00000000bc300000, 0x00000000c0000000)
  object space 21504K, 26% used [0x00000000bae00000,0x00000000bb385848,0x00000000bc300000)
}

Deoptimization events (3 events):
Event: 3.816 Thread 0x0000000009e27800 Uncommon trap: reason=class_check action=maybe_recompile pc=0x00000000025a2974 method=com.android.dx.ssa.NormalSsaInsn.accept(Lcom/android/dx/ssa/SsaInsn$Visitor;)V @ 9
Event: 3.856 Thread 0x0000000009f1e800 Uncommon trap: reason=null_check action=make_not_entrant pc=0x00000000025a70e4 method=com.android.dx.rop.code.LocalItem.equals(Ljava/lang/Object;)Z @ 1
Event: 4.871 Thread 0x0000000009e27800 Uncommon trap: reason=unreached action=reinterpret pc=0x00000000025b5004 method=com.android.dx.rop.cst.Constant.compareTo(Lcom/android/dx/rop/cst/Constant;)I @ 12

Internal exceptions (10 events):
Event: 3.707 Thread 0x0000000009e27800 Threw 0x00000000eb0c00c0 at C:\re\jdk7u51\527\hotspot\src\share\vm\prims\jvm.cpp:1244
Event: 3.708 Thread 0x0000000009e27800 Threw 0x00000000eb0c52b8 at C:\re\jdk7u51\527\hotspot\src\share\vm\prims\jvm.cpp:1244
Event: 3.709 Thread 0x0000000009e27800 Threw 0x00000000eb0c8078 at C:\re\jdk7u51\527\hotspot\src\share\vm\prims\jvm.cpp:1244
Event: 3.718 Thread 0x0000000009e27800 Threw 0x00000000eb136db0 at C:\re\jdk7u51\527\hotspot\src\share\vm\prims\jvm.cpp:1244
Event: 3.722 Thread 0x0000000009e27800 Threw 0x00000000eb1416f0 at C:\re\jdk7u51\527\hotspot\src\share\vm\prims\jvm.cpp:1244
Event: 3.732 Thread 0x00000000022ee800 Threw 0x00000000eb0f7c80 at C:\re\jdk7u51\527\hotspot\src\share\vm\prims\jvm.cpp:1244
Event: 3.741 Thread 0x00000000022ee800 Threw 0x00000000eb113870 at C:\re\jdk7u51\527\hotspot\src\share\vm\prims\jvm.cpp:1244
Event: 3.773 Thread 0x0000000009e28800 Threw 0x00000000eb220cf8 at C:\re\jdk7u51\527\hotspot\src\share\vm\prims\jvm.cpp:1244
Event: 3.856 Thread 0x0000000009f1e800 Implicit null exception at 0x00000000025a6d84 to 0x00000000025a70cd
Event: 4.850 Thread 0x00000000022ee800 Threw 0x00000000ebbab4f0 at C:\re\jdk7u51\527\hotspot\src\share\vm\prims\jvm.cpp:1244

Events (10 events):
Event: 3.856 Thread 0x0000000009f1e800 DEOPT UNPACKING pc=0x00000000025575a4 sp=0x000000000c63eae0 mode 2
Event: 3.864 loading class 0x0000000008a42b50
Event: 3.864 loading class 0x0000000008a42b50 done
Event: 3.943 Executing VM operation: ParallelGCFailedAllocation
Event: 4.385 Executing VM operation: ParallelGCFailedAllocation done
Event: 4.850 loading class 0x0000000009ff1030
Event: 4.850 loading class 0x0000000009ff1030 done
Event: 4.871 Thread 0x0000000009e27800 Uncommon trap: trap_request=0xffffffad fr.pc=0x00000000025b5004
Event: 4.871 Thread 0x0000000009e27800 DEOPT PACKING pc=0x00000000025b5004 sp=0x000000000c90e3f0
Event: 4.871 Thread 0x0000000009e27800 DEOPT UNPACKING pc=0x00000000025575a4 sp=0x000000000c90e390 mode 2


Dynamic libraries:
0x000000013f9f0000 - 0x000000013fa23000 	C:\Program Files\Java\jdk1.7.0_51\bin\java.exe
0x00000000779e0000 - 0x0000000077b89000 	C:\Windows\SYSTEM32\ntdll.dll
0x00000000777c0000 - 0x00000000778e0000 	C:\Windows\system32\kernel32.dll
0x000007fefd9d0000 - 0x000007fefda3c000 	C:\Windows\system32\KERNELBASE.dll
0x000007fefec70000 - 0x000007fefed4b000 	C:\Windows\system32\ADVAPI32.dll
0x000007feff630000 - 0x000007feff6cf000 	C:\Windows\system32\msvcrt.dll
0x000007feff610000 - 0x000007feff62f000 	C:\Windows\SYSTEM32\sechost.dll
0x000007feff9b0000 - 0x000007feffadd000 	C:\Windows\system32\RPCRT4.dll
0x00000000778e0000 - 0x00000000779da000 	C:\Windows\system32\USER32.dll
0x000007feff270000 - 0x000007feff2d7000 	C:\Windows\system32\GDI32.dll
0x000007fefedb0000 - 0x000007fefedbe000 	C:\Windows\system32\LPK.dll
0x000007feff4c0000 - 0x000007feff589000 	C:\Windows\system32\USP10.dll
0x000007fefbd40000 - 0x000007fefbf34000 	C:\Windows\WinSxS\amd64_microsoft.windows.common-controls_6595b64144ccf1df_6.0.7601.18837_none_fa3b1e3d17594757\COMCTL32.dll
0x000007feff590000 - 0x000007feff601000 	C:\Windows\system32\SHLWAPI.dll
0x000007feff7f0000 - 0x000007feff81e000 	C:\Windows\system32\IMM32.DLL
0x000007fefdb40000 - 0x000007fefdc49000 	C:\Windows\system32\MSCTF.dll
0x000000005d120000 - 0x000000005d1f2000 	C:\Program Files\Java\jdk1.7.0_51\jre\bin\msvcr100.dll
0x000000005eb30000 - 0x000000005f2f9000 	C:\Program Files\Java\jdk1.7.0_51\jre\bin\server\jvm.dll
0x000007feeba80000 - 0x000007feeba89000 	C:\Windows\system32\WSOCK32.dll
0x000007fefed60000 - 0x000007fefedad000 	C:\Windows\system32\WS2_32.dll
0x000007fefed50000 - 0x000007fefed58000 	C:\Windows\system32\NSI.dll
0x000007fefaa90000 - 0x000007fefaacb000 	C:\Windows\system32\WINMM.dll
0x0000000077ba0000 - 0x0000000077ba7000 	C:\Windows\system32\PSAPI.DLL
0x000000006c7a0000 - 0x000000006c7af000 	C:\Program Files\Java\jdk1.7.0_51\jre\bin\verify.dll
0x0000000064c80000 - 0x0000000064ca8000 	C:\Program Files\Java\jdk1.7.0_51\jre\bin\java.dll
0x0000000064c60000 - 0x0000000064c75000 	C:\Program Files\Java\jdk1.7.0_51\jre\bin\zip.dll
0x000000006c3a0000 - 0x000000006c3b9000 	C:\Program Files\Java\jdk1.7.0_51\jre\bin\net.dll
0x000007fefcf60000 - 0x000007fefcfb5000 	C:\Windows\system32\mswsock.dll
0x000007fefcf50000 - 0x000007fefcf57000 	C:\Windows\System32\wship6.dll
0x0000000064c40000 - 0x0000000064c51000 	C:\Program Files\Java\jdk1.7.0_51\jre\bin\nio.dll

VM Arguments:
jvm_args: -Djava.awt.headless=true -Xmx1024M -Dfile.encoding=windows-1252 -Duser.country=GB -Duser.language=en -Duser.variant 
java_command: com.android.dx.command.Main --dex --num-threads=4 --output C:\Users\NEEL\Indoor_Positioning_System_2.0\IndoorPositioningSystem2.0\app\build\intermediates\pre-dexed\debug\com.google.android.gms-play-services-basement-8.3.0_5e6258abc60b7320685bd37019e4d0b46f6e92b6.jar C:\Users\NEEL\Indoor_Positioning_System_2.0\IndoorPositioningSystem2.0\app\build\intermediates\exploded-aar\com.google.android.gms\play-services-basement\8.3.0\jars\classes.jar
Launcher Type: SUN_STANDARD

Environment Variables:
PATH=C:\ProgramData\Oracle\Java\javapath;C:\oraclexe\app\oracle\product\11.2.0\server\bin;;C:\Program Files\Common Files\Microsoft Shared\Windows Live;C:\Program Files (x86)\Common Files\Microsoft Shared\Windows Live;c:\Program Files (x86)\Intel\iCLS Client\;c:\Program Files\Intel\iCLS Client\;C:\Program Files (x86)\AMD APP\bin\x86_64;C:\Program Files (x86)\AMD APP\bin\x86;C:\Windows\system32;C:\Windows;C:\Windows\System32\Wbem;C:\Windows\System32\WindowsPowerShell\v1.0\;C:\Program Files (x86)\ATI Technologies\ATI.ACE\Core-Static;C:\Program Files\Intel\Intel(R) Management Engine Components\DAL;C:\Program Files\Intel\Intel(R) Management Engine Components\IPT;C:\Program Files (x86)\Intel\Intel(R) Management Engine Components\DAL;C:\Program Files (x86)\Intel\Intel(R) Management Engine Components\IPT;C:\Program Files\Sony\VAIO Improvement\;C:\Program Files (x86)\Sony\VAIO Startup Setting Tool;C:\Program Files (x86)\Windows Live\Shared;C:\Program Files (x86)\Smart Projects\IsoBuster;C:\Program Files (x86)\Skype\Phone\
USERNAME=NEEL
OS=Windows_NT
PROCESSOR_IDENTIFIER=Intel64 Family 6 Model 58 Stepping 9, GenuineIntel



---------------  S Y S T E M  ---------------

OS: Windows 7 , 64 bit Build 7601 Service Pack 1

CPU:total 8 (4 cores per cpu, 2 threads per core) family 6 model 58 stepping 9, cmov, cx8, fxsr, mmx, sse, sse2, sse3, ssse3, sse4.1, sse4.2, popcnt, avx, aes, erms, ht, tsc, tscinvbit, tscinv

Memory: 4k page, physical 4163952k(1241820k free), swap 4986392k(5560k free)

vm_info: Java HotSpot(TM) 64-Bit Server VM (24.51-b03) for windows-amd64 JRE (1.7.0_51-b13), built on Dec 18 2013 18:40:56 by "java_re" with unknown MS VC++:1600

time: Sun Nov 29 11:51:53 2015
elapsed time: 5 seconds

