#
# There is insufficient memory for the Java Runtime Environment to continue.
# Native memory allocation (malloc) failed to allocate 400 bytes for AllocateHeap
# Possible reasons:
#   The system is out of physical RAM or swap space
#   In 32 bit mode, the process size limit was hit
# Possible solutions:
#   Reduce memory load on the system
#   Increase physical memory or swap space
#   Check if swap backing store is full
#   Use 64 bit Java on a 64 bit OS
#   Decrease Java heap size (-Xmx/-Xms)
#   Decrease number of Java threads
#   Decrease Java thread stack sizes (-Xss)
#   Set larger code cache with -XX:ReservedCodeCacheSize=
# This output file may be truncated or incomplete.
#
#  Out of Memory Error (memory/allocation.inline.hpp:61), pid=5396, tid=4564
#
# JRE version:  ((uninitialized)) (build )
# Java VM: Java HotSpot(TM) 64-Bit Server VM (24.51-b03 mixed mode, sharing windows-amd64 )
# Failed to write core dump. Minidumps are not enabled by default on client versions of Windows
#

---------------  T H R E A D  ---------------

Current thread is native thread

Stack: [0x0000000000030000,0x0000000000130000]

---------------  P R O C E S S  ---------------

VM state:not at safepoint (not fully initialized)

VM Mutex/Monitor currently owned by a thread: None


Dynamic libraries:
0x000000013f100000 - 0x000000013f133000 	C:\Program Files\Java\jdk1.7.0_51\bin\java.exe
0x0000000077850000 - 0x00000000779f9000 	C:\Windows\SYSTEM32\ntdll.dll
0x0000000077730000 - 0x0000000077850000 	C:\Windows\system32\kernel32.dll
0x000007fefd700000 - 0x000007fefd76c000 	C:\Windows\system32\KERNELBASE.dll
0x000007fefdd00000 - 0x000007fefdddb000 	C:\Windows\system32\ADVAPI32.dll
0x000007fefedb0000 - 0x000007fefee4f000 	C:\Windows\system32\msvcrt.dll
0x000007feffb40000 - 0x000007feffb5f000 	C:\Windows\SYSTEM32\sechost.dll
0x000007fefeb70000 - 0x000007fefec9d000 	C:\Windows\system32\RPCRT4.dll
0x0000000077630000 - 0x000000007772a000 	C:\Windows\system32\USER32.dll
0x000007fefeca0000 - 0x000007fefed07000 	C:\Windows\system32\GDI32.dll
0x000007fefdcf0000 - 0x000007fefdcfe000 	C:\Windows\system32\LPK.dll
0x000007feff270000 - 0x000007feff339000 	C:\Windows\system32\USP10.dll
0x000007fefbdb0000 - 0x000007fefbfa4000 	C:\Windows\WinSxS\amd64_microsoft.windows.common-controls_6595b64144ccf1df_6.0.7601.18837_none_fa3b1e3d17594757\COMCTL32.dll
0x000007fefdc70000 - 0x000007fefdce1000 	C:\Windows\system32\SHLWAPI.dll
0x000007feff160000 - 0x000007feff18e000 	C:\Windows\system32\IMM32.DLL
0x000007fefd9b0000 - 0x000007fefdab9000 	C:\Windows\system32\MSCTF.dll
0x000000005fb90000 - 0x000000005fc62000 	C:\Program Files\Java\jdk1.7.0_51\jre\bin\msvcr100.dll
0x000000005bf90000 - 0x000000005c759000 	C:\Program Files\Java\jdk1.7.0_51\jre\bin\server\jvm.dll
0x000007fef9d70000 - 0x000007fef9d79000 	C:\Windows\system32\WSOCK32.dll
0x000007feff7b0000 - 0x000007feff7fd000 	C:\Windows\system32\WS2_32.dll
0x000007feffb30000 - 0x000007feffb38000 	C:\Windows\system32\NSI.dll
0x000007fefb180000 - 0x000007fefb1bb000 	C:\Windows\system32\WINMM.dll
0x0000000077a20000 - 0x0000000077a27000 	C:\Windows\system32\PSAPI.DLL

VM Arguments:
java_command: <unknown>
Launcher Type: generic

Environment Variables:
PATH=C:\ProgramData\Oracle\Java\javapath;C:\oraclexe\app\oracle\product\11.2.0\server\bin;;C:\Program Files\Common Files\Microsoft Shared\Windows Live;C:\Program Files (x86)\Common Files\Microsoft Shared\Windows Live;c:\Program Files (x86)\Intel\iCLS Client\;c:\Program Files\Intel\iCLS Client\;C:\Program Files (x86)\AMD APP\bin\x86_64;C:\Program Files (x86)\AMD APP\bin\x86;C:\Windows\system32;C:\Windows;C:\Windows\System32\Wbem;C:\Windows\System32\WindowsPowerShell\v1.0\;C:\Program Files (x86)\ATI Technologies\ATI.ACE\Core-Static;C:\Program Files\Intel\Intel(R) Management Engine Components\DAL;C:\Program Files\Intel\Intel(R) Management Engine Components\IPT;C:\Program Files (x86)\Intel\Intel(R) Management Engine Components\DAL;C:\Program Files (x86)\Intel\Intel(R) Management Engine Components\IPT;C:\Program Files\Sony\VAIO Improvement\;C:\Program Files (x86)\Sony\VAIO Startup Setting Tool;C:\Program Files (x86)\Windows Live\Shared;C:\Program Files (x86)\Smart Projects\IsoBuster;C:\Program Files (x86)\Skype\Phone\
USERNAME=NEEL
OS=Windows_NT
PROCESSOR_IDENTIFIER=Intel64 Family 6 Model 58 Stepping 9, GenuineIntel



---------------  S Y S T E M  ---------------

OS: Windows 7 , 64 bit Build 7601 Service Pack 1

CPU:total 0 

Memory: 0k page, physical 0k(831320k free), swap 5156520k(4872k free)

vm_info: Java HotSpot(TM) 64-Bit Server VM (24.51-b03) for windows-amd64 JRE (1.7.0_51-b13), built on Dec 18 2013 18:40:56 by "java_re" with unknown MS VC++:1600

time: Thu Nov 26 13:58:37 2015
elapsed time: -2147483648 seconds

