#
# There is insufficient memory for the Java Runtime Environment to continue.
# Native memory allocation (malloc) failed to allocate 32784 bytes for Chunk::new
# Possible reasons:
#   The system is out of physical RAM or swap space
#   In 32 bit mode, the process size limit was hit
# Possible solutions:
#   Reduce memory load on the system
#   Increase physical memory or swap space
#   Check if swap backing store is full
#   Use 64 bit Java on a 64 bit OS
#   Decrease Java heap size (-Xmx/-Xms)
#   Decrease number of Java threads
#   Decrease Java thread stack sizes (-Xss)
#   Set larger code cache with -XX:ReservedCodeCacheSize=
# This output file may be truncated or incomplete.
#
#  Out of Memory Error (allocation.cpp:323), pid=8752, tid=1840
#
# JRE version: Java(TM) SE Runtime Environment (7.0_51-b13) (build 1.7.0_51-b13)
# Java VM: Java HotSpot(TM) 64-Bit Server VM (24.51-b03 mixed mode windows-amd64 compressed oops)
# Failed to write core dump. Minidumps are not enabled by default on client versions of Windows
#

---------------  T H R E A D  ---------------

Current thread (0x0000000008c11800):  JavaThread "C2 CompilerThread0" daemon [_thread_in_native, id=1840, stack(0x000000000b6a0000,0x000000000b7a0000)]

Stack: [0x000000000b6a0000,0x000000000b7a0000]
[error occurred during error reporting (printing stack bounds), id 0xc0000005]


[error occurred during error reporting (printing native stack), id 0xc0000005]


Current CompileTask:
C2:  14751  659 %           com.android.dx.ssa.SsaConverter::placePhiFunctions @ 229 (394 bytes)


---------------  P R O C E S S  ---------------

Java Threads: ( => current thread )
  0x0000000009e88800 JavaThread "pool-1-thread-4" [_thread_in_Java, id=9152, stack(0x000000000b1d0000,0x000000000b2d0000)]
  0x0000000009fc3000 JavaThread "pool-1-thread-3" [_thread_in_Java, id=4100, stack(0x000000000cb50000,0x000000000cc50000)]
  0x0000000009f9c800 JavaThread "pool-1-thread-2" [_thread_in_Java, id=6352, stack(0x000000000b3d0000,0x000000000b4d0000)]
  0x0000000009ffb800 JavaThread "pool-2-thread-1" [_thread_blocked, id=6364, stack(0x000000000ca00000,0x000000000cb00000)]
  0x0000000009ffa000 JavaThread "pool-1-thread-1" [_thread_in_Java, id=5000, stack(0x000000000ae30000,0x000000000af30000)]
  0x0000000009dcc000 JavaThread "Service Thread" daemon [_thread_blocked, id=8180, stack(0x000000000b980000,0x000000000ba80000)]
  0x0000000008c16000 JavaThread "C2 CompilerThread1" daemon [_thread_blocked, id=8816, stack(0x000000000b820000,0x000000000b920000)]
=>0x0000000008c11800 JavaThread "C2 CompilerThread0" daemon [_thread_in_native, id=1840, stack(0x000000000b6a0000,0x000000000b7a0000)]
  0x0000000008c10800 JavaThread "Attach Listener" daemon [_thread_blocked, id=7408, stack(0x000000000b4e0000,0x000000000b5e0000)]
  0x0000000008c10000 JavaThread "Signal Dispatcher" daemon [_thread_blocked, id=8728, stack(0x000000000b2d0000,0x000000000b3d0000)]
  0x00000000021de800 JavaThread "Finalizer" daemon [_thread_blocked, id=2736, stack(0x000000000b0d0000,0x000000000b1d0000)]
  0x0000000008bff800 JavaThread "Reference Handler" daemon [_thread_blocked, id=6156, stack(0x000000000af40000,0x000000000b040000)]
  0x00000000022ce800 JavaThread "main" [_thread_in_Java, id=1712, stack(0x00000000024c0000,0x00000000025c0000)]

Other Threads:
  0x0000000008bfd000 VMThread [stack: 0x000000000acf0000,0x000000000adf0000] [id=7976]
  0x0000000009ddb000 WatcherThread [stack: 0x000000000bb30000,0x000000000bc30000] [id=8396]

VM state:not at safepoint (normal execution)

VM Mutex/Monitor currently owned by a thread: None

Heap
 PSYoungGen      total 248832K, used 31793K [0x00000000eaa80000, 0x00000000ffd00000, 0x0000000100000000)
  eden space 195072K, 10% used [0x00000000eaa80000,0x00000000ebe3d020,0x00000000f6900000)
  from space 53760K, 21% used [0x00000000fc500000,0x00000000fd04f4c0,0x00000000ff980000)
  to   space 75776K, 0% used [0x00000000f6900000,0x00000000f6900000,0x00000000fb300000)
 ParOldGen       total 227840K, used 154012K [0x00000000c0000000, 0x00000000cde80000, 0x00000000eaa80000)
  object space 227840K, 67% used [0x00000000c0000000,0x00000000c96673f0,0x00000000cde80000)
 PSPermGen       total 21504K, used 5942K [0x00000000bae00000, 0x00000000bc300000, 0x00000000c0000000)
  object space 21504K, 27% used [0x00000000bae00000,0x00000000bb3cdb38,0x00000000bc300000)

Card table byte_map: [0x00000000055c0000,0x00000000057f0000] byte_map_base: 0x0000000004fe9000

Polling page: 0x0000000000130000

Code Cache  [0x00000000025c0000, 0x0000000002860000, 0x00000000055c0000)
 total_blobs=885 nmethods=648 adapters=189 free_code_cache=46611Kb largest_free_block=47635456

Compilation events (10 events):
Event: 14.164 Thread 0x0000000008c16000  657             com.android.dx.util.ListIntSet$1::<init> (15 bytes)
Event: 14.165 Thread 0x0000000008c16000 nmethod 657 0x000000000283c490 code [0x000000000283c5c0, 0x000000000283c638]
Event: 14.165 Thread 0x0000000008c16000  658             com.android.dx.util.ListIntSet$1::hasNext (23 bytes)
Event: 14.165 Thread 0x0000000008c11800 nmethod 656 0x000000000283c1d0 code [0x000000000283c320, 0x000000000283c3d8]
Event: 14.165 Thread 0x0000000008c11800  659 %           com.android.dx.ssa.SsaConverter::placePhiFunctions @ 229 (394 bytes)
Event: 14.165 Thread 0x0000000008c16000 nmethod 658 0x000000000283bf90 code [0x000000000283c0c0, 0x000000000283c138]
Event: 14.166 Thread 0x0000000008c16000  660             com.android.dx.ssa.DomFront::<init> (60 bytes)
Event: 14.725 Thread 0x0000000008c16000 nmethod 660 0x0000000002698610 code [0x0000000002698780, 0x0000000002698bb8]
Event: 14.726 Thread 0x0000000008c16000  661             com.android.dx.rop.code.RegisterSpec::equals (60 bytes)
Event: 14.727 Thread 0x0000000008c16000 nmethod 661 0x000000000283bcd0 code [0x000000000283be20, 0x000000000283bec8]

GC Heap History (10 events):
Event: 11.963 GC heap before
{Heap before GC invocations=7 (full 1):
 PSYoungGen      total 140288K, used 14838K [0x00000000eaa80000, 0x00000000f5e80000, 0x0000000100000000)
  eden space 125440K, 0% used [0x00000000eaa80000,0x00000000eaa80000,0x00000000f2500000)
  from space 14848K, 99% used [0x00000000f3d00000,0x00000000f4b7d808,0x00000000f4b80000)
  to   space 24576K, 0% used [0x00000000f2500000,0x00000000f2500000,0x00000000f3d00000)
 ParOldGen       total 43008K, used 32321K [0x00000000c0000000, 0x00000000c2a00000, 0x00000000eaa80000)
  object space 43008K, 75% used [0x00000000c0000000,0x00000000c1f905c0,0x00000000c2a00000)
 PSPermGen       total 21504K, used 5933K [0x00000000bae00000, 0x00000000bc300000, 0x00000000c0000000)
  object space 21504K, 27% used [0x00000000bae00000,0x00000000bb3cb728,0x00000000bc300000)
Event: 12.560 GC heap after
Heap after GC invocations=7 (full 1):
 PSYoungGen      total 140288K, used 2035K [0x00000000eaa80000, 0x00000000f5e80000, 0x0000000100000000)
  eden space 125440K, 0% used [0x00000000eaa80000,0x00000000eaa80000,0x00000000f2500000)
  from space 14848K, 13% used [0x00000000f3d00000,0x00000000f3efce80,0x00000000f4b80000)
  to   space 24576K, 0% used [0x00000000f2500000,0x00000000f2500000,0x00000000f3d00000)
 ParOldGen       total 76288K, used 42798K [0x00000000c0000000, 0x00000000c4a80000, 0x00000000eaa80000)
  object space 76288K, 56% used [0x00000000c0000000,0x00000000c29cbbe0,0x00000000c4a80000)
 PSPermGen       total 21504K, used 5929K [0x00000000bae00000, 0x00000000bc300000, 0x00000000c0000000)
  object space 21504K, 27% used [0x00000000bae00000,0x00000000bb3ca6a8,0x00000000bc300000)
}
Event: 12.945 GC heap before
{Heap before GC invocations=8 (full 1):
 PSYoungGen      total 140288K, used 127475K [0x00000000eaa80000, 0x00000000f5e80000, 0x0000000100000000)
  eden space 125440K, 100% used [0x00000000eaa80000,0x00000000f2500000,0x00000000f2500000)
  from space 14848K, 13% used [0x00000000f3d00000,0x00000000f3efce80,0x00000000f4b80000)
  to   space 24576K, 0% used [0x00000000f2500000,0x00000000f2500000,0x00000000f3d00000)
 ParOldGen       total 76288K, used 42798K [0x00000000c0000000, 0x00000000c4a80000, 0x00000000eaa80000)
  object space 76288K, 56% used [0x00000000c0000000,0x00000000c29cbbe0,0x00000000c4a80000)
 PSPermGen       total 21504K, used 5940K [0x00000000bae00000, 0x00000000bc300000, 0x00000000c0000000)
  object space 21504K, 27% used [0x00000000bae00000,0x00000000bb3cd3f0,0x00000000bc300000)
Event: 13.477 GC heap after
Heap after GC invocations=8 (full 1):
 PSYoungGen      total 150016K, used 24572K [0x00000000eaa80000, 0x00000000ff980000, 0x0000000100000000)
  eden space 125440K, 0% used [0x00000000eaa80000,0x00000000eaa80000,0x00000000f2500000)
  from space 24576K, 99% used [0x00000000f2500000,0x00000000f3cff148,0x00000000f3d00000)
  to   space 53760K, 0% used [0x00000000fc500000,0x00000000fc500000,0x00000000ff980000)
 ParOldGen       total 93696K, used 90321K [0x00000000c0000000, 0x00000000c5b80000, 0x00000000eaa80000)
  object space 93696K, 96% used [0x00000000c0000000,0x00000000c58347b0,0x00000000c5b80000)
 PSPermGen       total 21504K, used 5940K [0x00000000bae00000, 0x00000000bc300000, 0x00000000c0000000)
  object space 21504K, 27% used [0x00000000bae00000,0x00000000bb3cd3f0,0x00000000bc300000)
}
Event: 13.477 GC heap before
{Heap before GC invocations=9 (full 2):
 PSYoungGen      total 150016K, used 24572K [0x00000000eaa80000, 0x00000000ff980000, 0x0000000100000000)
  eden space 125440K, 0% used [0x00000000eaa80000,0x00000000eaa80000,0x00000000f2500000)
  from space 24576K, 99% used [0x00000000f2500000,0x00000000f3cff148,0x00000000f3d00000)
  to   space 53760K, 0% used [0x00000000fc500000,0x00000000fc500000,0x00000000ff980000)
 ParOldGen       total 93696K, used 90321K [0x00000000c0000000, 0x00000000c5b80000, 0x00000000eaa80000)
  object space 93696K, 96% used [0x00000000c0000000,0x00000000c58347b0,0x00000000c5b80000)
 PSPermGen       total 21504K, used 5940K [0x00000000bae00000, 0x00000000bc300000, 0x00000000c0000000)
  object space 21504K, 27% used [0x00000000bae00000,0x00000000bb3cd3f0,0x00000000bc300000)
Event: 14.054 GC heap after
Heap after GC invocations=9 (full 2):
 PSYoungGen      total 150016K, used 14714K [0x00000000eaa80000, 0x00000000ff980000, 0x0000000100000000)
  eden space 125440K, 0% used [0x00000000eaa80000,0x00000000eaa80000,0x00000000f2500000)
  from space 24576K, 59% used [0x00000000f2500000,0x00000000f335eb88,0x00000000f3d00000)
  to   space 53760K, 0% used [0x00000000fc500000,0x00000000fc500000,0x00000000ff980000)
 ParOldGen       total 154112K, used 93184K [0x00000000c0000000, 0x00000000c9680000, 0x00000000eaa80000)
  object space 154112K, 60% used [0x00000000c0000000,0x00000000c5b00198,0x00000000c9680000)
 PSPermGen       total 21504K, used 5940K [0x00000000bae00000, 0x00000000bc300000, 0x00000000c0000000)
  object space 21504K, 27% used [0x00000000bae00000,0x00000000bb3cd3b0,0x00000000bc300000)
}
Event: 14.171 GC heap before
{Heap before GC invocations=10 (full 2):
 PSYoungGen      total 150016K, used 140154K [0x00000000eaa80000, 0x00000000ff980000, 0x0000000100000000)
  eden space 125440K, 100% used [0x00000000eaa80000,0x00000000f2500000,0x00000000f2500000)
  from space 24576K, 59% used [0x00000000f2500000,0x00000000f335eb88,0x00000000f3d00000)
  to   space 53760K, 0% used [0x00000000fc500000,0x00000000fc500000,0x00000000ff980000)
 ParOldGen       total 154112K, used 93184K [0x00000000c0000000, 0x00000000c9680000, 0x00000000eaa80000)
  object space 154112K, 60% used [0x00000000c0000000,0x00000000c5b00198,0x00000000c9680000)
 PSPermGen       total 21504K, used 5942K [0x00000000bae00000, 0x00000000bc300000, 0x00000000c0000000)
  object space 21504K, 27% used [0x00000000bae00000,0x00000000bb3cdb78,0x00000000bc300000)
Event: 14.226 GC heap after
Heap after GC invocations=10 (full 2):
 PSYoungGen      total 248832K, used 53746K [0x00000000eaa80000, 0x00000000ffd00000, 0x0000000100000000)
  eden space 195072K, 0% used [0x00000000eaa80000,0x00000000eaa80000,0x00000000f6900000)
  from space 53760K, 99% used [0x00000000fc500000,0x00000000ff97cb20,0x00000000ff980000)
  to   space 75776K, 0% used [0x00000000f6900000,0x00000000f6900000,0x00000000fb300000)
 ParOldGen       total 154112K, used 118071K [0x00000000c0000000, 0x00000000c9680000, 0x00000000eaa80000)
  object space 154112K, 76% used [0x00000000c0000000,0x00000000c734dd48,0x00000000c9680000)
 PSPermGen       total 21504K, used 5942K [0x00000000bae00000, 0x00000000bc300000, 0x00000000c0000000)
  object space 21504K, 27% used [0x00000000bae00000,0x00000000bb3cdb78,0x00000000bc300000)
}
Event: 14.226 GC heap before
{Heap before GC invocations=11 (full 3):
 PSYoungGen      total 248832K, used 53746K [0x00000000eaa80000, 0x00000000ffd00000, 0x0000000100000000)
  eden space 195072K, 0% used [0x00000000eaa80000,0x00000000eaa80000,0x00000000f6900000)
  from space 53760K, 99% used [0x00000000fc500000,0x00000000ff97cb20,0x00000000ff980000)
  to   space 75776K, 0% used [0x00000000f6900000,0x00000000f6900000,0x00000000fb300000)
 ParOldGen       total 154112K, used 118071K [0x00000000c0000000, 0x00000000c9680000, 0x00000000eaa80000)
  object space 154112K, 76% used [0x00000000c0000000,0x00000000c734dd48,0x00000000c9680000)
 PSPermGen       total 21504K, used 5942K [0x00000000bae00000, 0x00000000bc300000, 0x00000000c0000000)
  object space 21504K, 27% used [0x00000000bae00000,0x00000000bb3cdb78,0x00000000bc300000)
Event: 14.724 GC heap after
Heap after GC invocations=11 (full 3):
 PSYoungGen      total 248832K, used 11581K [0x00000000eaa80000, 0x00000000ffd00000, 0x0000000100000000)
  eden space 195072K, 0% used [0x00000000eaa80000,0x00000000eaa80000,0x00000000f6900000)
  from space 53760K, 21% used [0x00000000fc500000,0x00000000fd04f4c0,0x00000000ff980000)
  to   space 75776K, 0% used [0x00000000f6900000,0x00000000f6900000,0x00000000fb300000)
 ParOldGen       total 227840K, used 154012K [0x00000000c0000000, 0x00000000cde80000, 0x00000000eaa80000)
  object space 227840K, 67% used [0x00000000c0000000,0x00000000c96673f0,0x00000000cde80000)
 PSPermGen       total 21504K, used 5942K [0x00000000bae00000, 0x00000000bc300000, 0x00000000c0000000)
  object space 21504K, 27% used [0x00000000bae00000,0x00000000bb3cdb38,0x00000000bc300000)
}

Deoptimization events (10 events):
Event: 9.132 Thread 0x0000000009e88800 Uncommon trap: reason=null_check action=make_not_entrant pc=0x00000000027bf430 method=com.android.dx.dex.file.FieldIdsSection.intern(Lcom/android/dx/rop/cst/CstFieldRef;)Lcom/android/dx/dex/file/FieldIdItem; @ 26
Event: 10.138 Thread 0x0000000009e88800 Uncommon trap: reason=bimorphic action=maybe_recompile pc=0x000000000281f6a0 method=com.android.dx.cf.code.BytecodeArray.parseInstruction(ILcom/android/dx/cf/code/BytecodeArray$Visitor;)I @ 2484
Event: 10.138 Thread 0x0000000009e88800 Uncommon trap: reason=bimorphic action=maybe_recompile pc=0x000000000281f6a0 method=com.android.dx.cf.code.BytecodeArray.parseInstruction(ILcom/android/dx/cf/code/BytecodeArray$Visitor;)I @ 2484
Event: 10.144 Thread 0x00000000022ce800 Uncommon trap: reason=class_check action=maybe_recompile pc=0x000000000280a3d8 method=com.android.dx.ssa.SCCP.replaceConstants()V @ 127
Event: 11.355 Thread 0x0000000009f9c800 Uncommon trap: reason=class_check action=maybe_recompile pc=0x000000000272ed74 method=com.android.dx.ssa.SCCP.simulateBranch(Lcom/android/dx/ssa/SsaInsn;)V @ 145
Event: 11.401 Thread 0x0000000009fc3000 Uncommon trap: reason=class_check action=maybe_recompile pc=0x000000000272ed74 method=com.android.dx.ssa.SCCP.simulateBranch(Lcom/android/dx/ssa/SsaInsn;)V @ 145
Event: 11.459 Thread 0x0000000009fc3000 Uncommon trap: reason=unloaded action=reinterpret pc=0x00000000026b907c method=com.android.dx.cf.code.Ropper.addReturnBlock()V @ 45
Event: 11.460 Thread 0x0000000009fc3000 Uncommon trap: reason=unreached action=reinterpret pc=0x00000000027029ac method=com.android.dx.ssa.MoveParamCombiner$1.visitNonMoveInsn(Lcom/android/dx/ssa/NormalSsaInsn;)V @ 27
Event: 12.899 Thread 0x0000000009ffa000 Uncommon trap: reason=predicate action=maybe_recompile pc=0x00000000026875e8 method=com.android.dx.ssa.DomFront.run()[Lcom/android/dx/ssa/DomFront$DomInfo; @ 175
Event: 14.164 Thread 0x0000000009f9c800 Uncommon trap: reason=class_check action=maybe_recompile pc=0x000000000284f6f8 method=com.android.dx.ssa.SsaConverter.placePhiFunctions(Lcom/android/dx/ssa/SsaMethod;Lcom/android/dx/ssa/LocalVariableInfo;I)V @ 257

Internal exceptions (10 events):
Event: 2.609 Thread 0x00000000022ce800 Threw 0x00000000eace83d0 at C:\re\jdk7u51\527\hotspot\src\share\vm\prims\jvm.cpp:1244
Event: 2.926 Thread 0x00000000022ce800 Threw 0x00000000eb00abe8 at C:\re\jdk7u51\527\hotspot\src\share\vm\prims\jvm.cpp:1244
Event: 4.231 Thread 0x00000000022ce800 Implicit null exception at 0x00000000026bd2eb to 0x00000000026bd9cd
Event: 6.432 Thread 0x00000000022ce800 Threw 0x00000000eb1ee258 at C:\re\jdk7u51\527\hotspot\src\share\vm\prims\jvm.cpp:1244
Event: 7.009 Thread 0x0000000009e88800 Threw 0x00000000ec4de060 at C:\re\jdk7u51\527\hotspot\src\share\vm\prims\jvm.cpp:1244
Event: 8.367 Thread 0x0000000009f9c800 Threw 0x00000000eb1402c8 at C:\re\jdk7u51\527\hotspot\src\share\vm\prims\jvm.cpp:1244
Event: 8.695 Thread 0x0000000009e88800 Implicit null exception at 0x00000000027cc67c to 0x00000000027cfec5
Event: 8.973 Thread 0x0000000009e88800 Implicit null exception at 0x0000000002758bca to 0x0000000002759a0d
Event: 12.899 Thread 0x0000000009ffa000 Threw 0x00000000f06eca70 at C:\re\jdk7u51\527\hotspot\src\share\vm\prims\jvm.cpp:1244
Event: 12.926 Thread 0x0000000009ffa000 Threw 0x00000000f0821cd8 at C:\re\jdk7u51\527\hotspot\src\share\vm\prims\jvm.cpp:1244

Events (10 events):
Event: 12.926 loading class 0x000000000a04deb0 done
Event: 12.944 Executing VM operation: ParallelGCFailedAllocation
Event: 14.054 Executing VM operation: ParallelGCFailedAllocation done
Event: 14.164 Thread 0x0000000009f9c800 Uncommon trap: trap_request=0xffffffde fr.pc=0x000000000284f6f8
Event: 14.164 Thread 0x0000000009f9c800 DEOPT PACKING pc=0x000000000284f6f8 sp=0x000000000b4cebb0
Event: 14.164 Thread 0x0000000009f9c800 DEOPT UNPACKING pc=0x00000000025f75a4 sp=0x000000000b4ceb70 mode 2
Event: 14.165 Thread 0x0000000008c11800 flushing nmethod 0x0000000002697d50
Event: 14.166 Thread 0x0000000008c16000 flushing nmethod 0x00000000026ca0d0
Event: 14.171 Executing VM operation: ParallelGCFailedAllocation
Event: 14.725 Executing VM operation: ParallelGCFailedAllocation done


Dynamic libraries:
0x000000013fb70000 - 0x000000013fba3000 	C:\Program Files\Java\jdk1.7.0_51\bin\java.exe
0x00000000779e0000 - 0x0000000077b89000 	C:\Windows\SYSTEM32\ntdll.dll
0x00000000777c0000 - 0x00000000778e0000 	C:\Windows\system32\kernel32.dll
0x000007fefd9d0000 - 0x000007fefda3c000 	C:\Windows\system32\KERNELBASE.dll
0x000007fefec70000 - 0x000007fefed4b000 	C:\Windows\system32\ADVAPI32.dll
0x000007feff630000 - 0x000007feff6cf000 	C:\Windows\system32\msvcrt.dll
0x000007feff610000 - 0x000007feff62f000 	C:\Windows\SYSTEM32\sechost.dll
0x000007feff9b0000 - 0x000007feffadd000 	C:\Windows\system32\RPCRT4.dll
0x00000000778e0000 - 0x00000000779da000 	C:\Windows\system32\USER32.dll
0x000007feff270000 - 0x000007feff2d7000 	C:\Windows\system32\GDI32.dll
0x000007fefedb0000 - 0x000007fefedbe000 	C:\Windows\system32\LPK.dll
0x000007feff4c0000 - 0x000007feff589000 	C:\Windows\system32\USP10.dll
0x000007fefbd40000 - 0x000007fefbf34000 	C:\Windows\WinSxS\amd64_microsoft.windows.common-controls_6595b64144ccf1df_6.0.7601.18837_none_fa3b1e3d17594757\COMCTL32.dll
0x000007feff590000 - 0x000007feff601000 	C:\Windows\system32\SHLWAPI.dll
0x000007feff7f0000 - 0x000007feff81e000 	C:\Windows\system32\IMM32.DLL
0x000007fefdb40000 - 0x000007fefdc49000 	C:\Windows\system32\MSCTF.dll
0x0000000073de0000 - 0x0000000073eb2000 	C:\Program Files\Java\jdk1.7.0_51\jre\bin\msvcr100.dll
0x000000005eb30000 - 0x000000005f2f9000 	C:\Program Files\Java\jdk1.7.0_51\jre\bin\server\jvm.dll
0x000007feeba80000 - 0x000007feeba89000 	C:\Windows\system32\WSOCK32.dll
0x000007fefed60000 - 0x000007fefedad000 	C:\Windows\system32\WS2_32.dll
0x000007fefed50000 - 0x000007fefed58000 	C:\Windows\system32\NSI.dll
0x000007fefaa90000 - 0x000007fefaacb000 	C:\Windows\system32\WINMM.dll
0x0000000077ba0000 - 0x0000000077ba7000 	C:\Windows\system32\PSAPI.DLL
0x000000006c7a0000 - 0x000000006c7af000 	C:\Program Files\Java\jdk1.7.0_51\jre\bin\verify.dll
0x0000000064c80000 - 0x0000000064ca8000 	C:\Program Files\Java\jdk1.7.0_51\jre\bin\java.dll
0x0000000064c60000 - 0x0000000064c75000 	C:\Program Files\Java\jdk1.7.0_51\jre\bin\zip.dll
0x000000006c3a0000 - 0x000000006c3b9000 	C:\Program Files\Java\jdk1.7.0_51\jre\bin\net.dll
0x000007fefcf60000 - 0x000007fefcfb5000 	C:\Windows\system32\mswsock.dll
0x000007fefcf50000 - 0x000007fefcf57000 	C:\Windows\System32\wship6.dll
0x0000000064c40000 - 0x0000000064c51000 	C:\Program Files\Java\jdk1.7.0_51\jre\bin\nio.dll

VM Arguments:
jvm_args: -Djava.awt.headless=true -Xmx1024M -Dfile.encoding=windows-1252 -Duser.country=GB -Duser.language=en -Duser.variant 
java_command: com.android.dx.command.Main --dex --num-threads=4 --output C:\Users\NEEL\Indoor_Positioning_System_2.0\IndoorPositioningSystem2.0\app\build\intermediates\pre-dexed\debug\com.google.android.gms-play-services-ads-8.3.0_2c9c42602a1daf63ea73795070181b18423a35e2.jar C:\Users\NEEL\Indoor_Positioning_System_2.0\IndoorPositioningSystem2.0\app\build\intermediates\exploded-aar\com.google.android.gms\play-services-ads\8.3.0\jars\classes.jar
Launcher Type: SUN_STANDARD

Environment Variables:
PATH=C:\ProgramData\Oracle\Java\javapath;C:\oraclexe\app\oracle\product\11.2.0\server\bin;;C:\Program Files\Common Files\Microsoft Shared\Windows Live;C:\Program Files (x86)\Common Files\Microsoft Shared\Windows Live;c:\Program Files (x86)\Intel\iCLS Client\;c:\Program Files\Intel\iCLS Client\;C:\Program Files (x86)\AMD APP\bin\x86_64;C:\Program Files (x86)\AMD APP\bin\x86;C:\Windows\system32;C:\Windows;C:\Windows\System32\Wbem;C:\Windows\System32\WindowsPowerShell\v1.0\;C:\Program Files (x86)\ATI Technologies\ATI.ACE\Core-Static;C:\Program Files\Intel\Intel(R) Management Engine Components\DAL;C:\Program Files\Intel\Intel(R) Management Engine Components\IPT;C:\Program Files (x86)\Intel\Intel(R) Management Engine Components\DAL;C:\Program Files (x86)\Intel\Intel(R) Management Engine Components\IPT;C:\Program Files\Sony\VAIO Improvement\;C:\Program Files (x86)\Sony\VAIO Startup Setting Tool;C:\Program Files (x86)\Windows Live\Shared;C:\Program Files (x86)\Smart Projects\IsoBuster;C:\Program Files (x86)\Skype\Phone\
USERNAME=NEEL
OS=Windows_NT
PROCESSOR_IDENTIFIER=Intel64 Family 6 Model 58 Stepping 9, GenuineIntel



---------------  S Y S T E M  ---------------

OS: Windows 7 , 64 bit Build 7601 Service Pack 1

CPU:total 8 (4 cores per cpu, 2 threads per core) family 6 model 58 stepping 9, cmov, cx8, fxsr, mmx, sse, sse2, sse3, ssse3, sse4.1, sse4.2, popcnt, avx, aes, erms, ht, tsc, tscinvbit, tscinv

Memory: 4k page, physical 4163952k(1380952k free), swap 4986392k(5072k free)

vm_info: Java HotSpot(TM) 64-Bit Server VM (24.51-b03) for windows-amd64 JRE (1.7.0_51-b13), built on Dec 18 2013 18:40:56 by "java_re" with unknown MS VC++:1600

time: Sun Nov 29 11:53:18 2015
elapsed time: 14 seconds

