#
# There is insufficient memory for the Java Runtime Environment to continue.
# Native memory allocation (malloc) failed to allocate 32784 bytes for Chunk::new
# Possible reasons:
#   The system is out of physical RAM or swap space
#   In 32 bit mode, the process size limit was hit
# Possible solutions:
#   Reduce memory load on the system
#   Increase physical memory or swap space
#   Check if swap backing store is full
#   Use 64 bit Java on a 64 bit OS
#   Decrease Java heap size (-Xmx/-Xms)
#   Decrease number of Java threads
#   Decrease Java thread stack sizes (-Xss)
#   Set larger code cache with -XX:ReservedCodeCacheSize=
# This output file may be truncated or incomplete.
#
#  Out of Memory Error (allocation.cpp:323), pid=5996, tid=8040
#
# JRE version: Java(TM) SE Runtime Environment (7.0_51-b13) (build 1.7.0_51-b13)
# Java VM: Java HotSpot(TM) 64-Bit Server VM (24.51-b03 mixed mode windows-amd64 compressed oops)
# Failed to write core dump. Minidumps are not enabled by default on client versions of Windows
#

---------------  T H R E A D  ---------------

Current thread (0x0000000008cb6800):  JavaThread "C2 CompilerThread1" daemon [_thread_in_native, id=8040, stack(0x000000000b5a0000,0x000000000b6a0000)]

Stack: [0x000000000b5a0000,0x000000000b6a0000]

Current CompileTask:
C2:  59606  855             com.android.dx.dex.file.UniformItemSection::prepare0 (47 bytes)


---------------  P R O C E S S  ---------------

Java Threads: ( => current thread )
  0x0000000008cbf800 JavaThread "Service Thread" daemon [_thread_blocked, id=1844, stack(0x000000000b6d0000,0x000000000b7d0000)]
=>0x0000000008cb6800 JavaThread "C2 CompilerThread1" daemon [_thread_in_native, id=8040, stack(0x000000000b5a0000,0x000000000b6a0000)]
  0x0000000008cb2800 JavaThread "C2 CompilerThread0" daemon [_thread_in_vm, id=9036, stack(0x000000000b3c0000,0x000000000b4c0000)]
  0x0000000008cb1800 JavaThread "Attach Listener" daemon [_thread_blocked, id=8304, stack(0x000000000b0b0000,0x000000000b1b0000)]
  0x0000000008cb0800 JavaThread "Signal Dispatcher" daemon [_thread_blocked, id=8044, stack(0x000000000b230000,0x000000000b330000)]
  0x0000000002197000 JavaThread "Finalizer" daemon [_thread_blocked, id=8968, stack(0x000000000afb0000,0x000000000b0b0000)]
  0x0000000008c9f800 JavaThread "Reference Handler" daemon [_thread_blocked, id=1336, stack(0x000000000ac60000,0x000000000ad60000)]
  0x000000000225e800 JavaThread "main" [_thread_in_vm, id=7512, stack(0x0000000002490000,0x0000000002590000)]

Other Threads:
  0x0000000008c9d000 VMThread [stack: 0x000000000ad80000,0x000000000ae80000] [id=7392]
  0x0000000009d65800 WatcherThread [stack: 0x000000000b8b0000,0x000000000b9b0000] [id=5764]

VM state:synchronizing (normal execution)

VM Mutex/Monitor currently owned by a thread:  ([mutex/lock_event])
[0x000000000225ba50] CodeCache_lock - owner thread: 0x0000000008cb2800
[0x000000000225c700] Threads_lock - owner thread: 0x0000000008c9d000

Heap
 PSYoungGen      total 170496K, used 128306K [0x00000000eaa80000, 0x00000000ff700000, 0x0000000100000000)
  eden space 117248K, 64% used [0x00000000eaa80000,0x00000000ef3eeb88,0x00000000f1d00000)
  from space 53248K, 99% used [0x00000000f1d00000,0x00000000f50ddd90,0x00000000f5100000)
  to   space 111616K, 0% used [0x00000000f8a00000,0x00000000f8a00000,0x00000000ff700000)
 ParOldGen       total 396288K, used 296223K [0x00000000c0000000, 0x00000000d8300000, 0x00000000eaa80000)
  object space 396288K, 74% used [0x00000000c0000000,0x00000000d2147fe8,0x00000000d8300000)
 PSPermGen       total 21504K, used 6207K [0x00000000bae00000, 0x00000000bc300000, 0x00000000c0000000)
  object space 21504K, 28% used [0x00000000bae00000,0x00000000bb40fe78,0x00000000bc300000)

Card table byte_map: [0x0000000005590000,0x00000000057c0000] byte_map_base: 0x0000000004fb9000

Polling page: 0x0000000000140000

Code Cache  [0x0000000002590000, 0x00000000028b0000, 0x0000000005590000)
 total_blobs=1073 nmethods=836 adapters=189 free_code_cache=46078Kb largest_free_block=47059968

Compilation events (10 events):
Event: 46.322 Thread 0x0000000008cb6800 nmethod 851 0x0000000002652750 code [0x00000000026528a0, 0x0000000002652bb8]
Event: 46.322 Thread 0x0000000008cb2800 nmethod 849 0x000000000271a710 code [0x000000000271a8a0, 0x000000000271b0e8]
Event: 46.322 Thread 0x0000000008cb2800  852             com.android.dx.dex.file.MemberIdItem::getRef (5 bytes)
Event: 46.322 Thread 0x0000000008cb6800  853             com.android.dx.dex.file.DexFile::getStringIds (5 bytes)
Event: 46.323 Thread 0x0000000008cb6800 nmethod 853 0x00000000026da690 code [0x00000000026da7c0, 0x00000000026da818]
Event: 46.323 Thread 0x0000000008cb2800 nmethod 852 0x000000000271a510 code [0x000000000271a640, 0x000000000271a698]
Event: 46.323 Thread 0x0000000008cb2800  854             com.android.dx.dex.file.IndexedItem::setIndex (24 bytes)
Event: 46.324 Thread 0x0000000008cb2800 nmethod 854 0x000000000271a250 code [0x000000000271a380, 0x000000000271a3f8]
Event: 46.336 Thread 0x0000000008cb6800  855             com.android.dx.dex.file.UniformItemSection::prepare0 (47 bytes)
Event: 46.345 Thread 0x0000000008cb2800  856             com.android.dx.rop.type.StdTypeList::hashContents (40 bytes)

GC Heap History (10 events):
Event: 27.648 GC heap before
{Heap before GC invocations=18 (full 4):
 PSYoungGen      total 173056K, used 172776K [0x00000000eaa80000, 0x00000000ffa80000, 0x0000000100000000)
  eden space 117248K, 100% used [0x00000000eaa80000,0x00000000f1d00000,0x00000000f1d00000)
  from space 55808K, 99% used [0x00000000f1d00000,0x00000000f533a378,0x00000000f5380000)
  to   space 112640K, 0% used [0x00000000f8c80000,0x00000000f8c80000,0x00000000ffa80000)
 ParOldGen       total 253440K, used 140215K [0x00000000c0000000, 0x00000000cf780000, 0x00000000eaa80000)
  object space 253440K, 55% used [0x00000000c0000000,0x00000000c88edca0,0x00000000cf780000)
 PSPermGen       total 21504K, used 6022K [0x00000000bae00000, 0x00000000bc300000, 0x00000000c0000000)
  object space 21504K, 28% used [0x00000000bae00000,0x00000000bb3e19d0,0x00000000bc300000)
Event: 28.010 GC heap after
Heap after GC invocations=18 (full 4):
 PSYoungGen      total 227840K, used 97791K [0x00000000eaa80000, 0x0000000100000000, 0x0000000100000000)
  eden space 115200K, 0% used [0x00000000eaa80000,0x00000000eaa80000,0x00000000f1b00000)
  from space 112640K, 86% used [0x00000000f8c80000,0x00000000febffc68,0x00000000ffa80000)
  to   space 116224K, 0% used [0x00000000f1b00000,0x00000000f1b00000,0x00000000f8c80000)
 ParOldGen       total 253440K, used 140215K [0x00000000c0000000, 0x00000000cf780000, 0x00000000eaa80000)
  object space 253440K, 55% used [0x00000000c0000000,0x00000000c88edca0,0x00000000cf780000)
 PSPermGen       total 21504K, used 6022K [0x00000000bae00000, 0x00000000bc300000, 0x00000000c0000000)
  object space 21504K, 28% used [0x00000000bae00000,0x00000000bb3e19d0,0x00000000bc300000)
}
Event: 28.168 GC heap before
{Heap before GC invocations=19 (full 4):
 PSYoungGen      total 227840K, used 212991K [0x00000000eaa80000, 0x0000000100000000, 0x0000000100000000)
  eden space 115200K, 100% used [0x00000000eaa80000,0x00000000f1b00000,0x00000000f1b00000)
  from space 112640K, 86% used [0x00000000f8c80000,0x00000000febffc68,0x00000000ffa80000)
  to   space 116224K, 0% used [0x00000000f1b00000,0x00000000f1b00000,0x00000000f8c80000)
 ParOldGen       total 253440K, used 140215K [0x00000000c0000000, 0x00000000cf780000, 0x00000000eaa80000)
  object space 253440K, 55% used [0x00000000c0000000,0x00000000c88edca0,0x00000000cf780000)
 PSPermGen       total 21504K, used 6026K [0x00000000bae00000, 0x00000000bc300000, 0x00000000c0000000)
  object space 21504K, 28% used [0x00000000bae00000,0x00000000bb3e28e8,0x00000000bc300000)
Event: 29.073 GC heap after
Heap after GC invocations=19 (full 4):
 PSYoungGen      total 231424K, used 44003K [0x00000000eaa80000, 0x0000000100000000, 0x0000000100000000)
  eden space 115200K, 0% used [0x00000000eaa80000,0x00000000eaa80000,0x00000000f1b00000)
  from space 116224K, 37% used [0x00000000f1b00000,0x00000000f45f8fa8,0x00000000f8c80000)
  to   space 116224K, 0% used [0x00000000f8e80000,0x00000000f8e80000,0x0000000100000000)
 ParOldGen       total 253440K, used 238696K [0x00000000c0000000, 0x00000000cf780000, 0x00000000eaa80000)
  object space 253440K, 94% used [0x00000000c0000000,0x00000000ce91a228,0x00000000cf780000)
 PSPermGen       total 21504K, used 6026K [0x00000000bae00000, 0x00000000bc300000, 0x00000000c0000000)
  object space 21504K, 28% used [0x00000000bae00000,0x00000000bb3e28e8,0x00000000bc300000)
}
Event: 29.073 GC heap before
{Heap before GC invocations=20 (full 5):
 PSYoungGen      total 231424K, used 44003K [0x00000000eaa80000, 0x0000000100000000, 0x0000000100000000)
  eden space 115200K, 0% used [0x00000000eaa80000,0x00000000eaa80000,0x00000000f1b00000)
  from space 116224K, 37% used [0x00000000f1b00000,0x00000000f45f8fa8,0x00000000f8c80000)
  to   space 116224K, 0% used [0x00000000f8e80000,0x00000000f8e80000,0x0000000100000000)
 ParOldGen       total 253440K, used 238696K [0x00000000c0000000, 0x00000000cf780000, 0x00000000eaa80000)
  object space 253440K, 94% used [0x00000000c0000000,0x00000000ce91a228,0x00000000cf780000)
 PSPermGen       total 21504K, used 6026K [0x00000000bae00000, 0x00000000bc300000, 0x00000000c0000000)
  object space 21504K, 28% used [0x00000000bae00000,0x00000000bb3e28e8,0x00000000bc300000)
Event: 30.694 GC heap after
Heap after GC invocations=20 (full 5):
 PSYoungGen      total 231424K, used 18191K [0x00000000eaa80000, 0x0000000100000000, 0x0000000100000000)
  eden space 115200K, 0% used [0x00000000eaa80000,0x00000000eaa80000,0x00000000f1b00000)
  from space 116224K, 15% used [0x00000000f1b00000,0x00000000f2cc3cd0,0x00000000f8c80000)
  to   space 116224K, 0% used [0x00000000f8e80000,0x00000000f8e80000,0x0000000100000000)
 ParOldGen       total 396288K, used 253035K [0x00000000c0000000, 0x00000000d8300000, 0x00000000eaa80000)
  object space 396288K, 63% used [0x00000000c0000000,0x00000000cf71ac90,0x00000000d8300000)
 PSPermGen       total 21504K, used 6026K [0x00000000bae00000, 0x00000000bc300000, 0x00000000c0000000)
  object space 21504K, 28% used [0x00000000bae00000,0x00000000bb3e28e8,0x00000000bc300000)
}
Event: 32.524 GC heap before
{Heap before GC invocations=21 (full 5):
 PSYoungGen      total 231424K, used 133391K [0x00000000eaa80000, 0x0000000100000000, 0x0000000100000000)
  eden space 115200K, 100% used [0x00000000eaa80000,0x00000000f1b00000,0x00000000f1b00000)
  from space 116224K, 15% used [0x00000000f1b00000,0x00000000f2cc3cd0,0x00000000f8c80000)
  to   space 116224K, 0% used [0x00000000f8e80000,0x00000000f8e80000,0x0000000100000000)
 ParOldGen       total 396288K, used 253035K [0x00000000c0000000, 0x00000000d8300000, 0x00000000eaa80000)
  object space 396288K, 63% used [0x00000000c0000000,0x00000000cf71ac90,0x00000000d8300000)
 PSPermGen       total 21504K, used 6028K [0x00000000bae00000, 0x00000000bc300000, 0x00000000c0000000)
  object space 21504K, 28% used [0x00000000bae00000,0x00000000bb3e33c8,0x00000000bc300000)
Event: 32.583 GC heap after
Heap after GC invocations=21 (full 5):
 PSYoungGen      total 233472K, used 26861K [0x00000000eaa80000, 0x0000000100000000, 0x0000000100000000)
  eden space 117248K, 0% used [0x00000000eaa80000,0x00000000eaa80000,0x00000000f1d00000)
  from space 116224K, 23% used [0x00000000f8e80000,0x00000000fa8bb518,0x0000000100000000)
  to   space 116224K, 0% used [0x00000000f1d00000,0x00000000f1d00000,0x00000000f8e80000)
 ParOldGen       total 396288K, used 271916K [0x00000000c0000000, 0x00000000d8300000, 0x00000000eaa80000)
  object space 396288K, 68% used [0x00000000c0000000,0x00000000d098b3f0,0x00000000d8300000)
 PSPermGen       total 21504K, used 6028K [0x00000000bae00000, 0x00000000bc300000, 0x00000000c0000000)
  object space 21504K, 28% used [0x00000000bae00000,0x00000000bb3e33c8,0x00000000bc300000)
}
Event: 32.960 GC heap before
{Heap before GC invocations=22 (full 5):
 PSYoungGen      total 233472K, used 144109K [0x00000000eaa80000, 0x0000000100000000, 0x0000000100000000)
  eden space 117248K, 100% used [0x00000000eaa80000,0x00000000f1d00000,0x00000000f1d00000)
  from space 116224K, 23% used [0x00000000f8e80000,0x00000000fa8bb518,0x0000000100000000)
  to   space 116224K, 0% used [0x00000000f1d00000,0x00000000f1d00000,0x00000000f8e80000)
 ParOldGen       total 396288K, used 271916K [0x00000000c0000000, 0x00000000d8300000, 0x00000000eaa80000)
  object space 396288K, 68% used [0x00000000c0000000,0x00000000d098b3f0,0x00000000d8300000)
 PSPermGen       total 21504K, used 6031K [0x00000000bae00000, 0x00000000bc300000, 0x00000000c0000000)
  object space 21504K, 28% used [0x00000000bae00000,0x00000000bb3e3d00,0x00000000bc300000)
Event: 33.463 GC heap after
Heap after GC invocations=22 (full 5):
 PSYoungGen      total 170496K, used 53111K [0x00000000eaa80000, 0x00000000ff700000, 0x0000000100000000)
  eden space 117248K, 0% used [0x00000000eaa80000,0x00000000eaa80000,0x00000000f1d00000)
  from space 53248K, 99% used [0x00000000f1d00000,0x00000000f50ddd90,0x00000000f5100000)
  to   space 111616K, 0% used [0x00000000f8a00000,0x00000000f8a00000,0x00000000ff700000)
 ParOldGen       total 396288K, used 296223K [0x00000000c0000000, 0x00000000d8300000, 0x00000000eaa80000)
  object space 396288K, 74% used [0x00000000c0000000,0x00000000d2147fe8,0x00000000d8300000)
 PSPermGen       total 21504K, used 6031K [0x00000000bae00000, 0x00000000bc300000, 0x00000000c0000000)
  object space 21504K, 28% used [0x00000000bae00000,0x00000000bb3e3d00,0x00000000bc300000)
}

Deoptimization events (10 events):
Event: 25.547 Thread 0x000000000225e800 Uncommon trap: reason=bimorphic action=maybe_recompile pc=0x000000000269b5d4 method=com.android.dx.ssa.SCCP.simulatePhi(Lcom/android/dx/ssa/PhiInsn;)V @ 124
Event: 28.045 Thread 0x000000000225e800 Uncommon trap: reason=class_check action=maybe_recompile pc=0x00000000026ab980 method=com.android.dx.cf.code.Ropper.processBlock(Lcom/android/dx/cf/code/ByteBlock;Lcom/android/dx/cf/code/Frame;[I)V @ 777
Event: 28.045 Thread 0x000000000225e800 Uncommon trap: reason=class_check action=maybe_recompile pc=0x0000000002898c38 method=com.android.dx.cf.code.BytecodeArray.parseInstruction(ILcom/android/dx/cf/code/BytecodeArray$Visitor;)I @ 2002
Event: 28.045 Thread 0x000000000225e800 Uncommon trap: reason=class_check action=maybe_recompile pc=0x0000000002898c38 method=com.android.dx.cf.code.BytecodeArray.parseInstruction(ILcom/android/dx/cf/code/BytecodeArray$Visitor;)I @ 2002
Event: 28.046 Thread 0x000000000225e800 Uncommon trap: reason=class_check action=maybe_recompile pc=0x0000000002898c38 method=com.android.dx.cf.code.BytecodeArray.parseInstruction(ILcom/android/dx/cf/code/BytecodeArray$Visitor;)I @ 2002
Event: 28.046 Thread 0x000000000225e800 Uncommon trap: reason=class_check action=maybe_recompile pc=0x0000000002898c38 method=com.android.dx.cf.code.BytecodeArray.parseInstruction(ILcom/android/dx/cf/code/BytecodeArray$Visitor;)I @ 2002
Event: 32.595 Thread 0x000000000225e800 Uncommon trap: reason=bimorphic action=maybe_recompile pc=0x00000000026e3768 method=com.android.dx.cf.code.BytecodeArray.parseInstruction(ILcom/android/dx/cf/code/BytecodeArray$Visitor;)I @ 1501
Event: 32.595 Thread 0x000000000225e800 Uncommon trap: reason=bimorphic action=maybe_recompile pc=0x00000000026e3768 method=com.android.dx.cf.code.BytecodeArray.parseInstruction(ILcom/android/dx/cf/code/BytecodeArray$Visitor;)I @ 1501
Event: 32.614 Thread 0x0000000009e32800 Uncommon trap: reason=unloaded action=reinterpret pc=0x0000000002737cb8 method=com.android.dx.cf.code.Ropper.addSetupBlocks()V @ 261
Event: 44.078 Thread 0x000000000225e800 Uncommon trap: reason=unreached action=reinterpret pc=0x00000000027336b4 method=com.android.dx.dex.file.ValueEncoder.addContents(Lcom/android/dx/dex/file/DexFile;Lcom/android/dx/rop/cst/Constant;)V @ 4

Internal exceptions (10 events):
Event: 7.964 Thread 0x0000000009f4f800 Threw 0x00000000eb2b0120 at C:\re\jdk7u51\527\hotspot\src\share\vm\prims\jvm.cpp:1244
Event: 10.740 Thread 0x0000000009f52000 Implicit null exception at 0x00000000027a20c8 to 0x00000000027a4f51
Event: 11.789 Thread 0x000000000225e800 Threw 0x00000000ee504878 at C:\re\jdk7u51\527\hotspot\src\share\vm\prims\jvm.cpp:1244
Event: 11.801 Thread 0x000000000225e800 Threw 0x00000000ee5e3d28 at C:\re\jdk7u51\527\hotspot\src\share\vm\prims\jvm.cpp:1244
Event: 14.489 Thread 0x000000000225e800 Implicit null exception at 0x0000000002833c00 to 0x0000000002835901
Event: 25.478 Thread 0x000000000225e800 Threw 0x00000000ecc49688 at C:\re\jdk7u51\527\hotspot\src\share\vm\prims\jvm.cpp:1244
Event: 37.706 Thread 0x000000000225e800 Threw 0x00000000eab1b848 at C:\re\jdk7u51\527\hotspot\src\share\vm\prims\jvm.cpp:1244
Event: 42.053 Thread 0x000000000225e800 Threw 0x00000000eee47c68 at C:\re\jdk7u51\527\hotspot\src\share\vm\prims\jvm.cpp:1244
Event: 44.083 Thread 0x000000000225e800 Threw 0x00000000ef18bc38 at C:\re\jdk7u51\527\hotspot\src\share\vm\prims\jvm.cpp:1244
Event: 47.022 Thread 0x000000000225e800 Threw 0x00000000ef2fcdc0 at C:\re\jdk7u51\527\hotspot\src\share\vm\prims\jvm.cpp:1244

Events (10 events):
Event: 42.053 loading class 0x000000000b9b8350
Event: 42.053 loading class 0x000000000b9b8350 done
Event: 43.413 Thread 0x0000000008cb2800 flushing nmethod 0x0000000002650e10
Event: 44.078 Thread 0x000000000225e800 Uncommon trap: trap_request=0xffffffad fr.pc=0x00000000027336b4
Event: 44.078 Thread 0x000000000225e800 DEOPT PACKING pc=0x00000000027336b4 sp=0x000000000258f100
Event: 44.078 Thread 0x000000000225e800 DEOPT UNPACKING pc=0x00000000025c75a4 sp=0x000000000258f100 mode 2
Event: 44.083 loading class 0x0000000009e1ab70
Event: 44.083 loading class 0x0000000009e1ab70 done
Event: 47.022 loading class 0x000000000a085130
Event: 47.022 loading class 0x000000000a085130 done


Dynamic libraries:
0x000000013f540000 - 0x000000013f573000 	C:\Program Files\Java\jdk1.7.0_51\bin\java.exe
0x0000000077240000 - 0x00000000773e9000 	C:\Windows\SYSTEM32\ntdll.dll
0x0000000077020000 - 0x0000000077140000 	C:\Windows\system32\kernel32.dll
0x000007fefd080000 - 0x000007fefd0ec000 	C:\Windows\system32\KERNELBASE.dll
0x000007fefe870000 - 0x000007fefe94b000 	C:\Windows\system32\ADVAPI32.dll
0x000007fefe530000 - 0x000007fefe5cf000 	C:\Windows\system32\msvcrt.dll
0x000007fefe430000 - 0x000007fefe44f000 	C:\Windows\SYSTEM32\sechost.dll
0x000007feff310000 - 0x000007feff43d000 	C:\Windows\system32\RPCRT4.dll
0x0000000077140000 - 0x000000007723a000 	C:\Windows\system32\USER32.dll
0x000007feff4e0000 - 0x000007feff547000 	C:\Windows\system32\GDI32.dll
0x000007fefefb0000 - 0x000007fefefbe000 	C:\Windows\system32\LPK.dll
0x000007fefd3a0000 - 0x000007fefd469000 	C:\Windows\system32\USP10.dll
0x000007fefb7a0000 - 0x000007fefb994000 	C:\Windows\WinSxS\amd64_microsoft.windows.common-controls_6595b64144ccf1df_6.0.7601.18837_none_fa3b1e3d17594757\COMCTL32.dll
0x000007fefeb60000 - 0x000007fefebd1000 	C:\Windows\system32\SHLWAPI.dll
0x000007fefe200000 - 0x000007fefe22e000 	C:\Windows\system32\IMM32.DLL
0x000007fefeea0000 - 0x000007fefefa9000 	C:\Windows\system32\MSCTF.dll
0x00000000576a0000 - 0x0000000057772000 	C:\Program Files\Java\jdk1.7.0_51\jre\bin\msvcr100.dll
0x000000005a8f0000 - 0x000000005b0b9000 	C:\Program Files\Java\jdk1.7.0_51\jre\bin\server\jvm.dll
0x000007fef9e90000 - 0x000007fef9e99000 	C:\Windows\system32\WSOCK32.dll
0x000007fefebe0000 - 0x000007fefec2d000 	C:\Windows\system32\WS2_32.dll
0x000007fefe420000 - 0x000007fefe428000 	C:\Windows\system32\NSI.dll
0x000007fefa540000 - 0x000007fefa57b000 	C:\Windows\system32\WINMM.dll
0x0000000077410000 - 0x0000000077417000 	C:\Windows\system32\PSAPI.DLL
0x000000005d9c0000 - 0x000000005d9cf000 	C:\Program Files\Java\jdk1.7.0_51\jre\bin\verify.dll
0x000000005d990000 - 0x000000005d9b8000 	C:\Program Files\Java\jdk1.7.0_51\jre\bin\java.dll
0x000000005c390000 - 0x000000005c3a5000 	C:\Program Files\Java\jdk1.7.0_51\jre\bin\zip.dll
0x000000005c370000 - 0x000000005c389000 	C:\Program Files\Java\jdk1.7.0_51\jre\bin\net.dll
0x000007fefc780000 - 0x000007fefc7d5000 	C:\Windows\system32\mswsock.dll
0x000007fefc770000 - 0x000007fefc777000 	C:\Windows\System32\wship6.dll
0x000000005c350000 - 0x000000005c361000 	C:\Program Files\Java\jdk1.7.0_51\jre\bin\nio.dll

VM Arguments:
jvm_args: -Djava.awt.headless=true -Xmx1024M -Dfile.encoding=windows-1252 -Duser.country=GB -Duser.language=en -Duser.variant 
java_command: com.android.dx.command.Main --dex --num-threads=4 --output C:\Users\NEEL\Indoor_Positioning_System_2.0\IndoorPositioningSystem2.0\app\build\intermediates\pre-dexed\debug\com.google.android.gms-play-services-ads-8.3.0_2c9c42602a1daf63ea73795070181b18423a35e2.jar C:\Users\NEEL\Indoor_Positioning_System_2.0\IndoorPositioningSystem2.0\app\build\intermediates\exploded-aar\com.google.android.gms\play-services-ads\8.3.0\jars\classes.jar
Launcher Type: SUN_STANDARD

Environment Variables:
PATH=C:\ProgramData\Oracle\Java\javapath;C:\oraclexe\app\oracle\product\11.2.0\server\bin;;C:\Program Files\Common Files\Microsoft Shared\Windows Live;C:\Program Files (x86)\Common Files\Microsoft Shared\Windows Live;c:\Program Files (x86)\Intel\iCLS Client\;c:\Program Files\Intel\iCLS Client\;C:\Program Files (x86)\AMD APP\bin\x86_64;C:\Program Files (x86)\AMD APP\bin\x86;C:\Windows\system32;C:\Windows;C:\Windows\System32\Wbem;C:\Windows\System32\WindowsPowerShell\v1.0\;C:\Program Files (x86)\ATI Technologies\ATI.ACE\Core-Static;C:\Program Files\Intel\Intel(R) Management Engine Components\DAL;C:\Program Files\Intel\Intel(R) Management Engine Components\IPT;C:\Program Files (x86)\Intel\Intel(R) Management Engine Components\DAL;C:\Program Files (x86)\Intel\Intel(R) Management Engine Components\IPT;C:\Program Files\Sony\VAIO Improvement\;C:\Program Files (x86)\Sony\VAIO Startup Setting Tool;C:\Program Files (x86)\Windows Live\Shared;C:\Program Files (x86)\Smart Projects\IsoBuster;C:\Program Files (x86)\Skype\Phone\
USERNAME=NEEL
OS=Windows_NT
PROCESSOR_IDENTIFIER=Intel64 Family 6 Model 58 Stepping 9, GenuineIntel



---------------  S Y S T E M  ---------------

OS: Windows 7 , 64 bit Build 7601 Service Pack 1

CPU:total 8 (4 cores per cpu, 2 threads per core) family 6 model 58 stepping 9, cmov, cx8, fxsr, mmx, sse, sse2, sse3, ssse3, sse4.1, sse4.2, popcnt, avx, aes, erms, ht, tsc, tscinvbit, tscinv

Memory: 4k page, physical 4163952k(290844k free), swap 8020616k(14584k free)

vm_info: Java HotSpot(TM) 64-Bit Server VM (24.51-b03) for windows-amd64 JRE (1.7.0_51-b13), built on Dec 18 2013 18:40:56 by "java_re" with unknown MS VC++:1600

time: Wed Nov 25 13:42:16 2015
elapsed time: 64 seconds

