#
# There is insufficient memory for the Java Runtime Environment to continue.
# Native memory allocation (malloc) failed to allocate 999376 bytes for Chunk::new
# Possible reasons:
#   The system is out of physical RAM or swap space
#   In 32 bit mode, the process size limit was hit
# Possible solutions:
#   Reduce memory load on the system
#   Increase physical memory or swap space
#   Check if swap backing store is full
#   Use 64 bit Java on a 64 bit OS
#   Decrease Java heap size (-Xmx/-Xms)
#   Decrease number of Java threads
#   Decrease Java thread stack sizes (-Xss)
#   Set larger code cache with -XX:ReservedCodeCacheSize=
# This output file may be truncated or incomplete.
#
#  Out of Memory Error (allocation.cpp:323), pid=2916, tid=7088
#
# JRE version: Java(TM) SE Runtime Environment (7.0_51-b13) (build 1.7.0_51-b13)
# Java VM: Java HotSpot(TM) 64-Bit Server VM (24.51-b03 mixed mode windows-amd64 compressed oops)
# Failed to write core dump. Minidumps are not enabled by default on client versions of Windows
#

---------------  T H R E A D  ---------------

Current thread (0x0000000008cce000):  JavaThread "C2 CompilerThread1" daemon [_thread_in_native, id=7088, stack(0x000000000b4d0000,0x000000000b5d0000)]

Stack: [0x000000000b4d0000,0x000000000b5d0000]

Current CompileTask:
C2:   3727  254   !         com.android.dx.cf.code.Ropper::processBlock (1101 bytes)


---------------  P R O C E S S  ---------------

Java Threads: ( => current thread )
  0x0000000009e49000 JavaThread "pool-1-thread-4" [_thread_blocked, id=6912, stack(0x000000000c240000,0x000000000c340000)]
  0x0000000009e4b000 JavaThread "pool-1-thread-3" [_thread_blocked, id=1044, stack(0x000000000c0e0000,0x000000000c1e0000)]
  0x0000000009e48000 JavaThread "pool-1-thread-2" [_thread_blocked, id=5608, stack(0x000000000bac0000,0x000000000bbc0000)]
  0x0000000009e3b000 JavaThread "pool-2-thread-1" [_thread_blocked, id=6544, stack(0x000000000be30000,0x000000000bf30000)]
  0x0000000009e60800 JavaThread "pool-1-thread-1" [_thread_blocked, id=1172, stack(0x000000000bc40000,0x000000000bd40000)]
  0x0000000009b4e000 JavaThread "Service Thread" daemon [_thread_blocked, id=6816, stack(0x000000000b6e0000,0x000000000b7e0000)]
=>0x0000000008cce000 JavaThread "C2 CompilerThread1" daemon [_thread_in_native, id=7088, stack(0x000000000b4d0000,0x000000000b5d0000)]
  0x0000000008cc0800 JavaThread "C2 CompilerThread0" daemon [_thread_in_native, id=632, stack(0x000000000abb0000,0x000000000acb0000)]
  0x0000000008cbf800 JavaThread "Attach Listener" daemon [_thread_blocked, id=6784, stack(0x000000000b200000,0x000000000b300000)]
  0x0000000008cbe800 JavaThread "Signal Dispatcher" daemon [_thread_blocked, id=4048, stack(0x000000000b0f0000,0x000000000b1f0000)]
  0x000000000220c800 JavaThread "Finalizer" daemon [_thread_blocked, id=5704, stack(0x000000000af10000,0x000000000b010000)]
  0x0000000008caf800 JavaThread "Reference Handler" daemon [_thread_blocked, id=5964, stack(0x000000000ad20000,0x000000000ae20000)]
  0x0000000001c2e800 JavaThread "main" [_thread_blocked, id=6940, stack(0x00000000024c0000,0x00000000025c0000)]

Other Threads:
  0x0000000008cad000 VMThread [stack: 0x000000000aaa0000,0x000000000aba0000] [id=4624]
  0x0000000009b5b000 WatcherThread [stack: 0x000000000b3b0000,0x000000000b4b0000] [id=4820]

VM state:not at safepoint (normal execution)

VM Mutex/Monitor currently owned by a thread: None

Heap
 PSYoungGen      total 36352K, used 4606K [0x00000000eaa80000, 0x00000000ed080000, 0x0000000100000000)
  eden space 33792K, 6% used [0x00000000eaa80000,0x00000000eac83b18,0x00000000ecb80000)
  from space 2560K, 99% used [0x00000000ecb80000,0x00000000ecdfc038,0x00000000ece00000)
  to   space 2560K, 0% used [0x00000000ece00000,0x00000000ece00000,0x00000000ed080000)
 ParOldGen       total 43008K, used 9321K [0x00000000c0000000, 0x00000000c2a00000, 0x00000000eaa80000)
  object space 43008K, 21% used [0x00000000c0000000,0x00000000c091a6c0,0x00000000c2a00000)
 PSPermGen       total 21504K, used 5831K [0x00000000bae00000, 0x00000000bc300000, 0x00000000c0000000)
  object space 21504K, 27% used [0x00000000bae00000,0x00000000bb3b1d80,0x00000000bc300000)

Card table byte_map: [0x00000000055c0000,0x00000000057f0000] byte_map_base: 0x0000000004fe9000

Polling page: 0x0000000000230000

Code Cache  [0x00000000025c0000, 0x0000000002830000, 0x00000000055c0000)
 total_blobs=490 nmethods=253 adapters=189 free_code_cache=48125Kb largest_free_block=49249216

Compilation events (10 events):
Event: 3.608 Thread 0x0000000008cce000 nmethod 249 0x00000000026b6f50 code [0x00000000026b7080, 0x00000000026b70d8]
Event: 3.608 Thread 0x0000000008cce000  250             java.util.ArrayList::ensureCapacity (28 bytes)
Event: 3.609 Thread 0x0000000008cce000 nmethod 250 0x00000000026bc750 code [0x00000000026bc8a0, 0x00000000026bc9b8]
Event: 3.609 Thread 0x0000000008cce000  251             com.android.dx.ssa.SsaMethod::updateOneDefinition (70 bytes)
Event: 3.611 Thread 0x0000000008cce000 nmethod 251 0x00000000026bc350 code [0x00000000026bc4a0, 0x00000000026bc5b8]
Event: 3.611 Thread 0x0000000008cce000  252             com.android.dx.cf.code.Frame::getStack (5 bytes)
Event: 3.611 Thread 0x0000000008cce000 nmethod 252 0x00000000026b9f90 code [0x00000000026ba0c0, 0x00000000026ba118]
Event: 3.611 Thread 0x0000000008cce000  253             com.android.dx.ssa.SsaInsn::mapRegisters (35 bytes)
Event: 3.622 Thread 0x0000000008cce000 nmethod 253 0x00000000026bf190 code [0x00000000026bf360, 0x00000000026bf9c0]
Event: 3.622 Thread 0x0000000008cce000  254   !         com.android.dx.cf.code.Ropper::processBlock (1101 bytes)

GC Heap History (6 events):
Event: 0.827 GC heap before
{Heap before GC invocations=1 (full 0):
 PSYoungGen      total 19456K, used 16896K [0x00000000eaa80000, 0x00000000ec000000, 0x0000000100000000)
  eden space 16896K, 100% used [0x00000000eaa80000,0x00000000ebb00000,0x00000000ebb00000)
  from space 2560K, 0% used [0x00000000ebd80000,0x00000000ebd80000,0x00000000ec000000)
  to   space 2560K, 0% used [0x00000000ebb00000,0x00000000ebb00000,0x00000000ebd80000)
 ParOldGen       total 43008K, used 0K [0x00000000c0000000, 0x00000000c2a00000, 0x00000000eaa80000)
  object space 43008K, 0% used [0x00000000c0000000,0x00000000c0000000,0x00000000c2a00000)
 PSPermGen       total 21504K, used 5498K [0x00000000bae00000, 0x00000000bc300000, 0x00000000c0000000)
  object space 21504K, 25% used [0x00000000bae00000,0x00000000bb35e890,0x00000000bc300000)
Event: 1.289 GC heap after
Heap after GC invocations=1 (full 0):
 PSYoungGen      total 19456K, used 2532K [0x00000000eaa80000, 0x00000000ed080000, 0x0000000100000000)
  eden space 16896K, 0% used [0x00000000eaa80000,0x00000000eaa80000,0x00000000ebb00000)
  from space 2560K, 98% used [0x00000000ebb00000,0x00000000ebd792d0,0x00000000ebd80000)
  to   space 2560K, 0% used [0x00000000ece00000,0x00000000ece00000,0x00000000ed080000)
 ParOldGen       total 43008K, used 1225K [0x00000000c0000000, 0x00000000c2a00000, 0x00000000eaa80000)
  object space 43008K, 2% used [0x00000000c0000000,0x00000000c0132698,0x00000000c2a00000)
 PSPermGen       total 21504K, used 5498K [0x00000000bae00000, 0x00000000bc300000, 0x00000000c0000000)
  object space 21504K, 25% used [0x00000000bae00000,0x00000000bb35e890,0x00000000bc300000)
}
Event: 1.801 GC heap before
{Heap before GC invocations=2 (full 0):
 PSYoungGen      total 19456K, used 19428K [0x00000000eaa80000, 0x00000000ed080000, 0x0000000100000000)
  eden space 16896K, 100% used [0x00000000eaa80000,0x00000000ebb00000,0x00000000ebb00000)
  from space 2560K, 98% used [0x00000000ebb00000,0x00000000ebd792d0,0x00000000ebd80000)
  to   space 2560K, 0% used [0x00000000ece00000,0x00000000ece00000,0x00000000ed080000)
 ParOldGen       total 43008K, used 1225K [0x00000000c0000000, 0x00000000c2a00000, 0x00000000eaa80000)
  object space 43008K, 2% used [0x00000000c0000000,0x00000000c0132698,0x00000000c2a00000)
 PSPermGen       total 21504K, used 5751K [0x00000000bae00000, 0x00000000bc300000, 0x00000000c0000000)
  object space 21504K, 26% used [0x00000000bae00000,0x00000000bb39df00,0x00000000bc300000)
Event: 1.838 GC heap after
Heap after GC invocations=2 (full 0):
 PSYoungGen      total 36352K, used 2528K [0x00000000eaa80000, 0x00000000ed080000, 0x0000000100000000)
  eden space 33792K, 0% used [0x00000000eaa80000,0x00000000eaa80000,0x00000000ecb80000)
  from space 2560K, 98% used [0x00000000ece00000,0x00000000ed078028,0x00000000ed080000)
  to   space 2560K, 0% used [0x00000000ecb80000,0x00000000ecb80000,0x00000000ece00000)
 ParOldGen       total 43008K, used 3591K [0x00000000c0000000, 0x00000000c2a00000, 0x00000000eaa80000)
  object space 43008K, 8% used [0x00000000c0000000,0x00000000c0381e90,0x00000000c2a00000)
 PSPermGen       total 21504K, used 5751K [0x00000000bae00000, 0x00000000bc300000, 0x00000000c0000000)
  object space 21504K, 26% used [0x00000000bae00000,0x00000000bb39df00,0x00000000bc300000)
}
Event: 3.057 GC heap before
{Heap before GC invocations=3 (full 0):
 PSYoungGen      total 36352K, used 36320K [0x00000000eaa80000, 0x00000000ed080000, 0x0000000100000000)
  eden space 33792K, 100% used [0x00000000eaa80000,0x00000000ecb80000,0x00000000ecb80000)
  from space 2560K, 98% used [0x00000000ece00000,0x00000000ed078028,0x00000000ed080000)
  to   space 2560K, 0% used [0x00000000ecb80000,0x00000000ecb80000,0x00000000ece00000)
 ParOldGen       total 43008K, used 3591K [0x00000000c0000000, 0x00000000c2a00000, 0x00000000eaa80000)
  object space 43008K, 8% used [0x00000000c0000000,0x00000000c0381e90,0x00000000c2a00000)
 PSPermGen       total 21504K, used 5828K [0x00000000bae00000, 0x00000000bc300000, 0x00000000c0000000)
  object space 21504K, 27% used [0x00000000bae00000,0x00000000bb3b1270,0x00000000bc300000)
Event: 3.560 GC heap after
Heap after GC invocations=3 (full 0):
 PSYoungGen      total 36352K, used 2544K [0x00000000eaa80000, 0x00000000ed080000, 0x0000000100000000)
  eden space 33792K, 0% used [0x00000000eaa80000,0x00000000eaa80000,0x00000000ecb80000)
  from space 2560K, 99% used [0x00000000ecb80000,0x00000000ecdfc038,0x00000000ece00000)
  to   space 2560K, 0% used [0x00000000ece00000,0x00000000ece00000,0x00000000ed080000)
 ParOldGen       total 43008K, used 9321K [0x00000000c0000000, 0x00000000c2a00000, 0x00000000eaa80000)
  object space 43008K, 21% used [0x00000000c0000000,0x00000000c091a6c0,0x00000000c2a00000)
 PSPermGen       total 21504K, used 5828K [0x00000000bae00000, 0x00000000bc300000, 0x00000000c0000000)
  object space 21504K, 27% used [0x00000000bae00000,0x00000000bb3b1270,0x00000000bc300000)
}

Deoptimization events (6 events):
Event: 1.372 Thread 0x0000000009e4b000 Uncommon trap: reason=class_check action=maybe_recompile pc=0x00000000026400c0 method=com.android.dx.ssa.NormalSsaInsn.accept(Lcom/android/dx/ssa/SsaInsn$Visitor;)V @ 9
Event: 1.393 Thread 0x0000000009e4b000 Uncommon trap: reason=class_check action=maybe_recompile pc=0x00000000026400c0 method=com.android.dx.ssa.NormalSsaInsn.accept(Lcom/android/dx/ssa/SsaInsn$Visitor;)V @ 9
Event: 1.398 Thread 0x0000000009e4b000 Uncommon trap: reason=class_check action=maybe_recompile pc=0x00000000026400c0 method=com.android.dx.ssa.NormalSsaInsn.accept(Lcom/android/dx/ssa/SsaInsn$Visitor;)V @ 9
Event: 1.403 Thread 0x0000000009e4b000 Uncommon trap: reason=class_check action=maybe_recompile pc=0x00000000026400c0 method=com.android.dx.ssa.NormalSsaInsn.accept(Lcom/android/dx/ssa/SsaInsn$Visitor;)V @ 9
Event: 1.987 Thread 0x0000000009e60800 Uncommon trap: reason=null_check action=make_not_entrant pc=0x0000000002644ef0 method=com.android.dx.rop.code.LocalItem.equals(Ljava/lang/Object;)Z @ 1
Event: 2.782 Thread 0x0000000001c2e800 Uncommon trap: reason=null_check action=make_not_entrant pc=0x00000000026bb7a4 method=com.android.dx.rop.type.Type.putIntern(Lcom/android/dx/rop/type/Type;)Lcom/android/dx/rop/type/Type; @ 18

Internal exceptions (10 events):
Event: 0.755 Thread 0x0000000009e48000 Threw 0x00000000eb587ba0 at C:\re\jdk7u51\527\hotspot\src\share\vm\prims\jvm.cpp:1244
Event: 0.758 Thread 0x0000000009e48000 Threw 0x00000000eb5941b0 at C:\re\jdk7u51\527\hotspot\src\share\vm\prims\jvm.cpp:1244
Event: 0.759 Thread 0x0000000009e49000 Threw 0x00000000eb653258 at C:\re\jdk7u51\527\hotspot\src\share\vm\prims\jvm.cpp:1244
Event: 0.760 Thread 0x0000000009e49000 Threw 0x00000000eb657920 at C:\re\jdk7u51\527\hotspot\src\share\vm\prims\jvm.cpp:1244
Event: 1.303 Thread 0x0000000009e49000 Threw 0x00000000eaba8af8 at C:\re\jdk7u51\527\hotspot\src\share\vm\prims\jvm.cpp:1244
Event: 1.318 Thread 0x0000000001c2e800 Threw 0x00000000eacdf278 at C:\re\jdk7u51\527\hotspot\src\share\vm\prims\jvm.cpp:1244
Event: 1.623 Thread 0x0000000001c2e800 Threw 0x00000000eb67b118 at C:\re\jdk7u51\527\hotspot\src\share\vm\prims\jvm.cpp:1244
Event: 1.745 Thread 0x0000000009e49000 Threw 0x00000000eb928af8 at C:\re\jdk7u51\527\hotspot\src\share\vm\prims\jvm.cpp:1244
Event: 1.987 Thread 0x0000000009e60800 Implicit null exception at 0x0000000002644b83 to 0x0000000002644ed5
Event: 2.782 Thread 0x0000000001c2e800 Implicit null exception at 0x00000000026bb0b7 to 0x00000000026bb795

Events (10 events):
Event: 1.800 Executing VM operation: ParallelGCFailedAllocation
Event: 1.838 Executing VM operation: ParallelGCFailedAllocation done
Event: 1.987 Thread 0x0000000009e60800 Uncommon trap: trap_request=0xfffffff4 fr.pc=0x0000000002644ef0
Event: 1.987 Thread 0x0000000009e60800 DEOPT PACKING pc=0x0000000002644ef0 sp=0x000000000bd3eb20
Event: 1.987 Thread 0x0000000009e60800 DEOPT UNPACKING pc=0x00000000025f75a4 sp=0x000000000bd3ea60 mode 2
Event: 2.782 Thread 0x0000000001c2e800 Uncommon trap: trap_request=0xfffffff4 fr.pc=0x00000000026bb7a4
Event: 2.782 Thread 0x0000000001c2e800 DEOPT PACKING pc=0x00000000026bb7a4 sp=0x00000000025be8a0
Event: 2.782 Thread 0x0000000001c2e800 DEOPT UNPACKING pc=0x00000000025f75a4 sp=0x00000000025be7c0 mode 2
Event: 3.056 Executing VM operation: ParallelGCFailedAllocation
Event: 3.560 Executing VM operation: ParallelGCFailedAllocation done


Dynamic libraries:
0x000000013f9f0000 - 0x000000013fa23000 	C:\Program Files\Java\jdk1.7.0_51\bin\java.exe
0x00000000779e0000 - 0x0000000077b89000 	C:\Windows\SYSTEM32\ntdll.dll
0x00000000777c0000 - 0x00000000778e0000 	C:\Windows\system32\kernel32.dll
0x000007fefd9d0000 - 0x000007fefda3c000 	C:\Windows\system32\KERNELBASE.dll
0x000007fefec70000 - 0x000007fefed4b000 	C:\Windows\system32\ADVAPI32.dll
0x000007feff630000 - 0x000007feff6cf000 	C:\Windows\system32\msvcrt.dll
0x000007feff610000 - 0x000007feff62f000 	C:\Windows\SYSTEM32\sechost.dll
0x000007feff9b0000 - 0x000007feffadd000 	C:\Windows\system32\RPCRT4.dll
0x00000000778e0000 - 0x00000000779da000 	C:\Windows\system32\USER32.dll
0x000007feff270000 - 0x000007feff2d7000 	C:\Windows\system32\GDI32.dll
0x000007fefedb0000 - 0x000007fefedbe000 	C:\Windows\system32\LPK.dll
0x000007feff4c0000 - 0x000007feff589000 	C:\Windows\system32\USP10.dll
0x000007fefbd40000 - 0x000007fefbf34000 	C:\Windows\WinSxS\amd64_microsoft.windows.common-controls_6595b64144ccf1df_6.0.7601.18837_none_fa3b1e3d17594757\COMCTL32.dll
0x000007feff590000 - 0x000007feff601000 	C:\Windows\system32\SHLWAPI.dll
0x000007feff7f0000 - 0x000007feff81e000 	C:\Windows\system32\IMM32.DLL
0x000007fefdb40000 - 0x000007fefdc49000 	C:\Windows\system32\MSCTF.dll
0x000000005d120000 - 0x000000005d1f2000 	C:\Program Files\Java\jdk1.7.0_51\jre\bin\msvcr100.dll
0x000000005eb30000 - 0x000000005f2f9000 	C:\Program Files\Java\jdk1.7.0_51\jre\bin\server\jvm.dll
0x000007feeba80000 - 0x000007feeba89000 	C:\Windows\system32\WSOCK32.dll
0x000007fefed60000 - 0x000007fefedad000 	C:\Windows\system32\WS2_32.dll
0x000007fefed50000 - 0x000007fefed58000 	C:\Windows\system32\NSI.dll
0x000007fefaa90000 - 0x000007fefaacb000 	C:\Windows\system32\WINMM.dll
0x0000000077ba0000 - 0x0000000077ba7000 	C:\Windows\system32\PSAPI.DLL
0x000000006c7a0000 - 0x000000006c7af000 	C:\Program Files\Java\jdk1.7.0_51\jre\bin\verify.dll
0x0000000064c80000 - 0x0000000064ca8000 	C:\Program Files\Java\jdk1.7.0_51\jre\bin\java.dll
0x0000000064c60000 - 0x0000000064c75000 	C:\Program Files\Java\jdk1.7.0_51\jre\bin\zip.dll
0x000000006c3a0000 - 0x000000006c3b9000 	C:\Program Files\Java\jdk1.7.0_51\jre\bin\net.dll
0x000007fefcf60000 - 0x000007fefcfb5000 	C:\Windows\system32\mswsock.dll
0x000007fefcf50000 - 0x000007fefcf57000 	C:\Windows\System32\wship6.dll
0x0000000064c40000 - 0x0000000064c51000 	C:\Program Files\Java\jdk1.7.0_51\jre\bin\nio.dll

VM Arguments:
jvm_args: -Djava.awt.headless=true -Xmx1024M -Dfile.encoding=windows-1252 -Duser.country=GB -Duser.language=en -Duser.variant 
java_command: com.android.dx.command.Main --dex --num-threads=4 --output C:\Users\NEEL\Indoor_Positioning_System_2.0\IndoorPositioningSystem2.0\app\build\intermediates\pre-dexed\debug\com.google.android.gms-play-services-wearable-8.3.0_332030ef1badccee009ce506a29c1dc34dc25ede.jar C:\Users\NEEL\Indoor_Positioning_System_2.0\IndoorPositioningSystem2.0\app\build\intermediates\exploded-aar\com.google.android.gms\play-services-wearable\8.3.0\jars\classes.jar
Launcher Type: SUN_STANDARD

Environment Variables:
PATH=C:\ProgramData\Oracle\Java\javapath;C:\oraclexe\app\oracle\product\11.2.0\server\bin;;C:\Program Files\Common Files\Microsoft Shared\Windows Live;C:\Program Files (x86)\Common Files\Microsoft Shared\Windows Live;c:\Program Files (x86)\Intel\iCLS Client\;c:\Program Files\Intel\iCLS Client\;C:\Program Files (x86)\AMD APP\bin\x86_64;C:\Program Files (x86)\AMD APP\bin\x86;C:\Windows\system32;C:\Windows;C:\Windows\System32\Wbem;C:\Windows\System32\WindowsPowerShell\v1.0\;C:\Program Files (x86)\ATI Technologies\ATI.ACE\Core-Static;C:\Program Files\Intel\Intel(R) Management Engine Components\DAL;C:\Program Files\Intel\Intel(R) Management Engine Components\IPT;C:\Program Files (x86)\Intel\Intel(R) Management Engine Components\DAL;C:\Program Files (x86)\Intel\Intel(R) Management Engine Components\IPT;C:\Program Files\Sony\VAIO Improvement\;C:\Program Files (x86)\Sony\VAIO Startup Setting Tool;C:\Program Files (x86)\Windows Live\Shared;C:\Program Files (x86)\Smart Projects\IsoBuster;C:\Program Files (x86)\Skype\Phone\
USERNAME=NEEL
OS=Windows_NT
PROCESSOR_IDENTIFIER=Intel64 Family 6 Model 58 Stepping 9, GenuineIntel



---------------  S Y S T E M  ---------------

OS: Windows 7 , 64 bit Build 7601 Service Pack 1

CPU:total 8 (4 cores per cpu, 2 threads per core) family 6 model 58 stepping 9, cmov, cx8, fxsr, mmx, sse, sse2, sse3, ssse3, sse4.1, sse4.2, popcnt, avx, aes, erms, ht, tsc, tscinvbit, tscinv

Memory: 4k page, physical 4163952k(1015444k free), swap 4986392k(6028k free)

vm_info: Java HotSpot(TM) 64-Bit Server VM (24.51-b03) for windows-amd64 JRE (1.7.0_51-b13), built on Dec 18 2013 18:40:56 by "java_re" with unknown MS VC++:1600

time: Sun Nov 29 11:51:57 2015
elapsed time: 3 seconds

