#
# A fatal error has been detected by the Java Runtime Environment:
#
#  EXCEPTION_ACCESS_VIOLATION (0xc0000005) at pc=0x000000005ecfa677, pid=4028, tid=6112
#
# JRE version: Java(TM) SE Runtime Environment (7.0_51-b13) (build 1.7.0_51-b13)
# Java VM: Java HotSpot(TM) 64-Bit Server VM (24.51-b03 mixed mode windows-amd64 compressed oops)
# Problematic frame:
# V  [jvm.dll+0x1ca677]
#
# Failed to write core dump. Minidumps are not enabled by default on client versions of Windows
#
# If you would like to submit a bug report, please visit:
#   http://bugreport.sun.com/bugreport/crash.jsp
#

---------------  T H R E A D  ---------------

Current thread (0x0000000009ddb800):  JavaThread "pool-1-thread-3" [_thread_in_vm, id=6112, stack(0x000000000ad10000,0x000000000ae10000)]

siginfo: ExceptionCode=0xc0000005, writing address 0x000000000ae07ec0

Registers:
RAX=0x000000000ae07ec0, RBX=0x0000000000000007, RCX=0x0000000000006000, RDX=0x000000000ad19178
RSP=0x000000000ae0dec0, RBP=0x0000000000000000, RSI=0x000000000ae0dec0, RDI=0x0000000000000007
R8 =0x0000000000000009, R9 =0x0000000009ddb800, R10=0x000000000ae0e100, R11=0x000000000ae0e260
R12=0x000000000ae0e260, R13=0x000000000ae0e008, R14=0x000000000ae0e110, R15=0x00000000025b0780
RIP=0x000000005ecfa677, EFLAGS=0x0000000000010206

Top of Stack: (sp=0x000000000ae0dec0)
0x000000000ae0dec0:   0000000009b8bb88 000000000ae00033
0x000000000ae0ded0:   0000000000000000 000000005ebceb03
0x000000000ae0dee0:   0000000000000000 000000005ecfb1ba
0x000000000ae0def0:   000000000ae0e101 0000000009b8bb88
0x000000000ae0df00:   0000000009ddb800 0000000009ddb800
0x000000000ae0df10:   0000007000000005 0000007064c86517
0x000000000ae0df20:   0000000000000000 000000005ebd1cad
0x000000000ae0df30:   0000000009ddb800 0000000002282210
0x000000000ae0df40:   000000000000003d 0000000000637d7c
0x000000000ae0df50:   0000000009b8bb88 0000000000000006
0x000000000ae0df60:   0000000009ddb800 0000000000000000
0x000000000ae0df70:   0000000008a00140 0000000009e24b40
0x000000000ae0df80:   0000000009b89f48 0000000008a028a0
0x000000000ae0df90:   0000000009ddb800 000000000ae0e110
0x000000000ae0dfa0:   0000000008a04470 000000000ae0e260
0x000000000ae0dfb0:   0000000009b89f48 0000000008a04470 

Instructions: (pc=0x000000005ecfa677)
0x000000005ecfa657:   48 89 6c 24 30 33 ed 66 90 e8 8b ac 07 00 ff c3
0x000000005ecfa667:   48 63 c8 48 8b c6 48 0f af cf 48 ff c7 48 2b c1
0x000000005ecfa677:   89 28 48 63 c3 48 3b 05 9d 60 52 00 7e db 48 8b
0x000000005ecfa687:   6c 24 30 48 8b 5c 24 38 48 8b 74 24 40 48 83 c4 


Register to memory mapping:

RAX=0x000000000ae07ec0 is pointing into the stack for thread: 0x0000000009ddb800
RBX=0x0000000000000007 is an unknown value
RCX=0x0000000000006000 is an unknown value
RDX=0x000000000ad19178 is pointing into the stack for thread: 0x0000000009ddb800
RSP=0x000000000ae0dec0 is pointing into the stack for thread: 0x0000000009ddb800
RBP=0x0000000000000000 is an unknown value
RSI=0x000000000ae0dec0 is pointing into the stack for thread: 0x0000000009ddb800
RDI=0x0000000000000007 is an unknown value
R8 =0x0000000000000009 is an unknown value
R9 =0x0000000009ddb800 is a thread
R10=0x000000000ae0e100 is pointing into the stack for thread: 0x0000000009ddb800
R11=0x000000000ae0e260 is pointing into the stack for thread: 0x0000000009ddb800
R12=0x000000000ae0e260 is pointing into the stack for thread: 0x0000000009ddb800
R13=0x000000000ae0e008 is pointing into the stack for thread: 0x0000000009ddb800
R14=0x000000000ae0e110 is pointing into the stack for thread: 0x0000000009ddb800
R15=0x00000000025b0780 is at code_begin+0 in an Interpreter codelet
method entry point (kind = zerolocals)  [0x00000000025b0780, 0x00000000025b0a80]  768 bytes


Stack: [0x000000000ad10000,0x000000000ae10000],  sp=0x000000000ae0dec0,  free space=1015k
Native frames: (J=compiled Java code, j=interpreted, Vv=VM code, C=native code)
V  [jvm.dll+0x1ca677]

[error occurred during error reporting (printing native stack), id 0xc0000005]

Java frames: (J=compiled Java code, j=interpreted, Vv=VM code)
j  com.android.dx.cf.code.Ropper$CatchInfo.getSetup(Lcom/android/dx/rop/type/Type;)Lcom/android/dx/cf/code/Ropper$ExceptionHandlerSetup;+29
j  com.android.dx.cf.code.Ropper.processBlock(Lcom/android/dx/cf/code/ByteBlock;Lcom/android/dx/cf/code/Frame;[I)V+623
j  com.android.dx.cf.code.Ropper.doit()V+61
j  com.android.dx.cf.code.Ropper.convert(Lcom/android/dx/cf/code/ConcreteMethod;Lcom/android/dx/rop/code/TranslationAdvice;Lcom/android/dx/cf/iface/MethodList;)Lcom/android/dx/rop/code/RopMethod;+12
j  com.android.dx.dex.cf.CfTranslator.processMethods(Lcom/android/dx/cf/direct/DirectClassFile;Lcom/android/dx/dex/cf/CfOptions;Lcom/android/dx/dex/DexOptions;Lcom/android/dx/dex/file/ClassDefItem;Lcom/android/dx/dex/file/DexFile;)V+176
j  com.android.dx.dex.cf.CfTranslator.translate0(Lcom/android/dx/cf/direct/DirectClassFile;[BLcom/android/dx/dex/cf/CfOptions;Lcom/android/dx/dex/DexOptions;Lcom/android/dx/dex/file/DexFile;)Lcom/android/dx/dex/file/ClassDefItem;+120
j  com.android.dx.dex.cf.CfTranslator.translate(Lcom/android/dx/cf/direct/DirectClassFile;[BLcom/android/dx/dex/cf/CfOptions;Lcom/android/dx/dex/DexOptions;Lcom/android/dx/dex/file/DexFile;)Lcom/android/dx/dex/file/ClassDefItem;+6
j  com.android.dx.command.dexer.Main.translateClass([BLcom/android/dx/cf/direct/DirectClassFile;)Lcom/android/dx/dex/file/ClassDefItem;+17
j  com.android.dx.command.dexer.Main.access$2700([BLcom/android/dx/cf/direct/DirectClassFile;)Lcom/android/dx/dex/file/ClassDefItem;+2
j  com.android.dx.command.dexer.Main$ClassTranslatorTask.call()Lcom/android/dx/dex/file/ClassDefItem;+8
j  com.android.dx.command.dexer.Main$ClassTranslatorTask.call()Ljava/lang/Object;+1
j  java.util.concurrent.FutureTask.run()V+42
j  java.util.concurrent.ThreadPoolExecutor.runWorker(Ljava/util/concurrent/ThreadPoolExecutor$Worker;)V+95
j  java.util.concurrent.ThreadPoolExecutor$Worker.run()V+5
j  java.lang.Thread.run()V+11
v  ~StubRoutines::call_stub

---------------  P R O C E S S  ---------------

Java Threads: ( => current thread )
  0x0000000009ddc000 JavaThread "pool-1-thread-4" [_thread_blocked, id=6120, stack(0x000000000bee0000,0x000000000bfe0000)]
=>0x0000000009ddb800 JavaThread "pool-1-thread-3" [_thread_in_vm, id=6112, stack(0x000000000ad10000,0x000000000ae10000)]
  0x0000000009e22800 JavaThread "pool-1-thread-2" [_thread_blocked, id=6108, stack(0x000000000c1f0000,0x000000000c2f0000)]
  0x0000000009e21800 JavaThread "pool-2-thread-1" [_thread_blocked, id=6104, stack(0x000000000bfe0000,0x000000000c0e0000)]
  0x0000000009e24000 JavaThread "pool-1-thread-1" [_thread_blocked, id=1724, stack(0x000000000bd60000,0x000000000be60000)]
  0x0000000009b88000 JavaThread "Service Thread" daemon [_thread_blocked, id=5116, stack(0x000000000b790000,0x000000000b890000)]
  0x0000000008bfe000 JavaThread "C2 CompilerThread1" daemon [_thread_blocked, id=6140, stack(0x000000000b5a0000,0x000000000b6a0000)]
  0x0000000008bf2000 JavaThread "C2 CompilerThread0" daemon [_thread_blocked, id=8836, stack(0x000000000b470000,0x000000000b570000)]
  0x0000000008bf0800 JavaThread "Attach Listener" daemon [_thread_blocked, id=3908, stack(0x000000000b1c0000,0x000000000b2c0000)]
  0x0000000008bef800 JavaThread "Signal Dispatcher" daemon [_thread_blocked, id=7640, stack(0x000000000afd0000,0x000000000b0d0000)]
  0x00000000022fe800 JavaThread "Finalizer" daemon [_thread_blocked, id=5620, stack(0x000000000ae10000,0x000000000af10000)]
  0x0000000008bdf800 JavaThread "Reference Handler" daemon [_thread_blocked, id=1588, stack(0x000000000aaa0000,0x000000000aba0000)]
  0x00000000021fe800 JavaThread "main" [_thread_blocked, id=7700, stack(0x00000000024a0000,0x00000000025a0000)]

Other Threads:
  0x0000000008bdd000 VMThread [stack: 0x000000000ac10000,0x000000000ad10000] [id=4464]
  0x0000000009b95800 WatcherThread [stack: 0x000000000b910000,0x000000000ba10000] [id=9080]

VM state:synchronizing (normal execution)

VM Mutex/Monitor currently owned by a thread:  ([mutex/lock_event])
[0x00000000021fc700] Threads_lock - owner thread: 0x0000000008bdd000
[0x00000000021fcc00] Heap_lock - owner thread: 0x0000000009e24000

Heap
 PSYoungGen      total 19456K, used 19428K [0x00000000eaa80000, 0x00000000ed080000, 0x0000000100000000)
  eden space 16896K, 100% used [0x00000000eaa80000,0x00000000ebb00000,0x00000000ebb00000)
  from space 2560K, 98% used [0x00000000ebb00000,0x00000000ebd79260,0x00000000ebd80000)
  to   space 2560K, 0% used [0x00000000ece00000,0x00000000ece00000,0x00000000ed080000)
 ParOldGen       total 43008K, used 493K [0x00000000c0000000, 0x00000000c2a00000, 0x00000000eaa80000)
  object space 43008K, 1% used [0x00000000c0000000,0x00000000c007b750,0x00000000c2a00000)
 PSPermGen       total 21504K, used 5724K [0x00000000bae00000, 0x00000000bc300000, 0x00000000c0000000)
  object space 21504K, 26% used [0x00000000bae00000,0x00000000bb3970a8,0x00000000bc300000)

Card table byte_map: [0x00000000055a0000,0x00000000057d0000] byte_map_base: 0x0000000004fc9000

Polling page: 0x0000000000130000

Code Cache  [0x00000000025a0000, 0x0000000002810000, 0x00000000055a0000)
 total_blobs=423 nmethods=186 adapters=189 free_code_cache=48436Kb largest_free_block=49575360

Compilation events (10 events):
Event: 3.176 Thread 0x0000000008bfe000   82   !         com.android.dx.util.FixedSizeList::set0 (22 bytes)
Event: 3.178 Thread 0x0000000008bfe000 nmethod 82 0x0000000002621350 code [0x00000000026214a0, 0x0000000002621598]
Event: 3.178 Thread 0x0000000008bfe000   83             com.android.dx.ssa.NormalSsaInsn::getOpcode (8 bytes)
Event: 3.178 Thread 0x0000000008bfe000 nmethod 83 0x000000000261ead0 code [0x000000000261ec00, 0x000000000261ec78]
Event: 3.178 Thread 0x0000000008bfe000   84             java.util.BitSet::set (58 bytes)
Event: 3.180 Thread 0x0000000008bfe000 nmethod 84 0x0000000002620f10 code [0x0000000002621060, 0x00000000026211c8]
Event: 3.180 Thread 0x0000000008bfe000   85             java.util.AbstractList::<init> (10 bytes)
Event: 3.181 Thread 0x0000000008bfe000 nmethod 85 0x0000000002620d10 code [0x0000000002620e40, 0x0000000002620e98]
Event: 3.182 Thread 0x0000000008bf2000   87             com.android.dx.rop.code.RopMethod::calcPredecessors (227 bytes)
Event: 3.182 Thread 0x0000000008bfe000   86             com.android.dx.ssa.SsaMethod::computeReachability (131 bytes)

GC Heap History (2 events):
Event: 2.063 GC heap before
{Heap before GC invocations=1 (full 0):
 PSYoungGen      total 19456K, used 16896K [0x00000000eaa80000, 0x00000000ec000000, 0x0000000100000000)
  eden space 16896K, 100% used [0x00000000eaa80000,0x00000000ebb00000,0x00000000ebb00000)
  from space 2560K, 0% used [0x00000000ebd80000,0x00000000ebd80000,0x00000000ec000000)
  to   space 2560K, 0% used [0x00000000ebb00000,0x00000000ebb00000,0x00000000ebd80000)
 ParOldGen       total 43008K, used 0K [0x00000000c0000000, 0x00000000c2a00000, 0x00000000eaa80000)
  object space 43008K, 0% used [0x00000000c0000000,0x00000000c0000000,0x00000000c2a00000)
 PSPermGen       total 21504K, used 5472K [0x00000000bae00000, 0x00000000bc300000, 0x00000000c0000000)
  object space 21504K, 25% used [0x00000000bae00000,0x00000000bb358388,0x00000000bc300000)
Event: 2.570 GC heap after
Heap after GC invocations=1 (full 0):
 PSYoungGen      total 19456K, used 2532K [0x00000000eaa80000, 0x00000000ed080000, 0x0000000100000000)
  eden space 16896K, 0% used [0x00000000eaa80000,0x00000000eaa80000,0x00000000ebb00000)
  from space 2560K, 98% used [0x00000000ebb00000,0x00000000ebd79260,0x00000000ebd80000)
  to   space 2560K, 0% used [0x00000000ece00000,0x00000000ece00000,0x00000000ed080000)
 ParOldGen       total 43008K, used 493K [0x00000000c0000000, 0x00000000c2a00000, 0x00000000eaa80000)
  object space 43008K, 1% used [0x00000000c0000000,0x00000000c007b750,0x00000000c2a00000)
 PSPermGen       total 21504K, used 5472K [0x00000000bae00000, 0x00000000bc300000, 0x00000000c0000000)
  object space 21504K, 25% used [0x00000000bae00000,0x00000000bb358388,0x00000000bc300000)
}

Deoptimization events (0 events):
No events

Internal exceptions (10 events):
Event: 1.841 Thread 0x0000000009e24000 Threw 0x00000000eb9d55e0 at C:\re\jdk7u51\527\hotspot\src\share\vm\prims\jvm.cpp:1244
Event: 1.842 Thread 0x0000000009e24000 Threw 0x00000000eb9da4b8 at C:\re\jdk7u51\527\hotspot\src\share\vm\prims\jvm.cpp:1244
Event: 1.843 Thread 0x0000000009e24000 Threw 0x00000000eb9dda88 at C:\re\jdk7u51\527\hotspot\src\share\vm\prims\jvm.cpp:1244
Event: 1.847 Thread 0x0000000009e24000 Threw 0x00000000eb9ea038 at C:\re\jdk7u51\527\hotspot\src\share\vm\prims\jvm.cpp:1244
Event: 1.880 Thread 0x0000000009e24000 Threw 0x00000000eb9f0048 at C:\re\jdk7u51\527\hotspot\src\share\vm\prims\jvm.cpp:1244
Event: 1.881 Thread 0x0000000009e24000 Threw 0x00000000eb9f4500 at C:\re\jdk7u51\527\hotspot\src\share\vm\prims\jvm.cpp:1244
Event: 1.882 Thread 0x0000000009e24000 Threw 0x00000000eb9f9f98 at C:\re\jdk7u51\527\hotspot\src\share\vm\prims\jvm.cpp:1244
Event: 1.891 Thread 0x0000000009e24000 Threw 0x00000000eba11378 at C:\re\jdk7u51\527\hotspot\src\share\vm\prims\jvm.cpp:1244
Event: 1.899 Thread 0x0000000009e24000 Threw 0x00000000eba1f620 at C:\re\jdk7u51\527\hotspot\src\share\vm\prims\jvm.cpp:1244
Event: 3.168 Thread 0x0000000009e24000 Threw 0x00000000eab542b0 at C:\re\jdk7u51\527\hotspot\src\share\vm\prims\jvm.cpp:1244

Events (10 events):
Event: 1.981 loading class 0x0000000009b938c0
Event: 1.981 loading class 0x0000000009b938c0 done
Event: 1.985 Executing VM operation: ParallelGCFailedAllocation
Event: 2.570 Executing VM operation: ParallelGCFailedAllocation done
Event: 3.127 loading class 0x0000000008a32b50
Event: 3.128 loading class 0x0000000008a32b50 done
Event: 3.168 loading class 0x0000000009e1eaa0
Event: 3.168 loading class 0x0000000009e1eaa0 done
Event: 3.186 loading class 0x0000000008a2e7b0
Event: 3.187 loading class 0x0000000008a2e7b0 done


Dynamic libraries:
0x000000013f9f0000 - 0x000000013fa23000 	C:\Program Files\Java\jdk1.7.0_51\bin\java.exe
0x00000000779e0000 - 0x0000000077b89000 	C:\Windows\SYSTEM32\ntdll.dll
0x00000000777c0000 - 0x00000000778e0000 	C:\Windows\system32\kernel32.dll
0x000007fefd9d0000 - 0x000007fefda3c000 	C:\Windows\system32\KERNELBASE.dll
0x000007fefec70000 - 0x000007fefed4b000 	C:\Windows\system32\ADVAPI32.dll
0x000007feff630000 - 0x000007feff6cf000 	C:\Windows\system32\msvcrt.dll
0x000007feff610000 - 0x000007feff62f000 	C:\Windows\SYSTEM32\sechost.dll
0x000007feff9b0000 - 0x000007feffadd000 	C:\Windows\system32\RPCRT4.dll
0x00000000778e0000 - 0x00000000779da000 	C:\Windows\system32\USER32.dll
0x000007feff270000 - 0x000007feff2d7000 	C:\Windows\system32\GDI32.dll
0x000007fefedb0000 - 0x000007fefedbe000 	C:\Windows\system32\LPK.dll
0x000007feff4c0000 - 0x000007feff589000 	C:\Windows\system32\USP10.dll
0x000007fefbd40000 - 0x000007fefbf34000 	C:\Windows\WinSxS\amd64_microsoft.windows.common-controls_6595b64144ccf1df_6.0.7601.18837_none_fa3b1e3d17594757\COMCTL32.dll
0x000007feff590000 - 0x000007feff601000 	C:\Windows\system32\SHLWAPI.dll
0x000007feff7f0000 - 0x000007feff81e000 	C:\Windows\system32\IMM32.DLL
0x000007fefdb40000 - 0x000007fefdc49000 	C:\Windows\system32\MSCTF.dll
0x000000005d120000 - 0x000000005d1f2000 	C:\Program Files\Java\jdk1.7.0_51\jre\bin\msvcr100.dll
0x000000005eb30000 - 0x000000005f2f9000 	C:\Program Files\Java\jdk1.7.0_51\jre\bin\server\jvm.dll
0x000007feeba80000 - 0x000007feeba89000 	C:\Windows\system32\WSOCK32.dll
0x000007fefed60000 - 0x000007fefedad000 	C:\Windows\system32\WS2_32.dll
0x000007fefed50000 - 0x000007fefed58000 	C:\Windows\system32\NSI.dll
0x000007fefaa90000 - 0x000007fefaacb000 	C:\Windows\system32\WINMM.dll
0x0000000077ba0000 - 0x0000000077ba7000 	C:\Windows\system32\PSAPI.DLL
0x000000006c7a0000 - 0x000000006c7af000 	C:\Program Files\Java\jdk1.7.0_51\jre\bin\verify.dll
0x0000000064c80000 - 0x0000000064ca8000 	C:\Program Files\Java\jdk1.7.0_51\jre\bin\java.dll
0x0000000064c60000 - 0x0000000064c75000 	C:\Program Files\Java\jdk1.7.0_51\jre\bin\zip.dll
0x000000006c3a0000 - 0x000000006c3b9000 	C:\Program Files\Java\jdk1.7.0_51\jre\bin\net.dll
0x000007fefcf60000 - 0x000007fefcfb5000 	C:\Windows\system32\mswsock.dll
0x000007fefcf50000 - 0x000007fefcf57000 	C:\Windows\System32\wship6.dll
0x0000000064c40000 - 0x0000000064c51000 	C:\Program Files\Java\jdk1.7.0_51\jre\bin\nio.dll
0x000007fee5580000 - 0x000007fee56a5000 	C:\Windows\system32\dbghelp.dll

VM Arguments:
jvm_args: -Djava.awt.headless=true -Xmx1024M -Dfile.encoding=windows-1252 -Duser.country=GB -Duser.language=en -Duser.variant 
java_command: com.android.dx.command.Main --dex --num-threads=4 --output C:\Users\NEEL\Indoor_Positioning_System_2.0\IndoorPositioningSystem2.0\app\build\intermediates\pre-dexed\debug\com.google.android.gms-play-services-drive-8.3.0_1943a029aea086d64c46f10e374396e95451495b.jar C:\Users\NEEL\Indoor_Positioning_System_2.0\IndoorPositioningSystem2.0\app\build\intermediates\exploded-aar\com.google.android.gms\play-services-drive\8.3.0\jars\classes.jar
Launcher Type: SUN_STANDARD

Environment Variables:
PATH=C:\ProgramData\Oracle\Java\javapath;C:\oraclexe\app\oracle\product\11.2.0\server\bin;;C:\Program Files\Common Files\Microsoft Shared\Windows Live;C:\Program Files (x86)\Common Files\Microsoft Shared\Windows Live;c:\Program Files (x86)\Intel\iCLS Client\;c:\Program Files\Intel\iCLS Client\;C:\Program Files (x86)\AMD APP\bin\x86_64;C:\Program Files (x86)\AMD APP\bin\x86;C:\Windows\system32;C:\Windows;C:\Windows\System32\Wbem;C:\Windows\System32\WindowsPowerShell\v1.0\;C:\Program Files (x86)\ATI Technologies\ATI.ACE\Core-Static;C:\Program Files\Intel\Intel(R) Management Engine Components\DAL;C:\Program Files\Intel\Intel(R) Management Engine Components\IPT;C:\Program Files (x86)\Intel\Intel(R) Management Engine Components\DAL;C:\Program Files (x86)\Intel\Intel(R) Management Engine Components\IPT;C:\Program Files\Sony\VAIO Improvement\;C:\Program Files (x86)\Sony\VAIO Startup Setting Tool;C:\Program Files (x86)\Windows Live\Shared;C:\Program Files (x86)\Smart Projects\IsoBuster;C:\Program Files (x86)\Skype\Phone\
USERNAME=NEEL
OS=Windows_NT
PROCESSOR_IDENTIFIER=Intel64 Family 6 Model 58 Stepping 9, GenuineIntel



---------------  S Y S T E M  ---------------

OS: Windows 7 , 64 bit Build 7601 Service Pack 1

CPU:total 8 (4 cores per cpu, 2 threads per core) family 6 model 58 stepping 9, cmov, cx8, fxsr, mmx, sse, sse2, sse3, ssse3, sse4.1, sse4.2, popcnt, avx, aes, erms, ht, tsc, tscinvbit, tscinv

Memory: 4k page, physical 4163952k(955800k free), swap 4986392k(355424k free)

vm_info: Java HotSpot(TM) 64-Bit Server VM (24.51-b03) for windows-amd64 JRE (1.7.0_51-b13), built on Dec 18 2013 18:40:56 by "java_re" with unknown MS VC++:1600

time: Sun Nov 29 11:52:03 2015
elapsed time: 3 seconds

