#
# There is insufficient memory for the Java Runtime Environment to continue.
# Native memory allocation (malloc) failed to allocate 96816 bytes for Chunk::new
# Possible reasons:
#   The system is out of physical RAM or swap space
#   In 32 bit mode, the process size limit was hit
# Possible solutions:
#   Reduce memory load on the system
#   Increase physical memory or swap space
#   Check if swap backing store is full
#   Use 64 bit Java on a 64 bit OS
#   Decrease Java heap size (-Xmx/-Xms)
#   Decrease number of Java threads
#   Decrease Java thread stack sizes (-Xss)
#   Set larger code cache with -XX:ReservedCodeCacheSize=
# This output file may be truncated or incomplete.
#
#  Out of Memory Error (allocation.cpp:323), pid=7108, tid=7152
#
# JRE version: Java(TM) SE Runtime Environment (7.0_51-b13) (build 1.7.0_51-b13)
# Java VM: Java HotSpot(TM) 64-Bit Server VM (24.51-b03 mixed mode windows-amd64 compressed oops)
# Failed to write core dump. Minidumps are not enabled by default on client versions of Windows
#

---------------  T H R E A D  ---------------

Current thread (0x0000000008c1c000):  JavaThread "C2 CompilerThread1" daemon [_thread_in_native, id=7152, stack(0x000000000b730000,0x000000000b830000)]

Stack: [0x000000000b730000,0x000000000b830000]

Current CompileTask:
C2:   1226  114             com.android.dx.ssa.RegisterMapper::map (63 bytes)


---------------  P R O C E S S  ---------------

Java Threads: ( => current thread )
  0x0000000009f02800 JavaThread "pool-1-thread-4" [_thread_blocked, id=6136, stack(0x000000000c3a0000,0x000000000c4a0000)]
  0x0000000009f02000 JavaThread "pool-1-thread-3" [_thread_blocked, id=6656, stack(0x000000000c130000,0x000000000c230000)]
  0x0000000009f01000 JavaThread "pool-1-thread-2" [_thread_blocked, id=8444, stack(0x000000000bf40000,0x000000000c040000)]
  0x0000000009f13000 JavaThread "pool-2-thread-1" [_thread_blocked, id=7220, stack(0x000000000bdf0000,0x000000000bef0000)]
  0x0000000009dbe800 JavaThread "pool-1-thread-1" [_thread_blocked, id=5280, stack(0x000000000bc90000,0x000000000bd90000)]
  0x0000000009cc0000 JavaThread "Service Thread" daemon [_thread_blocked, id=6440, stack(0x000000000b840000,0x000000000b940000)]
=>0x0000000008c1c000 JavaThread "C2 CompilerThread1" daemon [_thread_in_native, id=7152, stack(0x000000000b730000,0x000000000b830000)]
  0x0000000008c10800 JavaThread "C2 CompilerThread0" daemon [_thread_blocked, id=6676, stack(0x000000000b580000,0x000000000b680000)]
  0x0000000008c0f800 JavaThread "Attach Listener" daemon [_thread_blocked, id=8852, stack(0x000000000b330000,0x000000000b430000)]
  0x0000000008c0e800 JavaThread "Signal Dispatcher" daemon [_thread_blocked, id=4608, stack(0x000000000b150000,0x000000000b250000)]
  0x0000000002278000 JavaThread "Finalizer" daemon [_thread_blocked, id=8748, stack(0x000000000ae40000,0x000000000af40000)]
  0x0000000008bfe800 JavaThread "Reference Handler" daemon [_thread_blocked, id=344, stack(0x000000000af60000,0x000000000b060000)]
  0x000000000217e800 JavaThread "main" [_thread_blocked, id=5324, stack(0x0000000002430000,0x0000000002530000)]

Other Threads:
  0x0000000009c73800 VMThread [stack: 0x000000000ace0000,0x000000000ade0000] [id=7124]
  0x0000000009cc9800 WatcherThread [stack: 0x000000000abc0000,0x000000000acc0000] [id=7676]

VM state:not at safepoint (normal execution)

VM Mutex/Monitor currently owned by a thread:  ([mutex/lock_event])
[0x000000000217cc30] Heap_lock - owner thread: 0x000000000217e800

Heap
 PSYoungGen      total 19456K, used 2544K [0x00000000eaa80000, 0x00000000ec000000, 0x0000000100000000)
  eden space 16896K, 0% used [0x00000000eaa80000,0x00000000eaa80018,0x00000000ebb00000)
  from space 2560K, 99% used [0x00000000ebb00000,0x00000000ebd7c028,0x00000000ebd80000)
  to   space 2560K, 0% used [0x00000000ebd80000,0x00000000ebd80000,0x00000000ec000000)
 ParOldGen       total 43008K, used 1714K [0x00000000c0000000, 0x00000000c2a00000, 0x00000000eaa80000)
  object space 43008K, 3% used [0x00000000c0000000,0x00000000c01ac920,0x00000000c2a00000)
 PSPermGen       total 21504K, used 5602K [0x00000000bae00000, 0x00000000bc300000, 0x00000000c0000000)
  object space 21504K, 26% used [0x00000000bae00000,0x00000000bb378918,0x00000000bc300000)

Card table byte_map: [0x0000000005530000,0x0000000005760000] byte_map_base: 0x0000000004f59000

Polling page: 0x0000000000430000

Code Cache  [0x0000000002530000, 0x00000000027a0000, 0x0000000005530000)
 total_blobs=348 nmethods=111 adapters=189 free_code_cache=48575Kb largest_free_block=49704960

Compilation events (10 events):
Event: 0.893 Thread 0x0000000008c10800 nmethod 92 0x00000000025c2410 code [0x00000000025c2720, 0x00000000025c42f8]
Event: 0.893 Thread 0x0000000008c10800  110   !         com.android.dx.rop.code.RegisterSpec::intern (70 bytes)
Event: 1.219 Thread 0x0000000008c1c000 nmethod 109 0x00000000025bb690 code [0x00000000025bb7e0, 0x00000000025bb958]
Event: 1.219 Thread 0x0000000008c1c000  111             java.util.BitSet::recalculateWordsInUse (39 bytes)
Event: 1.220 Thread 0x0000000008c1c000 nmethod 111 0x00000000025bb450 code [0x00000000025bb580, 0x00000000025bb618]
Event: 1.220 Thread 0x0000000008c1c000  112             com.android.dx.rop.type.Type::equals (31 bytes)
Event: 1.221 Thread 0x0000000008c1c000 nmethod 112 0x00000000025bb090 code [0x00000000025bb1e0, 0x00000000025bb358]
Event: 1.221 Thread 0x0000000008c1c000  113             com.android.dx.util.LabeledList::indexOfLabel (22 bytes)
Event: 1.222 Thread 0x0000000008c1c000 nmethod 113 0x00000000025badd0 code [0x00000000025baf00, 0x00000000025baf98]
Event: 1.222 Thread 0x0000000008c1c000  114             com.android.dx.ssa.RegisterMapper::map (63 bytes)

GC Heap History (2 events):
Event: 0.912 GC heap before
{Heap before GC invocations=1 (full 0):
 PSYoungGen      total 19456K, used 16896K [0x00000000eaa80000, 0x00000000ec000000, 0x0000000100000000)
  eden space 16896K, 100% used [0x00000000eaa80000,0x00000000ebb00000,0x00000000ebb00000)
  from space 2560K, 0% used [0x00000000ebd80000,0x00000000ebd80000,0x00000000ec000000)
  to   space 2560K, 0% used [0x00000000ebb00000,0x00000000ebb00000,0x00000000ebd80000)
 ParOldGen       total 43008K, used 0K [0x00000000c0000000, 0x00000000c2a00000, 0x00000000eaa80000)
  object space 43008K, 0% used [0x00000000c0000000,0x00000000c0000000,0x00000000c2a00000)
 PSPermGen       total 21504K, used 5602K [0x00000000bae00000, 0x00000000bc300000, 0x00000000c0000000)
  object space 21504K, 26% used [0x00000000bae00000,0x00000000bb378918,0x00000000bc300000)
Event: 1.216 GC heap after
Heap after GC invocations=1 (full 0):
 PSYoungGen      total 19456K, used 2544K [0x00000000eaa80000, 0x00000000ec000000, 0x0000000100000000)
  eden space 16896K, 0% used [0x00000000eaa80000,0x00000000eaa80000,0x00000000ebb00000)
  from space 2560K, 99% used [0x00000000ebb00000,0x00000000ebd7c028,0x00000000ebd80000)
  to   space 2560K, 0% used [0x00000000ebd80000,0x00000000ebd80000,0x00000000ec000000)
 ParOldGen       total 43008K, used 1714K [0x00000000c0000000, 0x00000000c2a00000, 0x00000000eaa80000)
  object space 43008K, 3% used [0x00000000c0000000,0x00000000c01ac920,0x00000000c2a00000)
 PSPermGen       total 21504K, used 5602K [0x00000000bae00000, 0x00000000bc300000, 0x00000000c0000000)
  object space 21504K, 26% used [0x00000000bae00000,0x00000000bb378918,0x00000000bc300000)
}

Deoptimization events (0 events):
No events

Internal exceptions (10 events):
Event: 0.636 Thread 0x000000000217e800 Threw 0x00000000eb322598 at C:\re\jdk7u51\527\hotspot\src\share\vm\prims\jvm.cpp:1244
Event: 0.636 Thread 0x000000000217e800 Threw 0x00000000eb327fa0 at C:\re\jdk7u51\527\hotspot\src\share\vm\prims\jvm.cpp:1244
Event: 0.637 Thread 0x000000000217e800 Threw 0x00000000eb330a20 at C:\re\jdk7u51\527\hotspot\src\share\vm\prims\jvm.cpp:1244
Event: 0.638 Thread 0x000000000217e800 Threw 0x00000000eb336028 at C:\re\jdk7u51\527\hotspot\src\share\vm\prims\jvm.cpp:1244
Event: 0.639 Thread 0x0000000009f02800 Threw 0x00000000eb1b6980 at C:\re\jdk7u51\527\hotspot\src\share\vm\prims\jvm.cpp:1244
Event: 0.690 Thread 0x0000000009f01000 Threw 0x00000000eb49e190 at C:\re\jdk7u51\527\hotspot\src\share\vm\prims\jvm.cpp:1244
Event: 0.697 Thread 0x000000000217e800 Threw 0x00000000eb50d1e0 at C:\re\jdk7u51\527\hotspot\src\share\vm\prims\jvm.cpp:1244
Event: 0.746 Thread 0x0000000009f01000 Threw 0x00000000eb5f5a40 at C:\re\jdk7u51\527\hotspot\src\share\vm\prims\jvm.cpp:1244
Event: 0.763 Thread 0x0000000009dbe800 Threw 0x00000000eb762cb0 at C:\re\jdk7u51\527\hotspot\src\share\vm\prims\jvm.cpp:1244
Event: 0.829 Thread 0x000000000217e800 Threw 0x00000000eb8ff890 at C:\re\jdk7u51\527\hotspot\src\share\vm\prims\jvm.cpp:1244

Events (10 events):
Event: 0.764 loading class 0x0000000008a4f630
Event: 0.764 loading class 0x0000000008a4f630 done
Event: 0.783 loading class 0x0000000008a6a2f0
Event: 0.783 loading class 0x0000000008a6a2f0 done
Event: 0.783 loading class 0x0000000008a32a10
Event: 0.783 loading class 0x0000000008a32a10 done
Event: 0.829 loading class 0x0000000009cf01a0
Event: 0.829 loading class 0x0000000009cf01a0 done
Event: 0.897 Executing VM operation: ParallelGCFailedAllocation
Event: 1.216 Executing VM operation: ParallelGCFailedAllocation done


Dynamic libraries:
0x000000013f9f0000 - 0x000000013fa23000 	C:\Program Files\Java\jdk1.7.0_51\bin\java.exe
0x00000000779e0000 - 0x0000000077b89000 	C:\Windows\SYSTEM32\ntdll.dll
0x00000000777c0000 - 0x00000000778e0000 	C:\Windows\system32\kernel32.dll
0x000007fefd9d0000 - 0x000007fefda3c000 	C:\Windows\system32\KERNELBASE.dll
0x000007fefec70000 - 0x000007fefed4b000 	C:\Windows\system32\ADVAPI32.dll
0x000007feff630000 - 0x000007feff6cf000 	C:\Windows\system32\msvcrt.dll
0x000007feff610000 - 0x000007feff62f000 	C:\Windows\SYSTEM32\sechost.dll
0x000007feff9b0000 - 0x000007feffadd000 	C:\Windows\system32\RPCRT4.dll
0x00000000778e0000 - 0x00000000779da000 	C:\Windows\system32\USER32.dll
0x000007feff270000 - 0x000007feff2d7000 	C:\Windows\system32\GDI32.dll
0x000007fefedb0000 - 0x000007fefedbe000 	C:\Windows\system32\LPK.dll
0x000007feff4c0000 - 0x000007feff589000 	C:\Windows\system32\USP10.dll
0x000007fefbd40000 - 0x000007fefbf34000 	C:\Windows\WinSxS\amd64_microsoft.windows.common-controls_6595b64144ccf1df_6.0.7601.18837_none_fa3b1e3d17594757\COMCTL32.dll
0x000007feff590000 - 0x000007feff601000 	C:\Windows\system32\SHLWAPI.dll
0x000007feff7f0000 - 0x000007feff81e000 	C:\Windows\system32\IMM32.DLL
0x000007fefdb40000 - 0x000007fefdc49000 	C:\Windows\system32\MSCTF.dll
0x000000005d120000 - 0x000000005d1f2000 	C:\Program Files\Java\jdk1.7.0_51\jre\bin\msvcr100.dll
0x000000005eb30000 - 0x000000005f2f9000 	C:\Program Files\Java\jdk1.7.0_51\jre\bin\server\jvm.dll
0x000007feeba80000 - 0x000007feeba89000 	C:\Windows\system32\WSOCK32.dll
0x000007fefed60000 - 0x000007fefedad000 	C:\Windows\system32\WS2_32.dll
0x000007fefed50000 - 0x000007fefed58000 	C:\Windows\system32\NSI.dll
0x000007fefaa90000 - 0x000007fefaacb000 	C:\Windows\system32\WINMM.dll
0x0000000077ba0000 - 0x0000000077ba7000 	C:\Windows\system32\PSAPI.DLL
0x000000006c7a0000 - 0x000000006c7af000 	C:\Program Files\Java\jdk1.7.0_51\jre\bin\verify.dll
0x0000000064c80000 - 0x0000000064ca8000 	C:\Program Files\Java\jdk1.7.0_51\jre\bin\java.dll
0x0000000064c60000 - 0x0000000064c75000 	C:\Program Files\Java\jdk1.7.0_51\jre\bin\zip.dll
0x000000006c3a0000 - 0x000000006c3b9000 	C:\Program Files\Java\jdk1.7.0_51\jre\bin\net.dll
0x000007fefcf60000 - 0x000007fefcfb5000 	C:\Windows\system32\mswsock.dll
0x000007fefcf50000 - 0x000007fefcf57000 	C:\Windows\System32\wship6.dll
0x0000000064c40000 - 0x0000000064c51000 	C:\Program Files\Java\jdk1.7.0_51\jre\bin\nio.dll

VM Arguments:
jvm_args: -Djava.awt.headless=true -Xmx1024M -Dfile.encoding=windows-1252 -Duser.country=GB -Duser.language=en -Duser.variant 
java_command: com.android.dx.command.Main --dex --num-threads=4 --output C:\Users\NEEL\Indoor_Positioning_System_2.0\IndoorPositioningSystem2.0\app\build\intermediates\pre-dexed\debug\com.google.android.gms-play-services-appindexing-8.3.0_dc48e657e43cf5d8ec027affcb46acbba852da13.jar C:\Users\NEEL\Indoor_Positioning_System_2.0\IndoorPositioningSystem2.0\app\build\intermediates\exploded-aar\com.google.android.gms\play-services-appindexing\8.3.0\jars\classes.jar
Launcher Type: SUN_STANDARD

Environment Variables:
PATH=C:\ProgramData\Oracle\Java\javapath;C:\oraclexe\app\oracle\product\11.2.0\server\bin;;C:\Program Files\Common Files\Microsoft Shared\Windows Live;C:\Program Files (x86)\Common Files\Microsoft Shared\Windows Live;c:\Program Files (x86)\Intel\iCLS Client\;c:\Program Files\Intel\iCLS Client\;C:\Program Files (x86)\AMD APP\bin\x86_64;C:\Program Files (x86)\AMD APP\bin\x86;C:\Windows\system32;C:\Windows;C:\Windows\System32\Wbem;C:\Windows\System32\WindowsPowerShell\v1.0\;C:\Program Files (x86)\ATI Technologies\ATI.ACE\Core-Static;C:\Program Files\Intel\Intel(R) Management Engine Components\DAL;C:\Program Files\Intel\Intel(R) Management Engine Components\IPT;C:\Program Files (x86)\Intel\Intel(R) Management Engine Components\DAL;C:\Program Files (x86)\Intel\Intel(R) Management Engine Components\IPT;C:\Program Files\Sony\VAIO Improvement\;C:\Program Files (x86)\Sony\VAIO Startup Setting Tool;C:\Program Files (x86)\Windows Live\Shared;C:\Program Files (x86)\Smart Projects\IsoBuster;C:\Program Files (x86)\Skype\Phone\
USERNAME=NEEL
OS=Windows_NT
PROCESSOR_IDENTIFIER=Intel64 Family 6 Model 58 Stepping 9, GenuineIntel



---------------  S Y S T E M  ---------------

OS: Windows 7 , 64 bit Build 7601 Service Pack 1

CPU:total 8 (4 cores per cpu, 2 threads per core) family 6 model 58 stepping 9, cmov, cx8, fxsr, mmx, sse, sse2, sse3, ssse3, sse4.1, sse4.2, popcnt, avx, aes, erms, ht, tsc, tscinvbit, tscinv

Memory: 4k page, physical 4163952k(1112164k free), swap 4986392k(208852k free)

vm_info: Java HotSpot(TM) 64-Bit Server VM (24.51-b03) for windows-amd64 JRE (1.7.0_51-b13), built on Dec 18 2013 18:40:56 by "java_re" with unknown MS VC++:1600

time: Sun Nov 29 11:51:58 2015
elapsed time: 1 seconds

