#
# There is insufficient memory for the Java Runtime Environment to continue.
# Native memory allocation (malloc) failed to allocate 423056 bytes for Chunk::new
# Possible reasons:
#   The system is out of physical RAM or swap space
#   In 32 bit mode, the process size limit was hit
# Possible solutions:
#   Reduce memory load on the system
#   Increase physical memory or swap space
#   Check if swap backing store is full
#   Use 64 bit Java on a 64 bit OS
#   Decrease Java heap size (-Xmx/-Xms)
#   Decrease number of Java threads
#   Decrease Java thread stack sizes (-Xss)
#   Set larger code cache with -XX:ReservedCodeCacheSize=
# This output file may be truncated or incomplete.
#
#  Out of Memory Error (allocation.cpp:323), pid=3560, tid=7264
#
# JRE version: Java(TM) SE Runtime Environment (7.0_51-b13) (build 1.7.0_51-b13)
# Java VM: Java HotSpot(TM) 64-Bit Server VM (24.51-b03 mixed mode windows-amd64 compressed oops)
# Failed to write core dump. Minidumps are not enabled by default on client versions of Windows
#

---------------  T H R E A D  ---------------

Current thread (0x0000000008b33800):  JavaThread "C2 CompilerThread0" daemon [_thread_in_native, id=7264, stack(0x000000000b3b0000,0x000000000b4b0000)]

Stack: [0x000000000b3b0000,0x000000000b4b0000]

Current CompileTask:
C2:  25496  733             com.android.dx.dex.file.CodeItem::addContents (174 bytes)


---------------  P R O C E S S  ---------------

Java Threads: ( => current thread )
  0x0000000008b39800 JavaThread "Service Thread" daemon [_thread_blocked, id=3164, stack(0x000000000b500000,0x000000000b600000)]
  0x0000000008b38000 JavaThread "C2 CompilerThread1" daemon [_thread_blocked, id=3544, stack(0x000000000b610000,0x000000000b710000)]
=>0x0000000008b33800 JavaThread "C2 CompilerThread0" daemon [_thread_in_native, id=7264, stack(0x000000000b3b0000,0x000000000b4b0000)]
  0x0000000008b32800 JavaThread "Attach Listener" daemon [_thread_blocked, id=7700, stack(0x000000000ad10000,0x000000000ae10000)]
  0x0000000008b31800 JavaThread "Signal Dispatcher" daemon [_thread_blocked, id=6332, stack(0x000000000b240000,0x000000000b340000)]
  0x0000000002247000 JavaThread "Finalizer" daemon [_thread_blocked, id=4808, stack(0x000000000b010000,0x000000000b110000)]
  0x0000000008b1f800 JavaThread "Reference Handler" daemon [_thread_blocked, id=4476, stack(0x000000000ae30000,0x000000000af30000)]
  0x000000000230e800 JavaThread "main" [_thread_in_native, id=5200, stack(0x0000000002320000,0x0000000002420000)]

Other Threads:
  0x0000000008b1d000 VMThread [stack: 0x000000000ac00000,0x000000000ad00000] [id=7372]
  0x0000000008b3f000 WatcherThread [stack: 0x000000000b780000,0x000000000b880000] [id=3512]

VM state:not at safepoint (normal execution)

VM Mutex/Monitor currently owned by a thread: None

Heap
 PSYoungGen      total 147968K, used 101728K [0x00000000eaa80000, 0x00000000f5580000, 0x0000000100000000)
  eden space 131584K, 65% used [0x00000000eaa80000,0x00000000efe84440,0x00000000f2b00000)
  from space 16384K, 95% used [0x00000000f3e80000,0x00000000f4dd3cd0,0x00000000f4e80000)
  to   space 19968K, 0% used [0x00000000f2b00000,0x00000000f2b00000,0x00000000f3e80000)
 ParOldGen       total 43008K, used 24744K [0x00000000c0000000, 0x00000000c2a00000, 0x00000000eaa80000)
  object space 43008K, 57% used [0x00000000c0000000,0x00000000c182a3a0,0x00000000c2a00000)
 PSPermGen       total 21504K, used 6395K [0x00000000bae00000, 0x00000000bc300000, 0x00000000c0000000)
  object space 21504K, 29% used [0x00000000bae00000,0x00000000bb43ee30,0x00000000bc300000)

Card table byte_map: [0x00000000054e0000,0x0000000005710000] byte_map_base: 0x0000000004f09000

Polling page: 0x0000000000230000

Code Cache  [0x0000000002420000, 0x0000000002710000, 0x0000000005420000)
 total_blobs=1080 nmethods=840 adapters=192 free_code_cache=46253Kb largest_free_block=47316224

Compilation events (10 events):
Event: 21.221 Thread 0x0000000008b38000  754             com.android.dx.dex.file.IndexedItem::setIndex (24 bytes)
Event: 21.221 Thread 0x0000000008b38000 nmethod 754 0x0000000002628c50 code [0x0000000002628d80, 0x0000000002628df8]
Event: 21.221 Thread 0x0000000008b38000  755   !         com.android.dx.dex.file.MixedItemSection::add (49 bytes)
Event: 21.224 Thread 0x0000000008b38000 nmethod 755 0x0000000002633a90 code [0x0000000002633c00, 0x0000000002633e38]
Event: 21.224 Thread 0x0000000008b38000  756             com.android.dx.dex.file.OffsettedItem::getAlignment (5 bytes)
Event: 21.224 Thread 0x0000000008b38000 nmethod 756 0x0000000002628a10 code [0x0000000002628b40, 0x0000000002628b98]
Event: 21.224 Thread 0x0000000008b38000  757             com.android.dx.dex.file.Section::getAlignment (5 bytes)
Event: 21.224 Thread 0x0000000008b38000 nmethod 757 0x0000000002633890 code [0x00000000026339c0, 0x0000000002633a18]
Event: 21.224 Thread 0x0000000008b38000  758             com.android.dx.dex.file.UniformItemSection::prepare0 (47 bytes)
Event: 21.227 Thread 0x0000000008b38000 nmethod 758 0x0000000002632fd0 code [0x0000000002633160, 0x0000000002633418]

GC Heap History (10 events):
Event: 3.483 GC heap before
{Heap before GC invocations=2 (full 0):
 PSYoungGen      total 19456K, used 18068K [0x00000000eaa80000, 0x00000000ed080000, 0x0000000100000000)
  eden space 16896K, 100% used [0x00000000eaa80000,0x00000000ebb00000,0x00000000ebb00000)
  from space 2560K, 45% used [0x00000000ebb00000,0x00000000ebc252c8,0x00000000ebd80000)
  to   space 2560K, 0% used [0x00000000ece00000,0x00000000ece00000,0x00000000ed080000)
 ParOldGen       total 43008K, used 0K [0x00000000c0000000, 0x00000000c2a00000, 0x00000000eaa80000)
  object space 43008K, 0% used [0x00000000c0000000,0x00000000c0000000,0x00000000c2a00000)
 PSPermGen       total 21504K, used 5655K [0x00000000bae00000, 0x00000000bc300000, 0x00000000c0000000)
  object space 21504K, 26% used [0x00000000bae00000,0x00000000bb385d10,0x00000000bc300000)
Event: 4.503 GC heap after
Heap after GC invocations=2 (full 0):
 PSYoungGen      total 36352K, used 2538K [0x00000000eaa80000, 0x00000000ed080000, 0x0000000100000000)
  eden space 33792K, 0% used [0x00000000eaa80000,0x00000000eaa80000,0x00000000ecb80000)
  from space 2560K, 99% used [0x00000000ece00000,0x00000000ed07aac8,0x00000000ed080000)
  to   space 2560K, 0% used [0x00000000ecb80000,0x00000000ecb80000,0x00000000ece00000)
 ParOldGen       total 43008K, used 1773K [0x00000000c0000000, 0x00000000c2a00000, 0x00000000eaa80000)
  object space 43008K, 4% used [0x00000000c0000000,0x00000000c01bb540,0x00000000c2a00000)
 PSPermGen       total 21504K, used 5655K [0x00000000bae00000, 0x00000000bc300000, 0x00000000c0000000)
  object space 21504K, 26% used [0x00000000bae00000,0x00000000bb385d10,0x00000000bc300000)
}
Event: 5.506 GC heap before
{Heap before GC invocations=3 (full 0):
 PSYoungGen      total 36352K, used 36330K [0x00000000eaa80000, 0x00000000ed080000, 0x0000000100000000)
  eden space 33792K, 100% used [0x00000000eaa80000,0x00000000ecb80000,0x00000000ecb80000)
  from space 2560K, 99% used [0x00000000ece00000,0x00000000ed07aac8,0x00000000ed080000)
  to   space 2560K, 0% used [0x00000000ecb80000,0x00000000ecb80000,0x00000000ece00000)
 ParOldGen       total 43008K, used 1773K [0x00000000c0000000, 0x00000000c2a00000, 0x00000000eaa80000)
  object space 43008K, 4% used [0x00000000c0000000,0x00000000c01bb540,0x00000000c2a00000)
 PSPermGen       total 21504K, used 5820K [0x00000000bae00000, 0x00000000bc300000, 0x00000000c0000000)
  object space 21504K, 27% used [0x00000000bae00000,0x00000000bb3af2b0,0x00000000bc300000)
Event: 5.634 GC heap after
Heap after GC invocations=3 (full 0):
 PSYoungGen      total 36352K, used 2528K [0x00000000eaa80000, 0x00000000ef180000, 0x0000000100000000)
  eden space 33792K, 0% used [0x00000000eaa80000,0x00000000eaa80000,0x00000000ecb80000)
  from space 2560K, 98% used [0x00000000ecb80000,0x00000000ecdf8018,0x00000000ece00000)
  to   space 2560K, 0% used [0x00000000eef00000,0x00000000eef00000,0x00000000ef180000)
 ParOldGen       total 43008K, used 7529K [0x00000000c0000000, 0x00000000c2a00000, 0x00000000eaa80000)
  object space 43008K, 17% used [0x00000000c0000000,0x00000000c075a570,0x00000000c2a00000)
 PSPermGen       total 21504K, used 5820K [0x00000000bae00000, 0x00000000bc300000, 0x00000000c0000000)
  object space 21504K, 27% used [0x00000000bae00000,0x00000000bb3af2b0,0x00000000bc300000)
}
Event: 7.793 GC heap before
{Heap before GC invocations=4 (full 0):
 PSYoungGen      total 36352K, used 36320K [0x00000000eaa80000, 0x00000000ef180000, 0x0000000100000000)
  eden space 33792K, 100% used [0x00000000eaa80000,0x00000000ecb80000,0x00000000ecb80000)
  from space 2560K, 98% used [0x00000000ecb80000,0x00000000ecdf8018,0x00000000ece00000)
  to   space 2560K, 0% used [0x00000000eef00000,0x00000000eef00000,0x00000000ef180000)
 ParOldGen       total 43008K, used 7529K [0x00000000c0000000, 0x00000000c2a00000, 0x00000000eaa80000)
  object space 43008K, 17% used [0x00000000c0000000,0x00000000c075a570,0x00000000c2a00000)
 PSPermGen       total 21504K, used 5848K [0x00000000bae00000, 0x00000000bc300000, 0x00000000c0000000)
  object space 21504K, 27% used [0x00000000bae00000,0x00000000bb3b6020,0x00000000bc300000)
Event: 8.326 GC heap after
Heap after GC invocations=4 (full 0):
 PSYoungGen      total 70144K, used 2531K [0x00000000eaa80000, 0x00000000ef180000, 0x0000000100000000)
  eden space 67584K, 0% used [0x00000000eaa80000,0x00000000eaa80000,0x00000000eec80000)
  from space 2560K, 98% used [0x00000000eef00000,0x00000000ef178f08,0x00000000ef180000)
  to   space 2560K, 0% used [0x00000000eec80000,0x00000000eec80000,0x00000000eef00000)
 ParOldGen       total 43008K, used 13268K [0x00000000c0000000, 0x00000000c2a00000, 0x00000000eaa80000)
  object space 43008K, 30% used [0x00000000c0000000,0x00000000c0cf5170,0x00000000c2a00000)
 PSPermGen       total 21504K, used 5848K [0x00000000bae00000, 0x00000000bc300000, 0x00000000c0000000)
  object space 21504K, 27% used [0x00000000bae00000,0x00000000bb3b6020,0x00000000bc300000)
}
Event: 9.040 GC heap before
{Heap before GC invocations=5 (full 0):
 PSYoungGen      total 70144K, used 70115K [0x00000000eaa80000, 0x00000000ef180000, 0x0000000100000000)
  eden space 67584K, 100% used [0x00000000eaa80000,0x00000000eec80000,0x00000000eec80000)
  from space 2560K, 98% used [0x00000000eef00000,0x00000000ef178f08,0x00000000ef180000)
  to   space 2560K, 0% used [0x00000000eec80000,0x00000000eec80000,0x00000000eef00000)
 ParOldGen       total 43008K, used 13268K [0x00000000c0000000, 0x00000000c2a00000, 0x00000000eaa80000)
  object space 43008K, 30% used [0x00000000c0000000,0x00000000c0cf5170,0x00000000c2a00000)
 PSPermGen       total 21504K, used 5909K [0x00000000bae00000, 0x00000000bc300000, 0x00000000c0000000)
  object space 21504K, 27% used [0x00000000bae00000,0x00000000bb3c5718,0x00000000bc300000)
Event: 9.150 GC heap after
Heap after GC invocations=5 (full 0):
 PSYoungGen      total 70144K, used 2531K [0x00000000eaa80000, 0x00000000f4e80000, 0x0000000100000000)
  eden space 67584K, 0% used [0x00000000eaa80000,0x00000000eaa80000,0x00000000eec80000)
  from space 2560K, 98% used [0x00000000eec80000,0x00000000eeef8f08,0x00000000eef00000)
  to   space 16384K, 0% used [0x00000000f3e80000,0x00000000f3e80000,0x00000000f4e80000)
 ParOldGen       total 43008K, used 24744K [0x00000000c0000000, 0x00000000c2a00000, 0x00000000eaa80000)
  object space 43008K, 57% used [0x00000000c0000000,0x00000000c182a3a0,0x00000000c2a00000)
 PSPermGen       total 21504K, used 5909K [0x00000000bae00000, 0x00000000bc300000, 0x00000000c0000000)
  object space 21504K, 27% used [0x00000000bae00000,0x00000000bb3c5718,0x00000000bc300000)
}
Event: 11.342 GC heap before
{Heap before GC invocations=6 (full 0):
 PSYoungGen      total 70144K, used 70115K [0x00000000eaa80000, 0x00000000f4e80000, 0x0000000100000000)
  eden space 67584K, 100% used [0x00000000eaa80000,0x00000000eec80000,0x00000000eec80000)
  from space 2560K, 98% used [0x00000000eec80000,0x00000000eeef8f08,0x00000000eef00000)
  to   space 16384K, 0% used [0x00000000f3e80000,0x00000000f3e80000,0x00000000f4e80000)
 ParOldGen       total 43008K, used 24744K [0x00000000c0000000, 0x00000000c2a00000, 0x00000000eaa80000)
  object space 43008K, 57% used [0x00000000c0000000,0x00000000c182a3a0,0x00000000c2a00000)
 PSPermGen       total 21504K, used 5943K [0x00000000bae00000, 0x00000000bc300000, 0x00000000c0000000)
  object space 21504K, 27% used [0x00000000bae00000,0x00000000bb3cde08,0x00000000bc300000)
Event: 12.852 GC heap after
Heap after GC invocations=6 (full 0):
 PSYoungGen      total 147968K, used 15695K [0x00000000eaa80000, 0x00000000f5580000, 0x0000000100000000)
  eden space 131584K, 0% used [0x00000000eaa80000,0x00000000eaa80000,0x00000000f2b00000)
  from space 16384K, 95% used [0x00000000f3e80000,0x00000000f4dd3cd0,0x00000000f4e80000)
  to   space 19968K, 0% used [0x00000000f2b00000,0x00000000f2b00000,0x00000000f3e80000)
 ParOldGen       total 43008K, used 24744K [0x00000000c0000000, 0x00000000c2a00000, 0x00000000eaa80000)
  object space 43008K, 57% used [0x00000000c0000000,0x00000000c182a3a0,0x00000000c2a00000)
 PSPermGen       total 21504K, used 5943K [0x00000000bae00000, 0x00000000bc300000, 0x00000000c0000000)
  object space 21504K, 27% used [0x00000000bae00000,0x00000000bb3cde08,0x00000000bc300000)
}

Deoptimization events (10 events):
Event: 11.310 Thread 0x000000000230e800 Uncommon trap: reason=unloaded action=reinterpret pc=0x00000000025a7920 method=com.android.dx.cf.cst.ConstantPoolParser.parse0(ILjava/util/BitSet;)Lcom/android/dx/rop/cst/Constant; @ 176
Event: 11.334 Thread 0x0000000009e0b800 Uncommon trap: reason=bimorphic action=maybe_recompile pc=0x000000000259022c method=com.android.dx.ssa.SCCP.setLatticeValueTo(IILcom/android/dx/rop/cst/Constant;)Z @ 43
Event: 12.994 Thread 0x0000000009d9e800 Uncommon trap: reason=bimorphic action=maybe_recompile pc=0x000000000259022c method=com.android.dx.ssa.SCCP.setLatticeValueTo(IILcom/android/dx/rop/cst/Constant;)Z @ 43
Event: 13.000 Thread 0x0000000009d9e800 Uncommon trap: reason=bimorphic action=maybe_recompile pc=0x000000000269e7f4 method=com.android.dx.cf.code.BytecodeArray.parseInstruction(ILcom/android/dx/cf/code/BytecodeArray$Visitor;)I @ 1501
Event: 13.000 Thread 0x0000000009d9e800 Uncommon trap: reason=bimorphic action=maybe_recompile pc=0x000000000269e7f4 method=com.android.dx.cf.code.BytecodeArray.parseInstruction(ILcom/android/dx/cf/code/BytecodeArray$Visitor;)I @ 1501
Event: 15.663 Thread 0x0000000009d9e800 Uncommon trap: reason=bimorphic action=maybe_recompile pc=0x000000000269e7f4 method=com.android.dx.cf.code.BytecodeArray.parseInstruction(ILcom/android/dx/cf/code/BytecodeArray$Visitor;)I @ 1501
Event: 15.663 Thread 0x0000000009d9e800 Uncommon trap: reason=bimorphic action=maybe_recompile pc=0x000000000269e7f4 method=com.android.dx.cf.code.BytecodeArray.parseInstruction(ILcom/android/dx/cf/code/BytecodeArray$Visitor;)I @ 1501
Event: 15.680 Thread 0x0000000009e0b800 Uncommon trap: reason=bimorphic action=maybe_recompile pc=0x000000000259022c method=com.android.dx.ssa.SCCP.setLatticeValueTo(IILcom/android/dx/rop/cst/Constant;)Z @ 43
Event: 15.680 Thread 0x0000000009e0b800 Uncommon trap: reason=bimorphic action=maybe_recompile pc=0x000000000259022c method=com.android.dx.ssa.SCCP.setLatticeValueTo(IILcom/android/dx/rop/cst/Constant;)Z @ 43
Event: 21.147 Thread 0x000000000230e800 Uncommon trap: reason=unreached action=reinterpret pc=0x000000000262b428 method=com.android.dx.dex.file.DexFile.internIfAppropriate(Lcom/android/dx/rop/cst/Constant;)V @ 92

Internal exceptions (10 events):
Event: 6.207 Thread 0x0000000009f12800 Implicit null exception at 0x000000000252fdb4 to 0x0000000002533c95
Event: 7.536 Thread 0x000000000230e800 Threw 0x00000000ebfce680 at C:\re\jdk7u51\527\hotspot\src\share\vm\prims\jvm.cpp:1244
Event: 7.636 Thread 0x000000000230e800 Implicit null exception at 0x00000000025a436b to 0x00000000025a4a55
Event: 8.695 Thread 0x000000000230e800 Threw 0x00000000eb6c5f68 at C:\re\jdk7u51\527\hotspot\src\share\vm\prims\jvm.cpp:1244
Event: 10.287 Thread 0x0000000009e0d800 Implicit null exception at 0x000000000262988c to 0x000000000262c515
Event: 11.076 Thread 0x0000000009e0b800 Implicit null exception at 0x000000000268cc88 to 0x000000000268e919
Event: 21.049 Thread 0x000000000230e800 Threw 0x00000000eea73c20 at C:\re\jdk7u51\527\hotspot\src\share\vm\prims\jvm.cpp:1244
Event: 21.085 Thread 0x000000000230e800 Threw 0x00000000ef114220 at C:\re\jdk7u51\527\hotspot\src\share\vm\prims\jvm.cpp:1244
Event: 21.157 Thread 0x000000000230e800 Threw 0x00000000ef323f98 at C:\re\jdk7u51\527\hotspot\src\share\vm\prims\jvm.cpp:1244
Event: 21.216 Thread 0x000000000230e800 Threw 0x00000000ef41e638 at C:\re\jdk7u51\527\hotspot\src\share\vm\prims\jvm.cpp:1244

Events (10 events):
Event: 21.085 loading class 0x0000000009dc7220
Event: 21.085 loading class 0x0000000009dc7220 done
Event: 21.147 Thread 0x000000000230e800 Uncommon trap: trap_request=0xffffffad fr.pc=0x000000000262b428
Event: 21.147 Thread 0x000000000230e800 DEOPT PACKING pc=0x000000000262b428 sp=0x000000000241ed90
Event: 21.147 Thread 0x000000000230e800 DEOPT UNPACKING pc=0x00000000024575a4 sp=0x000000000241ed88 mode 2
Event: 21.157 loading class 0x0000000009ca00d0
Event: 21.157 loading class 0x0000000009ca00d0 done
Event: 21.215 loading class 0x0000000009d4e830
Event: 21.215 loading class 0x0000000009d4e830 done
Event: 21.221 loading class 0x0000000008968b10


Dynamic libraries:
0x000000013f540000 - 0x000000013f573000 	C:\Program Files\Java\jdk1.7.0_51\bin\java.exe
0x0000000077240000 - 0x00000000773e9000 	C:\Windows\SYSTEM32\ntdll.dll
0x0000000077020000 - 0x0000000077140000 	C:\Windows\system32\kernel32.dll
0x000007fefd080000 - 0x000007fefd0ec000 	C:\Windows\system32\KERNELBASE.dll
0x000007fefe870000 - 0x000007fefe94b000 	C:\Windows\system32\ADVAPI32.dll
0x000007fefe530000 - 0x000007fefe5cf000 	C:\Windows\system32\msvcrt.dll
0x000007fefe430000 - 0x000007fefe44f000 	C:\Windows\SYSTEM32\sechost.dll
0x000007feff310000 - 0x000007feff43d000 	C:\Windows\system32\RPCRT4.dll
0x0000000077140000 - 0x000000007723a000 	C:\Windows\system32\USER32.dll
0x000007feff4e0000 - 0x000007feff547000 	C:\Windows\system32\GDI32.dll
0x000007fefefb0000 - 0x000007fefefbe000 	C:\Windows\system32\LPK.dll
0x000007fefd3a0000 - 0x000007fefd469000 	C:\Windows\system32\USP10.dll
0x000007fefb7a0000 - 0x000007fefb994000 	C:\Windows\WinSxS\amd64_microsoft.windows.common-controls_6595b64144ccf1df_6.0.7601.18837_none_fa3b1e3d17594757\COMCTL32.dll
0x000007fefeb60000 - 0x000007fefebd1000 	C:\Windows\system32\SHLWAPI.dll
0x000007fefe200000 - 0x000007fefe22e000 	C:\Windows\system32\IMM32.DLL
0x000007fefeea0000 - 0x000007fefefa9000 	C:\Windows\system32\MSCTF.dll
0x00000000576a0000 - 0x0000000057772000 	C:\Program Files\Java\jdk1.7.0_51\jre\bin\msvcr100.dll
0x000000005a8f0000 - 0x000000005b0b9000 	C:\Program Files\Java\jdk1.7.0_51\jre\bin\server\jvm.dll
0x000007fef9e90000 - 0x000007fef9e99000 	C:\Windows\system32\WSOCK32.dll
0x000007fefebe0000 - 0x000007fefec2d000 	C:\Windows\system32\WS2_32.dll
0x000007fefe420000 - 0x000007fefe428000 	C:\Windows\system32\NSI.dll
0x000007fefa540000 - 0x000007fefa57b000 	C:\Windows\system32\WINMM.dll
0x0000000077410000 - 0x0000000077417000 	C:\Windows\system32\PSAPI.DLL
0x000000005d9c0000 - 0x000000005d9cf000 	C:\Program Files\Java\jdk1.7.0_51\jre\bin\verify.dll
0x000000005d990000 - 0x000000005d9b8000 	C:\Program Files\Java\jdk1.7.0_51\jre\bin\java.dll
0x000000005c390000 - 0x000000005c3a5000 	C:\Program Files\Java\jdk1.7.0_51\jre\bin\zip.dll
0x000000005c370000 - 0x000000005c389000 	C:\Program Files\Java\jdk1.7.0_51\jre\bin\net.dll
0x000007fefc780000 - 0x000007fefc7d5000 	C:\Windows\system32\mswsock.dll
0x000007fefc770000 - 0x000007fefc777000 	C:\Windows\System32\wship6.dll
0x000000005c350000 - 0x000000005c361000 	C:\Program Files\Java\jdk1.7.0_51\jre\bin\nio.dll

VM Arguments:
jvm_args: -Djava.awt.headless=true -Xmx1024M -Dfile.encoding=windows-1252 -Duser.country=GB -Duser.language=en -Duser.variant 
java_command: com.android.dx.command.Main --dex --num-threads=4 --output C:\Users\NEEL\Indoor_Positioning_System_2.0\IndoorPositioningSystem2.0\app\build\intermediates\pre-dexed\debug\com.google.android.gms-play-services-basement-8.3.0_5e6258abc60b7320685bd37019e4d0b46f6e92b6.jar C:\Users\NEEL\Indoor_Positioning_System_2.0\IndoorPositioningSystem2.0\app\build\intermediates\exploded-aar\com.google.android.gms\play-services-basement\8.3.0\jars\classes.jar
Launcher Type: SUN_STANDARD

Environment Variables:
PATH=C:\ProgramData\Oracle\Java\javapath;C:\oraclexe\app\oracle\product\11.2.0\server\bin;;C:\Program Files\Common Files\Microsoft Shared\Windows Live;C:\Program Files (x86)\Common Files\Microsoft Shared\Windows Live;c:\Program Files (x86)\Intel\iCLS Client\;c:\Program Files\Intel\iCLS Client\;C:\Program Files (x86)\AMD APP\bin\x86_64;C:\Program Files (x86)\AMD APP\bin\x86;C:\Windows\system32;C:\Windows;C:\Windows\System32\Wbem;C:\Windows\System32\WindowsPowerShell\v1.0\;C:\Program Files (x86)\ATI Technologies\ATI.ACE\Core-Static;C:\Program Files\Intel\Intel(R) Management Engine Components\DAL;C:\Program Files\Intel\Intel(R) Management Engine Components\IPT;C:\Program Files (x86)\Intel\Intel(R) Management Engine Components\DAL;C:\Program Files (x86)\Intel\Intel(R) Management Engine Components\IPT;C:\Program Files\Sony\VAIO Improvement\;C:\Program Files (x86)\Sony\VAIO Startup Setting Tool;C:\Program Files (x86)\Windows Live\Shared;C:\Program Files (x86)\Smart Projects\IsoBuster;C:\Program Files (x86)\Skype\Phone\
USERNAME=NEEL
OS=Windows_NT
PROCESSOR_IDENTIFIER=Intel64 Family 6 Model 58 Stepping 9, GenuineIntel



---------------  S Y S T E M  ---------------

OS: Windows 7 , 64 bit Build 7601 Service Pack 1

CPU:total 8 (4 cores per cpu, 2 threads per core) family 6 model 58 stepping 9, cmov, cx8, fxsr, mmx, sse, sse2, sse3, ssse3, sse4.1, sse4.2, popcnt, avx, aes, erms, ht, tsc, tscinvbit, tscinv

Memory: 4k page, physical 4163952k(109504k free), swap 7995872k(48960k free)

vm_info: Java HotSpot(TM) 64-Bit Server VM (24.51-b03) for windows-amd64 JRE (1.7.0_51-b13), built on Dec 18 2013 18:40:56 by "java_re" with unknown MS VC++:1600

time: Wed Nov 25 13:44:37 2015
elapsed time: 25 seconds

