#
# There is insufficient memory for the Java Runtime Environment to continue.
# Native memory allocation (malloc) failed to allocate 262976 bytes for Chunk::new
# Possible reasons:
#   The system is out of physical RAM or swap space
#   In 32 bit mode, the process size limit was hit
# Possible solutions:
#   Reduce memory load on the system
#   Increase physical memory or swap space
#   Check if swap backing store is full
#   Use 64 bit Java on a 64 bit OS
#   Decrease Java heap size (-Xmx/-Xms)
#   Decrease number of Java threads
#   Decrease Java thread stack sizes (-Xss)
#   Set larger code cache with -XX:ReservedCodeCacheSize=
# This output file may be truncated or incomplete.
#
#  Out of Memory Error (allocation.cpp:323), pid=6376, tid=640
#
# JRE version: Java(TM) SE Runtime Environment (7.0_51-b13) (build 1.7.0_51-b13)
# Java VM: Java HotSpot(TM) 64-Bit Server VM (24.51-b03 mixed mode windows-amd64 compressed oops)
# Failed to write core dump. Minidumps are not enabled by default on client versions of Windows
#

---------------  T H R E A D  ---------------

Current thread (0x0000000008a46800):  JavaThread "C2 CompilerThread1" daemon [_thread_in_native, id=640, stack(0x000000000b630000,0x000000000b730000)]

Stack: [0x000000000b630000,0x000000000b730000]

Current CompileTask:
C2:   4476  271             com.android.dx.ssa.SsaMethod::forEachBlockDepthFirstDom (128 bytes)


---------------  P R O C E S S  ---------------

Java Threads: ( => current thread )
  0x0000000009e69000 JavaThread "pool-1-thread-4" [_thread_blocked, id=5916, stack(0x000000000c140000,0x000000000c240000)]
  0x0000000009d88800 JavaThread "pool-1-thread-3" [_thread_blocked, id=6680, stack(0x000000000c020000,0x000000000c120000)]
  0x0000000009d8b800 JavaThread "pool-1-thread-2" [_thread_blocked, id=6728, stack(0x000000000bdb0000,0x000000000beb0000)]
  0x0000000009dc6000 JavaThread "pool-2-thread-1" [_thread_blocked, id=7824, stack(0x000000000b530000,0x000000000b630000)]
  0x0000000009e09000 JavaThread "pool-1-thread-1" [_thread_blocked, id=7324, stack(0x000000000bed0000,0x000000000bfd0000)]
  0x0000000008a48800 JavaThread "Service Thread" daemon [_thread_blocked, id=3508, stack(0x000000000b810000,0x000000000b910000)]
=>0x0000000008a46800 JavaThread "C2 CompilerThread1" daemon [_thread_in_native, id=640, stack(0x000000000b630000,0x000000000b730000)]
  0x0000000008a42800 JavaThread "C2 CompilerThread0" daemon [_thread_in_native, id=4304, stack(0x000000000b040000,0x000000000b140000)]
  0x0000000008a41800 JavaThread "Attach Listener" daemon [_thread_blocked, id=4480, stack(0x000000000b3f0000,0x000000000b4f0000)]
  0x0000000008a40800 JavaThread "Signal Dispatcher" daemon [_thread_blocked, id=6744, stack(0x000000000b1c0000,0x000000000b2c0000)]
  0x0000000008a30800 JavaThread "Finalizer" daemon [_thread_blocked, id=3524, stack(0x000000000af40000,0x000000000b040000)]
  0x0000000008a2f800 JavaThread "Reference Handler" daemon [_thread_blocked, id=6792, stack(0x000000000ad60000,0x000000000ae60000)]
  0x0000000001d5e800 JavaThread "main" [_thread_blocked, id=5716, stack(0x0000000002550000,0x0000000002650000)]

Other Threads:
  0x0000000009bb3800 VMThread [stack: 0x000000000abc0000,0x000000000acc0000] [id=6240]
  0x0000000009bf9000 WatcherThread [stack: 0x000000000b9b0000,0x000000000bab0000] [id=4748]

VM state:not at safepoint (normal execution)

VM Mutex/Monitor currently owned by a thread: None

Heap
 PSYoungGen      total 36352K, used 14188K [0x00000000eaa80000, 0x00000000ed080000, 0x0000000100000000)
  eden space 33792K, 34% used [0x00000000eaa80000,0x00000000eb5dca58,0x00000000ecb80000)
  from space 2560K, 99% used [0x00000000ece00000,0x00000000ed07e618,0x00000000ed080000)
  to   space 2560K, 0% used [0x00000000ecb80000,0x00000000ecb80000,0x00000000ece00000)
 ParOldGen       total 43008K, used 1787K [0x00000000c0000000, 0x00000000c2a00000, 0x00000000eaa80000)
  object space 43008K, 4% used [0x00000000c0000000,0x00000000c01bed58,0x00000000c2a00000)
 PSPermGen       total 21504K, used 5794K [0x00000000bae00000, 0x00000000bc300000, 0x00000000c0000000)
  object space 21504K, 26% used [0x00000000bae00000,0x00000000bb3a89e0,0x00000000bc300000)

Card table byte_map: [0x0000000005650000,0x0000000005880000] byte_map_base: 0x0000000005079000

Polling page: 0x0000000000530000

Code Cache  [0x0000000002650000, 0x00000000028c0000, 0x0000000005650000)
 total_blobs=506 nmethods=269 adapters=189 free_code_cache=48107Kb largest_free_block=49232704

Compilation events (10 events):
Event: 4.445 Thread 0x0000000008a46800 nmethod 266 0x000000000273e0d0 code [0x000000000273e200, 0x000000000273e278]
Event: 4.445 Thread 0x0000000008a46800  267             java.util.ArrayList::subList (22 bytes)
Event: 4.447 Thread 0x0000000008a46800 nmethod 267 0x0000000002752410 code [0x0000000002752560, 0x0000000002752698]
Event: 4.447 Thread 0x0000000008a46800  268             java.util.ArrayList$SubList::<init> (46 bytes)
Event: 4.448 Thread 0x0000000008a46800 nmethod 268 0x0000000002752190 code [0x00000000027522c0, 0x0000000002752358]
Event: 4.448 Thread 0x0000000008a46800  269             java.util.ArrayList$SubList::size (9 bytes)
Event: 4.449 Thread 0x0000000008a46800 nmethod 269 0x0000000002751f10 code [0x0000000002752040, 0x00000000027520b8]
Event: 4.449 Thread 0x0000000008a46800  270             com.android.dx.rop.code.RegisterSpecSet::equals (106 bytes)
Event: 4.458 Thread 0x0000000008a46800 nmethod 270 0x0000000002757f90 code [0x00000000027580e0, 0x00000000027584b8]
Event: 4.458 Thread 0x0000000008a46800  271             com.android.dx.ssa.SsaMethod::forEachBlockDepthFirstDom (128 bytes)

GC Heap History (4 events):
Event: 0.567 GC heap before
{Heap before GC invocations=1 (full 0):
 PSYoungGen      total 19456K, used 16896K [0x00000000eaa80000, 0x00000000ec000000, 0x0000000100000000)
  eden space 16896K, 100% used [0x00000000eaa80000,0x00000000ebb00000,0x00000000ebb00000)
  from space 2560K, 0% used [0x00000000ebd80000,0x00000000ebd80000,0x00000000ec000000)
  to   space 2560K, 0% used [0x00000000ebb00000,0x00000000ebb00000,0x00000000ebd80000)
 ParOldGen       total 43008K, used 0K [0x00000000c0000000, 0x00000000c2a00000, 0x00000000eaa80000)
  object space 43008K, 0% used [0x00000000c0000000,0x00000000c0000000,0x00000000c2a00000)
 PSPermGen       total 21504K, used 4518K [0x00000000bae00000, 0x00000000bc300000, 0x00000000c0000000)
  object space 21504K, 21% used [0x00000000bae00000,0x00000000bb2698a0,0x00000000bc300000)
Event: 1.683 GC heap after
Heap after GC invocations=1 (full 0):
 PSYoungGen      total 19456K, used 1748K [0x00000000eaa80000, 0x00000000ed080000, 0x0000000100000000)
  eden space 16896K, 0% used [0x00000000eaa80000,0x00000000eaa80000,0x00000000ebb00000)
  from space 2560K, 68% used [0x00000000ebb00000,0x00000000ebcb5258,0x00000000ebd80000)
  to   space 2560K, 0% used [0x00000000ece00000,0x00000000ece00000,0x00000000ed080000)
 ParOldGen       total 43008K, used 0K [0x00000000c0000000, 0x00000000c2a00000, 0x00000000eaa80000)
  object space 43008K, 0% used [0x00000000c0000000,0x00000000c0000000,0x00000000c2a00000)
 PSPermGen       total 21504K, used 4518K [0x00000000bae00000, 0x00000000bc300000, 0x00000000c0000000)
  object space 21504K, 21% used [0x00000000bae00000,0x00000000bb2698a0,0x00000000bc300000)
}
Event: 2.900 GC heap before
{Heap before GC invocations=2 (full 0):
 PSYoungGen      total 19456K, used 18644K [0x00000000eaa80000, 0x00000000ed080000, 0x0000000100000000)
  eden space 16896K, 100% used [0x00000000eaa80000,0x00000000ebb00000,0x00000000ebb00000)
  from space 2560K, 68% used [0x00000000ebb00000,0x00000000ebcb5258,0x00000000ebd80000)
  to   space 2560K, 0% used [0x00000000ece00000,0x00000000ece00000,0x00000000ed080000)
 ParOldGen       total 43008K, used 0K [0x00000000c0000000, 0x00000000c2a00000, 0x00000000eaa80000)
  object space 43008K, 0% used [0x00000000c0000000,0x00000000c0000000,0x00000000c2a00000)
 PSPermGen       total 21504K, used 5692K [0x00000000bae00000, 0x00000000bc300000, 0x00000000c0000000)
  object space 21504K, 26% used [0x00000000bae00000,0x00000000bb38f330,0x00000000bc300000)
Event: 3.851 GC heap after
Heap after GC invocations=2 (full 0):
 PSYoungGen      total 36352K, used 2553K [0x00000000eaa80000, 0x00000000ed080000, 0x0000000100000000)
  eden space 33792K, 0% used [0x00000000eaa80000,0x00000000eaa80000,0x00000000ecb80000)
  from space 2560K, 99% used [0x00000000ece00000,0x00000000ed07e618,0x00000000ed080000)
  to   space 2560K, 0% used [0x00000000ecb80000,0x00000000ecb80000,0x00000000ece00000)
 ParOldGen       total 43008K, used 1787K [0x00000000c0000000, 0x00000000c2a00000, 0x00000000eaa80000)
  object space 43008K, 4% used [0x00000000c0000000,0x00000000c01bed58,0x00000000c2a00000)
 PSPermGen       total 21504K, used 5692K [0x00000000bae00000, 0x00000000bc300000, 0x00000000c0000000)
  object space 21504K, 26% used [0x00000000bae00000,0x00000000bb38f330,0x00000000bc300000)
}

Deoptimization events (7 events):
Event: 3.951 Thread 0x0000000001d5e800 Uncommon trap: reason=unreached action=reinterpret pc=0x00000000026dcb04 method=com.android.dx.rop.cst.Constant.compareTo(Lcom/android/dx/rop/cst/Constant;)I @ 12
Event: 4.013 Thread 0x0000000001d5e800 Uncommon trap: reason=class_check action=maybe_recompile pc=0x00000000026f5390 method=com.android.dx.rop.type.Type.equals(Ljava/lang/Object;)Z @ 8
Event: 4.019 Thread 0x0000000001d5e800 Uncommon trap: reason=unreached action=reinterpret pc=0x0000000002703808 method=com.android.dx.ssa.LocalVariableExtractor.processBlock(I)V @ 251
Event: 4.024 Thread 0x0000000001d5e800 Uncommon trap: reason=null_check action=make_not_entrant pc=0x00000000027159e0 method=com.android.dx.ssa.SsaRenamer.getLocalForNewReg(I)Lcom/android/dx/rop/code/LocalItem; @ 19
Event: 4.401 Thread 0x0000000009e09000 Uncommon trap: reason=class_check action=maybe_recompile pc=0x00000000026f5390 method=com.android.dx.rop.type.Type.equals(Ljava/lang/Object;)Z @ 8
Event: 4.402 Thread 0x0000000009e09000 Uncommon trap: reason=null_check action=make_not_entrant pc=0x00000000026f53a0 method=com.android.dx.rop.type.Type.equals(Ljava/lang/Object;)Z @ 8
Event: 4.410 Thread 0x0000000009e09000 Uncommon trap: reason=unreached action=reinterpret pc=0x000000000274b054 method=com.android.dx.rop.code.LocalVariableExtractor.processBlock(I)V @ 195

Internal exceptions (10 events):
Event: 2.413 Thread 0x0000000001d5e800 Threw 0x00000000eb076b10 at C:\re\jdk7u51\527\hotspot\src\share\vm\prims\jvm.cpp:1244
Event: 2.413 Thread 0x0000000001d5e800 Threw 0x00000000eb078ec0 at C:\re\jdk7u51\527\hotspot\src\share\vm\prims\jvm.cpp:1244
Event: 2.421 Thread 0x0000000001d5e800 Threw 0x00000000eb0c0780 at C:\re\jdk7u51\527\hotspot\src\share\vm\prims\jvm.cpp:1244
Event: 2.421 Thread 0x0000000009e09000 Threw 0x00000000eaef2800 at C:\re\jdk7u51\527\hotspot\src\share\vm\prims\jvm.cpp:1244
Event: 2.422 Thread 0x0000000001d5e800 Threw 0x00000000eb0c61c0 at C:\re\jdk7u51\527\hotspot\src\share\vm\prims\jvm.cpp:1244
Event: 2.423 Thread 0x0000000001d5e800 Threw 0x00000000eb0cb988 at C:\re\jdk7u51\527\hotspot\src\share\vm\prims\jvm.cpp:1244
Event: 2.466 Thread 0x0000000001d5e800 Threw 0x00000000eb267950 at C:\re\jdk7u51\527\hotspot\src\share\vm\prims\jvm.cpp:1244
Event: 2.495 Thread 0x0000000009d88800 Threw 0x00000000eb3a6b90 at C:\re\jdk7u51\527\hotspot\src\share\vm\prims\jvm.cpp:1244
Event: 4.024 Thread 0x0000000001d5e800 Implicit null exception at 0x00000000027146f0 to 0x00000000027159b1
Event: 4.402 Thread 0x0000000009e09000 Implicit null exception at 0x00000000026f5292 to 0x00000000026f5391

Events (10 events):
Event: 4.258 Executing VM operation: EnableBiasedLocking done
Event: 4.401 Thread 0x0000000009e09000 Uncommon trap: trap_request=0xffffffde fr.pc=0x00000000026f5390
Event: 4.401 Thread 0x0000000009e09000 DEOPT PACKING pc=0x00000000026f5390 sp=0x000000000bfced40
Event: 4.401 Thread 0x0000000009e09000 DEOPT UNPACKING pc=0x00000000026875a4 sp=0x000000000bfcece8 mode 2
Event: 4.402 Thread 0x0000000009e09000 Uncommon trap: trap_request=0xfffffff4 fr.pc=0x00000000026f53a0
Event: 4.402 Thread 0x0000000009e09000 DEOPT PACKING pc=0x00000000026f53a0 sp=0x000000000bfcecf0
Event: 4.402 Thread 0x0000000009e09000 DEOPT UNPACKING pc=0x00000000026875a4 sp=0x000000000bfcec98 mode 2
Event: 4.410 Thread 0x0000000009e09000 Uncommon trap: trap_request=0xffffffad fr.pc=0x000000000274b054
Event: 4.410 Thread 0x0000000009e09000 DEOPT PACKING pc=0x000000000274b054 sp=0x000000000bfcf0a0
Event: 4.410 Thread 0x0000000009e09000 DEOPT UNPACKING pc=0x00000000026875a4 sp=0x000000000bfcf040 mode 2


Dynamic libraries:
0x000000013fb70000 - 0x000000013fba3000 	C:\Program Files\Java\jdk1.7.0_51\bin\java.exe
0x00000000779e0000 - 0x0000000077b89000 	C:\Windows\SYSTEM32\ntdll.dll
0x00000000777c0000 - 0x00000000778e0000 	C:\Windows\system32\kernel32.dll
0x000007fefd9d0000 - 0x000007fefda3c000 	C:\Windows\system32\KERNELBASE.dll
0x000007fefec70000 - 0x000007fefed4b000 	C:\Windows\system32\ADVAPI32.dll
0x000007feff630000 - 0x000007feff6cf000 	C:\Windows\system32\msvcrt.dll
0x000007feff610000 - 0x000007feff62f000 	C:\Windows\SYSTEM32\sechost.dll
0x000007feff9b0000 - 0x000007feffadd000 	C:\Windows\system32\RPCRT4.dll
0x00000000778e0000 - 0x00000000779da000 	C:\Windows\system32\USER32.dll
0x000007feff270000 - 0x000007feff2d7000 	C:\Windows\system32\GDI32.dll
0x000007fefedb0000 - 0x000007fefedbe000 	C:\Windows\system32\LPK.dll
0x000007feff4c0000 - 0x000007feff589000 	C:\Windows\system32\USP10.dll
0x000007fefbd40000 - 0x000007fefbf34000 	C:\Windows\WinSxS\amd64_microsoft.windows.common-controls_6595b64144ccf1df_6.0.7601.18837_none_fa3b1e3d17594757\COMCTL32.dll
0x000007feff590000 - 0x000007feff601000 	C:\Windows\system32\SHLWAPI.dll
0x000007feff7f0000 - 0x000007feff81e000 	C:\Windows\system32\IMM32.DLL
0x000007fefdb40000 - 0x000007fefdc49000 	C:\Windows\system32\MSCTF.dll
0x0000000073de0000 - 0x0000000073eb2000 	C:\Program Files\Java\jdk1.7.0_51\jre\bin\msvcr100.dll
0x000000005eb30000 - 0x000000005f2f9000 	C:\Program Files\Java\jdk1.7.0_51\jre\bin\server\jvm.dll
0x000007feeba80000 - 0x000007feeba89000 	C:\Windows\system32\WSOCK32.dll
0x000007fefed60000 - 0x000007fefedad000 	C:\Windows\system32\WS2_32.dll
0x000007fefed50000 - 0x000007fefed58000 	C:\Windows\system32\NSI.dll
0x000007fefaa90000 - 0x000007fefaacb000 	C:\Windows\system32\WINMM.dll
0x0000000077ba0000 - 0x0000000077ba7000 	C:\Windows\system32\PSAPI.DLL
0x000000006c7a0000 - 0x000000006c7af000 	C:\Program Files\Java\jdk1.7.0_51\jre\bin\verify.dll
0x0000000064c80000 - 0x0000000064ca8000 	C:\Program Files\Java\jdk1.7.0_51\jre\bin\java.dll
0x0000000064c60000 - 0x0000000064c75000 	C:\Program Files\Java\jdk1.7.0_51\jre\bin\zip.dll
0x000000006c3a0000 - 0x000000006c3b9000 	C:\Program Files\Java\jdk1.7.0_51\jre\bin\net.dll
0x000007fefcf60000 - 0x000007fefcfb5000 	C:\Windows\system32\mswsock.dll
0x000007fefcf50000 - 0x000007fefcf57000 	C:\Windows\System32\wship6.dll
0x0000000064c40000 - 0x0000000064c51000 	C:\Program Files\Java\jdk1.7.0_51\jre\bin\nio.dll

VM Arguments:
jvm_args: -Djava.awt.headless=true -Xmx1024M -Dfile.encoding=windows-1252 -Duser.country=GB -Duser.language=en -Duser.variant 
java_command: com.android.dx.command.Main --dex --num-threads=4 --output C:\Users\NEEL\Indoor_Positioning_System_2.0\IndoorPositioningSystem2.0\app\build\intermediates\pre-dexed\debug\com.android.support-support-v4-23.1.1_aafdf1e4121893cd53f87899ab469ed54d0d02e3.jar C:\Users\NEEL\Indoor_Positioning_System_2.0\IndoorPositioningSystem2.0\app\build\intermediates\exploded-aar\com.android.support\support-v4\23.1.1\jars\classes.jar
Launcher Type: SUN_STANDARD

Environment Variables:
PATH=C:\ProgramData\Oracle\Java\javapath;C:\oraclexe\app\oracle\product\11.2.0\server\bin;;C:\Program Files\Common Files\Microsoft Shared\Windows Live;C:\Program Files (x86)\Common Files\Microsoft Shared\Windows Live;c:\Program Files (x86)\Intel\iCLS Client\;c:\Program Files\Intel\iCLS Client\;C:\Program Files (x86)\AMD APP\bin\x86_64;C:\Program Files (x86)\AMD APP\bin\x86;C:\Windows\system32;C:\Windows;C:\Windows\System32\Wbem;C:\Windows\System32\WindowsPowerShell\v1.0\;C:\Program Files (x86)\ATI Technologies\ATI.ACE\Core-Static;C:\Program Files\Intel\Intel(R) Management Engine Components\DAL;C:\Program Files\Intel\Intel(R) Management Engine Components\IPT;C:\Program Files (x86)\Intel\Intel(R) Management Engine Components\DAL;C:\Program Files (x86)\Intel\Intel(R) Management Engine Components\IPT;C:\Program Files\Sony\VAIO Improvement\;C:\Program Files (x86)\Sony\VAIO Startup Setting Tool;C:\Program Files (x86)\Windows Live\Shared;C:\Program Files (x86)\Smart Projects\IsoBuster;C:\Program Files (x86)\Skype\Phone\
USERNAME=NEEL
OS=Windows_NT
PROCESSOR_IDENTIFIER=Intel64 Family 6 Model 58 Stepping 9, GenuineIntel



---------------  S Y S T E M  ---------------

OS: Windows 7 , 64 bit Build 7601 Service Pack 1

CPU:total 8 (4 cores per cpu, 2 threads per core) family 6 model 58 stepping 9, cmov, cx8, fxsr, mmx, sse, sse2, sse3, ssse3, sse4.1, sse4.2, popcnt, avx, aes, erms, ht, tsc, tscinvbit, tscinv

Memory: 4k page, physical 4163952k(1415600k free), swap 4986392k(5024k free)

vm_info: Java HotSpot(TM) 64-Bit Server VM (24.51-b03) for windows-amd64 JRE (1.7.0_51-b13), built on Dec 18 2013 18:40:56 by "java_re" with unknown MS VC++:1600

time: Sun Nov 29 11:53:16 2015
elapsed time: 4 seconds

