#
# There is insufficient memory for the Java Runtime Environment to continue.
# Native memory allocation (malloc) failed to allocate 1416576 bytes for Chunk::new
# Possible reasons:
#   The system is out of physical RAM or swap space
#   In 32 bit mode, the process size limit was hit
# Possible solutions:
#   Reduce memory load on the system
#   Increase physical memory or swap space
#   Check if swap backing store is full
#   Use 64 bit Java on a 64 bit OS
#   Decrease Java heap size (-Xmx/-Xms)
#   Decrease number of Java threads
#   Decrease Java thread stack sizes (-Xss)
#   Set larger code cache with -XX:ReservedCodeCacheSize=
# This output file may be truncated or incomplete.
#
#  Out of Memory Error (allocation.cpp:323), pid=7976, tid=6936
#
# JRE version: Java(TM) SE Runtime Environment (7.0_51-b13) (build 1.7.0_51-b13)
# Java VM: Java HotSpot(TM) 64-Bit Server VM (24.51-b03 mixed mode windows-amd64 compressed oops)
# Failed to write core dump. Minidumps are not enabled by default on client versions of Windows
#

---------------  T H R E A D  ---------------

Current thread (0x0000000008b9c800):  JavaThread "C2 CompilerThread1" daemon [_thread_in_native, id=6936, stack(0x000000000b300000,0x000000000b400000)]

Stack: [0x000000000b300000,0x000000000b400000]

Current CompileTask:
C2:   3466  185             com.android.dx.ssa.Dominators::run (506 bytes)


---------------  P R O C E S S  ---------------

Java Threads: ( => current thread )
  0x0000000009eb9000 JavaThread "pool-1-thread-4" [_thread_in_Java, id=11120, stack(0x000000000ba30000,0x000000000bb30000)]
  0x0000000009eb1000 JavaThread "pool-1-thread-3" [_thread_blocked, id=11236, stack(0x000000000c050000,0x000000000c150000)]
  0x0000000009e08800 JavaThread "pool-1-thread-2" [_thread_blocked, id=9396, stack(0x000000000be40000,0x000000000bf40000)]
  0x0000000009ddd800 JavaThread "pool-2-thread-1" [_thread_blocked, id=10548, stack(0x000000000bd30000,0x000000000be30000)]
  0x0000000009ddc800 JavaThread "pool-1-thread-1" [_thread_blocked, id=10556, stack(0x000000000bbe0000,0x000000000bce0000)]
  0x0000000008b9e000 JavaThread "Service Thread" daemon [_thread_blocked, id=908, stack(0x000000000b490000,0x000000000b590000)]
=>0x0000000008b9c800 JavaThread "C2 CompilerThread1" daemon [_thread_in_native, id=6936, stack(0x000000000b300000,0x000000000b400000)]
  0x0000000008b98800 JavaThread "C2 CompilerThread0" daemon [_thread_in_native, id=6812, stack(0x000000000ab40000,0x000000000ac40000)]
  0x0000000008b97800 JavaThread "Attach Listener" daemon [_thread_blocked, id=2388, stack(0x000000000af80000,0x000000000b080000)]
  0x0000000008b97000 JavaThread "Signal Dispatcher" daemon [_thread_blocked, id=7728, stack(0x000000000b1d0000,0x000000000b2d0000)]
  0x000000000214f000 JavaThread "Finalizer" daemon [_thread_blocked, id=10380, stack(0x000000000b080000,0x000000000b180000)]
  0x0000000008b7f800 JavaThread "Reference Handler" daemon [_thread_blocked, id=10980, stack(0x000000000ae60000,0x000000000af60000)]
  0x00000000003ae800 JavaThread "main" [_thread_in_native, id=10540, stack(0x00000000021a0000,0x00000000022a0000)]

Other Threads:
  0x0000000008b7c800 VMThread [stack: 0x000000000acf0000,0x000000000adf0000] [id=10848]
  0x0000000008b9f800 WatcherThread [stack: 0x000000000b650000,0x000000000b750000] [id=3996]

VM state:not at safepoint (normal execution)

VM Mutex/Monitor currently owned by a thread: None

Heap
 PSYoungGen      total 36352K, used 13647K [0x00000000eaa80000, 0x00000000ed080000, 0x0000000100000000)
  eden space 33792K, 32% used [0x00000000eaa80000,0x00000000eb5551d8,0x00000000ecb80000)
  from space 2560K, 99% used [0x00000000ece00000,0x00000000ed07eaa8,0x00000000ed080000)
  to   space 2560K, 0% used [0x00000000ecb80000,0x00000000ecb80000,0x00000000ece00000)
 ParOldGen       total 43008K, used 3488K [0x00000000c0000000, 0x00000000c2a00000, 0x00000000eaa80000)
  object space 43008K, 8% used [0x00000000c0000000,0x00000000c0368268,0x00000000c2a00000)
 PSPermGen       total 21504K, used 5788K [0x00000000bae00000, 0x00000000bc300000, 0x00000000c0000000)
  object space 21504K, 26% used [0x00000000bae00000,0x00000000bb3a72d0,0x00000000bc300000)

Card table byte_map: [0x0000000005470000,0x00000000056a0000] byte_map_base: 0x0000000004e99000

Polling page: 0x0000000000340000

Code Cache  [0x00000000023b0000, 0x0000000002620000, 0x00000000053b0000)
 total_blobs=437 nmethods=200 adapters=189 free_code_cache=48371Kb largest_free_block=49485632

Compilation events (10 events):
Event: 3.171 Thread 0x0000000008b98800 nmethod 195 0x000000000245a990 code [0x000000000245aac0, 0x000000000245ac58]
Event: 3.171 Thread 0x0000000008b98800  196             com.android.dx.dex.file.AnnotationUtils::makeSignature (251 bytes)
Event: 3.214 Thread 0x0000000008b98800 nmethod 196 0x000000000247c010 code [0x000000000247c260, 0x000000000247d400]
Event: 3.214 Thread 0x0000000008b98800  197             com.android.dx.ssa.SsaBasicBlock::getRopLabel (5 bytes)
Event: 3.214 Thread 0x0000000008b98800 nmethod 197 0x000000000245ba90 code [0x000000000245bbc0, 0x000000000245bc18]
Event: 3.214 Thread 0x0000000008b98800  198             com.android.dx.ssa.SsaMethod::getExitBlock (26 bytes)
Event: 3.215 Thread 0x0000000008b98800 nmethod 198 0x000000000245a5d0 code [0x000000000245a720, 0x000000000245a7f8]
Event: 3.215 Thread 0x0000000008b98800  199             com.android.dx.rop.code.PlainInsn::accept (8 bytes)
Event: 3.216 Thread 0x0000000008b98800 nmethod 199 0x000000000246bd50 code [0x000000000246bea0, 0x000000000246bf18]
Event: 3.216 Thread 0x0000000008b98800  200             com.android.dx.ssa.SCCP::simulateBranch (666 bytes)

GC Heap History (4 events):
Event: 2.053 GC heap before
{Heap before GC invocations=1 (full 0):
 PSYoungGen      total 19456K, used 16896K [0x00000000eaa80000, 0x00000000ec000000, 0x0000000100000000)
  eden space 16896K, 100% used [0x00000000eaa80000,0x00000000ebb00000,0x00000000ebb00000)
  from space 2560K, 0% used [0x00000000ebd80000,0x00000000ebd80000,0x00000000ec000000)
  to   space 2560K, 0% used [0x00000000ebb00000,0x00000000ebb00000,0x00000000ebd80000)
 ParOldGen       total 43008K, used 0K [0x00000000c0000000, 0x00000000c2a00000, 0x00000000eaa80000)
  object space 43008K, 0% used [0x00000000c0000000,0x00000000c0000000,0x00000000c2a00000)
 PSPermGen       total 21504K, used 5503K [0x00000000bae00000, 0x00000000bc300000, 0x00000000c0000000)
  object space 21504K, 25% used [0x00000000bae00000,0x00000000bb35fda8,0x00000000bc300000)
Event: 2.667 GC heap after
Heap after GC invocations=1 (full 0):
 PSYoungGen      total 19456K, used 2548K [0x00000000eaa80000, 0x00000000ed080000, 0x0000000100000000)
  eden space 16896K, 0% used [0x00000000eaa80000,0x00000000eaa80000,0x00000000ebb00000)
  from space 2560K, 99% used [0x00000000ebb00000,0x00000000ebd7d2e0,0x00000000ebd80000)
  to   space 2560K, 0% used [0x00000000ece00000,0x00000000ece00000,0x00000000ed080000)
 ParOldGen       total 43008K, used 1191K [0x00000000c0000000, 0x00000000c2a00000, 0x00000000eaa80000)
  object space 43008K, 2% used [0x00000000c0000000,0x00000000c0129ff0,0x00000000c2a00000)
 PSPermGen       total 21504K, used 5503K [0x00000000bae00000, 0x00000000bc300000, 0x00000000c0000000)
  object space 21504K, 25% used [0x00000000bae00000,0x00000000bb35fda8,0x00000000bc300000)
}
Event: 2.948 GC heap before
{Heap before GC invocations=2 (full 0):
 PSYoungGen      total 19456K, used 19444K [0x00000000eaa80000, 0x00000000ed080000, 0x0000000100000000)
  eden space 16896K, 100% used [0x00000000eaa80000,0x00000000ebb00000,0x00000000ebb00000)
  from space 2560K, 99% used [0x00000000ebb00000,0x00000000ebd7d2e0,0x00000000ebd80000)
  to   space 2560K, 0% used [0x00000000ece00000,0x00000000ece00000,0x00000000ed080000)
 ParOldGen       total 43008K, used 1191K [0x00000000c0000000, 0x00000000c2a00000, 0x00000000eaa80000)
  object space 43008K, 2% used [0x00000000c0000000,0x00000000c0129ff0,0x00000000c2a00000)
 PSPermGen       total 21504K, used 5757K [0x00000000bae00000, 0x00000000bc300000, 0x00000000c0000000)
  object space 21504K, 26% used [0x00000000bae00000,0x00000000bb39f6e8,0x00000000bc300000)
Event: 3.013 GC heap after
Heap after GC invocations=2 (full 0):
 PSYoungGen      total 36352K, used 2554K [0x00000000eaa80000, 0x00000000ed080000, 0x0000000100000000)
  eden space 33792K, 0% used [0x00000000eaa80000,0x00000000eaa80000,0x00000000ecb80000)
  from space 2560K, 99% used [0x00000000ece00000,0x00000000ed07eaa8,0x00000000ed080000)
  to   space 2560K, 0% used [0x00000000ecb80000,0x00000000ecb80000,0x00000000ece00000)
 ParOldGen       total 43008K, used 3488K [0x00000000c0000000, 0x00000000c2a00000, 0x00000000eaa80000)
  object space 43008K, 8% used [0x00000000c0000000,0x00000000c0368268,0x00000000c2a00000)
 PSPermGen       total 21504K, used 5757K [0x00000000bae00000, 0x00000000bc300000, 0x00000000c0000000)
  object space 21504K, 26% used [0x00000000bae00000,0x00000000bb39f6e8,0x00000000bc300000)
}

Deoptimization events (6 events):
Event: 2.681 Thread 0x00000000003ae800 Uncommon trap: reason=null_check action=make_not_entrant pc=0x00000000024344c8 method=com.android.dx.rop.code.LocalItem.equals(Ljava/lang/Object;)Z @ 1
Event: 2.795 Thread 0x0000000009e08800 Uncommon trap: reason=class_check action=maybe_recompile pc=0x0000000002437340 method=com.android.dx.ssa.NormalSsaInsn.accept(Lcom/android/dx/ssa/SsaInsn$Visitor;)V @ 9
Event: 2.799 Thread 0x0000000009e08800 Uncommon trap: reason=class_check action=maybe_recompile pc=0x0000000002437340 method=com.android.dx.ssa.NormalSsaInsn.accept(Lcom/android/dx/ssa/SsaInsn$Visitor;)V @ 9
Event: 2.802 Thread 0x0000000009e08800 Uncommon trap: reason=class_check action=maybe_recompile pc=0x0000000002437340 method=com.android.dx.ssa.NormalSsaInsn.accept(Lcom/android/dx/ssa/SsaInsn$Visitor;)V @ 9
Event: 2.805 Thread 0x0000000009e08800 Uncommon trap: reason=class_check action=maybe_recompile pc=0x0000000002437340 method=com.android.dx.ssa.NormalSsaInsn.accept(Lcom/android/dx/ssa/SsaInsn$Visitor;)V @ 9
Event: 3.302 Thread 0x0000000009eb1000 Uncommon trap: reason=null_check action=make_not_entrant pc=0x000000000242e6d0 method=com.android.dx.rop.type.Type.equals(Ljava/lang/Object;)Z @ 8

Internal exceptions (10 events):
Event: 1.917 Thread 0x00000000003ae800 Threw 0x00000000eb74bf18 at C:\re\jdk7u51\527\hotspot\src\share\vm\prims\jvm.cpp:1244
Event: 1.918 Thread 0x0000000009ddc800 Threw 0x00000000eb4da978 at C:\re\jdk7u51\527\hotspot\src\share\vm\prims\jvm.cpp:1244
Event: 1.919 Thread 0x0000000009ddc800 Threw 0x00000000eb876038 at C:\re\jdk7u51\527\hotspot\src\share\vm\prims\jvm.cpp:1244
Event: 1.926 Thread 0x00000000003ae800 Threw 0x00000000eb76ee60 at C:\re\jdk7u51\527\hotspot\src\share\vm\prims\jvm.cpp:1244
Event: 2.681 Thread 0x00000000003ae800 Implicit null exception at 0x000000000243412b to 0x00000000024344ad
Event: 2.725 Thread 0x0000000009eb1000 Threw 0x00000000ead23a98 at C:\re\jdk7u51\527\hotspot\src\share\vm\prims\jvm.cpp:1244
Event: 2.812 Thread 0x00000000003ae800 Threw 0x00000000eaed8b20 at C:\re\jdk7u51\527\hotspot\src\share\vm\prims\jvm.cpp:1244
Event: 2.915 Thread 0x00000000003ae800 Threw 0x00000000eb7df630 at C:\re\jdk7u51\527\hotspot\src\share\vm\prims\jvm.cpp:1244
Event: 2.932 Thread 0x0000000009eb1000 Threw 0x00000000eb922e08 at C:\re\jdk7u51\527\hotspot\src\share\vm\prims\jvm.cpp:1244
Event: 3.302 Thread 0x0000000009eb1000 Implicit null exception at 0x000000000242e5d2 to 0x000000000242e6c2

Events (10 events):
Event: 2.812 loading class 0x0000000008b9dc90 done
Event: 2.915 loading class 0x0000000009c57950
Event: 2.915 loading class 0x0000000009c57950 done
Event: 2.932 loading class 0x0000000009e778e0
Event: 2.932 loading class 0x0000000009e778e0 done
Event: 2.948 Executing VM operation: ParallelGCFailedAllocation
Event: 3.013 Executing VM operation: ParallelGCFailedAllocation done
Event: 3.302 Thread 0x0000000009eb1000 Uncommon trap: trap_request=0xfffffff4 fr.pc=0x000000000242e6d0
Event: 3.302 Thread 0x0000000009eb1000 DEOPT PACKING pc=0x000000000242e6d0 sp=0x000000000c14ea10
Event: 3.302 Thread 0x0000000009eb1000 DEOPT UNPACKING pc=0x00000000023e75a4 sp=0x000000000c14e9a8 mode 2


Dynamic libraries:
0x000000013fe30000 - 0x000000013fe63000 	C:\Program Files\Java\jdk1.7.0_51\bin\java.exe
0x00000000776c0000 - 0x0000000077869000 	C:\Windows\SYSTEM32\ntdll.dll
0x00000000775a0000 - 0x00000000776c0000 	C:\Windows\system32\kernel32.dll
0x000007fefd540000 - 0x000007fefd5ac000 	C:\Windows\system32\KERNELBASE.dll
0x000007fefded0000 - 0x000007fefdfab000 	C:\Windows\system32\ADVAPI32.dll
0x000007feff930000 - 0x000007feff9cf000 	C:\Windows\system32\msvcrt.dll
0x000007feff6b0000 - 0x000007feff6cf000 	C:\Windows\SYSTEM32\sechost.dll
0x000007fefefb0000 - 0x000007feff0dd000 	C:\Windows\system32\RPCRT4.dll
0x00000000774a0000 - 0x000000007759a000 	C:\Windows\system32\USER32.dll
0x000007feff720000 - 0x000007feff787000 	C:\Windows\system32\GDI32.dll
0x000007feff920000 - 0x000007feff92e000 	C:\Windows\system32\LPK.dll
0x000007fefeee0000 - 0x000007fefefa9000 	C:\Windows\system32\USP10.dll
0x000007fefbbf0000 - 0x000007fefbde4000 	C:\Windows\WinSxS\amd64_microsoft.windows.common-controls_6595b64144ccf1df_6.0.7601.18837_none_fa3b1e3d17594757\COMCTL32.dll
0x000007fefdfb0000 - 0x000007fefe021000 	C:\Windows\system32\SHLWAPI.dll
0x000007fefde70000 - 0x000007fefde9e000 	C:\Windows\system32\IMM32.DLL
0x000007fefdd60000 - 0x000007fefde69000 	C:\Windows\system32\MSCTF.dll
0x000000005fb90000 - 0x000000005fc62000 	C:\Program Files\Java\jdk1.7.0_51\jre\bin\msvcr100.dll
0x0000000051e40000 - 0x0000000052609000 	C:\Program Files\Java\jdk1.7.0_51\jre\bin\server\jvm.dll
0x000007fef9a40000 - 0x000007fef9a49000 	C:\Windows\system32\WSOCK32.dll
0x000007feff6d0000 - 0x000007feff71d000 	C:\Windows\system32\WS2_32.dll
0x000007fefdec0000 - 0x000007fefdec8000 	C:\Windows\system32\NSI.dll
0x000007fef9f90000 - 0x000007fef9fcb000 	C:\Windows\system32\WINMM.dll
0x0000000077880000 - 0x0000000077887000 	C:\Windows\system32\PSAPI.DLL
0x0000000060150000 - 0x000000006015f000 	C:\Program Files\Java\jdk1.7.0_51\jre\bin\verify.dll
0x00000000600e0000 - 0x0000000060108000 	C:\Program Files\Java\jdk1.7.0_51\jre\bin\java.dll
0x0000000060080000 - 0x0000000060095000 	C:\Program Files\Java\jdk1.7.0_51\jre\bin\zip.dll
0x0000000060040000 - 0x0000000060059000 	C:\Program Files\Java\jdk1.7.0_51\jre\bin\net.dll
0x000007fefcc40000 - 0x000007fefcc95000 	C:\Windows\system32\mswsock.dll
0x000007fefcc30000 - 0x000007fefcc37000 	C:\Windows\System32\wship6.dll
0x0000000060060000 - 0x0000000060071000 	C:\Program Files\Java\jdk1.7.0_51\jre\bin\nio.dll

VM Arguments:
jvm_args: -Djava.awt.headless=true -Xmx1024M -Dfile.encoding=windows-1252 -Duser.country=GB -Duser.language=en -Duser.variant 
java_command: com.android.dx.command.Main --dex --num-threads=4 --output C:\Users\NEEL\Indoor_Positioning_System_2.0\IndoorPositioningSystem2.0\app\build\intermediates\pre-dexed\debug\com.google.android.gms-play-services-wearable-8.3.0_332030ef1badccee009ce506a29c1dc34dc25ede.jar C:\Users\NEEL\Indoor_Positioning_System_2.0\IndoorPositioningSystem2.0\app\build\intermediates\exploded-aar\com.google.android.gms\play-services-wearable\8.3.0\jars\classes.jar
Launcher Type: SUN_STANDARD

Environment Variables:
PATH=C:\ProgramData\Oracle\Java\javapath;C:\oraclexe\app\oracle\product\11.2.0\server\bin;;C:\Program Files\Common Files\Microsoft Shared\Windows Live;C:\Program Files (x86)\Common Files\Microsoft Shared\Windows Live;c:\Program Files (x86)\Intel\iCLS Client\;c:\Program Files\Intel\iCLS Client\;C:\Program Files (x86)\AMD APP\bin\x86_64;C:\Program Files (x86)\AMD APP\bin\x86;C:\Windows\system32;C:\Windows;C:\Windows\System32\Wbem;C:\Windows\System32\WindowsPowerShell\v1.0\;C:\Program Files (x86)\ATI Technologies\ATI.ACE\Core-Static;C:\Program Files\Intel\Intel(R) Management Engine Components\DAL;C:\Program Files\Intel\Intel(R) Management Engine Components\IPT;C:\Program Files (x86)\Intel\Intel(R) Management Engine Components\DAL;C:\Program Files (x86)\Intel\Intel(R) Management Engine Components\IPT;C:\Program Files\Sony\VAIO Improvement\;C:\Program Files (x86)\Sony\VAIO Startup Setting Tool;C:\Program Files (x86)\Windows Live\Shared;C:\Program Files (x86)\Smart Projects\IsoBuster;C:\Program Files (x86)\Skype\Phone\
USERNAME=NEEL
OS=Windows_NT
PROCESSOR_IDENTIFIER=Intel64 Family 6 Model 58 Stepping 9, GenuineIntel



---------------  S Y S T E M  ---------------

OS: Windows 7 , 64 bit Build 7601 Service Pack 1

CPU:total 8 (4 cores per cpu, 2 threads per core) family 6 model 58 stepping 9, cmov, cx8, fxsr, mmx, sse, sse2, sse3, ssse3, sse4.1, sse4.2, popcnt, avx, aes, erms, ht, tsc, tscinvbit, tscinv

Memory: 4k page, physical 4163952k(194820k free), swap 6701768k(5136k free)

vm_info: Java HotSpot(TM) 64-Bit Server VM (24.51-b03) for windows-amd64 JRE (1.7.0_51-b13), built on Dec 18 2013 18:40:56 by "java_re" with unknown MS VC++:1600

time: Fri Nov 27 19:18:47 2015
elapsed time: 3 seconds

