#
# There is insufficient memory for the Java Runtime Environment to continue.
# Native memory allocation (malloc) failed to allocate 399120 bytes for Chunk::new
# Possible reasons:
#   The system is out of physical RAM or swap space
#   In 32 bit mode, the process size limit was hit
# Possible solutions:
#   Reduce memory load on the system
#   Increase physical memory or swap space
#   Check if swap backing store is full
#   Use 64 bit Java on a 64 bit OS
#   Decrease Java heap size (-Xmx/-Xms)
#   Decrease number of Java threads
#   Decrease Java thread stack sizes (-Xss)
#   Set larger code cache with -XX:ReservedCodeCacheSize=
# This output file may be truncated or incomplete.
#
#  Out of Memory Error (allocation.cpp:323), pid=6576, tid=8572
#
# JRE version: Java(TM) SE Runtime Environment (7.0_51-b13) (build 1.7.0_51-b13)
# Java VM: Java HotSpot(TM) 64-Bit Server VM (24.51-b03 mixed mode windows-amd64 compressed oops)
# Failed to write core dump. Minidumps are not enabled by default on client versions of Windows
#

---------------  T H R E A D  ---------------

Current thread (0x0000000008c31800):  JavaThread "C2 CompilerThread0" daemon [_thread_in_native, id=8572, stack(0x000000000b050000,0x000000000b150000)]

Stack: [0x000000000b050000,0x000000000b150000]

Current CompileTask:
C2:   2480  218             com.android.dx.ssa.SCCP::run (298 bytes)


---------------  P R O C E S S  ---------------

Java Threads: ( => current thread )
  0x0000000009fcf000 JavaThread "pool-1-thread-4" [_thread_blocked, id=4552, stack(0x000000000ba90000,0x000000000bb90000)]
  0x0000000009f8a000 JavaThread "pool-1-thread-3" [_thread_blocked, id=8092, stack(0x000000000bd20000,0x000000000be20000)]
  0x0000000009fcb000 JavaThread "pool-1-thread-2" [_thread_blocked, id=4632, stack(0x000000000bf70000,0x000000000c070000)]
  0x0000000009fa8000 JavaThread "pool-2-thread-1" [_thread_blocked, id=3832, stack(0x000000000be30000,0x000000000bf30000)]
  0x0000000009f1e000 JavaThread "pool-1-thread-1" [_thread_blocked, id=8612, stack(0x000000000bb90000,0x000000000bc90000)]
  0x0000000008c38000 JavaThread "Service Thread" daemon [_thread_blocked, id=964, stack(0x000000000b680000,0x000000000b780000)]
  0x0000000008c36000 JavaThread "C2 CompilerThread1" daemon [_thread_blocked, id=4376, stack(0x000000000b520000,0x000000000b620000)]
=>0x0000000008c31800 JavaThread "C2 CompilerThread0" daemon [_thread_in_native, id=8572, stack(0x000000000b050000,0x000000000b150000)]
  0x0000000008c31000 JavaThread "Attach Listener" daemon [_thread_blocked, id=8348, stack(0x000000000b360000,0x000000000b460000)]
  0x0000000008c30000 JavaThread "Signal Dispatcher" daemon [_thread_blocked, id=8532, stack(0x000000000b1b0000,0x000000000b2b0000)]
  0x00000000021ea000 JavaThread "Finalizer" daemon [_thread_blocked, id=1904, stack(0x000000000af50000,0x000000000b050000)]
  0x0000000008c1e800 JavaThread "Reference Handler" daemon [_thread_blocked, id=2432, stack(0x000000000ae40000,0x000000000af40000)]
  0x00000000020ee800 JavaThread "main" [_thread_blocked, id=2188, stack(0x0000000002440000,0x0000000002540000)]

Other Threads:
  0x0000000009c93800 VMThread [stack: 0x000000000ac20000,0x000000000ad20000] [id=4440]
  0x0000000008c3d000 WatcherThread [stack: 0x000000000ad20000,0x000000000ae20000] [id=3596]

VM state:at safepoint (normal execution)

VM Mutex/Monitor currently owned by a thread:  ([mutex/lock_event])
[0x00000000020ec730] Threads_lock - owner thread: 0x0000000009c93800
[0x00000000020ecc30] Heap_lock - owner thread: 0x0000000009fcf000

Heap
 PSYoungGen      total 36352K, used 36320K [0x00000000eaa80000, 0x00000000ed080000, 0x0000000100000000)
  eden space 33792K, 100% used [0x00000000eaa80000,0x00000000ecb80000,0x00000000ecb80000)
  from space 2560K, 98% used [0x00000000ece00000,0x00000000ed078028,0x00000000ed080000)
  to   space 2560K, 99% used [0x00000000ecb80000,0x00000000ecdfc058,0x00000000ece00000)
 ParOldGen       total 43008K, used 7823K [0x00000000c0000000, 0x00000000c2a00000, 0x00000000eaa80000)
  object space 43008K, 18% used [0x00000000c0000000,0x00000000c07a3f40,0x00000000c2a00000)
 PSPermGen       total 21504K, used 5820K [0x00000000bae00000, 0x00000000bc300000, 0x00000000c0000000)
  object space 21504K, 27% used [0x00000000bae00000,0x00000000bb3af2d0,0x00000000bc300000)

Card table byte_map: [0x0000000005540000,0x0000000005770000] byte_map_base: 0x0000000004f69000

Polling page: 0x0000000000330000

Code Cache  [0x0000000002540000, 0x00000000027b0000, 0x0000000005540000)
 total_blobs=473 nmethods=236 adapters=189 free_code_cache=48148Kb largest_free_block=49267456

Compilation events (10 events):
Event: 2.181 Thread 0x0000000008c36000 nmethod 233 0x000000000263bad0 code [0x000000000263bda0, 0x000000000263db68]
Event: 2.181 Thread 0x0000000008c36000  234             java.util.TreeMap::getEntry (84 bytes)
Event: 2.183 Thread 0x0000000008c36000 nmethod 234 0x0000000002624690 code [0x00000000026247e0, 0x0000000002624918]
Event: 2.183 Thread 0x0000000008c36000  235             com.android.dx.rop.code.RegisterSpecList::set (7 bytes)
Event: 2.184 Thread 0x0000000008c36000 nmethod 235 0x00000000026242d0 code [0x0000000002624420, 0x0000000002624518]
Event: 2.184 Thread 0x0000000008c36000  236             com.android.dx.ssa.SsaBasicBlock::newFromRop (183 bytes)
Event: 2.234 Thread 0x0000000008c36000 nmethod 236 0x0000000002640cd0 code [0x0000000002640f60, 0x00000000026424a0]
Event: 2.235 Thread 0x0000000008c36000  237             com.android.dx.rop.code.RegisterSpecSet::size (49 bytes)
Event: 2.237 Thread 0x0000000008c36000 nmethod 237 0x0000000002623fd0 code [0x0000000002624100, 0x0000000002624238]
Event: 2.237 Thread 0x0000000008c36000  238             com.android.dx.ssa.LocalVariableExtractor::processBlock (383 bytes)

GC Heap History (5 events):
Event: 0.838 GC heap before
{Heap before GC invocations=1 (full 0):
 PSYoungGen      total 19456K, used 16896K [0x00000000eaa80000, 0x00000000ec000000, 0x0000000100000000)
  eden space 16896K, 100% used [0x00000000eaa80000,0x00000000ebb00000,0x00000000ebb00000)
  from space 2560K, 0% used [0x00000000ebd80000,0x00000000ebd80000,0x00000000ec000000)
  to   space 2560K, 0% used [0x00000000ebb00000,0x00000000ebb00000,0x00000000ebd80000)
 ParOldGen       total 43008K, used 0K [0x00000000c0000000, 0x00000000c2a00000, 0x00000000eaa80000)
  object space 43008K, 0% used [0x00000000c0000000,0x00000000c0000000,0x00000000c2a00000)
 PSPermGen       total 21504K, used 5498K [0x00000000bae00000, 0x00000000bc300000, 0x00000000c0000000)
  object space 21504K, 25% used [0x00000000bae00000,0x00000000bb35ea98,0x00000000bc300000)
Event: 0.904 GC heap after
Heap after GC invocations=1 (full 0):
 PSYoungGen      total 19456K, used 2536K [0x00000000eaa80000, 0x00000000ed080000, 0x0000000100000000)
  eden space 16896K, 0% used [0x00000000eaa80000,0x00000000eaa80000,0x00000000ebb00000)
  from space 2560K, 99% used [0x00000000ebb00000,0x00000000ebd7a110,0x00000000ebd80000)
  to   space 2560K, 0% used [0x00000000ece00000,0x00000000ece00000,0x00000000ed080000)
 ParOldGen       total 43008K, used 935K [0x00000000c0000000, 0x00000000c2a00000, 0x00000000eaa80000)
  object space 43008K, 2% used [0x00000000c0000000,0x00000000c00e9e38,0x00000000c2a00000)
 PSPermGen       total 21504K, used 5498K [0x00000000bae00000, 0x00000000bc300000, 0x00000000c0000000)
  object space 21504K, 25% used [0x00000000bae00000,0x00000000bb35ea98,0x00000000bc300000)
}
Event: 1.480 GC heap before
{Heap before GC invocations=2 (full 0):
 PSYoungGen      total 19456K, used 19432K [0x00000000eaa80000, 0x00000000ed080000, 0x0000000100000000)
  eden space 16896K, 100% used [0x00000000eaa80000,0x00000000ebb00000,0x00000000ebb00000)
  from space 2560K, 99% used [0x00000000ebb00000,0x00000000ebd7a110,0x00000000ebd80000)
  to   space 2560K, 0% used [0x00000000ece00000,0x00000000ece00000,0x00000000ed080000)
 ParOldGen       total 43008K, used 935K [0x00000000c0000000, 0x00000000c2a00000, 0x00000000eaa80000)
  object space 43008K, 2% used [0x00000000c0000000,0x00000000c00e9e38,0x00000000c2a00000)
 PSPermGen       total 21504K, used 5741K [0x00000000bae00000, 0x00000000bc300000, 0x00000000c0000000)
  object space 21504K, 26% used [0x00000000bae00000,0x00000000bb39b490,0x00000000bc300000)
Event: 1.516 GC heap after
Heap after GC invocations=2 (full 0):
 PSYoungGen      total 36352K, used 2528K [0x00000000eaa80000, 0x00000000ed080000, 0x0000000100000000)
  eden space 33792K, 0% used [0x00000000eaa80000,0x00000000eaa80000,0x00000000ecb80000)
  from space 2560K, 98% used [0x00000000ece00000,0x00000000ed078028,0x00000000ed080000)
  to   space 2560K, 0% used [0x00000000ecb80000,0x00000000ecb80000,0x00000000ece00000)
 ParOldGen       total 43008K, used 2855K [0x00000000c0000000, 0x00000000c2a00000, 0x00000000eaa80000)
  object space 43008K, 6% used [0x00000000c0000000,0x00000000c02c9e58,0x00000000c2a00000)
 PSPermGen       total 21504K, used 5741K [0x00000000bae00000, 0x00000000bc300000, 0x00000000c0000000)
  object space 21504K, 26% used [0x00000000bae00000,0x00000000bb39b490,0x00000000bc300000)
}
Event: 2.337 GC heap before
{Heap before GC invocations=3 (full 0):
 PSYoungGen      total 36352K, used 36320K [0x00000000eaa80000, 0x00000000ed080000, 0x0000000100000000)
  eden space 33792K, 100% used [0x00000000eaa80000,0x00000000ecb80000,0x00000000ecb80000)
  from space 2560K, 98% used [0x00000000ece00000,0x00000000ed078028,0x00000000ed080000)
  to   space 2560K, 0% used [0x00000000ecb80000,0x00000000ecb80000,0x00000000ece00000)
 ParOldGen       total 43008K, used 2855K [0x00000000c0000000, 0x00000000c2a00000, 0x00000000eaa80000)
  object space 43008K, 6% used [0x00000000c0000000,0x00000000c02c9e58,0x00000000c2a00000)
 PSPermGen       total 21504K, used 5820K [0x00000000bae00000, 0x00000000bc300000, 0x00000000c0000000)
  object space 21504K, 27% used [0x00000000bae00000,0x00000000bb3af2d0,0x00000000bc300000)

Deoptimization events (10 events):
Event: 1.431 Thread 0x00000000020ee800 Uncommon trap: reason=class_check action=maybe_recompile pc=0x00000000025db038 method=com.android.dx.ssa.NormalSsaInsn.accept(Lcom/android/dx/ssa/SsaInsn$Visitor;)V @ 9
Event: 1.452 Thread 0x0000000009fcf000 Uncommon trap: reason=class_check action=maybe_recompile pc=0x00000000025db038 method=com.android.dx.ssa.NormalSsaInsn.accept(Lcom/android/dx/ssa/SsaInsn$Visitor;)V @ 9
Event: 1.476 Thread 0x0000000009fcb000 Uncommon trap: reason=null_check action=make_not_entrant pc=0x00000000025ffa04 method=com.android.dx.rop.code.RegisterSpec.equals(Ljava/lang/Object;)Z @ 1
Event: 1.541 Thread 0x0000000009f1e000 Uncommon trap: reason=class_check action=maybe_recompile pc=0x00000000025db038 method=com.android.dx.ssa.NormalSsaInsn.accept(Lcom/android/dx/ssa/SsaInsn$Visitor;)V @ 9
Event: 1.693 Thread 0x0000000009f1e000 Uncommon trap: reason=class_check action=maybe_recompile pc=0x00000000025db038 method=com.android.dx.ssa.NormalSsaInsn.accept(Lcom/android/dx/ssa/SsaInsn$Visitor;)V @ 9
Event: 1.698 Thread 0x0000000009f1e000 Uncommon trap: reason=class_check action=maybe_recompile pc=0x00000000025bc980 method=com.android.dx.ssa.NormalSsaInsn.accept(Lcom/android/dx/ssa/SsaInsn$Visitor;)V @ 9
Event: 1.806 Thread 0x0000000009f1e000 Uncommon trap: reason=unreached action=reinterpret pc=0x00000000025d6a04 method=com.android.dx.rop.cst.Constant.compareTo(Lcom/android/dx/rop/cst/Constant;)I @ 12
Event: 2.100 Thread 0x0000000009fcf000 Uncommon trap: reason=class_check action=maybe_recompile pc=0x000000000261b4f0 method=com.android.dx.ssa.SCCP.simulateBranch(Lcom/android/dx/ssa/SsaInsn;)V @ 145
Event: 2.104 Thread 0x0000000009fcf000 Uncommon trap: reason=class_check action=maybe_recompile pc=0x000000000261b4f0 method=com.android.dx.ssa.SCCP.simulateBranch(Lcom/android/dx/ssa/SsaInsn;)V @ 145
Event: 2.265 Thread 0x0000000009f8a000 Uncommon trap: reason=class_check action=maybe_recompile pc=0x000000000261b4f0 method=com.android.dx.ssa.SCCP.simulateBranch(Lcom/android/dx/ssa/SsaInsn;)V @ 145

Internal exceptions (10 events):
Event: 0.711 Thread 0x00000000020ee800 Threw 0x00000000eb861930 at C:\re\jdk7u51\527\hotspot\src\share\vm\prims\jvm.cpp:1244
Event: 0.777 Thread 0x00000000020ee800 Threw 0x00000000ebaf0a48 at C:\re\jdk7u51\527\hotspot\src\share\vm\prims\jvm.cpp:1244
Event: 0.779 Thread 0x00000000020ee800 Threw 0x00000000ebafda30 at C:\re\jdk7u51\527\hotspot\src\share\vm\prims\jvm.cpp:1244
Event: 0.923 Thread 0x00000000020ee800 Threw 0x00000000eab5d7e0 at C:\re\jdk7u51\527\hotspot\src\share\vm\prims\jvm.cpp:1244
Event: 0.944 Thread 0x0000000009fcf000 Implicit null exception at 0x00000000025c53a1 to 0x00000000025c56f9
Event: 1.397 Thread 0x00000000020ee800 Threw 0x00000000eb1b9598 at C:\re\jdk7u51\527\hotspot\src\share\vm\prims\jvm.cpp:1244
Event: 1.419 Thread 0x00000000020ee800 Threw 0x00000000eb4c47e8 at C:\re\jdk7u51\527\hotspot\src\share\vm\prims\jvm.cpp:1244
Event: 1.424 Thread 0x00000000020ee800 Threw 0x00000000eb4e9068 at C:\re\jdk7u51\527\hotspot\src\share\vm\prims\jvm.cpp:1244
Event: 1.476 Thread 0x0000000009fcb000 Implicit null exception at 0x00000000025fec32 to 0x00000000025ff9d9
Event: 1.797 Thread 0x0000000009f8a000 Threw 0x00000000eb411ab8 at C:\re\jdk7u51\527\hotspot\src\share\vm\prims\jvm.cpp:1244

Events (10 events):
Event: 2.100 Thread 0x0000000009fcf000 Uncommon trap: trap_request=0xffffffde fr.pc=0x000000000261b4f0
Event: 2.100 Thread 0x0000000009fcf000 DEOPT PACKING pc=0x000000000261b4f0 sp=0x000000000bb8eb00
Event: 2.101 Thread 0x0000000009fcf000 DEOPT UNPACKING pc=0x00000000025775a4 sp=0x000000000bb8ea98 mode 2
Event: 2.104 Thread 0x0000000009fcf000 Uncommon trap: trap_request=0xffffffde fr.pc=0x000000000261b4f0
Event: 2.104 Thread 0x0000000009fcf000 DEOPT PACKING pc=0x000000000261b4f0 sp=0x000000000bb8eb70
Event: 2.104 Thread 0x0000000009fcf000 DEOPT UNPACKING pc=0x00000000025775a4 sp=0x000000000bb8eb08 mode 2
Event: 2.265 Thread 0x0000000009f8a000 Uncommon trap: trap_request=0xffffffde fr.pc=0x000000000261b4f0
Event: 2.265 Thread 0x0000000009f8a000 DEOPT PACKING pc=0x000000000261b4f0 sp=0x000000000be1e9c0
Event: 2.265 Thread 0x0000000009f8a000 DEOPT UNPACKING pc=0x00000000025775a4 sp=0x000000000be1e958 mode 2
Event: 2.287 Executing VM operation: ParallelGCFailedAllocation


Dynamic libraries:
0x000000013f9f0000 - 0x000000013fa23000 	C:\Program Files\Java\jdk1.7.0_51\bin\java.exe
0x00000000779e0000 - 0x0000000077b89000 	C:\Windows\SYSTEM32\ntdll.dll
0x00000000777c0000 - 0x00000000778e0000 	C:\Windows\system32\kernel32.dll
0x000007fefd9d0000 - 0x000007fefda3c000 	C:\Windows\system32\KERNELBASE.dll
0x000007fefec70000 - 0x000007fefed4b000 	C:\Windows\system32\ADVAPI32.dll
0x000007feff630000 - 0x000007feff6cf000 	C:\Windows\system32\msvcrt.dll
0x000007feff610000 - 0x000007feff62f000 	C:\Windows\SYSTEM32\sechost.dll
0x000007feff9b0000 - 0x000007feffadd000 	C:\Windows\system32\RPCRT4.dll
0x00000000778e0000 - 0x00000000779da000 	C:\Windows\system32\USER32.dll
0x000007feff270000 - 0x000007feff2d7000 	C:\Windows\system32\GDI32.dll
0x000007fefedb0000 - 0x000007fefedbe000 	C:\Windows\system32\LPK.dll
0x000007feff4c0000 - 0x000007feff589000 	C:\Windows\system32\USP10.dll
0x000007fefbd40000 - 0x000007fefbf34000 	C:\Windows\WinSxS\amd64_microsoft.windows.common-controls_6595b64144ccf1df_6.0.7601.18837_none_fa3b1e3d17594757\COMCTL32.dll
0x000007feff590000 - 0x000007feff601000 	C:\Windows\system32\SHLWAPI.dll
0x000007feff7f0000 - 0x000007feff81e000 	C:\Windows\system32\IMM32.DLL
0x000007fefdb40000 - 0x000007fefdc49000 	C:\Windows\system32\MSCTF.dll
0x000000005d120000 - 0x000000005d1f2000 	C:\Program Files\Java\jdk1.7.0_51\jre\bin\msvcr100.dll
0x000000005eb30000 - 0x000000005f2f9000 	C:\Program Files\Java\jdk1.7.0_51\jre\bin\server\jvm.dll
0x000007feeba80000 - 0x000007feeba89000 	C:\Windows\system32\WSOCK32.dll
0x000007fefed60000 - 0x000007fefedad000 	C:\Windows\system32\WS2_32.dll
0x000007fefed50000 - 0x000007fefed58000 	C:\Windows\system32\NSI.dll
0x000007fefaa90000 - 0x000007fefaacb000 	C:\Windows\system32\WINMM.dll
0x0000000077ba0000 - 0x0000000077ba7000 	C:\Windows\system32\PSAPI.DLL
0x000000006c7a0000 - 0x000000006c7af000 	C:\Program Files\Java\jdk1.7.0_51\jre\bin\verify.dll
0x0000000064c80000 - 0x0000000064ca8000 	C:\Program Files\Java\jdk1.7.0_51\jre\bin\java.dll
0x0000000064c60000 - 0x0000000064c75000 	C:\Program Files\Java\jdk1.7.0_51\jre\bin\zip.dll
0x000000006c3a0000 - 0x000000006c3b9000 	C:\Program Files\Java\jdk1.7.0_51\jre\bin\net.dll
0x000007fefcf60000 - 0x000007fefcfb5000 	C:\Windows\system32\mswsock.dll
0x000007fefcf50000 - 0x000007fefcf57000 	C:\Windows\System32\wship6.dll
0x0000000064c40000 - 0x0000000064c51000 	C:\Program Files\Java\jdk1.7.0_51\jre\bin\nio.dll

VM Arguments:
jvm_args: -Djava.awt.headless=true -Xmx1024M -Dfile.encoding=windows-1252 -Duser.country=GB -Duser.language=en -Duser.variant 
java_command: com.android.dx.command.Main --dex --num-threads=4 --output C:\Users\NEEL\Indoor_Positioning_System_2.0\IndoorPositioningSystem2.0\app\build\intermediates\pre-dexed\debug\com.google.android.gms-play-services-analytics-8.3.0_9ecd4e860401b4648190baa6350fd17979385a20.jar C:\Users\NEEL\Indoor_Positioning_System_2.0\IndoorPositioningSystem2.0\app\build\intermediates\exploded-aar\com.google.android.gms\play-services-analytics\8.3.0\jars\classes.jar
Launcher Type: SUN_STANDARD

Environment Variables:
PATH=C:\ProgramData\Oracle\Java\javapath;C:\oraclexe\app\oracle\product\11.2.0\server\bin;;C:\Program Files\Common Files\Microsoft Shared\Windows Live;C:\Program Files (x86)\Common Files\Microsoft Shared\Windows Live;c:\Program Files (x86)\Intel\iCLS Client\;c:\Program Files\Intel\iCLS Client\;C:\Program Files (x86)\AMD APP\bin\x86_64;C:\Program Files (x86)\AMD APP\bin\x86;C:\Windows\system32;C:\Windows;C:\Windows\System32\Wbem;C:\Windows\System32\WindowsPowerShell\v1.0\;C:\Program Files (x86)\ATI Technologies\ATI.ACE\Core-Static;C:\Program Files\Intel\Intel(R) Management Engine Components\DAL;C:\Program Files\Intel\Intel(R) Management Engine Components\IPT;C:\Program Files (x86)\Intel\Intel(R) Management Engine Components\DAL;C:\Program Files (x86)\Intel\Intel(R) Management Engine Components\IPT;C:\Program Files\Sony\VAIO Improvement\;C:\Program Files (x86)\Sony\VAIO Startup Setting Tool;C:\Program Files (x86)\Windows Live\Shared;C:\Program Files (x86)\Smart Projects\IsoBuster;C:\Program Files (x86)\Skype\Phone\
USERNAME=NEEL
OS=Windows_NT
PROCESSOR_IDENTIFIER=Intel64 Family 6 Model 58 Stepping 9, GenuineIntel



---------------  S Y S T E M  ---------------

OS: Windows 7 , 64 bit Build 7601 Service Pack 1

CPU:total 8 (4 cores per cpu, 2 threads per core) family 6 model 58 stepping 9, cmov, cx8, fxsr, mmx, sse, sse2, sse3, ssse3, sse4.1, sse4.2, popcnt, avx, aes, erms, ht, tsc, tscinvbit, tscinv

Memory: 4k page, physical 4163952k(926056k free), swap 4986392k(5120k free)

vm_info: Java HotSpot(TM) 64-Bit Server VM (24.51-b03) for windows-amd64 JRE (1.7.0_51-b13), built on Dec 18 2013 18:40:56 by "java_re" with unknown MS VC++:1600

time: Sun Nov 29 11:52:01 2015
elapsed time: 2 seconds

