#
# A fatal error has been detected by the Java Runtime Environment:
#
#  EXCEPTION_ACCESS_VIOLATION (0xc0000005) at pc=0x000000005ecfa677, pid=1748, tid=6656
#
# JRE version:  (7.0_51-b13) (build )
# Java VM: Java HotSpot(TM) 64-Bit Server VM (24.51-b03 mixed mode windows-amd64 compressed oops)
# Problematic frame:
# V  [jvm.dll+0x1ca677]
#
# Failed to write core dump. Minidumps are not enabled by default on client versions of Windows
#
# If you would like to submit a bug report, please visit:
#   http://bugreport.sun.com/bugreport/crash.jsp
#

---------------  T H R E A D  ---------------

Current thread (0x00000000002be800):  JavaThread "Unknown thread" [_thread_in_vm, id=6656, stack(0x00000000024b0000,0x00000000025b0000)]

siginfo: ExceptionCode=0xc0000005, writing address 0x00000000025a8be0

Registers:
RAX=0x00000000025a8be0, RBX=0x0000000000000007, RCX=0x0000000000006000, RDX=0x00000000024b9158
RSP=0x00000000025aebe0, RBP=0x0000000000000000, RSI=0x00000000025aebe0, RDI=0x0000000000000007
R8 =0x0000000000000009, R9 =0x00000000002be800, R10=0x00000000025aed88, R11=0x00000000025aeda0
R12=0x00000000025aeda0, R13=0x00000000025aec90, R14=0x00000000025aedb0, R15=0x00000000025c0780
RIP=0x000000005ecfa677, EFLAGS=0x0000000000010202

Top of Stack: (sp=0x00000000025aebe0)
0x00000000025aebe0:   00000000021ca4c0 00000000002b7d70
0x00000000025aebf0:   0000000000000005 0000000000000000
0x00000000025aec00:   0000000000000000 000000005ecfb1ba
0x00000000025aec10:   00000000025aef00 00000000021ca4c0
0x00000000025aec20:   00000000002be800 00000000002be800
0x00000000025aec30:   00000000000003d8 00000000021ca4b0
0x00000000025aec40:   00000000bae1e8e8 000000005ed73f98
0x00000000025aec50:   00000000bae1df01 00000000002be800
0x00000000025aec60:   0000000000000027 00000000002be800
0x00000000025aec70:   00000000002bdf80 000000005ed27534
0x00000000025aec80:   00000003c4b18a76 00000000021d22e8
0x00000000025aec90:   0000000000000000 00000000025aefa0
0x00000000025aeca0:   00000000025aed50 000000005eb7da95
0x00000000025aecb0:   0000000000000000 00000000002b7d70
0x00000000025aecc0:   0000000000000001 00000000025af180
0x00000000025aecd0:   0000000000000001 00000000088a32a0 

Instructions: (pc=0x000000005ecfa677)
0x000000005ecfa657:   48 89 6c 24 30 33 ed 66 90 e8 8b ac 07 00 ff c3
0x000000005ecfa667:   48 63 c8 48 8b c6 48 0f af cf 48 ff c7 48 2b c1
0x000000005ecfa677:   89 28 48 63 c3 48 3b 05 9d 60 52 00 7e db 48 8b
0x000000005ecfa687:   6c 24 30 48 8b 5c 24 38 48 8b 74 24 40 48 83 c4 


Register to memory mapping:

RAX=0x00000000025a8be0 is pointing into the stack for thread: 0x00000000002be800
RBX=0x0000000000000007 is an unknown value
RCX=0x0000000000006000 is an unknown value
RDX=0x00000000024b9158 is pointing into the stack for thread: 0x00000000002be800
RSP=0x00000000025aebe0 is pointing into the stack for thread: 0x00000000002be800
RBP=0x0000000000000000 is an unknown value
RSI=0x00000000025aebe0 is pointing into the stack for thread: 0x00000000002be800
RDI=0x0000000000000007 is an unknown value
R8 =0x0000000000000009 is an unknown value
R9 =0x00000000002be800 is a thread
R10=0x00000000025aed88 is pointing into the stack for thread: 0x00000000002be800
R11=0x00000000025aeda0 is pointing into the stack for thread: 0x00000000002be800
R12=0x00000000025aeda0 is pointing into the stack for thread: 0x00000000002be800
R13=0x00000000025aec90 is pointing into the stack for thread: 0x00000000002be800
R14=0x00000000025aedb0 is pointing into the stack for thread: 0x00000000002be800
R15=0x00000000025c0780 is at code_begin+0 in an Interpreter codelet
method entry point (kind = zerolocals)  [0x00000000025c0780, 0x00000000025c0a80]  768 bytes


Stack: [0x00000000024b0000,0x00000000025b0000],  sp=0x00000000025aebe0,  free space=1018k
Native frames: (J=compiled Java code, j=interpreted, Vv=VM code, C=native code)
V  [jvm.dll+0x1ca677]

[error occurred during error reporting (printing native stack), id 0xc0000005]

Java frames: (J=compiled Java code, j=interpreted, Vv=VM code)
j  java.lang.String.<clinit>()V+18
v  ~StubRoutines::call_stub

---------------  P R O C E S S  ---------------

Java Threads: ( => current thread )
=>0x00000000002be800 JavaThread "Unknown thread" [_thread_in_vm, id=6656, stack(0x00000000024b0000,0x00000000025b0000)]

Other Threads:
  0x0000000008a7d000 VMThread [stack: 0x000000000aac0000,0x000000000abc0000] [id=7440]

VM state:not at safepoint (normal execution)

VM Mutex/Monitor currently owned by a thread: None

Heap
 PSYoungGen      total 19456K, used 338K [0x00000000eaa80000, 0x00000000ec000000, 0x0000000100000000)
  eden space 16896K, 2% used [0x00000000eaa80000,0x00000000eaad4818,0x00000000ebb00000)
  from space 2560K, 0% used [0x00000000ebd80000,0x00000000ebd80000,0x00000000ec000000)
  to   space 2560K, 0% used [0x00000000ebb00000,0x00000000ebb00000,0x00000000ebd80000)
 ParOldGen       total 43008K, used 0K [0x00000000c0000000, 0x00000000c2a00000, 0x00000000eaa80000)
  object space 43008K, 0% used [0x00000000c0000000,0x00000000c0000000,0x00000000c2a00000)
 PSPermGen       total 21504K, used 691K [0x00000000bae00000, 0x00000000bc300000, 0x00000000c0000000)
  object space 21504K, 3% used [0x00000000bae00000,0x00000000baeacc50,0x00000000bc300000)

Card table byte_map: [0x00000000055b0000,0x00000000057e0000] byte_map_base: 0x0000000004fd9000

Polling page: 0x0000000000130000

Code Cache  [0x00000000025b0000, 0x0000000002820000, 0x00000000055b0000)
 total_blobs=56 nmethods=0 adapters=32 free_code_cache=48828Kb largest_free_block=49999552

Compilation events (0 events):
No events

GC Heap History (0 events):
No events

Deoptimization events (0 events):
No events

Internal exceptions (0 events):
No events

Events (10 events):
Event: 0.025 loading class 0x00000000088a11e0 done
Event: 0.025 loading class 0x00000000088a0e00
Event: 0.025 loading class 0x00000000088a0e00 done
Event: 0.026 Thread 0x00000000002be800 Thread added: 0x00000000002be800
Event: 0.226 loading class 0x00000000088a68f0
Event: 0.226 loading class 0x00000000088a68f0 done
Event: 0.226 loading class 0x00000000088a69f0
Event: 0.226 loading class 0x00000000088a6ab0
Event: 0.226 loading class 0x00000000088a6ab0 done
Event: 0.226 loading class 0x00000000088a69f0 done


Dynamic libraries:
0x000000013fb70000 - 0x000000013fba3000 	C:\Program Files\Java\jdk1.7.0_51\bin\java.exe
0x00000000779e0000 - 0x0000000077b89000 	C:\Windows\SYSTEM32\ntdll.dll
0x00000000777c0000 - 0x00000000778e0000 	C:\Windows\system32\kernel32.dll
0x000007fefd9d0000 - 0x000007fefda3c000 	C:\Windows\system32\KERNELBASE.dll
0x000007fefec70000 - 0x000007fefed4b000 	C:\Windows\system32\ADVAPI32.dll
0x000007feff630000 - 0x000007feff6cf000 	C:\Windows\system32\msvcrt.dll
0x000007feff610000 - 0x000007feff62f000 	C:\Windows\SYSTEM32\sechost.dll
0x000007feff9b0000 - 0x000007feffadd000 	C:\Windows\system32\RPCRT4.dll
0x00000000778e0000 - 0x00000000779da000 	C:\Windows\system32\USER32.dll
0x000007feff270000 - 0x000007feff2d7000 	C:\Windows\system32\GDI32.dll
0x000007fefedb0000 - 0x000007fefedbe000 	C:\Windows\system32\LPK.dll
0x000007feff4c0000 - 0x000007feff589000 	C:\Windows\system32\USP10.dll
0x000007fefbd40000 - 0x000007fefbf34000 	C:\Windows\WinSxS\amd64_microsoft.windows.common-controls_6595b64144ccf1df_6.0.7601.18837_none_fa3b1e3d17594757\COMCTL32.dll
0x000007feff590000 - 0x000007feff601000 	C:\Windows\system32\SHLWAPI.dll
0x000007feff7f0000 - 0x000007feff81e000 	C:\Windows\system32\IMM32.DLL
0x000007fefdb40000 - 0x000007fefdc49000 	C:\Windows\system32\MSCTF.dll
0x0000000073de0000 - 0x0000000073eb2000 	C:\Program Files\Java\jdk1.7.0_51\jre\bin\msvcr100.dll
0x000000005eb30000 - 0x000000005f2f9000 	C:\Program Files\Java\jdk1.7.0_51\jre\bin\server\jvm.dll
0x000007feeba80000 - 0x000007feeba89000 	C:\Windows\system32\WSOCK32.dll
0x000007fefed60000 - 0x000007fefedad000 	C:\Windows\system32\WS2_32.dll
0x000007fefed50000 - 0x000007fefed58000 	C:\Windows\system32\NSI.dll
0x000007fefaa90000 - 0x000007fefaacb000 	C:\Windows\system32\WINMM.dll
0x0000000077ba0000 - 0x0000000077ba7000 	C:\Windows\system32\PSAPI.DLL
0x000000006c7a0000 - 0x000000006c7af000 	C:\Program Files\Java\jdk1.7.0_51\jre\bin\verify.dll
0x0000000064c80000 - 0x0000000064ca8000 	C:\Program Files\Java\jdk1.7.0_51\jre\bin\java.dll
0x0000000064c60000 - 0x0000000064c75000 	C:\Program Files\Java\jdk1.7.0_51\jre\bin\zip.dll

VM Arguments:
jvm_args: -Djava.awt.headless=true -Xmx1024M -Dfile.encoding=windows-1252 -Duser.country=GB -Duser.language=en -Duser.variant 
java_command: com.android.dx.command.Main --dex --num-threads=4 --output C:\Users\NEEL\Indoor_Positioning_System_2.0\IndoorPositioningSystem2.0\app\build\intermediates\pre-dexed\debug\com.google.android.gms-play-services-fitness-8.3.0_b65b20c659ec8c52312305e3b6a07e7a3c8417fc.jar C:\Users\NEEL\Indoor_Positioning_System_2.0\IndoorPositioningSystem2.0\app\build\intermediates\exploded-aar\com.google.android.gms\play-services-fitness\8.3.0\jars\classes.jar
Launcher Type: SUN_STANDARD

Environment Variables:



---------------  S Y S T E M  ---------------

OS: Windows 7 , 64 bit Build 7601 Service Pack 1

CPU:total 8 (4 cores per cpu, 2 threads per core) family 6 model 58 stepping 9, cmov, cx8, fxsr, mmx, sse, sse2, sse3, ssse3, sse4.1, sse4.2, popcnt, avx, aes, erms, ht, tsc, tscinvbit, tscinv

Memory: 4k page, physical 4163952k(1443280k free), swap 4986392k(5092k free)

vm_info: Java HotSpot(TM) 64-Bit Server VM (24.51-b03) for windows-amd64 JRE (1.7.0_51-b13), built on Dec 18 2013 18:40:56 by "java_re" with unknown MS VC++:1600

time: Sun Nov 29 11:53:17 2015
elapsed time: 0 seconds

