#
# There is insufficient memory for the Java Runtime Environment to continue.
# Native memory allocation (malloc) failed to allocate 365456 bytes for Chunk::new
# Possible reasons:
#   The system is out of physical RAM or swap space
#   In 32 bit mode, the process size limit was hit
# Possible solutions:
#   Reduce memory load on the system
#   Increase physical memory or swap space
#   Check if swap backing store is full
#   Use 64 bit Java on a 64 bit OS
#   Decrease Java heap size (-Xmx/-Xms)
#   Decrease number of Java threads
#   Decrease Java thread stack sizes (-Xss)
#   Set larger code cache with -XX:ReservedCodeCacheSize=
# This output file may be truncated or incomplete.
#
#  Out of Memory Error (allocation.cpp:323), pid=3096, tid=3084
#
# JRE version: Java(TM) SE Runtime Environment (7.0_51-b13) (build 1.7.0_51-b13)
# Java VM: Java HotSpot(TM) 64-Bit Server VM (24.51-b03 mixed mode windows-amd64 compressed oops)
# Failed to write core dump. Minidumps are not enabled by default on client versions of Windows
#

---------------  T H R E A D  ---------------

Current thread (0x0000000008de2000):  JavaThread "C2 CompilerThread0" daemon [_thread_in_native, id=3084, stack(0x000000000b690000,0x000000000b790000)]

Stack: [0x000000000b690000,0x000000000b790000]

Current CompileTask:
C2:   2686  165             com.android.dx.ssa.Dominators::run (506 bytes)


---------------  P R O C E S S  ---------------

Java Threads: ( => current thread )
  0x000000000a040000 JavaThread "pool-1-thread-4" [_thread_in_vm, id=4400, stack(0x000000000c4a0000,0x000000000c5a0000)]
  0x000000000a027000 JavaThread "pool-2-thread-1" [_thread_blocked, id=1136, stack(0x000000000c090000,0x000000000c190000)]
  0x0000000008de8000 JavaThread "Service Thread" daemon [_thread_blocked, id=6820, stack(0x000000000b8e0000,0x000000000b9e0000)]
  0x0000000008de6000 JavaThread "C2 CompilerThread1" daemon [_thread_blocked, id=3996, stack(0x000000000b580000,0x000000000b680000)]
=>0x0000000008de2000 JavaThread "C2 CompilerThread0" daemon [_thread_in_native, id=3084, stack(0x000000000b690000,0x000000000b790000)]
  0x0000000008de1000 JavaThread "Attach Listener" daemon [_thread_blocked, id=8044, stack(0x000000000af30000,0x000000000b030000)]
  0x0000000008de0000 JavaThread "Signal Dispatcher" daemon [_thread_blocked, id=8796, stack(0x000000000b440000,0x000000000b540000)]
  0x00000000022ae800 JavaThread "Finalizer" daemon [_thread_blocked, id=5556, stack(0x000000000b1f0000,0x000000000b2f0000)]
  0x0000000008dcf800 JavaThread "Reference Handler" daemon [_thread_blocked, id=2880, stack(0x000000000b090000,0x000000000b190000)]
  0x000000000034e800 JavaThread "main" [_thread_blocked, id=6224, stack(0x0000000002590000,0x0000000002690000)]

Other Threads:
  0x0000000008dcd000 VMThread [stack: 0x000000000ae00000,0x000000000af00000] [id=6312]
  0x0000000008ded800 WatcherThread [stack: 0x000000000ba20000,0x000000000bb20000] [id=7936]

VM state:not at safepoint (normal execution)

VM Mutex/Monitor currently owned by a thread: None

Heap
 PSYoungGen      total 19456K, used 8326K [0x00000000eaa80000, 0x00000000ed080000, 0x0000000100000000)
  eden space 16896K, 34% used [0x00000000eaa80000,0x00000000eb028338,0x00000000ebb00000)
  from space 2560K, 98% used [0x00000000ebb00000,0x00000000ebd797a0,0x00000000ebd80000)
  to   space 2560K, 0% used [0x00000000ece00000,0x00000000ece00000,0x00000000ed080000)
 ParOldGen       total 43008K, used 2180K [0x00000000c0000000, 0x00000000c2a00000, 0x00000000eaa80000)
  object space 43008K, 5% used [0x00000000c0000000,0x00000000c02211f8,0x00000000c2a00000)
 PSPermGen       total 21504K, used 5700K [0x00000000bae00000, 0x00000000bc300000, 0x00000000c0000000)
  object space 21504K, 26% used [0x00000000bae00000,0x00000000bb391020,0x00000000bc300000)

Card table byte_map: [0x0000000005690000,0x00000000058c0000] byte_map_base: 0x00000000050b9000

Polling page: 0x0000000000130000

Code Cache  [0x0000000002690000, 0x0000000002900000, 0x0000000005690000)
 total_blobs=416 nmethods=179 adapters=189 free_code_cache=48395Kb largest_free_block=49522880

Compilation events (10 events):
Event: 2.626 Thread 0x0000000008de6000  176             java.util.HashMap::containsKey (14 bytes)
Event: 2.630 Thread 0x0000000008de6000 nmethod 176 0x000000000272e750 code [0x000000000272e8c0, 0x000000000272eac8]
Event: 2.630 Thread 0x0000000008de6000  177             com.android.dx.ssa.SsaMethod::bitSetFromLabelList (47 bytes)
Event: 2.637 Thread 0x0000000008de6000 nmethod 177 0x0000000002740050 code [0x00000000027401c0, 0x0000000002740608]
Event: 2.637 Thread 0x0000000008de6000  178             java.util.HashSet::contains (9 bytes)
Event: 2.641 Thread 0x0000000008de6000 nmethod 178 0x000000000272e010 code [0x000000000272e180, 0x000000000272e3c8]
Event: 2.641 Thread 0x0000000008de6000  179             com.android.dx.ssa.SsaMethod$2::addToUses (48 bytes)
Event: 2.670 Thread 0x0000000008de6000 nmethod 179 0x0000000002748350 code [0x0000000002748500, 0x0000000002748cd8]
Event: 2.670 Thread 0x0000000008de6000  180             java.lang.Object::equals (11 bytes)
Event: 2.670 Thread 0x0000000008de6000 nmethod 180 0x0000000002749b10 code [0x0000000002749c40, 0x0000000002749c98]

GC Heap History (2 events):
Event: 0.769 GC heap before
{Heap before GC invocations=1 (full 0):
 PSYoungGen      total 19456K, used 16896K [0x00000000eaa80000, 0x00000000ec000000, 0x0000000100000000)
  eden space 16896K, 100% used [0x00000000eaa80000,0x00000000ebb00000,0x00000000ebb00000)
  from space 2560K, 0% used [0x00000000ebd80000,0x00000000ebd80000,0x00000000ec000000)
  to   space 2560K, 0% used [0x00000000ebb00000,0x00000000ebb00000,0x00000000ebd80000)
 ParOldGen       total 43008K, used 0K [0x00000000c0000000, 0x00000000c2a00000, 0x00000000eaa80000)
  object space 43008K, 0% used [0x00000000c0000000,0x00000000c0000000,0x00000000c2a00000)
 PSPermGen       total 21504K, used 5606K [0x00000000bae00000, 0x00000000bc300000, 0x00000000c0000000)
  object space 21504K, 26% used [0x00000000bae00000,0x00000000bb379868,0x00000000bc300000)
Event: 2.033 GC heap after
Heap after GC invocations=1 (full 0):
 PSYoungGen      total 19456K, used 2533K [0x00000000eaa80000, 0x00000000ed080000, 0x0000000100000000)
  eden space 16896K, 0% used [0x00000000eaa80000,0x00000000eaa80000,0x00000000ebb00000)
  from space 2560K, 98% used [0x00000000ebb00000,0x00000000ebd797a0,0x00000000ebd80000)
  to   space 2560K, 0% used [0x00000000ece00000,0x00000000ece00000,0x00000000ed080000)
 ParOldGen       total 43008K, used 2180K [0x00000000c0000000, 0x00000000c2a00000, 0x00000000eaa80000)
  object space 43008K, 5% used [0x00000000c0000000,0x00000000c02211f8,0x00000000c2a00000)
 PSPermGen       total 21504K, used 5606K [0x00000000bae00000, 0x00000000bc300000, 0x00000000c0000000)
  object space 21504K, 26% used [0x00000000bae00000,0x00000000bb379868,0x00000000bc300000)
}

Deoptimization events (0 events):
No events

Internal exceptions (10 events):
Event: 0.540 Thread 0x0000000009fca800 Threw 0x00000000eb3bffd0 at C:\re\jdk7u51\527\hotspot\src\share\vm\prims\jvm.cpp:1244
Event: 0.560 Thread 0x0000000009ff6000 Threw 0x00000000eb4191a0 at C:\re\jdk7u51\527\hotspot\src\share\vm\prims\jvm.cpp:1244
Event: 0.587 Thread 0x000000000034e800 Threw 0x00000000eb5fbd40 at C:\re\jdk7u51\527\hotspot\src\share\vm\prims\jvm.cpp:1244
Event: 0.588 Thread 0x000000000034e800 Threw 0x00000000eb6010a0 at C:\re\jdk7u51\527\hotspot\src\share\vm\prims\jvm.cpp:1244
Event: 0.590 Thread 0x000000000034e800 Threw 0x00000000eb6048a0 at C:\re\jdk7u51\527\hotspot\src\share\vm\prims\jvm.cpp:1244
Event: 0.652 Thread 0x0000000009fea800 Threw 0x00000000eb7ab0f8 at C:\re\jdk7u51\527\hotspot\src\share\vm\prims\jvm.cpp:1244
Event: 2.050 Thread 0x0000000009fea800 Threw 0x00000000eaaf59d8 at C:\re\jdk7u51\527\hotspot\src\share\vm\prims\jvm.cpp:1244
Event: 2.140 Thread 0x0000000009fea800 Threw 0x00000000eabfadb0 at C:\re\jdk7u51\527\hotspot\src\share\vm\prims\jvm.cpp:1244
Event: 2.183 Thread 0x0000000009fea800 Threw 0x00000000eac005f0 at C:\re\jdk7u51\527\hotspot\src\share\vm\prims\jvm.cpp:1244
Event: 2.184 Thread 0x0000000009fea800 Threw 0x00000000eac05bb8 at C:\re\jdk7u51\527\hotspot\src\share\vm\prims\jvm.cpp:1244

Events (10 events):
Event: 2.184 loading class 0x000000000a1304f0 done
Event: 2.248 Thread 0x0000000009fea800 Thread exited: 0x0000000009fea800
Event: 2.493 Thread 0x0000000009fca800 Thread exited: 0x0000000009fca800
Event: 2.502 Thread 0x0000000009ff6000 Thread exited: 0x0000000009ff6000
Event: 2.533 loading class 0x0000000009e92c00
Event: 2.533 loading class 0x0000000009e92c00 done
Event: 2.533 loading class 0x0000000009e92bd0
Event: 2.533 loading class 0x0000000009e92bd0 done
Event: 2.533 Executing VM operation: Deoptimize
Event: 2.533 Executing VM operation: Deoptimize done


Dynamic libraries:
0x000000013fb70000 - 0x000000013fba3000 	C:\Program Files\Java\jdk1.7.0_51\bin\java.exe
0x00000000779e0000 - 0x0000000077b89000 	C:\Windows\SYSTEM32\ntdll.dll
0x00000000777c0000 - 0x00000000778e0000 	C:\Windows\system32\kernel32.dll
0x000007fefd9d0000 - 0x000007fefda3c000 	C:\Windows\system32\KERNELBASE.dll
0x000007fefec70000 - 0x000007fefed4b000 	C:\Windows\system32\ADVAPI32.dll
0x000007feff630000 - 0x000007feff6cf000 	C:\Windows\system32\msvcrt.dll
0x000007feff610000 - 0x000007feff62f000 	C:\Windows\SYSTEM32\sechost.dll
0x000007feff9b0000 - 0x000007feffadd000 	C:\Windows\system32\RPCRT4.dll
0x00000000778e0000 - 0x00000000779da000 	C:\Windows\system32\USER32.dll
0x000007feff270000 - 0x000007feff2d7000 	C:\Windows\system32\GDI32.dll
0x000007fefedb0000 - 0x000007fefedbe000 	C:\Windows\system32\LPK.dll
0x000007feff4c0000 - 0x000007feff589000 	C:\Windows\system32\USP10.dll
0x000007fefbd40000 - 0x000007fefbf34000 	C:\Windows\WinSxS\amd64_microsoft.windows.common-controls_6595b64144ccf1df_6.0.7601.18837_none_fa3b1e3d17594757\COMCTL32.dll
0x000007feff590000 - 0x000007feff601000 	C:\Windows\system32\SHLWAPI.dll
0x000007feff7f0000 - 0x000007feff81e000 	C:\Windows\system32\IMM32.DLL
0x000007fefdb40000 - 0x000007fefdc49000 	C:\Windows\system32\MSCTF.dll
0x0000000073de0000 - 0x0000000073eb2000 	C:\Program Files\Java\jdk1.7.0_51\jre\bin\msvcr100.dll
0x000000005eb30000 - 0x000000005f2f9000 	C:\Program Files\Java\jdk1.7.0_51\jre\bin\server\jvm.dll
0x000007feeba80000 - 0x000007feeba89000 	C:\Windows\system32\WSOCK32.dll
0x000007fefed60000 - 0x000007fefedad000 	C:\Windows\system32\WS2_32.dll
0x000007fefed50000 - 0x000007fefed58000 	C:\Windows\system32\NSI.dll
0x000007fefaa90000 - 0x000007fefaacb000 	C:\Windows\system32\WINMM.dll
0x0000000077ba0000 - 0x0000000077ba7000 	C:\Windows\system32\PSAPI.DLL
0x000000006c7a0000 - 0x000000006c7af000 	C:\Program Files\Java\jdk1.7.0_51\jre\bin\verify.dll
0x0000000064c80000 - 0x0000000064ca8000 	C:\Program Files\Java\jdk1.7.0_51\jre\bin\java.dll
0x0000000064c60000 - 0x0000000064c75000 	C:\Program Files\Java\jdk1.7.0_51\jre\bin\zip.dll
0x000000006c3a0000 - 0x000000006c3b9000 	C:\Program Files\Java\jdk1.7.0_51\jre\bin\net.dll
0x000007fefcf60000 - 0x000007fefcfb5000 	C:\Windows\system32\mswsock.dll
0x000007fefcf50000 - 0x000007fefcf57000 	C:\Windows\System32\wship6.dll
0x0000000064c40000 - 0x0000000064c51000 	C:\Program Files\Java\jdk1.7.0_51\jre\bin\nio.dll

VM Arguments:
jvm_args: -Djava.awt.headless=true -Xmx1024M -Dfile.encoding=windows-1252 -Duser.country=GB -Duser.language=en -Duser.variant 
java_command: com.android.dx.command.Main --dex --num-threads=4 --output C:\Users\NEEL\Indoor_Positioning_System_2.0\IndoorPositioningSystem2.0\app\build\intermediates\pre-dexed\debug\com.davemorrissey.labs-subsampling-scale-image-view-3.4.1_dc70a4477fae904349d9ed6c36c3fac4c979903f.jar C:\Users\NEEL\Indoor_Positioning_System_2.0\IndoorPositioningSystem2.0\app\build\intermediates\exploded-aar\com.davemorrissey.labs\subsampling-scale-image-view\3.4.1\jars\classes.jar
Launcher Type: SUN_STANDARD

Environment Variables:
PATH=C:\ProgramData\Oracle\Java\javapath;C:\oraclexe\app\oracle\product\11.2.0\server\bin;;C:\Program Files\Common Files\Microsoft Shared\Windows Live;C:\Program Files (x86)\Common Files\Microsoft Shared\Windows Live;c:\Program Files (x86)\Intel\iCLS Client\;c:\Program Files\Intel\iCLS Client\;C:\Program Files (x86)\AMD APP\bin\x86_64;C:\Program Files (x86)\AMD APP\bin\x86;C:\Windows\system32;C:\Windows;C:\Windows\System32\Wbem;C:\Windows\System32\WindowsPowerShell\v1.0\;C:\Program Files (x86)\ATI Technologies\ATI.ACE\Core-Static;C:\Program Files\Intel\Intel(R) Management Engine Components\DAL;C:\Program Files\Intel\Intel(R) Management Engine Components\IPT;C:\Program Files (x86)\Intel\Intel(R) Management Engine Components\DAL;C:\Program Files (x86)\Intel\Intel(R) Management Engine Components\IPT;C:\Program Files\Sony\VAIO Improvement\;C:\Program Files (x86)\Sony\VAIO Startup Setting Tool;C:\Program Files (x86)\Windows Live\Shared;C:\Program Files (x86)\Smart Projects\IsoBuster;C:\Program Files (x86)\Skype\Phone\
USERNAME=NEEL
OS=Windows_NT
PROCESSOR_IDENTIFIER=Intel64 Family 6 Model 58 Stepping 9, GenuineIntel



---------------  S Y S T E M  ---------------

OS: Windows 7 , 64 bit Build 7601 Service Pack 1

CPU:total 8 (4 cores per cpu, 2 threads per core) family 6 model 58 stepping 9, cmov, cx8, fxsr, mmx, sse, sse2, sse3, ssse3, sse4.1, sse4.2, popcnt, avx, aes, erms, ht, tsc, tscinvbit, tscinv

Memory: 4k page, physical 4163952k(1499228k free), swap 4986392k(4776k free)

vm_info: Java HotSpot(TM) 64-Bit Server VM (24.51-b03) for windows-amd64 JRE (1.7.0_51-b13), built on Dec 18 2013 18:40:56 by "java_re" with unknown MS VC++:1600

time: Sun Nov 29 11:53:27 2015
elapsed time: 2 seconds

