#
# There is insufficient memory for the Java Runtime Environment to continue.
# Native memory allocation (malloc) failed to allocate 62224 bytes for Chunk::new
# Possible reasons:
#   The system is out of physical RAM or swap space
#   In 32 bit mode, the process size limit was hit
# Possible solutions:
#   Reduce memory load on the system
#   Increase physical memory or swap space
#   Check if swap backing store is full
#   Use 64 bit Java on a 64 bit OS
#   Decrease Java heap size (-Xmx/-Xms)
#   Decrease number of Java threads
#   Decrease Java thread stack sizes (-Xss)
#   Set larger code cache with -XX:ReservedCodeCacheSize=
# This output file may be truncated or incomplete.
#
#  Out of Memory Error (allocation.cpp:323), pid=6832, tid=4452
#
# JRE version: Java(TM) SE Runtime Environment (7.0_51-b13) (build 1.7.0_51-b13)
# Java VM: Java HotSpot(TM) 64-Bit Server VM (24.51-b03 mixed mode windows-amd64 compressed oops)
# Failed to write core dump. Minidumps are not enabled by default on client versions of Windows
#

---------------  T H R E A D  ---------------

Current thread (0x0000000008bb6800):  JavaThread "C2 CompilerThread1" daemon [_thread_in_native, id=4452, stack(0x000000000b570000,0x000000000b670000)]

Stack: [0x000000000b570000,0x000000000b670000]
[error occurred during error reporting (printing stack bounds), id 0xc0000005]


[error occurred during error reporting (printing native stack), id 0xc0000005]


Current CompileTask:
C2:   7588   66             com.android.dx.rop.code.RopMethod::calcPredecessors (227 bytes)


---------------  P R O C E S S  ---------------

Java Threads: ( => current thread )
  0x0000000009f2d800 JavaThread "pool-1-thread-4" [_thread_blocked, id=7000, stack(0x000000000c020000,0x000000000c120000)]
  0x0000000009f6e000 JavaThread "pool-1-thread-3" [_thread_blocked, id=4120, stack(0x000000000be20000,0x000000000bf20000)]
  0x0000000009d7a000 JavaThread "pool-1-thread-2" [_thread_blocked, id=9168, stack(0x000000000af90000,0x000000000b090000)]
  0x0000000009da4000 JavaThread "pool-2-thread-1" [_thread_blocked, id=7660, stack(0x000000000bbb0000,0x000000000bcb0000)]
  0x0000000009d4e000 JavaThread "pool-1-thread-1" [_thread_blocked, id=4028, stack(0x000000000b9c0000,0x000000000bac0000)]
  0x0000000008bbc800 JavaThread "Service Thread" daemon [_thread_blocked, id=7928, stack(0x000000000b730000,0x000000000b830000)]
=>0x0000000008bb6800 JavaThread "C2 CompilerThread1" daemon [_thread_in_native, id=4452, stack(0x000000000b570000,0x000000000b670000)]
  0x0000000008bb2800 JavaThread "C2 CompilerThread0" daemon [_thread_blocked, id=4472, stack(0x000000000b320000,0x000000000b420000)]
  0x0000000008bb1800 JavaThread "Attach Listener" daemon [_thread_blocked, id=6948, stack(0x000000000ad40000,0x000000000ae40000)]
  0x0000000008bb0800 JavaThread "Signal Dispatcher" daemon [_thread_blocked, id=4664, stack(0x000000000b200000,0x000000000b300000)]
  0x00000000021bc800 JavaThread "Finalizer" daemon [_thread_blocked, id=8100, stack(0x000000000b0c0000,0x000000000b1c0000)]
  0x0000000008b9f800 JavaThread "Reference Handler" daemon [_thread_blocked, id=3620, stack(0x000000000ae50000,0x000000000af50000)]
  0x000000000008e000 JavaThread "main" [_thread_in_native, id=8208, stack(0x0000000002420000,0x0000000002520000)]

Other Threads:
  0x0000000008b9d000 VMThread [stack: 0x000000000abf0000,0x000000000acf0000] [id=6984]
  0x0000000008bbd800 WatcherThread [stack: 0x000000000b880000,0x000000000b980000] [id=8664]

VM state:not at safepoint (normal execution)

VM Mutex/Monitor currently owned by a thread: None

Heap
 PSYoungGen      total 19456K, used 11909K [0x00000000eaa80000, 0x00000000ec000000, 0x0000000100000000)
  eden space 16896K, 70% used [0x00000000eaa80000,0x00000000eb6217b0,0x00000000ebb00000)
  from space 2560K, 0% used [0x00000000ebd80000,0x00000000ebd80000,0x00000000ec000000)
  to   space 2560K, 0% used [0x00000000ebb00000,0x00000000ebb00000,0x00000000ebd80000)
 ParOldGen       total 43008K, used 0K [0x00000000c0000000, 0x00000000c2a00000, 0x00000000eaa80000)
  object space 43008K, 0% used [0x00000000c0000000,0x00000000c0000000,0x00000000c2a00000)
 PSPermGen       total 21504K, used 5055K [0x00000000bae00000, 0x00000000bc300000, 0x00000000c0000000)
  object space 21504K, 23% used [0x00000000bae00000,0x00000000bb2efc88,0x00000000bc300000)

Card table byte_map: [0x0000000005520000,0x0000000005750000] byte_map_base: 0x0000000004f49000

Polling page: 0x0000000000440000

Code Cache  [0x0000000002520000, 0x0000000002790000, 0x0000000005520000)
 total_blobs=278 nmethods=65 adapters=165 free_code_cache=48674Kb largest_free_block=49816832

Compilation events (10 events):
Event: 7.516 Thread 0x0000000008bb2800 nmethod 61 0x000000000259a1d0 code [0x000000000259a320, 0x000000000259a5a8]
Event: 7.516 Thread 0x0000000008bb2800   62             java.util.ArrayList::add (29 bytes)
Event: 7.520 Thread 0x0000000008bb6800   63             com.android.dx.rop.code.Rop::getOpcode (5 bytes)
Event: 7.520 Thread 0x0000000008bb6800 nmethod 63 0x0000000002596e50 code [0x0000000002596f80, 0x0000000002596fd8]
Event: 7.520 Thread 0x0000000008bb6800   64             com.android.dx.ssa.SsaInsn::getResult (5 bytes)
Event: 7.520 Thread 0x0000000008bb2800 nmethod 62 0x000000000259d410 code [0x000000000259d560, 0x000000000259d868]
Event: 7.520 Thread 0x0000000008bb6800 nmethod 64 0x0000000002592610 code [0x0000000002592740, 0x0000000002592798]
Event: 7.578 Thread 0x0000000008bb2800   65             com.android.dx.util.IntList::size (5 bytes)
Event: 7.578 Thread 0x0000000008bb6800   66             com.android.dx.rop.code.RopMethod::calcPredecessors (227 bytes)
Event: 7.578 Thread 0x0000000008bb2800 nmethod 65 0x00000000025923d0 code [0x0000000002592500, 0x0000000002592558]

GC Heap History (0 events):
No events

Deoptimization events (0 events):
No events

Internal exceptions (10 events):
Event: 0.508 Thread 0x0000000009d4e000 Threw 0x00000000eb0de5b8 at C:\re\jdk7u51\527\hotspot\src\share\vm\prims\jvm.cpp:1244
Event: 0.509 Thread 0x0000000009d4e000 Threw 0x00000000eb0e1b98 at C:\re\jdk7u51\527\hotspot\src\share\vm\prims\jvm.cpp:1244
Event: 0.512 Thread 0x0000000009d4e000 Threw 0x00000000eb22d280 at C:\re\jdk7u51\527\hotspot\src\share\vm\prims\jvm.cpp:1244
Event: 0.513 Thread 0x0000000009d4e000 Threw 0x00000000eb233290 at C:\re\jdk7u51\527\hotspot\src\share\vm\prims\jvm.cpp:1244
Event: 0.514 Thread 0x0000000009d4e000 Threw 0x00000000eb237730 at C:\re\jdk7u51\527\hotspot\src\share\vm\prims\jvm.cpp:1244
Event: 0.514 Thread 0x0000000009d4e000 Threw 0x00000000eb23cf38 at C:\re\jdk7u51\527\hotspot\src\share\vm\prims\jvm.cpp:1244
Event: 0.515 Thread 0x0000000009d4e000 Threw 0x00000000eb2457b8 at C:\re\jdk7u51\527\hotspot\src\share\vm\prims\jvm.cpp:1244
Event: 0.516 Thread 0x0000000009d4e000 Threw 0x00000000eb24ac30 at C:\re\jdk7u51\527\hotspot\src\share\vm\prims\jvm.cpp:1244
Event: 0.517 Thread 0x0000000009d7a000 Threw 0x00000000eb1c80a0 at C:\re\jdk7u51\527\hotspot\src\share\vm\prims\jvm.cpp:1244
Event: 3.999 Thread 0x0000000009d7a000 Threw 0x00000000eb332e18 at C:\re\jdk7u51\527\hotspot\src\share\vm\prims\jvm.cpp:1244

Events (10 events):
Event: 0.516 loading class 0x0000000009c7de10 done
Event: 0.517 loading class 0x0000000009c87550
Event: 0.517 loading class 0x0000000009c87550 done
Event: 0.606 Thread 0x0000000009f2d800 Thread added: 0x0000000009f2d800
Event: 3.999 loading class 0x0000000009d1e3f0
Event: 3.999 loading class 0x0000000009d1e3f0 done
Event: 4.031 loading class 0x00000000089c0450
Event: 4.031 loading class 0x00000000089c0450 done
Event: 4.167 Executing VM operation: EnableBiasedLocking
Event: 4.167 Executing VM operation: EnableBiasedLocking done


Dynamic libraries:
0x000000013fb70000 - 0x000000013fba3000 	C:\Program Files\Java\jdk1.7.0_51\bin\java.exe
0x00000000779e0000 - 0x0000000077b89000 	C:\Windows\SYSTEM32\ntdll.dll
0x00000000777c0000 - 0x00000000778e0000 	C:\Windows\system32\kernel32.dll
0x000007fefd9d0000 - 0x000007fefda3c000 	C:\Windows\system32\KERNELBASE.dll
0x000007fefec70000 - 0x000007fefed4b000 	C:\Windows\system32\ADVAPI32.dll
0x000007feff630000 - 0x000007feff6cf000 	C:\Windows\system32\msvcrt.dll
0x000007feff610000 - 0x000007feff62f000 	C:\Windows\SYSTEM32\sechost.dll
0x000007feff9b0000 - 0x000007feffadd000 	C:\Windows\system32\RPCRT4.dll
0x00000000778e0000 - 0x00000000779da000 	C:\Windows\system32\USER32.dll
0x000007feff270000 - 0x000007feff2d7000 	C:\Windows\system32\GDI32.dll
0x000007fefedb0000 - 0x000007fefedbe000 	C:\Windows\system32\LPK.dll
0x000007feff4c0000 - 0x000007feff589000 	C:\Windows\system32\USP10.dll
0x000007fefbd40000 - 0x000007fefbf34000 	C:\Windows\WinSxS\amd64_microsoft.windows.common-controls_6595b64144ccf1df_6.0.7601.18837_none_fa3b1e3d17594757\COMCTL32.dll
0x000007feff590000 - 0x000007feff601000 	C:\Windows\system32\SHLWAPI.dll
0x000007feff7f0000 - 0x000007feff81e000 	C:\Windows\system32\IMM32.DLL
0x000007fefdb40000 - 0x000007fefdc49000 	C:\Windows\system32\MSCTF.dll
0x0000000073de0000 - 0x0000000073eb2000 	C:\Program Files\Java\jdk1.7.0_51\jre\bin\msvcr100.dll
0x000000005eb30000 - 0x000000005f2f9000 	C:\Program Files\Java\jdk1.7.0_51\jre\bin\server\jvm.dll
0x000007feeba80000 - 0x000007feeba89000 	C:\Windows\system32\WSOCK32.dll
0x000007fefed60000 - 0x000007fefedad000 	C:\Windows\system32\WS2_32.dll
0x000007fefed50000 - 0x000007fefed58000 	C:\Windows\system32\NSI.dll
0x000007fefaa90000 - 0x000007fefaacb000 	C:\Windows\system32\WINMM.dll
0x0000000077ba0000 - 0x0000000077ba7000 	C:\Windows\system32\PSAPI.DLL
0x000000006c7a0000 - 0x000000006c7af000 	C:\Program Files\Java\jdk1.7.0_51\jre\bin\verify.dll
0x0000000064c80000 - 0x0000000064ca8000 	C:\Program Files\Java\jdk1.7.0_51\jre\bin\java.dll
0x0000000064c60000 - 0x0000000064c75000 	C:\Program Files\Java\jdk1.7.0_51\jre\bin\zip.dll

VM Arguments:
jvm_args: -Djava.awt.headless=true -Xmx1024M -Dfile.encoding=windows-1252 -Duser.country=GB -Duser.language=en -Duser.variant 
java_command: com.android.dx.command.Main --dex --num-threads=4 --output C:\Users\NEEL\Indoor_Positioning_System_2.0\IndoorPositioningSystem2.0\app\build\intermediates\pre-dexed\debug\debug_6255401c139584e76cf67e7ec6a26194be6eb7d4.jar C:\Users\NEEL\Indoor_Positioning_System_2.0\IndoorPositioningSystem2.0\app\build\intermediates\classes\debug
Launcher Type: SUN_STANDARD

Environment Variables:
PATH=C:\ProgramData\Oracle\Java\javapath;C:\oraclexe\app\oracle\product\11.2.0\server\bin;;C:\Program Files\Common Files\Microsoft Shared\Windows Live;C:\Program Files (x86)\Common Files\Microsoft Shared\Windows Live;c:\Program Files (x86)\Intel\iCLS Client\;c:\Program Files\Intel\iCLS Client\;C:\Program Files (x86)\AMD APP\bin\x86_64;C:\Program Files (x86)\AMD APP\bin\x86;C:\Windows\system32;C:\Windows;C:\Windows\System32\Wbem;C:\Windows\System32\WindowsPowerShell\v1.0\;C:\Program Files (x86)\ATI Technologies\ATI.ACE\Core-Static;C:\Program Files\Intel\Intel(R) Management Engine Components\DAL;C:\Program Files\Intel\Intel(R) Management Engine Components\IPT;C:\Program Files (x86)\Intel\Intel(R) Management Engine Components\DAL;C:\Program Files (x86)\Intel\Intel(R) Management Engine Components\IPT;C:\Program Files\Sony\VAIO Improvement\;C:\Program Files (x86)\Sony\VAIO Startup Setting Tool;C:\Program Files (x86)\Windows Live\Shared;C:\Program Files (x86)\Smart Projects\IsoBuster;C:\Program Files (x86)\Skype\Phone\
USERNAME=NEEL
OS=Windows_NT
PROCESSOR_IDENTIFIER=Intel64 Family 6 Model 58 Stepping 9, GenuineIntel



---------------  S Y S T E M  ---------------

OS: Windows 7 , 64 bit Build 7601 Service Pack 1

CPU:total 8 (4 cores per cpu, 2 threads per core) family 6 model 58 stepping 9, cmov, cx8, fxsr, mmx, sse, sse2, sse3, ssse3, sse4.1, sse4.2, popcnt, avx, aes, erms, ht, tsc, tscinvbit, tscinv

Memory: 4k page, physical 4163952k(1536720k free), swap 4986392k(4592k free)

vm_info: Java HotSpot(TM) 64-Bit Server VM (24.51-b03) for windows-amd64 JRE (1.7.0_51-b13), built on Dec 18 2013 18:40:56 by "java_re" with unknown MS VC++:1600

time: Sun Nov 29 11:53:27 2015
elapsed time: 7 seconds

