#
# There is insufficient memory for the Java Runtime Environment to continue.
# Native memory allocation (malloc) failed to allocate 44736 bytes for Chunk::new
# Possible reasons:
#   The system is out of physical RAM or swap space
#   In 32 bit mode, the process size limit was hit
# Possible solutions:
#   Reduce memory load on the system
#   Increase physical memory or swap space
#   Check if swap backing store is full
#   Use 64 bit Java on a 64 bit OS
#   Decrease Java heap size (-Xmx/-Xms)
#   Decrease number of Java threads
#   Decrease Java thread stack sizes (-Xss)
#   Set larger code cache with -XX:ReservedCodeCacheSize=
# This output file may be truncated or incomplete.
#
#  Out of Memory Error (allocation.cpp:323), pid=5496, tid=5912
#
# JRE version: Java(TM) SE Runtime Environment (7.0_51-b13) (build 1.7.0_51-b13)
# Java VM: Java HotSpot(TM) 64-Bit Server VM (24.51-b03 mixed mode windows-amd64 compressed oops)
# Failed to write core dump. Minidumps are not enabled by default on client versions of Windows
#

---------------  T H R E A D  ---------------

Current thread (0x0000000008a68000):  JavaThread "C2 CompilerThread1" daemon [_thread_in_native, id=5912, stack(0x000000000b330000,0x000000000b430000)]

Stack: [0x000000000b330000,0x000000000b430000]

Current CompileTask:
C2:   7315  536             java.lang.String::lastIndexOf (151 bytes)


---------------  P R O C E S S  ---------------

Java Threads: ( => current thread )
  0x0000000009bcc800 JavaThread "pool-1-thread-4" [_thread_in_Java, id=5320, stack(0x000000000bdf0000,0x000000000bef0000)]
  0x0000000009bc5800 JavaThread "pool-1-thread-3" [_thread_in_Java, id=6496, stack(0x000000000bfc0000,0x000000000c0c0000)]
  0x0000000009d5c000 JavaThread "pool-1-thread-2" [_thread_in_Java, id=5952, stack(0x000000000bcd0000,0x000000000bdd0000)]
  0x0000000009d6f000 JavaThread "pool-2-thread-1" [_thread_blocked, id=5112, stack(0x000000000b490000,0x000000000b590000)]
  0x0000000009cce800 JavaThread "pool-1-thread-1" [_thread_blocked, id=5268, stack(0x000000000bb50000,0x000000000bc50000)]
  0x0000000008a6a000 JavaThread "Service Thread" daemon [_thread_blocked, id=6152, stack(0x000000000b600000,0x000000000b700000)]
=>0x0000000008a68000 JavaThread "C2 CompilerThread1" daemon [_thread_in_native, id=5912, stack(0x000000000b330000,0x000000000b430000)]
  0x0000000008a64000 JavaThread "C2 CompilerThread0" daemon [_thread_blocked, id=2860, stack(0x000000000b050000,0x000000000b150000)]
  0x0000000008a63000 JavaThread "Attach Listener" daemon [_thread_blocked, id=1808, stack(0x000000000b1c0000,0x000000000b2c0000)]
  0x0000000008a62000 JavaThread "Signal Dispatcher" daemon [_thread_blocked, id=8120, stack(0x000000000aef0000,0x000000000aff0000)]
  0x000000000212e800 JavaThread "Finalizer" daemon [_thread_blocked, id=1308, stack(0x000000000ad50000,0x000000000ae50000)]
  0x0000000008a4f800 JavaThread "Reference Handler" daemon [_thread_blocked, id=8688, stack(0x000000000aad0000,0x000000000abd0000)]
  0x000000000202e800 JavaThread "main" [_thread_in_Java, id=6700, stack(0x00000000022b0000,0x00000000023b0000)]

Other Threads:
  0x0000000008a4d000 VMThread [stack: 0x000000000ac00000,0x000000000ad00000] [id=3560]
  0x0000000008a6f800 WatcherThread [stack: 0x000000000b720000,0x000000000b820000] [id=5224]

VM state:not at safepoint (normal execution)

VM Mutex/Monitor currently owned by a thread: None

Heap
 PSYoungGen      total 70144K, used 33429K [0x00000000eaa80000, 0x00000000ef180000, 0x0000000100000000)
  eden space 67584K, 45% used [0x00000000eaa80000,0x00000000ec8a9438,0x00000000eec80000)
  from space 2560K, 99% used [0x00000000eef00000,0x00000000ef17c038,0x00000000ef180000)
  to   space 2560K, 0% used [0x00000000eec80000,0x00000000eec80000,0x00000000eef00000)
 ParOldGen       total 43008K, used 16015K [0x00000000c0000000, 0x00000000c2a00000, 0x00000000eaa80000)
  object space 43008K, 37% used [0x00000000c0000000,0x00000000c0fa3d88,0x00000000c2a00000)
 PSPermGen       total 21504K, used 5877K [0x00000000bae00000, 0x00000000bc300000, 0x00000000c0000000)
  object space 21504K, 27% used [0x00000000bae00000,0x00000000bb3bd4c8,0x00000000bc300000)

Card table byte_map: [0x00000000053b0000,0x00000000055e0000] byte_map_base: 0x0000000004dd9000

Polling page: 0x0000000001fd0000

Code Cache  [0x00000000023b0000, 0x0000000002620000, 0x00000000053b0000)
 total_blobs=771 nmethods=534 adapters=189 free_code_cache=47062Kb largest_free_block=48122752

Compilation events (10 events):
Event: 7.042 Thread 0x0000000008a64000 nmethod 531 0x00000000025b5e10 code [0x00000000025b5f40, 0x00000000025b5fd8]
Event: 7.060 Thread 0x0000000008a64000  533             java.util.BitSet::set (124 bytes)
Event: 7.060 Thread 0x0000000008a68000  532             java.util.BitSet::checkRange (104 bytes)
Event: 7.061 Thread 0x0000000008a68000 nmethod 532 0x00000000025b5bd0 code [0x00000000025b5d00, 0x00000000025b5d78]
Event: 7.067 Thread 0x0000000008a64000 nmethod 533 0x00000000025b7590 code [0x00000000025b7700, 0x00000000025b7a48]
Event: 7.309 Thread 0x0000000008a68000  534             com.android.dx.cf.iface.StdAttributeList::get (9 bytes)
Event: 7.310 Thread 0x0000000008a68000 nmethod 534 0x00000000025b7210 code [0x00000000025b7360, 0x00000000025b7458]
Event: 7.311 Thread 0x0000000008a64000  535             java.util.ArrayList::<init> (44 bytes)
Event: 7.312 Thread 0x0000000008a68000  536             java.lang.String::lastIndexOf (151 bytes)
Event: 7.312 Thread 0x0000000008a64000 nmethod 535 0x00000000025b6ed0 code [0x00000000025b7020, 0x00000000025b7158]

GC Heap History (8 events):
Event: 2.339 GC heap before
{Heap before GC invocations=1 (full 0):
 PSYoungGen      total 19456K, used 16896K [0x00000000eaa80000, 0x00000000ec000000, 0x0000000100000000)
  eden space 16896K, 100% used [0x00000000eaa80000,0x00000000ebb00000,0x00000000ebb00000)
  from space 2560K, 0% used [0x00000000ebd80000,0x00000000ebd80000,0x00000000ec000000)
  to   space 2560K, 0% used [0x00000000ebb00000,0x00000000ebb00000,0x00000000ebd80000)
 ParOldGen       total 43008K, used 0K [0x00000000c0000000, 0x00000000c2a00000, 0x00000000eaa80000)
  object space 43008K, 0% used [0x00000000c0000000,0x00000000c0000000,0x00000000c2a00000)
 PSPermGen       total 21504K, used 5516K [0x00000000bae00000, 0x00000000bc300000, 0x00000000c0000000)
  object space 21504K, 25% used [0x00000000bae00000,0x00000000bb3630b8,0x00000000bc300000)
Event: 2.391 GC heap after
Heap after GC invocations=1 (full 0):
 PSYoungGen      total 19456K, used 2551K [0x00000000eaa80000, 0x00000000ed080000, 0x0000000100000000)
  eden space 16896K, 0% used [0x00000000eaa80000,0x00000000eaa80000,0x00000000ebb00000)
  from space 2560K, 99% used [0x00000000ebb00000,0x00000000ebd7dc78,0x00000000ebd80000)
  to   space 2560K, 0% used [0x00000000ece00000,0x00000000ece00000,0x00000000ed080000)
 ParOldGen       total 43008K, used 1265K [0x00000000c0000000, 0x00000000c2a00000, 0x00000000eaa80000)
  object space 43008K, 2% used [0x00000000c0000000,0x00000000c013c4e0,0x00000000c2a00000)
 PSPermGen       total 21504K, used 5516K [0x00000000bae00000, 0x00000000bc300000, 0x00000000c0000000)
  object space 21504K, 25% used [0x00000000bae00000,0x00000000bb3630b8,0x00000000bc300000)
}
Event: 2.970 GC heap before
{Heap before GC invocations=2 (full 0):
 PSYoungGen      total 19456K, used 19447K [0x00000000eaa80000, 0x00000000ed080000, 0x0000000100000000)
  eden space 16896K, 100% used [0x00000000eaa80000,0x00000000ebb00000,0x00000000ebb00000)
  from space 2560K, 99% used [0x00000000ebb00000,0x00000000ebd7dc78,0x00000000ebd80000)
  to   space 2560K, 0% used [0x00000000ece00000,0x00000000ece00000,0x00000000ed080000)
 ParOldGen       total 43008K, used 1265K [0x00000000c0000000, 0x00000000c2a00000, 0x00000000eaa80000)
  object space 43008K, 2% used [0x00000000c0000000,0x00000000c013c4e0,0x00000000c2a00000)
 PSPermGen       total 21504K, used 5730K [0x00000000bae00000, 0x00000000bc300000, 0x00000000c0000000)
  object space 21504K, 26% used [0x00000000bae00000,0x00000000bb398b30,0x00000000bc300000)
Event: 3.633 GC heap after
Heap after GC invocations=2 (full 0):
 PSYoungGen      total 36352K, used 2528K [0x00000000eaa80000, 0x00000000ed080000, 0x0000000100000000)
  eden space 33792K, 0% used [0x00000000eaa80000,0x00000000eaa80000,0x00000000ecb80000)
  from space 2560K, 98% used [0x00000000ece00000,0x00000000ed078038,0x00000000ed080000)
  to   space 2560K, 0% used [0x00000000ecb80000,0x00000000ecb80000,0x00000000ece00000)
 ParOldGen       total 43008K, used 4358K [0x00000000c0000000, 0x00000000c2a00000, 0x00000000eaa80000)
  object space 43008K, 10% used [0x00000000c0000000,0x00000000c0441908,0x00000000c2a00000)
 PSPermGen       total 21504K, used 5730K [0x00000000bae00000, 0x00000000bc300000, 0x00000000c0000000)
  object space 21504K, 26% used [0x00000000bae00000,0x00000000bb398b30,0x00000000bc300000)
}
Event: 4.664 GC heap before
{Heap before GC invocations=3 (full 0):
 PSYoungGen      total 36352K, used 36320K [0x00000000eaa80000, 0x00000000ed080000, 0x0000000100000000)
  eden space 33792K, 100% used [0x00000000eaa80000,0x00000000ecb80000,0x00000000ecb80000)
  from space 2560K, 98% used [0x00000000ece00000,0x00000000ed078038,0x00000000ed080000)
  to   space 2560K, 0% used [0x00000000ecb80000,0x00000000ecb80000,0x00000000ece00000)
 ParOldGen       total 43008K, used 4358K [0x00000000c0000000, 0x00000000c2a00000, 0x00000000eaa80000)
  object space 43008K, 10% used [0x00000000c0000000,0x00000000c0441908,0x00000000c2a00000)
 PSPermGen       total 21504K, used 5825K [0x00000000bae00000, 0x00000000bc300000, 0x00000000c0000000)
  object space 21504K, 27% used [0x00000000bae00000,0x00000000bb3b0688,0x00000000bc300000)
Event: 4.837 GC heap after
Heap after GC invocations=3 (full 0):
 PSYoungGen      total 36352K, used 2528K [0x00000000eaa80000, 0x00000000ef180000, 0x0000000100000000)
  eden space 33792K, 0% used [0x00000000eaa80000,0x00000000eaa80000,0x00000000ecb80000)
  from space 2560K, 98% used [0x00000000ecb80000,0x00000000ecdf8028,0x00000000ece00000)
  to   space 2560K, 0% used [0x00000000eef00000,0x00000000eef00000,0x00000000ef180000)
 ParOldGen       total 43008K, used 10312K [0x00000000c0000000, 0x00000000c2a00000, 0x00000000eaa80000)
  object space 43008K, 23% used [0x00000000c0000000,0x00000000c0a121c0,0x00000000c2a00000)
 PSPermGen       total 21504K, used 5825K [0x00000000bae00000, 0x00000000bc300000, 0x00000000c0000000)
  object space 21504K, 27% used [0x00000000bae00000,0x00000000bb3b0688,0x00000000bc300000)
}
Event: 5.963 GC heap before
{Heap before GC invocations=4 (full 0):
 PSYoungGen      total 36352K, used 36320K [0x00000000eaa80000, 0x00000000ef180000, 0x0000000100000000)
  eden space 33792K, 100% used [0x00000000eaa80000,0x00000000ecb80000,0x00000000ecb80000)
  from space 2560K, 98% used [0x00000000ecb80000,0x00000000ecdf8028,0x00000000ece00000)
  to   space 2560K, 0% used [0x00000000eef00000,0x00000000eef00000,0x00000000ef180000)
 ParOldGen       total 43008K, used 10312K [0x00000000c0000000, 0x00000000c2a00000, 0x00000000eaa80000)
  object space 43008K, 23% used [0x00000000c0000000,0x00000000c0a121c0,0x00000000c2a00000)
 PSPermGen       total 21504K, used 5856K [0x00000000bae00000, 0x00000000bc300000, 0x00000000c0000000)
  object space 21504K, 27% used [0x00000000bae00000,0x00000000bb3b81e8,0x00000000bc300000)
Event: 6.348 GC heap after
Heap after GC invocations=4 (full 0):
 PSYoungGen      total 70144K, used 2544K [0x00000000eaa80000, 0x00000000ef180000, 0x0000000100000000)
  eden space 67584K, 0% used [0x00000000eaa80000,0x00000000eaa80000,0x00000000eec80000)
  from space 2560K, 99% used [0x00000000eef00000,0x00000000ef17c038,0x00000000ef180000)
  to   space 2560K, 0% used [0x00000000eec80000,0x00000000eec80000,0x00000000eef00000)
 ParOldGen       total 43008K, used 16015K [0x00000000c0000000, 0x00000000c2a00000, 0x00000000eaa80000)
  object space 43008K, 37% used [0x00000000c0000000,0x00000000c0fa3d88,0x00000000c2a00000)
 PSPermGen       total 21504K, used 5856K [0x00000000bae00000, 0x00000000bc300000, 0x00000000c0000000)
  object space 21504K, 27% used [0x00000000bae00000,0x00000000bb3b81e8,0x00000000bc300000)
}

Deoptimization events (10 events):
Event: 3.965 Thread 0x000000000202e800 Uncommon trap: reason=uninitialized action=reinterpret pc=0x000000000249d848 method=com.android.dx.cf.code.ByteCatchList.toRopCatchList()Lcom/android/dx/rop/type/TypeList; @ 36
Event: 3.970 Thread 0x000000000202e800 Uncommon trap: reason=unreached action=reinterpret pc=0x00000000024915b8 method=com.android.dx.util.LabeledList.set(ILcom/android/dx/util/LabeledItem;)V @ 16
Event: 4.923 Thread 0x0000000009bc5800 Uncommon trap: reason=null_check action=make_not_entrant pc=0x00000000024fb164 method=com.android.dx.rop.type.Type.putIntern(Lcom/android/dx/rop/type/Type;)Lcom/android/dx/rop/type/Type; @ 18
Event: 5.124 Thread 0x0000000009cce800 Uncommon trap: reason=bimorphic action=maybe_recompile pc=0x00000000024e1b3c method=com.android.dx.cf.code.BytecodeArray.parseInstruction(ILcom/android/dx/cf/code/BytecodeArray$Visitor;)I @ 939
Event: 5.124 Thread 0x0000000009cce800 Uncommon trap: reason=bimorphic action=maybe_recompile pc=0x00000000024e1a3c method=com.android.dx.cf.code.BytecodeArray.parseInstruction(ILcom/android/dx/cf/code/BytecodeArray$Visitor;)I @ 907
Event: 5.124 Thread 0x0000000009cce800 Uncommon trap: reason=bimorphic action=maybe_recompile pc=0x00000000024e1a3c method=com.android.dx.cf.code.BytecodeArray.parseInstruction(ILcom/android/dx/cf/code/BytecodeArray$Visitor;)I @ 907
Event: 5.124 Thread 0x0000000009cce800 Uncommon trap: reason=bimorphic action=maybe_recompile pc=0x00000000024e1abc method=com.android.dx.cf.code.BytecodeArray.parseInstruction(ILcom/android/dx/cf/code/BytecodeArray$Visitor;)I @ 923
Event: 5.124 Thread 0x0000000009cce800 Uncommon trap: reason=bimorphic action=maybe_recompile pc=0x00000000024e1abc method=com.android.dx.cf.code.BytecodeArray.parseInstruction(ILcom/android/dx/cf/code/BytecodeArray$Visitor;)I @ 923
Event: 6.368 Thread 0x0000000009bcc800 Uncommon trap: reason=null_check action=make_not_entrant pc=0x000000000257f43c method=com.android.dx.dex.file.MethodIdsSection.intern(Lcom/android/dx/rop/cst/CstBaseMethodRef;)Lcom/android/dx/dex/file/MethodIdItem; @ 26
Event: 6.382 Thread 0x000000000202e800 Uncommon trap: reason=null_check action=make_not_entrant pc=0x000000000257f8ec method=com.android.dx.dex.file.FieldIdsSection.intern(Lcom/android/dx/rop/cst/CstFieldRef;)Lcom/android/dx/dex/file/FieldIdItem; @ 26

Internal exceptions (10 events):
Event: 2.398 Thread 0x000000000202e800 Threw 0x00000000eaa97828 at C:\re\jdk7u51\527\hotspot\src\share\vm\prims\jvm.cpp:1244
Event: 2.449 Thread 0x000000000202e800 Threw 0x00000000eac18f18 at C:\re\jdk7u51\527\hotspot\src\share\vm\prims\jvm.cpp:1244
Event: 2.554 Thread 0x0000000009d5c000 Implicit null exception at 0x000000000243272d to 0x0000000002432a61
Event: 3.637 Thread 0x0000000009bc5800 Implicit null exception at 0x0000000002470bcf to 0x0000000002471b65
Event: 3.949 Thread 0x000000000202e800 Threw 0x00000000eb932580 at C:\re\jdk7u51\527\hotspot\src\share\vm\prims\jvm.cpp:1244
Event: 3.957 Thread 0x000000000202e800 Threw 0x00000000ebb37f10 at C:\re\jdk7u51\527\hotspot\src\share\vm\prims\jvm.cpp:1244
Event: 3.965 Thread 0x000000000202e800 Threw 0x00000000ebb70570 at C:\re\jdk7u51\527\hotspot\src\share\vm\prims\jvm.cpp:1244
Event: 4.923 Thread 0x0000000009bc5800 Implicit null exception at 0x00000000024faa73 to 0x00000000024fb155
Event: 5.124 Thread 0x0000000009cce800 Threw 0x00000000eab6d2b0 at C:\re\jdk7u51\527\hotspot\src\share\vm\prims\jvm.cpp:1244
Event: 6.365 Thread 0x0000000009bcc800 Threw 0x00000000eaecafe0 at C:\re\jdk7u51\527\hotspot\src\share\vm\prims\jvm.cpp:1244

Events (10 events):
Event: 6.348 Executing VM operation: ParallelGCFailedAllocation done
Event: 6.365 loading class 0x0000000009d28910
Event: 6.365 loading class 0x0000000009d28910 done
Event: 6.368 Thread 0x0000000009bcc800 Uncommon trap: trap_request=0xfffffff4 fr.pc=0x000000000257f43c
Event: 6.368 Thread 0x0000000009bcc800 DEOPT PACKING pc=0x000000000257f43c sp=0x000000000beeed90
Event: 6.368 Thread 0x0000000009bcc800 DEOPT UNPACKING pc=0x00000000023e75a4 sp=0x000000000beeece8 mode 2
Event: 6.382 Thread 0x000000000202e800 Uncommon trap: trap_request=0xfffffff4 fr.pc=0x000000000257f8ec
Event: 6.382 Thread 0x000000000202e800 DEOPT PACKING pc=0x000000000257f8ec sp=0x00000000023aed10
Event: 6.382 Thread 0x000000000202e800 DEOPT UNPACKING pc=0x00000000023e75a4 sp=0x00000000023aec68 mode 2
Event: 6.388 Thread 0x0000000008a68000 flushing nmethod 0x00000000024323d0


Dynamic libraries:
0x000000013f9f0000 - 0x000000013fa23000 	C:\Program Files\Java\jdk1.7.0_51\bin\java.exe
0x00000000779e0000 - 0x0000000077b89000 	C:\Windows\SYSTEM32\ntdll.dll
0x00000000777c0000 - 0x00000000778e0000 	C:\Windows\system32\kernel32.dll
0x000007fefd9d0000 - 0x000007fefda3c000 	C:\Windows\system32\KERNELBASE.dll
0x000007fefec70000 - 0x000007fefed4b000 	C:\Windows\system32\ADVAPI32.dll
0x000007feff630000 - 0x000007feff6cf000 	C:\Windows\system32\msvcrt.dll
0x000007feff610000 - 0x000007feff62f000 	C:\Windows\SYSTEM32\sechost.dll
0x000007feff9b0000 - 0x000007feffadd000 	C:\Windows\system32\RPCRT4.dll
0x00000000778e0000 - 0x00000000779da000 	C:\Windows\system32\USER32.dll
0x000007feff270000 - 0x000007feff2d7000 	C:\Windows\system32\GDI32.dll
0x000007fefedb0000 - 0x000007fefedbe000 	C:\Windows\system32\LPK.dll
0x000007feff4c0000 - 0x000007feff589000 	C:\Windows\system32\USP10.dll
0x000007fefbd40000 - 0x000007fefbf34000 	C:\Windows\WinSxS\amd64_microsoft.windows.common-controls_6595b64144ccf1df_6.0.7601.18837_none_fa3b1e3d17594757\COMCTL32.dll
0x000007feff590000 - 0x000007feff601000 	C:\Windows\system32\SHLWAPI.dll
0x000007feff7f0000 - 0x000007feff81e000 	C:\Windows\system32\IMM32.DLL
0x000007fefdb40000 - 0x000007fefdc49000 	C:\Windows\system32\MSCTF.dll
0x000000005d120000 - 0x000000005d1f2000 	C:\Program Files\Java\jdk1.7.0_51\jre\bin\msvcr100.dll
0x000000005eb30000 - 0x000000005f2f9000 	C:\Program Files\Java\jdk1.7.0_51\jre\bin\server\jvm.dll
0x000007feeba80000 - 0x000007feeba89000 	C:\Windows\system32\WSOCK32.dll
0x000007fefed60000 - 0x000007fefedad000 	C:\Windows\system32\WS2_32.dll
0x000007fefed50000 - 0x000007fefed58000 	C:\Windows\system32\NSI.dll
0x000007fefaa90000 - 0x000007fefaacb000 	C:\Windows\system32\WINMM.dll
0x0000000077ba0000 - 0x0000000077ba7000 	C:\Windows\system32\PSAPI.DLL
0x000000006c7a0000 - 0x000000006c7af000 	C:\Program Files\Java\jdk1.7.0_51\jre\bin\verify.dll
0x0000000064c80000 - 0x0000000064ca8000 	C:\Program Files\Java\jdk1.7.0_51\jre\bin\java.dll
0x0000000064c60000 - 0x0000000064c75000 	C:\Program Files\Java\jdk1.7.0_51\jre\bin\zip.dll
0x000000006c3a0000 - 0x000000006c3b9000 	C:\Program Files\Java\jdk1.7.0_51\jre\bin\net.dll
0x000007fefcf60000 - 0x000007fefcfb5000 	C:\Windows\system32\mswsock.dll
0x000007fefcf50000 - 0x000007fefcf57000 	C:\Windows\System32\wship6.dll
0x0000000064c40000 - 0x0000000064c51000 	C:\Program Files\Java\jdk1.7.0_51\jre\bin\nio.dll

VM Arguments:
jvm_args: -Djava.awt.headless=true -Xmx1024M -Dfile.encoding=windows-1252 -Duser.country=GB -Duser.language=en -Duser.variant 
java_command: com.android.dx.command.Main --dex --num-threads=4 --output C:\Users\NEEL\Indoor_Positioning_System_2.0\IndoorPositioningSystem2.0\app\build\intermediates\pre-dexed\debug\com.google.android.gms-play-services-fitness-8.3.0_b65b20c659ec8c52312305e3b6a07e7a3c8417fc.jar C:\Users\NEEL\Indoor_Positioning_System_2.0\IndoorPositioningSystem2.0\app\build\intermediates\exploded-aar\com.google.android.gms\play-services-fitness\8.3.0\jars\classes.jar
Launcher Type: SUN_STANDARD

Environment Variables:



---------------  S Y S T E M  ---------------

OS: Windows 7 , 64 bit Build 7601 Service Pack 1

CPU:total 8 (4 cores per cpu, 2 threads per core) family 6 model 58 stepping 9, cmov, cx8, fxsr, mmx, sse, sse2, sse3, ssse3, sse4.1, sse4.2, popcnt, avx, aes, erms, ht, tsc, tscinvbit, tscinv

Memory: 4k page, physical 4163952k(1056896k free), swap 4986392k(4752k free)

vm_info: Java HotSpot(TM) 64-Bit Server VM (24.51-b03) for windows-amd64 JRE (1.7.0_51-b13), built on Dec 18 2013 18:40:56 by "java_re" with unknown MS VC++:1600

time: Sun Nov 29 11:51:58 2015
elapsed time: 7 seconds

