#
# A fatal error has been detected by the Java Runtime Environment:
#
#  EXCEPTION_STACK_OVERFLOW (0xc00000fd) at pc=0x000000005ecfa677, pid=6164, tid=4196
#
# JRE version: Java(TM) SE Runtime Environment (7.0_51-b13) (build 1.7.0_51-b13)
# Java VM: Java HotSpot(TM) 64-Bit Server VM (24.51-b03 mixed mode windows-amd64 compressed oops)
# Problematic frame:
# V  [jvm.dll+0x1ca677]
#
# Failed to write core dump. Minidumps are not enabled by default on client versions of Windows
#
# If you would like to submit a bug report, please visit:
#   http://bugreport.sun.com/bugreport/crash.jsp
#

---------------  T H R E A D  ---------------

Current thread (0x000000000a01c000):  JavaThread "pool-1-thread-3" [_thread_in_vm, id=4196, stack(0x000000000c280000,0x000000000c380000)]

siginfo: ExceptionCode=0xc00000fd, ExceptionInformation=0x0000000000000001 0x000000000c37c480 

Registers:
RAX=0x000000000c37c480, RBX=0x0000000000000004, RCX=0x0000000000003000, RDX=0x000000000c289160
RSP=0x000000000c37f480, RBP=0x0000000000000000, RSI=0x000000000c37f480, RDI=0x0000000000000004
R8 =0x0000000000000009, R9 =0x000000000a01c000, R10=0x000000000c37f6c0, R11=0x000000000c37f7a0
R12=0x000000000c37f7a0, R13=0x000000000c37f5c8, R14=0x000000000c37f6d0, R15=0x0000000002510780
RIP=0x000000005ecfa677, EFLAGS=0x0000000000010202

Top of Stack: (sp=0x000000000c37f480)
0x000000000c37f480:   0000000009eabb50 0000000000000000
0x000000000c37f490:   0000000000000000 000000005ebceb03
0x000000000c37f4a0:   0000000000000000 000000005ecfb1ba
0x000000000c37f4b0:   000000000c37f600 0000000009eabb50
0x000000000c37f4c0:   000000000a01c000 000000000a01c000
0x000000000c37f4d0:   0000000000000000 0000000000000000
0x000000000c37f4e0:   0000000000000000 000000005ebd1cad
0x000000000c37f4f0:   000000000a01c000 0000000000000000
0x000000000c37f500:   0000000000000000 0000000000000000
0x000000000c37f510:   0000000009eabb50 0000000000000005
0x000000000c37f520:   000000000a01c000 0000000000000000
0x000000000c37f530:   0000000000000000 0000000000000000
0x000000000c37f540:   0000000000000000 0000000008c12630
0x000000000c37f550:   000000000a01c000 000000000c37f6d0
0x000000000c37f560:   0000000008c13f40 000000000c37f7a0
0x000000000c37f570:   0000000000000000 0000000008c13f40 

Instructions: (pc=0x000000005ecfa677)
0x000000005ecfa657:   48 89 6c 24 30 33 ed 66 90 e8 8b ac 07 00 ff c3
0x000000005ecfa667:   48 63 c8 48 8b c6 48 0f af cf 48 ff c7 48 2b c1
0x000000005ecfa677:   89 28 48 63 c3 48 3b 05 9d 60 52 00 7e db 48 8b
0x000000005ecfa687:   6c 24 30 48 8b 5c 24 38 48 8b 74 24 40 48 83 c4 


Register to memory mapping:

RAX=0x000000000c37c480 is pointing into the stack for thread: 0x000000000a01c000
RBX=0x0000000000000004 is an unknown value
RCX=0x0000000000003000 is an unknown value
RDX=0x000000000c289160 is pointing into the stack for thread: 0x000000000a01c000
RSP=0x000000000c37f480 is pointing into the stack for thread: 0x000000000a01c000
RBP=0x0000000000000000 is an unknown value
RSI=0x000000000c37f480 is pointing into the stack for thread: 0x000000000a01c000
RDI=0x0000000000000004 is an unknown value
R8 =0x0000000000000009 is an unknown value
R9 =0x000000000a01c000 is a thread
R10=0x000000000c37f6c0 is pointing into the stack for thread: 0x000000000a01c000
R11=0x000000000c37f7a0 is pointing into the stack for thread: 0x000000000a01c000
R12=0x000000000c37f7a0 is pointing into the stack for thread: 0x000000000a01c000
R13=0x000000000c37f5c8 is pointing into the stack for thread: 0x000000000a01c000
R14=0x000000000c37f6d0 is pointing into the stack for thread: 0x000000000a01c000
R15=0x0000000002510780 is at code_begin+0 in an Interpreter codelet
method entry point (kind = zerolocals)  [0x0000000002510780, 0x0000000002510a80]  768 bytes


Stack: [0x000000000c280000,0x000000000c380000],  sp=0x000000000c37f480,  free space=1021k
Native frames: (J=compiled Java code, j=interpreted, Vv=VM code, C=native code)
V  [jvm.dll+0x1ca677]

[error occurred during error reporting (printing native stack), id 0xc0000005]


