#
# There is insufficient memory for the Java Runtime Environment to continue.
# Native memory allocation (malloc) failed to allocate 686352 bytes for Chunk::new
# Possible reasons:
#   The system is out of physical RAM or swap space
#   In 32 bit mode, the process size limit was hit
# Possible solutions:
#   Reduce memory load on the system
#   Increase physical memory or swap space
#   Check if swap backing store is full
#   Use 64 bit Java on a 64 bit OS
#   Decrease Java heap size (-Xmx/-Xms)
#   Decrease number of Java threads
#   Decrease Java thread stack sizes (-Xss)
#   Set larger code cache with -XX:ReservedCodeCacheSize=
# This output file may be truncated or incomplete.
#
#  Out of Memory Error (allocation.cpp:323), pid=10704, tid=10812
#
# JRE version: Java(TM) SE Runtime Environment (7.0_51-b13) (build 1.7.0_51-b13)
# Java VM: Java HotSpot(TM) 64-Bit Server VM (24.51-b03 mixed mode windows-amd64 compressed oops)
# Failed to write core dump. Minidumps are not enabled by default on client versions of Windows
#

---------------  T H R E A D  ---------------

Current thread (0x0000000008a48800):  JavaThread "C2 CompilerThread1" daemon [_thread_in_native, id=10812, stack(0x000000000ab70000,0x000000000ac70000)]

Stack: [0x000000000ab70000,0x000000000ac70000]

Current CompileTask:
C2:  10382  518   !         com.android.dx.cf.code.Ropper::processBlock (1101 bytes)


---------------  P R O C E S S  ---------------

Java Threads: ( => current thread )
  0x0000000009de3000 JavaThread "pool-1-thread-4" [_thread_blocked, id=11072, stack(0x000000000c270000,0x000000000c370000)]
  0x0000000009de0000 JavaThread "pool-1-thread-3" [_thread_blocked, id=11064, stack(0x000000000c120000,0x000000000c220000)]
  0x0000000009e75800 JavaThread "pool-1-thread-2" [_thread_in_Java, id=11060, stack(0x000000000bf70000,0x000000000c070000)]
  0x0000000009e6b000 JavaThread "pool-2-thread-1" [_thread_blocked, id=11056, stack(0x000000000bdf0000,0x000000000bef0000)]
  0x0000000009e68800 JavaThread "pool-1-thread-1" [_thread_blocked, id=11052, stack(0x000000000bba0000,0x000000000bca0000)]
  0x0000000009c02000 JavaThread "Service Thread" daemon [_thread_blocked, id=10856, stack(0x000000000b4e0000,0x000000000b5e0000)]
=>0x0000000008a48800 JavaThread "C2 CompilerThread1" daemon [_thread_in_native, id=10812, stack(0x000000000ab70000,0x000000000ac70000)]
  0x0000000008a44000 JavaThread "C2 CompilerThread0" daemon [_thread_in_native, id=10808, stack(0x000000000b320000,0x000000000b420000)]
  0x0000000008a43800 JavaThread "Attach Listener" daemon [_thread_blocked, id=10804, stack(0x000000000b150000,0x000000000b250000)]
  0x0000000008a42800 JavaThread "Signal Dispatcher" daemon [_thread_blocked, id=10800, stack(0x000000000add0000,0x000000000aed0000)]
  0x0000000008a30800 JavaThread "Finalizer" daemon [_thread_blocked, id=10792, stack(0x000000000b020000,0x000000000b120000)]
  0x0000000008a2f800 JavaThread "Reference Handler" daemon [_thread_blocked, id=10788, stack(0x000000000aee0000,0x000000000afe0000)]
  0x00000000023ce800 JavaThread "main" [_thread_in_Java, id=10740, stack(0x0000000002520000,0x0000000002620000)]

Other Threads:
  0x0000000009bb3800 VMThread [stack: 0x000000000acb0000,0x000000000adb0000] [id=10784]
  0x0000000009c0b800 WatcherThread [stack: 0x000000000b740000,0x000000000b840000] [id=10860]

VM state:not at safepoint (normal execution)

VM Mutex/Monitor currently owned by a thread: None

Heap
 PSYoungGen      total 70144K, used 40901K [0x00000000eaa80000, 0x00000000ef180000, 0x0000000100000000)
  eden space 67584K, 56% used [0x00000000eaa80000,0x00000000ecff1b88,0x00000000eec80000)
  from space 2560K, 99% used [0x00000000eef00000,0x00000000ef17f8a0,0x00000000ef180000)
  to   space 2560K, 0% used [0x00000000eec80000,0x00000000eec80000,0x00000000eef00000)
 ParOldGen       total 43008K, used 12562K [0x00000000c0000000, 0x00000000c2a00000, 0x00000000eaa80000)
  object space 43008K, 29% used [0x00000000c0000000,0x00000000c0c449f8,0x00000000c2a00000)
 PSPermGen       total 21504K, used 5914K [0x00000000bae00000, 0x00000000bc300000, 0x00000000c0000000)
  object space 21504K, 27% used [0x00000000bae00000,0x00000000bb3c6988,0x00000000bc300000)

Card table byte_map: [0x0000000005620000,0x0000000005850000] byte_map_base: 0x0000000005049000

Polling page: 0x0000000000140000

Code Cache  [0x0000000002620000, 0x0000000002890000, 0x0000000005620000)
 total_blobs=755 nmethods=518 adapters=189 free_code_cache=47023Kb largest_free_block=48108672

Compilation events (10 events):
Event: 9.984 Thread 0x0000000008a44000 nmethod 514 0x0000000002829510 code [0x0000000002829680, 0x0000000002829ab8]
Event: 9.984 Thread 0x0000000008a44000  516             com.android.dx.cf.direct.DirectClassFile::getBytes (5 bytes)
Event: 9.984 Thread 0x0000000008a44000 nmethod 516 0x00000000026a3b90 code [0x00000000026a3cc0, 0x00000000026a3d18]
Event: 9.985 Thread 0x0000000008a48800 nmethod 515 0x0000000002818650 code [0x0000000002818860, 0x0000000002818b18]
Event: 10.000 Thread 0x0000000008a44000  517             com.android.dx.dex.cf.CfTranslator::translate0 (259 bytes)
Event: 10.048 Thread 0x0000000008a44000 nmethod 517 0x000000000283a7d0 code [0x000000000283ab20, 0x000000000283c898]
Event: 10.050 Thread 0x0000000008a48800  518   !         com.android.dx.cf.code.Ropper::processBlock (1101 bytes)
Event: 10.051 Thread 0x0000000008a44000  519             com.android.dx.ssa.SCCP::addBlockToWorklist (47 bytes)
Event: 10.063 Thread 0x0000000008a44000 nmethod 519 0x0000000002828450 code [0x0000000002828600, 0x0000000002828d50]
Event: 10.140 Thread 0x0000000008a44000  520   !         com.android.dx.cf.code.BytecodeArray::parseInstruction (2764 bytes)

GC Heap History (8 events):
Event: 2.497 GC heap before
{Heap before GC invocations=1 (full 0):
 PSYoungGen      total 19456K, used 16896K [0x00000000eaa80000, 0x00000000ec000000, 0x0000000100000000)
  eden space 16896K, 100% used [0x00000000eaa80000,0x00000000ebb00000,0x00000000ebb00000)
  from space 2560K, 0% used [0x00000000ebd80000,0x00000000ebd80000,0x00000000ec000000)
  to   space 2560K, 0% used [0x00000000ebb00000,0x00000000ebb00000,0x00000000ebd80000)
 ParOldGen       total 43008K, used 0K [0x00000000c0000000, 0x00000000c2a00000, 0x00000000eaa80000)
  object space 43008K, 0% used [0x00000000c0000000,0x00000000c0000000,0x00000000c2a00000)
 PSPermGen       total 21504K, used 4371K [0x00000000bae00000, 0x00000000bc300000, 0x00000000c0000000)
  object space 21504K, 20% used [0x00000000bae00000,0x00000000bb244c90,0x00000000bc300000)
Event: 3.425 GC heap after
Heap after GC invocations=1 (full 0):
 PSYoungGen      total 19456K, used 1683K [0x00000000eaa80000, 0x00000000ed080000, 0x0000000100000000)
  eden space 16896K, 0% used [0x00000000eaa80000,0x00000000eaa80000,0x00000000ebb00000)
  from space 2560K, 65% used [0x00000000ebb00000,0x00000000ebca4ea0,0x00000000ebd80000)
  to   space 2560K, 0% used [0x00000000ece00000,0x00000000ece00000,0x00000000ed080000)
 ParOldGen       total 43008K, used 8K [0x00000000c0000000, 0x00000000c2a00000, 0x00000000eaa80000)
  object space 43008K, 0% used [0x00000000c0000000,0x00000000c0002000,0x00000000c2a00000)
 PSPermGen       total 21504K, used 4371K [0x00000000bae00000, 0x00000000bc300000, 0x00000000c0000000)
  object space 21504K, 20% used [0x00000000bae00000,0x00000000bb244c90,0x00000000bc300000)
}
Event: 4.311 GC heap before
{Heap before GC invocations=2 (full 0):
 PSYoungGen      total 19456K, used 18579K [0x00000000eaa80000, 0x00000000ed080000, 0x0000000100000000)
  eden space 16896K, 100% used [0x00000000eaa80000,0x00000000ebb00000,0x00000000ebb00000)
  from space 2560K, 65% used [0x00000000ebb00000,0x00000000ebca4ea0,0x00000000ebd80000)
  to   space 2560K, 0% used [0x00000000ece00000,0x00000000ece00000,0x00000000ed080000)
 ParOldGen       total 43008K, used 8K [0x00000000c0000000, 0x00000000c2a00000, 0x00000000eaa80000)
  object space 43008K, 0% used [0x00000000c0000000,0x00000000c0002000,0x00000000c2a00000)
 PSPermGen       total 21504K, used 5686K [0x00000000bae00000, 0x00000000bc300000, 0x00000000c0000000)
  object space 21504K, 26% used [0x00000000bae00000,0x00000000bb38d890,0x00000000bc300000)
Event: 4.748 GC heap after
Heap after GC invocations=2 (full 0):
 PSYoungGen      total 36352K, used 2559K [0x00000000eaa80000, 0x00000000ed080000, 0x0000000100000000)
  eden space 33792K, 0% used [0x00000000eaa80000,0x00000000eaa80000,0x00000000ecb80000)
  from space 2560K, 99% used [0x00000000ece00000,0x00000000ed07fd70,0x00000000ed080000)
  to   space 2560K, 0% used [0x00000000ecb80000,0x00000000ecb80000,0x00000000ece00000)
 ParOldGen       total 43008K, used 2525K [0x00000000c0000000, 0x00000000c2a00000, 0x00000000eaa80000)
  object space 43008K, 5% used [0x00000000c0000000,0x00000000c0277528,0x00000000c2a00000)
 PSPermGen       total 21504K, used 5686K [0x00000000bae00000, 0x00000000bc300000, 0x00000000c0000000)
  object space 21504K, 26% used [0x00000000bae00000,0x00000000bb38d890,0x00000000bc300000)
}
Event: 6.064 GC heap before
{Heap before GC invocations=3 (full 0):
 PSYoungGen      total 36352K, used 36351K [0x00000000eaa80000, 0x00000000ed080000, 0x0000000100000000)
  eden space 33792K, 100% used [0x00000000eaa80000,0x00000000ecb80000,0x00000000ecb80000)
  from space 2560K, 99% used [0x00000000ece00000,0x00000000ed07fd70,0x00000000ed080000)
  to   space 2560K, 0% used [0x00000000ecb80000,0x00000000ecb80000,0x00000000ece00000)
 ParOldGen       total 43008K, used 2525K [0x00000000c0000000, 0x00000000c2a00000, 0x00000000eaa80000)
  object space 43008K, 5% used [0x00000000c0000000,0x00000000c0277528,0x00000000c2a00000)
 PSPermGen       total 21504K, used 5855K [0x00000000bae00000, 0x00000000bc300000, 0x00000000c0000000)
  object space 21504K, 27% used [0x00000000bae00000,0x00000000bb3b7fa8,0x00000000bc300000)
Event: 6.249 GC heap after
Heap after GC invocations=3 (full 0):
 PSYoungGen      total 36352K, used 2542K [0x00000000eaa80000, 0x00000000ef180000, 0x0000000100000000)
  eden space 33792K, 0% used [0x00000000eaa80000,0x00000000eaa80000,0x00000000ecb80000)
  from space 2560K, 99% used [0x00000000ecb80000,0x00000000ecdfb8f8,0x00000000ece00000)
  to   space 2560K, 0% used [0x00000000eef00000,0x00000000eef00000,0x00000000ef180000)
 ParOldGen       total 43008K, used 7757K [0x00000000c0000000, 0x00000000c2a00000, 0x00000000eaa80000)
  object space 43008K, 18% used [0x00000000c0000000,0x00000000c0793768,0x00000000c2a00000)
 PSPermGen       total 21504K, used 5855K [0x00000000bae00000, 0x00000000bc300000, 0x00000000c0000000)
  object space 21504K, 27% used [0x00000000bae00000,0x00000000bb3b7fa8,0x00000000bc300000)
}
Event: 8.594 GC heap before
{Heap before GC invocations=4 (full 0):
 PSYoungGen      total 36352K, used 36334K [0x00000000eaa80000, 0x00000000ef180000, 0x0000000100000000)
  eden space 33792K, 100% used [0x00000000eaa80000,0x00000000ecb80000,0x00000000ecb80000)
  from space 2560K, 99% used [0x00000000ecb80000,0x00000000ecdfb8f8,0x00000000ece00000)
  to   space 2560K, 0% used [0x00000000eef00000,0x00000000eef00000,0x00000000ef180000)
 ParOldGen       total 43008K, used 7757K [0x00000000c0000000, 0x00000000c2a00000, 0x00000000eaa80000)
  object space 43008K, 18% used [0x00000000c0000000,0x00000000c0793768,0x00000000c2a00000)
 PSPermGen       total 21504K, used 5886K [0x00000000bae00000, 0x00000000bc300000, 0x00000000c0000000)
  object space 21504K, 27% used [0x00000000bae00000,0x00000000bb3bf950,0x00000000bc300000)
Event: 9.494 GC heap after
Heap after GC invocations=4 (full 0):
 PSYoungGen      total 70144K, used 2558K [0x00000000eaa80000, 0x00000000ef180000, 0x0000000100000000)
  eden space 67584K, 0% used [0x00000000eaa80000,0x00000000eaa80000,0x00000000eec80000)
  from space 2560K, 99% used [0x00000000eef00000,0x00000000ef17f8a0,0x00000000ef180000)
  to   space 2560K, 0% used [0x00000000eec80000,0x00000000eec80000,0x00000000eef00000)
 ParOldGen       total 43008K, used 12562K [0x00000000c0000000, 0x00000000c2a00000, 0x00000000eaa80000)
  object space 43008K, 29% used [0x00000000c0000000,0x00000000c0c449f8,0x00000000c2a00000)
 PSPermGen       total 21504K, used 5886K [0x00000000bae00000, 0x00000000bc300000, 0x00000000c0000000)
  object space 21504K, 27% used [0x00000000bae00000,0x00000000bb3bf950,0x00000000bc300000)
}

Deoptimization events (10 events):
Event: 8.581 Thread 0x0000000009e68800 Uncommon trap: reason=class_check action=maybe_recompile pc=0x00000000026ce734 method=java.util.HashMap.put(Ljava/lang/Object;Ljava/lang/Object;)Ljava/lang/Object; @ 83
Event: 8.581 Thread 0x0000000009e68800 Uncommon trap: reason=class_check action=maybe_recompile pc=0x00000000026ce734 method=java.util.HashMap.put(Ljava/lang/Object;Ljava/lang/Object;)Ljava/lang/Object; @ 83
Event: 9.988 Thread 0x0000000009de3000 Uncommon trap: reason=unreached action=reinterpret pc=0x00000000026f7dbc method=com.android.dx.ssa.SCCP.simulateBranch(Lcom/android/dx/ssa/SsaInsn;)V @ 132
Event: 9.988 Thread 0x0000000009de3000 Uncommon trap: reason=unloaded action=reinterpret pc=0x0000000002785d1c method=com.android.dx.ssa.LiteralOpUpgrader$1.visitNonMoveInsn(Lcom/android/dx/ssa/NormalSsaInsn;)V @ 72
Event: 10.050 Thread 0x0000000009de3000 Uncommon trap: reason=null_check action=make_not_entrant pc=0x00000000028317ec method=com.android.dx.cf.code.Ropper$CatchInfo.getSetup(Lcom/android/dx/rop/type/Type;)Lcom/android/dx/cf/code/Ropper$ExceptionHandlerSetup; @ 10
Event: 10.129 Thread 0x0000000009de3000 Uncommon trap: reason=null_check action=make_not_entrant pc=0x000000000283ba9c method=com.android.dx.dex.file.MethodIdsSection.intern(Lcom/android/dx/rop/cst/CstBaseMethodRef;)Lcom/android/dx/dex/file/MethodIdItem; @ 26
Event: 10.149 Thread 0x0000000009e68800 Uncommon trap: reason=null_check action=make_not_entrant pc=0x000000000283ba9c method=com.android.dx.dex.file.MethodIdsSection.intern(Lcom/android/dx/rop/cst/CstBaseMethodRef;)Lcom/android/dx/dex/file/MethodIdItem; @ 26
Event: 10.197 Thread 0x0000000009de3000 Uncommon trap: reason=class_check action=maybe_recompile pc=0x00000000027cf3a0 method=com.android.dx.ssa.PhiTypeResolver.run()V @ 151
Event: 10.292 Thread 0x0000000009de3000 Uncommon trap: reason=class_check action=maybe_recompile pc=0x00000000027cf3a0 method=com.android.dx.ssa.PhiTypeResolver.run()V @ 151
Event: 10.323 Thread 0x00000000023ce800 Uncommon trap: reason=class_check action=maybe_recompile pc=0x00000000027cf3a0 method=com.android.dx.ssa.PhiTypeResolver.run()V @ 151

Internal exceptions (10 events):
Event: 3.807 Thread 0x0000000009e75800 Threw 0x00000000eb251570 at C:\re\jdk7u51\527\hotspot\src\share\vm\prims\jvm.cpp:1244
Event: 3.940 Thread 0x0000000009de3000 Implicit null exception at 0x00000000026a3d60 to 0x00000000026a40a5
Event: 4.009 Thread 0x00000000023ce800 Threw 0x00000000eb54ec18 at C:\re\jdk7u51\527\hotspot\src\share\vm\prims\jvm.cpp:1244
Event: 5.039 Thread 0x00000000023ce800 Implicit null exception at 0x00000000026c4b37 to 0x00000000026c5215
Event: 5.090 Thread 0x0000000009de3000 Threw 0x00000000eb040f08 at C:\re\jdk7u51\527\hotspot\src\share\vm\prims\jvm.cpp:1244
Event: 5.537 Thread 0x0000000009de0000 Implicit null exception at 0x00000000026e2b24 to 0x00000000026e3ec9
Event: 8.495 Thread 0x0000000009e68800 Threw 0x00000000ec673178 at C:\re\jdk7u51\527\hotspot\src\share\vm\prims\jvm.cpp:1244
Event: 9.976 Thread 0x00000000023ce800 Threw 0x00000000eab09af8 at C:\re\jdk7u51\527\hotspot\src\share\vm\prims\jvm.cpp:1244
Event: 9.988 Thread 0x0000000009de3000 Threw 0x00000000ead49638 at C:\re\jdk7u51\527\hotspot\src\share\vm\prims\jvm.cpp:1244
Event: 10.050 Thread 0x0000000009de3000 Implicit null exception at 0x000000000282e0dc to 0x00000000028317b9

Events (10 events):
Event: 10.149 Thread 0x0000000009e68800 DEOPT PACKING pc=0x000000000283ba9c sp=0x000000000bc9f470
Event: 10.149 Thread 0x0000000009e68800 DEOPT UNPACKING pc=0x00000000026575a4 sp=0x000000000bc9f3c8 mode 2
Event: 10.197 Thread 0x0000000009de3000 Uncommon trap: trap_request=0xffffffde fr.pc=0x00000000027cf3a0
Event: 10.197 Thread 0x0000000009de3000 DEOPT PACKING pc=0x00000000027cf3a0 sp=0x000000000c36e9b0
Event: 10.197 Thread 0x0000000009de3000 DEOPT UNPACKING pc=0x00000000026575a4 sp=0x000000000c36e968 mode 2
Event: 10.292 Thread 0x0000000009de3000 Uncommon trap: trap_request=0xffffffde fr.pc=0x00000000027cf3a0
Event: 10.292 Thread 0x0000000009de3000 DEOPT PACKING pc=0x00000000027cf3a0 sp=0x000000000c36e9b0
Event: 10.292 Thread 0x0000000009de3000 DEOPT UNPACKING pc=0x00000000026575a4 sp=0x000000000c36e968 mode 2
Event: 10.322 Thread 0x00000000023ce800 Uncommon trap: trap_request=0xffffffde fr.pc=0x00000000027cf3a0
Event: 10.323 Thread 0x00000000023ce800 DEOPT PACKING pc=0x00000000027cf3a0 sp=0x000000000261e5c0


Dynamic libraries:
0x000000013fe30000 - 0x000000013fe63000 	C:\Program Files\Java\jdk1.7.0_51\bin\java.exe
0x00000000776c0000 - 0x0000000077869000 	C:\Windows\SYSTEM32\ntdll.dll
0x00000000775a0000 - 0x00000000776c0000 	C:\Windows\system32\kernel32.dll
0x000007fefd540000 - 0x000007fefd5ac000 	C:\Windows\system32\KERNELBASE.dll
0x000007fefded0000 - 0x000007fefdfab000 	C:\Windows\system32\ADVAPI32.dll
0x000007feff930000 - 0x000007feff9cf000 	C:\Windows\system32\msvcrt.dll
0x000007feff6b0000 - 0x000007feff6cf000 	C:\Windows\SYSTEM32\sechost.dll
0x000007fefefb0000 - 0x000007feff0dd000 	C:\Windows\system32\RPCRT4.dll
0x00000000774a0000 - 0x000000007759a000 	C:\Windows\system32\USER32.dll
0x000007feff720000 - 0x000007feff787000 	C:\Windows\system32\GDI32.dll
0x000007feff920000 - 0x000007feff92e000 	C:\Windows\system32\LPK.dll
0x000007fefeee0000 - 0x000007fefefa9000 	C:\Windows\system32\USP10.dll
0x000007fefbbf0000 - 0x000007fefbde4000 	C:\Windows\WinSxS\amd64_microsoft.windows.common-controls_6595b64144ccf1df_6.0.7601.18837_none_fa3b1e3d17594757\COMCTL32.dll
0x000007fefdfb0000 - 0x000007fefe021000 	C:\Windows\system32\SHLWAPI.dll
0x000007fefde70000 - 0x000007fefde9e000 	C:\Windows\system32\IMM32.DLL
0x000007fefdd60000 - 0x000007fefde69000 	C:\Windows\system32\MSCTF.dll
0x000000005fb90000 - 0x000000005fc62000 	C:\Program Files\Java\jdk1.7.0_51\jre\bin\msvcr100.dll
0x0000000051e40000 - 0x0000000052609000 	C:\Program Files\Java\jdk1.7.0_51\jre\bin\server\jvm.dll
0x000007fef9a40000 - 0x000007fef9a49000 	C:\Windows\system32\WSOCK32.dll
0x000007feff6d0000 - 0x000007feff71d000 	C:\Windows\system32\WS2_32.dll
0x000007fefdec0000 - 0x000007fefdec8000 	C:\Windows\system32\NSI.dll
0x000007fef9f90000 - 0x000007fef9fcb000 	C:\Windows\system32\WINMM.dll
0x0000000077880000 - 0x0000000077887000 	C:\Windows\system32\PSAPI.DLL
0x0000000060150000 - 0x000000006015f000 	C:\Program Files\Java\jdk1.7.0_51\jre\bin\verify.dll
0x00000000600e0000 - 0x0000000060108000 	C:\Program Files\Java\jdk1.7.0_51\jre\bin\java.dll
0x0000000060080000 - 0x0000000060095000 	C:\Program Files\Java\jdk1.7.0_51\jre\bin\zip.dll
0x0000000060040000 - 0x0000000060059000 	C:\Program Files\Java\jdk1.7.0_51\jre\bin\net.dll
0x000007fefcc40000 - 0x000007fefcc95000 	C:\Windows\system32\mswsock.dll
0x000007fefcc30000 - 0x000007fefcc37000 	C:\Windows\System32\wship6.dll
0x0000000060060000 - 0x0000000060071000 	C:\Program Files\Java\jdk1.7.0_51\jre\bin\nio.dll

VM Arguments:
jvm_args: -Djava.awt.headless=true -Xmx1024M -Dfile.encoding=windows-1252 -Duser.country=GB -Duser.language=en -Duser.variant 
java_command: com.android.dx.command.Main --dex --num-threads=4 --output C:\Users\NEEL\Indoor_Positioning_System_2.0\IndoorPositioningSystem2.0\app\build\intermediates\pre-dexed\debug\com.android.support-support-v4-23.1.1_aafdf1e4121893cd53f87899ab469ed54d0d02e3.jar C:\Users\NEEL\Indoor_Positioning_System_2.0\IndoorPositioningSystem2.0\app\build\intermediates\exploded-aar\com.android.support\support-v4\23.1.1\jars\classes.jar
Launcher Type: SUN_STANDARD

Environment Variables:
PATH=C:\ProgramData\Oracle\Java\javapath;C:\oraclexe\app\oracle\product\11.2.0\server\bin;;C:\Program Files\Common Files\Microsoft Shared\Windows Live;C:\Program Files (x86)\Common Files\Microsoft Shared\Windows Live;c:\Program Files (x86)\Intel\iCLS Client\;c:\Program Files\Intel\iCLS Client\;C:\Program Files (x86)\AMD APP\bin\x86_64;C:\Program Files (x86)\AMD APP\bin\x86;C:\Windows\system32;C:\Windows;C:\Windows\System32\Wbem;C:\Windows\System32\WindowsPowerShell\v1.0\;C:\Program Files (x86)\ATI Technologies\ATI.ACE\Core-Static;C:\Program Files\Intel\Intel(R) Management Engine Components\DAL;C:\Program Files\Intel\Intel(R) Management Engine Components\IPT;C:\Program Files (x86)\Intel\Intel(R) Management Engine Components\DAL;C:\Program Files (x86)\Intel\Intel(R) Management Engine Components\IPT;C:\Program Files\Sony\VAIO Improvement\;C:\Program Files (x86)\Sony\VAIO Startup Setting Tool;C:\Program Files (x86)\Windows Live\Shared;C:\Program Files (x86)\Smart Projects\IsoBuster;C:\Program Files (x86)\Skype\Phone\
USERNAME=NEEL
OS=Windows_NT
PROCESSOR_IDENTIFIER=Intel64 Family 6 Model 58 Stepping 9, GenuineIntel



---------------  S Y S T E M  ---------------

OS: Windows 7 , 64 bit Build 7601 Service Pack 1

CPU:total 8 (4 cores per cpu, 2 threads per core) family 6 model 58 stepping 9, cmov, cx8, fxsr, mmx, sse, sse2, sse3, ssse3, sse4.1, sse4.2, popcnt, avx, aes, erms, ht, tsc, tscinvbit, tscinv

Memory: 4k page, physical 4163952k(468604k free), swap 6701768k(5264k free)

vm_info: Java HotSpot(TM) 64-Bit Server VM (24.51-b03) for windows-amd64 JRE (1.7.0_51-b13), built on Dec 18 2013 18:40:56 by "java_re" with unknown MS VC++:1600

time: Fri Nov 27 19:18:40 2015
elapsed time: 10 seconds

