#
# There is insufficient memory for the Java Runtime Environment to continue.
# Native memory allocation (malloc) failed to allocate 4194320 bytes for Chunk::new
# Possible reasons:
#   The system is out of physical RAM or swap space
#   In 32 bit mode, the process size limit was hit
# Possible solutions:
#   Reduce memory load on the system
#   Increase physical memory or swap space
#   Check if swap backing store is full
#   Use 64 bit Java on a 64 bit OS
#   Decrease Java heap size (-Xmx/-Xms)
#   Decrease number of Java threads
#   Decrease Java thread stack sizes (-Xss)
#   Set larger code cache with -XX:ReservedCodeCacheSize=
# This output file may be truncated or incomplete.
#
#  Out of Memory Error (allocation.cpp:323), pid=1924, tid=9892
#
# JRE version: Java(TM) SE Runtime Environment (7.0_51-b13) (build 1.7.0_51-b13)
# Java VM: Java HotSpot(TM) 64-Bit Server VM (24.51-b03 mixed mode windows-amd64 compressed oops)
# Failed to write core dump. Minidumps are not enabled by default on client versions of Windows
#

---------------  T H R E A D  ---------------

Current thread (0x0000000008a34800):  JavaThread "C2 CompilerThread0" daemon [_thread_in_native, id=9892, stack(0x000000000a8e0000,0x000000000a9e0000)]

Stack: [0x000000000a8e0000,0x000000000a9e0000]

Current CompileTask:
C2:  28208  691             java.lang.Class::privateGetPublicMethods (263 bytes)


---------------  P R O C E S S  ---------------

Java Threads: ( => current thread )
  0x000000000c2a2000 JavaThread "File lock request listener" [_thread_in_native, id=8868, stack(0x000000000e110000,0x000000000e210000)]
  0x000000000baee000 JavaThread "Stdin handler" [_thread_blocked, id=6028, stack(0x000000000deb0000,0x000000000dfb0000)]
  0x000000000be8f800 JavaThread "Daemon worker" [_thread_in_vm, id=7784, stack(0x000000000d6e0000,0x000000000d7e0000)]
  0x000000000bd1f800 JavaThread "Cancel handler" [_thread_blocked, id=9500, stack(0x000000000dd50000,0x000000000de50000)]
  0x000000000bb41800 JavaThread "Handler for socket connection from /127.0.0.1:61943 to /127.0.0.1:61944" [_thread_in_native, id=7572, stack(0x000000000db60000,0x000000000dc60000)]
  0x000000000be05800 JavaThread "Daemon" [_thread_blocked, id=10180, stack(0x000000000d9d0000,0x000000000dad0000)]
  0x000000000bda9000 JavaThread "Incoming local TCP Connector on port 61943" [_thread_in_native, id=7788, stack(0x000000000d860000,0x000000000d960000)]
  0x0000000008a3e000 JavaThread "Service Thread" daemon [_thread_blocked, id=8560, stack(0x000000000b400000,0x000000000b500000)]
  0x0000000008a3c000 JavaThread "C2 CompilerThread1" daemon [_thread_in_native, id=10088, stack(0x000000000b1a0000,0x000000000b2a0000)]
=>0x0000000008a34800 JavaThread "C2 CompilerThread0" daemon [_thread_in_native, id=9892, stack(0x000000000a8e0000,0x000000000a9e0000)]
  0x0000000008a34000 JavaThread "Attach Listener" daemon [_thread_blocked, id=4844, stack(0x000000000ad10000,0x000000000ae10000)]
  0x0000000008a33000 JavaThread "Signal Dispatcher" daemon [_thread_blocked, id=5144, stack(0x000000000afb0000,0x000000000b0b0000)]
  0x00000000021fa000 JavaThread "Finalizer" daemon [_thread_blocked, id=9332, stack(0x000000000ae20000,0x000000000af20000)]
  0x0000000008a1f800 JavaThread "Reference Handler" daemon [_thread_blocked, id=8024, stack(0x000000000abc0000,0x000000000acc0000)]
  0x000000000008e000 JavaThread "main" [_thread_blocked, id=3696, stack(0x0000000002340000,0x0000000002440000)]

Other Threads:
  0x0000000008a1c800 VMThread [stack: 0x000000000aa00000,0x000000000ab00000] [id=8404]
  0x0000000008a3f000 WatcherThread [stack: 0x000000000b590000,0x000000000b690000] [id=7764]

VM state:not at safepoint (normal execution)

VM Mutex/Monitor currently owned by a thread: None

Heap
 PSYoungGen      total 83456K, used 27085K [0x00000000eaa80000, 0x00000000f1200000, 0x0000000100000000)
  eden space 62976K, 17% used [0x00000000eaa80000,0x00000000eb50d9b8,0x00000000ee800000)
  from space 20480K, 79% used [0x00000000efe00000,0x00000000f0de5c38,0x00000000f1200000)
  to   space 21504K, 0% used [0x00000000ee800000,0x00000000ee800000,0x00000000efd00000)
 ParOldGen       total 175104K, used 17229K [0x00000000c0000000, 0x00000000cab00000, 0x00000000eaa80000)
  object space 175104K, 9% used [0x00000000c0000000,0x00000000c10d36f8,0x00000000cab00000)
 PSPermGen       total 34304K, used 34252K [0x00000000bae00000, 0x00000000bcf80000, 0x00000000c0000000)
  object space 34304K, 99% used [0x00000000bae00000,0x00000000bcf73038,0x00000000bcf80000)

Card table byte_map: [0x0000000005440000,0x0000000005670000] byte_map_base: 0x0000000004e69000

Polling page: 0x0000000000440000

Code Cache  [0x0000000002440000, 0x00000000027b0000, 0x0000000005440000)
 total_blobs=1287 nmethods=674 adapters=564 free_code_cache=45756Kb largest_free_block=46760704

Compilation events (10 events):
Event: 28.160 Thread 0x0000000008a3c000 nmethod 704 0x0000000002788590 code [0x0000000002788760, 0x0000000002788e50]
Event: 28.161 Thread 0x0000000008a3c000  705             java.beans.PropertyDescriptor::getWriteMethod0 (22 bytes)
Event: 28.161 Thread 0x0000000008a3c000 nmethod 705 0x0000000002788290 code [0x00000000027883e0, 0x00000000027884b8]
Event: 28.161 Thread 0x0000000008a3c000  706             groovy.lang.MetaProperty::getName (5 bytes)
Event: 28.162 Thread 0x0000000008a3c000 nmethod 706 0x0000000002610cd0 code [0x0000000002610e00, 0x0000000002610e58]
Event: 28.162 Thread 0x0000000008a3c000  707             java.util.Collections$EmptyMap::get (2 bytes)
Event: 28.162 Thread 0x0000000008a3c000 nmethod 707 0x0000000002788090 code [0x00000000027881c0, 0x0000000002788218]
Event: 28.167 Thread 0x0000000008a3c000  708             java.util.TreeMap::successor (66 bytes)
Event: 28.168 Thread 0x0000000008a3c000 nmethod 708 0x0000000002787dd0 code [0x0000000002787f00, 0x0000000002787fb8]
Event: 28.169 Thread 0x0000000008a3c000  709             java.beans.Introspector::getTargetEventInfo (1089 bytes)

GC Heap History (10 events):
Event: 7.965 GC heap before
{Heap before GC invocations=2 (full 0):
 PSYoungGen      total 76800K, used 74888K [0x00000000eaa80000, 0x00000000f0000000, 0x0000000100000000)
  eden space 66048K, 100% used [0x00000000eaa80000,0x00000000eeb00000,0x00000000eeb00000)
  from space 10752K, 82% used [0x00000000eeb00000,0x00000000ef3a2290,0x00000000ef580000)
  to   space 10752K, 0% used [0x00000000ef580000,0x00000000ef580000,0x00000000f0000000)
 ParOldGen       total 175104K, used 8K [0x00000000c0000000, 0x00000000cab00000, 0x00000000eaa80000)
  object space 175104K, 0% used [0x00000000c0000000,0x00000000c0002000,0x00000000cab00000)
 PSPermGen       total 21504K, used 20346K [0x00000000bae00000, 0x00000000bc300000, 0x00000000c0000000)
  object space 21504K, 94% used [0x00000000bae00000,0x00000000bc1dea28,0x00000000bc300000)
Event: 7.977 GC heap after
Heap after GC invocations=2 (full 0):
 PSYoungGen      total 76800K, used 10749K [0x00000000eaa80000, 0x00000000f0000000, 0x0000000100000000)
  eden space 66048K, 0% used [0x00000000eaa80000,0x00000000eaa80000,0x00000000eeb00000)
  from space 10752K, 99% used [0x00000000ef580000,0x00000000effff448,0x00000000f0000000)
  to   space 10752K, 0% used [0x00000000eeb00000,0x00000000eeb00000,0x00000000ef580000)
 ParOldGen       total 175104K, used 1802K [0x00000000c0000000, 0x00000000cab00000, 0x00000000eaa80000)
  object space 175104K, 1% used [0x00000000c0000000,0x00000000c01c2a00,0x00000000cab00000)
 PSPermGen       total 21504K, used 20346K [0x00000000bae00000, 0x00000000bc300000, 0x00000000c0000000)
  object space 21504K, 94% used [0x00000000bae00000,0x00000000bc1dea28,0x00000000bc300000)
}
Event: 9.668 GC heap before
{Heap before GC invocations=3 (full 0):
 PSYoungGen      total 76800K, used 76797K [0x00000000eaa80000, 0x00000000f0000000, 0x0000000100000000)
  eden space 66048K, 100% used [0x00000000eaa80000,0x00000000eeb00000,0x00000000eeb00000)
  from space 10752K, 99% used [0x00000000ef580000,0x00000000effff448,0x00000000f0000000)
  to   space 10752K, 0% used [0x00000000eeb00000,0x00000000eeb00000,0x00000000ef580000)
 ParOldGen       total 175104K, used 1802K [0x00000000c0000000, 0x00000000cab00000, 0x00000000eaa80000)
  object space 175104K, 1% used [0x00000000c0000000,0x00000000c01c2a00,0x00000000cab00000)
 PSPermGen       total 26112K, used 25856K [0x00000000bae00000, 0x00000000bc780000, 0x00000000c0000000)
  object space 26112K, 99% used [0x00000000bae00000,0x00000000bc740080,0x00000000bc780000)
Event: 9.680 GC heap after
Heap after GC invocations=3 (full 0):
 PSYoungGen      total 76800K, used 10742K [0x00000000eaa80000, 0x00000000f0000000, 0x0000000100000000)
  eden space 66048K, 0% used [0x00000000eaa80000,0x00000000eaa80000,0x00000000eeb00000)
  from space 10752K, 99% used [0x00000000eeb00000,0x00000000ef57d938,0x00000000ef580000)
  to   space 10752K, 0% used [0x00000000ef580000,0x00000000ef580000,0x00000000f0000000)
 ParOldGen       total 175104K, used 4350K [0x00000000c0000000, 0x00000000cab00000, 0x00000000eaa80000)
  object space 175104K, 2% used [0x00000000c0000000,0x00000000c043fbd0,0x00000000cab00000)
 PSPermGen       total 26112K, used 25856K [0x00000000bae00000, 0x00000000bc780000, 0x00000000c0000000)
  object space 26112K, 99% used [0x00000000bae00000,0x00000000bc740080,0x00000000bc780000)
}
Event: 12.240 GC heap before
{Heap before GC invocations=4 (full 0):
 PSYoungGen      total 76800K, used 76790K [0x00000000eaa80000, 0x00000000f0000000, 0x0000000100000000)
  eden space 66048K, 100% used [0x00000000eaa80000,0x00000000eeb00000,0x00000000eeb00000)
  from space 10752K, 99% used [0x00000000eeb00000,0x00000000ef57d938,0x00000000ef580000)
  to   space 10752K, 0% used [0x00000000ef580000,0x00000000ef580000,0x00000000f0000000)
 ParOldGen       total 175104K, used 4350K [0x00000000c0000000, 0x00000000cab00000, 0x00000000eaa80000)
  object space 175104K, 2% used [0x00000000c0000000,0x00000000c043fbd0,0x00000000cab00000)
 PSPermGen       total 29184K, used 29050K [0x00000000bae00000, 0x00000000bca80000, 0x00000000c0000000)
  object space 29184K, 99% used [0x00000000bae00000,0x00000000bca5e8f8,0x00000000bca80000)
Event: 12.254 GC heap after
Heap after GC invocations=4 (full 0):
 PSYoungGen      total 76800K, used 10740K [0x00000000eaa80000, 0x00000000f0000000, 0x0000000100000000)
  eden space 66048K, 0% used [0x00000000eaa80000,0x00000000eaa80000,0x00000000eeb00000)
  from space 10752K, 99% used [0x00000000ef580000,0x00000000efffd030,0x00000000f0000000)
  to   space 10752K, 0% used [0x00000000eeb00000,0x00000000eeb00000,0x00000000ef580000)
 ParOldGen       total 175104K, used 8049K [0x00000000c0000000, 0x00000000cab00000, 0x00000000eaa80000)
  object space 175104K, 4% used [0x00000000c0000000,0x00000000c07dc7e0,0x00000000cab00000)
 PSPermGen       total 29184K, used 29050K [0x00000000bae00000, 0x00000000bca80000, 0x00000000c0000000)
  object space 29184K, 99% used [0x00000000bae00000,0x00000000bca5e8f8,0x00000000bca80000)
}
Event: 19.914 GC heap before
{Heap before GC invocations=5 (full 0):
 PSYoungGen      total 76800K, used 76788K [0x00000000eaa80000, 0x00000000f0000000, 0x0000000100000000)
  eden space 66048K, 100% used [0x00000000eaa80000,0x00000000eeb00000,0x00000000eeb00000)
  from space 10752K, 99% used [0x00000000ef580000,0x00000000efffd030,0x00000000f0000000)
  to   space 10752K, 0% used [0x00000000eeb00000,0x00000000eeb00000,0x00000000ef580000)
 ParOldGen       total 175104K, used 8049K [0x00000000c0000000, 0x00000000cab00000, 0x00000000eaa80000)
  object space 175104K, 4% used [0x00000000c0000000,0x00000000c07dc7e0,0x00000000cab00000)
 PSPermGen       total 32256K, used 32039K [0x00000000bae00000, 0x00000000bcd80000, 0x00000000c0000000)
  object space 32256K, 99% used [0x00000000bae00000,0x00000000bcd49e58,0x00000000bcd80000)
Event: 19.942 GC heap after
Heap after GC invocations=5 (full 0):
 PSYoungGen      total 75264K, used 10733K [0x00000000eaa80000, 0x00000000f1280000, 0x0000000100000000)
  eden space 64512K, 0% used [0x00000000eaa80000,0x00000000eaa80000,0x00000000ee980000)
  from space 10752K, 99% used [0x00000000eeb00000,0x00000000ef57b668,0x00000000ef580000)
  to   space 20992K, 0% used [0x00000000efe00000,0x00000000efe00000,0x00000000f1280000)
 ParOldGen       total 175104K, used 17229K [0x00000000c0000000, 0x00000000cab00000, 0x00000000eaa80000)
  object space 175104K, 9% used [0x00000000c0000000,0x00000000c10d36f8,0x00000000cab00000)
 PSPermGen       total 32256K, used 32039K [0x00000000bae00000, 0x00000000bcd80000, 0x00000000c0000000)
  object space 32256K, 99% used [0x00000000bae00000,0x00000000bcd49e58,0x00000000bcd80000)
}
Event: 28.083 GC heap before
{Heap before GC invocations=6 (full 0):
 PSYoungGen      total 75264K, used 75245K [0x00000000eaa80000, 0x00000000f1280000, 0x0000000100000000)
  eden space 64512K, 100% used [0x00000000eaa80000,0x00000000ee980000,0x00000000ee980000)
  from space 10752K, 99% used [0x00000000eeb00000,0x00000000ef57b668,0x00000000ef580000)
  to   space 20992K, 0% used [0x00000000efe00000,0x00000000efe00000,0x00000000f1280000)
 ParOldGen       total 175104K, used 17229K [0x00000000c0000000, 0x00000000cab00000, 0x00000000eaa80000)
  object space 175104K, 9% used [0x00000000c0000000,0x00000000c10d36f8,0x00000000cab00000)
 PSPermGen       total 34304K, used 33899K [0x00000000bae00000, 0x00000000bcf80000, 0x00000000c0000000)
  object space 34304K, 98% used [0x00000000bae00000,0x00000000bcf1aff8,0x00000000bcf80000)
Event: 28.100 GC heap after
Heap after GC invocations=6 (full 0):
 PSYoungGen      total 83456K, used 16279K [0x00000000eaa80000, 0x00000000f1200000, 0x0000000100000000)
  eden space 62976K, 0% used [0x00000000eaa80000,0x00000000eaa80000,0x00000000ee800000)
  from space 20480K, 79% used [0x00000000efe00000,0x00000000f0de5c38,0x00000000f1200000)
  to   space 21504K, 0% used [0x00000000ee800000,0x00000000ee800000,0x00000000efd00000)
 ParOldGen       total 175104K, used 17229K [0x00000000c0000000, 0x00000000cab00000, 0x00000000eaa80000)
  object space 175104K, 9% used [0x00000000c0000000,0x00000000c10d36f8,0x00000000cab00000)
 PSPermGen       total 34304K, used 33899K [0x00000000bae00000, 0x00000000bcf80000, 0x00000000c0000000)
  object space 34304K, 98% used [0x00000000bae00000,0x00000000bcf1aff8,0x00000000bcf80000)
}

Deoptimization events (10 events):
Event: 27.254 Thread 0x000000000be8f800 Uncommon trap: reason=class_check action=maybe_recompile pc=0x00000000026a53a8 method=com.sun.org.apache.xerces.internal.impl.dtd.XMLDTDValidator.startElement(Lcom/sun/org/apache/xerces/internal/xni/QName;Lcom/sun/org/apache/xerces/internal/xni/XMLAttribut…i¯*ü@;@
Event: 27.254 Thread 0x000000000be8f800 Uncommon trap: reason=class_check action=maybe_recompile pc=0x00000000026a538c method=com.sun.org.apache.xerces.internal.impl.XMLDocumentFragmentScannerImpl.scanStartElement()Z @ 425
Event: 27.254 Thread 0x000000000be8f800 Uncommon trap: reason=class_check action=maybe_recompile pc=0x00000000026a538c method=com.sun.org.apache.xerces.internal.impl.XMLDocumentFragmentScannerImpl.scanStartElement()Z @ 425
Event: 27.254 Thread 0x000000000be8f800 Uncommon trap: reason=class_check action=maybe_recompile pc=0x00000000026a538c method=com.sun.org.apache.xerces.internal.impl.XMLDocumentFragmentScannerImpl.scanStartElement()Z @ 425
Event: 27.254 Thread 0x000000000be8f800 Uncommon trap: reason=class_check action=maybe_recompile pc=0x00000000026a538c method=com.sun.org.apache.xerces.internal.impl.XMLDocumentFragmentScannerImpl.scanStartElement()Z @ 425
Event: 27.987 Thread 0x000000000be8f800 Uncommon trap: reason=bimorphic action=maybe_recompile pc=0x0000000002680314 method=java.util.HashMap$KeySet.iterator()Ljava/util/Iterator; @ 4
Event: 28.043 Thread 0x000000000be8f800 Uncommon trap: reason=array_check action=maybe_recompile pc=0x000000000265ef5c method=java.util.ComparableTimSort.binarySort([Ljava/lang/Object;III)V @ 215
Event: 28.043 Thread 0x000000000be8f800 Uncommon trap: reason=array_check action=maybe_recompile pc=0x000000000265ef5c method=java.util.ComparableTimSort.binarySort([Ljava/lang/Object;III)V @ 215
Event: 28.069 Thread 0x000000000be8f800 Uncommon trap: reason=array_check action=maybe_recompile pc=0x000000000265efe0 method=java.util.ComparableTimSort.binarySort([Ljava/lang/Object;III)V @ 193
Event: 28.069 Thread 0x000000000be8f800 Uncommon trap: reason=array_check action=maybe_recompile pc=0x000000000265ef5c method=java.util.ComparableTimSort.binarySort([Ljava/lang/Object;III)V @ 215

Internal exceptions (10 events):
Event: 28.199 Thread 0x000000000be8f800 Threw 0x00000000eb4330d8 at C:\re\jdk7u51\527\hotspot\src\share\vm\prims\jvm.cpp:1244
Event: 28.199 Thread 0x000000000be8f800 Threw 0x00000000eb433fd0 at C:\re\jdk7u51\527\hotspot\src\share\vm\prims\jvm.cpp:1244
Event: 28.200 Thread 0x000000000be8f800 Threw 0x00000000eb4399f8 at C:\re\jdk7u51\527\hotspot\src\share\vm\prims\jvm.cpp:1244
Event: 28.200 Thread 0x000000000be8f800 Threw 0x00000000eb439fb8 at C:\re\jdk7u51\527\hotspot\src\share\vm\classfile\systemDictionary.cpp:185
Event: 28.201 Thread 0x000000000be8f800 Threw 0x00000000eb455388 at C:\re\jdk7u51\527\hotspot\src\share\vm\prims\jvm.cpp:1244
Event: 28.201 Thread 0x000000000be8f800 Threw 0x00000000eb45ce70 at C:\re\jdk7u51\527\hotspot\src\share\vm\prims\jvm.cpp:1244
Event: 28.201 Thread 0x000000000be8f800 Threw 0x00000000eb45dfd0 at C:\re\jdk7u51\527\hotspot\src\share\vm\prims\jvm.cpp:1244
Event: 28.201 Thread 0x000000000be8f800 Threw 0x00000000eb45ef60 at C:\re\jdk7u51\527\hotspot\src\share\vm\prims\jvm.cpp:1244
Event: 28.201 Thread 0x000000000be8f800 Threw 0x00000000eb4653f8 at C:\re\jdk7u51\527\hotspot\src\share\vm\prims\jvm.cpp:1244
Event: 28.201 Thread 0x000000000be8f800 Threw 0x00000000eb4659d0 at C:\re\jdk7u51\527\hotspot\src\share\vm\classfile\systemDictionary.cpp:185

Events (10 events):
Event: 28.199 loading class 0x000000000ce8ae90
Event: 28.199 loading class 0x000000000ce8ae90 done
Event: 28.200 loading class 0x000000000ce8ae90
Event: 28.200 loading class 0x000000000ce8ae90 done
Event: 28.201 loading class 0x000000000cf78920
Event: 28.201 loading class 0x000000000cf78920 done
Event: 28.201 loading class 0x000000000cf78920
Event: 28.201 loading class 0x000000000cf78920 done
Event: 28.201 loading class 0x000000000cf78920
Event: 28.201 loading class 0x000000000cf78920 done


Dynamic libraries:
0x000000013fc40000 - 0x000000013fc73000 	C:\Program Files\Java\jdk1.7.0_51\bin\java.exe
0x0000000077850000 - 0x00000000779f9000 	C:\Windows\SYSTEM32\ntdll.dll
0x0000000077730000 - 0x0000000077850000 	C:\Windows\system32\kernel32.dll
0x000007fefd700000 - 0x000007fefd76c000 	C:\Windows\system32\KERNELBASE.dll
0x000007fefdd00000 - 0x000007fefdddb000 	C:\Windows\system32\ADVAPI32.dll
0x000007fefedb0000 - 0x000007fefee4f000 	C:\Windows\system32\msvcrt.dll
0x000007feffb40000 - 0x000007feffb5f000 	C:\Windows\SYSTEM32\sechost.dll
0x000007fefeb70000 - 0x000007fefec9d000 	C:\Windows\system32\RPCRT4.dll
0x0000000077630000 - 0x000000007772a000 	C:\Windows\system32\USER32.dll
0x000007fefeca0000 - 0x000007fefed07000 	C:\Windows\system32\GDI32.dll
0x000007fefdcf0000 - 0x000007fefdcfe000 	C:\Windows\system32\LPK.dll
0x000007feff270000 - 0x000007feff339000 	C:\Windows\system32\USP10.dll
0x000007fefbdb0000 - 0x000007fefbfa4000 	C:\Windows\WinSxS\amd64_microsoft.windows.common-controls_6595b64144ccf1df_6.0.7601.18837_none_fa3b1e3d17594757\COMCTL32.dll
0x000007fefdc70000 - 0x000007fefdce1000 	C:\Windows\system32\SHLWAPI.dll
0x000007feff160000 - 0x000007feff18e000 	C:\Windows\system32\IMM32.DLL
0x000007fefd9b0000 - 0x000007fefdab9000 	C:\Windows\system32\MSCTF.dll
0x000000005f5a0000 - 0x000000005f672000 	C:\Program Files\Java\jdk1.7.0_51\jre\bin\msvcr100.dll
0x000000005a240000 - 0x000000005aa09000 	C:\Program Files\Java\jdk1.7.0_51\jre\bin\server\jvm.dll
0x000007fef9d70000 - 0x000007fef9d79000 	C:\Windows\system32\WSOCK32.dll
0x000007feff7b0000 - 0x000007feff7fd000 	C:\Windows\system32\WS2_32.dll
0x000007feffb30000 - 0x000007feffb38000 	C:\Windows\system32\NSI.dll
0x000007fefb180000 - 0x000007fefb1bb000 	C:\Windows\system32\WINMM.dll
0x0000000077a20000 - 0x0000000077a27000 	C:\Windows\system32\PSAPI.DLL
0x00000000738e0000 - 0x00000000738ef000 	C:\Program Files\Java\jdk1.7.0_51\jre\bin\verify.dll
0x00000000601a0000 - 0x00000000601c8000 	C:\Program Files\Java\jdk1.7.0_51\jre\bin\java.dll
0x00000000738c0000 - 0x00000000738d5000 	C:\Program Files\Java\jdk1.7.0_51\jre\bin\zip.dll
0x00000000601e0000 - 0x00000000601f9000 	C:\Program Files\Java\jdk1.7.0_51\jre\bin\net.dll
0x000007fefcd90000 - 0x000007fefcde5000 	C:\Windows\system32\mswsock.dll
0x000007fefcd80000 - 0x000007fefcd87000 	C:\Windows\System32\wship6.dll
0x0000000060180000 - 0x0000000060191000 	C:\Program Files\Java\jdk1.7.0_51\jre\bin\nio.dll
0x000007fefadf0000 - 0x000007fefae02000 	C:\Users\NEEL\.gradle\native\19\windows-amd64\native-platform.dll
0x000007fefa0d0000 - 0x000007fefa0f7000 	C:\Windows\system32\IPHLPAPI.DLL
0x000007fefa0c0000 - 0x000007fefa0cb000 	C:\Windows\system32\WINNSI.DLL
0x000007fef9680000 - 0x000007fef9698000 	C:\Windows\system32\dhcpcsvc.DLL
0x000007fef9660000 - 0x000007fef9671000 	C:\Windows\system32\dhcpcsvc6.DLL
0x000007fefcdf0000 - 0x000007fefce08000 	C:\Windows\system32\CRYPTSP.dll
0x000007fefcaf0000 - 0x000007fefcb37000 	C:\Windows\system32\rsaenh.dll
0x000007fefd7b0000 - 0x000007fefd7ce000 	C:\Windows\system32\USERENV.dll
0x000007fefd600000 - 0x000007fefd60f000 	C:\Windows\system32\profapi.dll
0x000007fefd450000 - 0x000007fefd45f000 	C:\Windows\system32\CRYPTBASE.dll
0x000007fefb030000 - 0x000007fefb045000 	C:\Windows\system32\NLAapi.dll
0x000007fef0400000 - 0x000007fef0415000 	C:\Windows\system32\napinsp.dll
0x000007feefeb0000 - 0x000007feefec9000 	C:\Windows\system32\pnrpnsp.dll
0x000007fefcc10000 - 0x000007fefcc6b000 	C:\Windows\system32\DNSAPI.dll
0x000007feefde0000 - 0x000007feefdeb000 	C:\Windows\System32\winrnr.dll
0x000007feefdd0000 - 0x000007feefde0000 	C:\Windows\system32\wshbth.dll
0x000007fef0120000 - 0x000007fef014f000 	C:\Program Files\Common Files\Microsoft Shared\Windows Live\WLIDNSP.DLL
0x000000006d210000 - 0x000000006d236000 	C:\Program Files\Bonjour\mdnsNSP.dll
0x000007fefc760000 - 0x000007fefc767000 	C:\Windows\System32\wshtcpip.dll
0x000007fef0490000 - 0x000007fef0498000 	C:\Windows\system32\rasadhlp.dll
0x000007fef97e0000 - 0x000007fef9833000 	C:\Windows\System32\fwpuclnt.dll
0x000007fefd3f0000 - 0x000007fefd447000 	C:\Windows\system32\apphelp.dll
0x00000000738f0000 - 0x00000000738fb000 	C:\Program Files\Java\jdk1.7.0_51\jre\bin\management.dll

VM Arguments:
jvm_args: -Xms256m -Xmx1024m -Dfile.encoding=windows-1252 -Duser.country=GB -Duser.language=en -Duser.variant 
java_command: org.gradle.launcher.daemon.bootstrap.GradleDaemon 2.8
Launcher Type: SUN_STANDARD

Environment Variables:
PATH=C:\ProgramData\Oracle\Java\javapath;C:\oraclexe\app\oracle\product\11.2.0\server\bin;;C:\Program Files\Common Files\Microsoft Shared\Windows Live;C:\Program Files (x86)\Common Files\Microsoft Shared\Windows Live;c:\Program Files (x86)\Intel\iCLS Client\;c:\Program Files\Intel\iCLS Client\;C:\Program Files (x86)\AMD APP\bin\x86_64;C:\Program Files (x86)\AMD APP\bin\x86;C:\Windows\system32;C:\Windows;C:\Windows\System32\Wbem;C:\Windows\System32\WindowsPowerShell\v1.0\;C:\Program Files (x86)\ATI Technologies\ATI.ACE\Core-Static;C:\Program Files\Intel\Intel(R) Management Engine Components\DAL;C:\Program Files\Intel\Intel(R) Management Engine Components\IPT;C:\Program Files (x86)\Intel\Intel(R) Management Engine Components\DAL;C:\Program Files (x86)\Intel\Intel(R) Management Engine Components\IPT;C:\Program Files\Sony\VAIO Improvement\;C:\Program Files (x86)\Sony\VAIO Startup Setting Tool;C:\Program Files (x86)\Windows Live\Shared;C:\Program Files (x86)\Smart Projects\IsoBuster;C:\Program Files (x86)\Skype\Phone\
USERNAME=NEEL
OS=Windows_NT
PROCESSOR_IDENTIFIER=Intel64 Family 6 Model 58 Stepping 9, GenuineIntel



---------------  S Y S T E M  ---------------

OS: Windows 7 , 64 bit Build 7601 Service Pack 1

CPU:total 8 (4 cores per cpu, 2 threads per core) family 6 model 58 stepping 9, cmov, cx8, fxsr, mmx, sse, sse2, sse3, ssse3, sse4.1, sse4.2, popcnt, avx, aes, erms, ht, tsc, tscinvbit, tscinv

Memory: 4k page, physical 4163952k(887744k free), swap 5156520k(5616k free)

vm_info: Java HotSpot(TM) 64-Bit Server VM (24.51-b03) for windows-amd64 JRE (1.7.0_51-b13), built on Dec 18 2013 18:40:56 by "java_re" with unknown MS VC++:1600

time: Thu Nov 26 14:55:24 2015
elapsed time: 28 seconds

